      Step     Time          Energy          fmax
FIRE:    0 15:32:38      111.555464       27.840509
FIRE:    1 15:32:38      102.097881       24.391092
FIRE:    2 15:32:38       99.033704       24.140857
FIRE:    3 15:32:38       90.100434       22.488732
FIRE:    4 15:32:38       83.663783       21.077558
FIRE:    5 15:32:38       79.860241       20.097001
FIRE:    6 15:32:38       74.500602       18.949656
FIRE:    7 15:32:38       68.609991       17.770106
FIRE:    8 15:32:38       64.174803       16.821891
FIRE:    9 15:32:38       60.164375       15.881561
FIRE:   10 15:32:38       55.630787       14.782611
FIRE:   11 15:32:39       51.300168       13.681325
FIRE:   12 15:32:39       47.709316       12.711529
FIRE:   13 15:32:39       44.338338       11.801545
FIRE:   14 15:32:39       40.932833       10.904392
FIRE:   15 15:32:39       37.845865       10.072595
FIRE:   16 15:32:39       35.189858        9.306688
FIRE:   17 15:32:39       32.713958        8.542058
FIRE:   18 15:32:39       30.362062        7.769548
FIRE:   19 15:32:39       28.270009        7.033786
FIRE:   20 15:32:39       26.435745        6.356075
FIRE:   21 15:32:39       24.738022        5.726319
FIRE:   22 15:32:39       23.165208        5.143110
FIRE:   23 15:32:39       21.772369        4.606988
FIRE:   24 15:32:39       20.542387        4.101033
FIRE:   25 15:32:39       19.430418        3.609335
FIRE:   26 15:32:39       18.445045        3.137384
FIRE:   27 15:32:39       17.605659        2.699266
FIRE:   28 15:32:39       16.889843        2.297189
FIRE:   29 15:32:39       16.273389        1.927832
FIRE:   30 15:32:39       15.758984        1.591377
FIRE:   31 15:32:39       15.342022        1.280684
FIRE:   32 15:32:40       15.001285        1.032239
FIRE:   33 15:32:40       14.727387        1.104470
FIRE:   34 15:32:40       14.516457        1.173242
FIRE:   35 15:32:40       14.353235        1.228119
FIRE:   36 15:32:40       14.222794        1.266134
FIRE:   37 15:32:40       14.116060        1.290039
FIRE:   38 15:32:40       14.022968        1.306148
FIRE:   39 15:32:40       13.931955        1.320227
FIRE:   40 15:32:40       13.833773        1.334914
FIRE:   41 15:32:40       13.722400        1.349773
FIRE:   42 15:32:40       13.593798        1.362533
FIRE:   43 15:32:40       13.445155        1.370590
FIRE:   44 15:32:40       13.275071        1.371985
FIRE:   45 15:32:40       13.083969        1.365602
FIRE:   46 15:32:40       12.874226        1.350769
FIRE:   47 15:32:40       12.650112        1.326650
FIRE:   48 15:32:40       12.417600        1.291841
FIRE:   49 15:32:40       12.183720        1.244513
FIRE:   50 15:32:40       11.955074        1.182586
FIRE:   51 15:32:40       11.736406        1.103181
FIRE:   52 15:32:40       11.531278        1.002794
FIRE:   53 15:32:40       11.345817        0.869451
FIRE:   54 15:32:40       11.187958        0.715496
FIRE:   55 15:32:40       11.059414        0.556812
FIRE:   56 15:32:40       10.958596        0.396514
FIRE:   57 15:32:40       10.885459        0.373467
FIRE:   58 15:32:40       10.834916        0.465207
FIRE:   59 15:32:40       10.800764        0.549788
FIRE:   60 15:32:41       10.780963        0.626823
FIRE:   61 15:32:41       10.771708        0.695020
FIRE:   62 15:32:41       10.675409        1.032532
FIRE:   63 15:32:41       10.995086        2.127827
FIRE:   64 15:32:41       10.595752        0.678054
FIRE:   65 15:32:41       10.747612        1.740438
FIRE:   66 15:32:41       10.659638        1.279322
FIRE:   67 15:32:41       10.564239        0.564853
FIRE:   68 15:32:41       10.534269        0.378410
FIRE:   69 15:32:41       10.533731        0.378502
FIRE:   70 15:32:41       10.532690        0.378682
FIRE:   71 15:32:41       10.531211        0.378932
FIRE:   72 15:32:41       10.529376        0.379218
FIRE:   73 15:32:41       10.527266        0.379479
FIRE:   74 15:32:41       10.524945        0.379618
FIRE:   75 15:32:41       10.522447        0.379501
FIRE:   76 15:32:41       10.519476        0.378890
FIRE:   77 15:32:41       10.515898        0.377411
FIRE:   78 15:32:41       10.511518        0.374561
FIRE:   79 15:32:41       10.506120        0.369737
FIRE:   80 15:32:41       10.499542        0.362317
FIRE:   81 15:32:41       10.491757        0.351772
FIRE:   82 15:32:41       10.482835        0.337793
FIRE:   83 15:32:41       10.472715        0.320362
FIRE:   84 15:32:41       10.461090        0.299636
FIRE:   85 15:32:41       10.447803        0.275650
FIRE:   86 15:32:41       10.433326        0.247836
FIRE:   87 15:32:42       10.418140        0.214483
FIRE:   88 15:32:42       10.402176        0.174369
FIRE:   89 15:32:42       10.386088        0.198475
FIRE:   90 15:32:42       10.370016        0.223137
FIRE:   91 15:32:42       10.353938        0.239784
FIRE:   92 15:32:42       10.338310        0.243526
FIRE:   93 15:32:42       10.323141        0.230753
FIRE:   94 15:32:42       10.308755        0.193469
FIRE:   95 15:32:42       10.297502        0.128599
FIRE:   96 15:32:42       10.293718        0.082326
FIRE:   97 15:32:42       10.293063        0.054610
FIRE:   98 15:32:42       10.292744        0.046016
FIRE:   99 15:32:42       10.292712        0.045964
FIRE:  100 15:32:42       10.292654        0.045826
FIRE:  101 15:32:42       10.292582        0.045537
FIRE:  102 15:32:42       10.292504        0.045005
FIRE:  103 15:32:42       10.292422        0.044137
FIRE:  104 15:32:42       10.292331        0.042872
FIRE:  105 15:32:42       10.292228        0.041204
FIRE:  106 15:32:42       10.292097        0.038930
FIRE:  107 15:32:42       10.291941        0.036021
FIRE:  108 15:32:42       10.291773        0.032565
FIRE:  109 15:32:42       10.291599        0.028864
FIRE:  110 15:32:42       10.291409        0.025324
FIRE:  111 15:32:42       10.291211        0.022094
FIRE:  112 15:32:43       10.291045        0.018633
FIRE:  113 15:32:43       10.290915        0.013679
FIRE:  114 15:32:43       10.290831        0.016034
FIRE:  115 15:32:43       10.290804        0.021838
FIRE:  116 15:32:43       10.290799        0.021604
FIRE:  117 15:32:43       10.290792        0.021156
FIRE:  118 15:32:43       10.290783        0.020530
FIRE:  119 15:32:43       10.290774        0.019779
FIRE:  120 15:32:43       10.290764        0.018963
FIRE:  121 15:32:43       10.290750        0.018116
FIRE:  122 15:32:43       10.290735        0.017241
FIRE:  123 15:32:43       10.290717        0.016201
FIRE:  124 15:32:43       10.290699        0.014880
FIRE:  125 15:32:43       10.290679        0.013167
FIRE:  126 15:32:43       10.290655        0.011014
FIRE:  127 15:32:43       10.290634        0.008487
