      Step     Time          Energy          fmax
FIRE:    0 15:38:07      188.805297      103.486279
FIRE:    1 15:38:07      142.388969       65.539253
FIRE:    2 15:38:07      111.827467       58.695235
FIRE:    3 15:38:07       90.150643       50.393644
FIRE:    4 15:38:07       73.781591       41.552041
FIRE:    5 15:38:07       61.035402       32.862763
FIRE:    6 15:38:07       51.135887       24.655755
FIRE:    7 15:38:07       43.692869       16.852923
FIRE:    8 15:38:07       38.471306       10.737760
FIRE:    9 15:38:07       35.324499        7.566750
FIRE:   10 15:38:07       34.054004       10.385983
FIRE:   11 15:38:07       34.131258       21.540234
FIRE:   12 15:38:07       29.224603        8.421372
FIRE:   13 15:38:07       26.838411        6.970226
FIRE:   14 15:38:08       24.716596        9.425642
FIRE:   15 15:38:08       22.308617        8.385031
FIRE:   16 15:38:08       19.989788        5.678512
FIRE:   17 15:38:08       18.168065        5.547822
FIRE:   18 15:38:08       16.937679        5.376841
FIRE:   19 15:38:08       16.038378        6.468125
FIRE:   20 15:38:08       15.095817        6.846708
FIRE:   21 15:38:08       14.101608        4.504820
FIRE:   22 15:38:08       13.338204        3.086603
FIRE:   23 15:38:08       12.850388        2.559101
FIRE:   24 15:38:08       12.444868        2.252760
FIRE:   25 15:38:08       11.996086        2.250676
FIRE:   26 15:38:08       11.543632        1.501025
FIRE:   27 15:38:08       11.205365        1.222158
FIRE:   28 15:38:08       11.035696        1.053647
FIRE:   29 15:38:08       10.963315        1.396660
FIRE:   30 15:38:08       10.919606        0.882385
FIRE:   31 15:38:08       10.875211        0.439713
FIRE:   32 15:38:08       10.833822        0.363979
FIRE:   33 15:38:08       10.814218        0.676456
FIRE:   34 15:38:08       10.785780        0.688659
FIRE:   35 15:38:08       10.734820        0.414302
FIRE:   36 15:38:08       10.681077        0.522772
FIRE:   37 15:38:09       10.622279        0.853671
FIRE:   38 15:38:09       10.526203        0.750560
FIRE:   39 15:38:09       10.409224        0.661006
FIRE:   40 15:38:09       10.301793        0.753967
FIRE:   41 15:38:09       10.196474        1.604195
FIRE:   42 15:38:09       10.025606        0.798159
FIRE:   43 15:38:09        9.899299        0.685174
FIRE:   44 15:38:09        9.813380        1.267514
FIRE:   45 15:38:09        9.637591        0.569757
FIRE:   46 15:38:09        9.534733        1.352237
FIRE:   47 15:38:09        9.372788        0.670346
FIRE:   48 15:38:09        9.267459        0.709600
FIRE:   49 15:38:09        9.156027        0.844918
FIRE:   50 15:38:09        9.004663        0.548730
FIRE:   51 15:38:09        8.872866        0.781875
FIRE:   52 15:38:09        8.728677        0.439619
FIRE:   53 15:38:09        8.613492        0.712476
FIRE:   54 15:38:09        8.486142        0.512780
FIRE:   55 15:38:09        8.375299        0.373268
FIRE:   56 15:38:09        8.272307        0.356771
FIRE:   57 15:38:09        8.176059        0.257852
FIRE:   58 15:38:09        8.089005        0.313156
FIRE:   59 15:38:10        8.004216        0.200706
FIRE:   60 15:38:10        7.938027        0.341533
FIRE:   61 15:38:10        7.887392        0.155122
FIRE:   62 15:38:10        7.856803        0.398835
FIRE:   63 15:38:10        7.818425        0.339126
FIRE:   64 15:38:10        7.791388        0.323039
FIRE:   65 15:38:10        7.782566        0.251956
FIRE:   66 15:38:10        7.837577        1.164695
FIRE:   67 15:38:10        7.878035        1.825730
FIRE:   68 15:38:10        7.782673        0.757709
FIRE:   69 15:38:10        7.777287        0.897260
FIRE:   70 15:38:10        7.771363        0.743167
FIRE:   71 15:38:10        7.763217        0.467708
FIRE:   72 15:38:10        7.757724        0.130716
FIRE:   73 15:38:10        7.757687        0.217695
FIRE:   74 15:38:10        7.757575        0.208825
FIRE:   75 15:38:10        7.757366        0.191419
FIRE:   76 15:38:10        7.757084        0.166154
FIRE:   77 15:38:10        7.756761        0.139289
FIRE:   78 15:38:10        7.756431        0.134464
FIRE:   79 15:38:10        7.756125        0.133674
FIRE:   80 15:38:10        7.755862        0.132852
FIRE:   81 15:38:10        7.755624        0.131940
FIRE:   82 15:38:11        7.755406        0.130956
FIRE:   83 15:38:11        7.755167        0.129908
FIRE:   84 15:38:11        7.754845        0.128777
FIRE:   85 15:38:11        7.754378        0.127517
FIRE:   86 15:38:11        7.753745        0.126045
FIRE:   87 15:38:11        7.752993        0.124217
FIRE:   88 15:38:11        7.752217        0.121743
FIRE:   89 15:38:11        7.751427        0.118142
FIRE:   90 15:38:11        7.750472        0.112986
FIRE:   91 15:38:11        7.749228        0.106071
FIRE:   92 15:38:11        7.747843        0.097708
FIRE:   93 15:38:11        7.746476        0.089147
FIRE:   94 15:38:11        7.744849        0.081924
FIRE:   95 15:38:11        7.742986        0.076863
FIRE:   96 15:38:11        7.741116        0.072761
FIRE:   97 15:38:11        7.738865        0.066723
FIRE:   98 15:38:11        7.736510        0.074815
FIRE:   99 15:38:12        7.733538        0.055257
FIRE:  100 15:38:12        7.730165        0.064114
FIRE:  101 15:38:12        7.726059        0.093731
FIRE:  102 15:38:12        7.720940        0.087222
FIRE:  103 15:38:12        7.714794        0.142798
FIRE:  104 15:38:12        7.708639        0.312898
FIRE:  105 15:38:12        7.714668        0.940955
FIRE:  106 15:38:12        7.697424        0.190080
FIRE:  107 15:38:12        7.696942        0.133012
FIRE:  108 15:38:12        7.696409        0.069654
FIRE:  109 15:38:12        7.696192        0.069863
FIRE:  110 15:38:12        7.696160        0.069866
FIRE:  111 15:38:12        7.696099        0.070082
FIRE:  112 15:38:12        7.696015        0.070394
FIRE:  113 15:38:12        7.695915        0.070787
FIRE:  114 15:38:12        7.695804        0.071237
FIRE:  115 15:38:12        7.695683        0.071716
FIRE:  116 15:38:12        7.695548        0.072188
FIRE:  117 15:38:12        7.695377        0.072666
FIRE:  118 15:38:13        7.695155        0.073113
FIRE:  119 15:38:13        7.694867        0.073492
FIRE:  120 15:38:13        7.694503        0.073788
FIRE:  121 15:38:13        7.694058        0.074021
FIRE:  122 15:38:13        7.693517        0.074265
FIRE:  123 15:38:13        7.692846        0.074645
FIRE:  124 15:38:13        7.691998        0.075303
FIRE:  125 15:38:13        7.690945        0.076354
FIRE:  126 15:38:13        7.689656        0.077816
FIRE:  127 15:38:13        7.688039        0.079634
FIRE:  128 15:38:13        7.686016        0.081975
FIRE:  129 15:38:13        7.683493        0.085318
FIRE:  130 15:38:13        7.680289        0.089780
FIRE:  131 15:38:13        7.676226        0.094539
FIRE:  132 15:38:13        7.670984        0.099239
FIRE:  133 15:38:13        7.664122        0.106168
FIRE:  134 15:38:13        7.654966        0.115785
FIRE:  135 15:38:13        7.642434        0.127947
FIRE:  136 15:38:13        7.624962        0.145413
FIRE:  137 15:38:13        7.604077        0.551115
FIRE:  138 15:38:13        7.653532        2.268659
FIRE:  139 15:38:13        7.576109        0.953083
FIRE:  140 15:38:14        7.565863        0.613417
FIRE:  141 15:38:14        7.558098        0.189652
FIRE:  142 15:38:14        7.560303        0.458809
FIRE:  143 15:38:14        7.559432        0.416223
FIRE:  144 15:38:14        7.557948        0.334776
FIRE:  145 15:38:14        7.556273        0.221825
FIRE:  146 15:38:14        7.554842        0.199446
FIRE:  147 15:38:14        7.553911        0.200439
FIRE:  148 15:38:14        7.553396        0.201948
FIRE:  149 15:38:14        7.552931        0.251491
FIRE:  150 15:38:14        7.552032        0.293734
FIRE:  151 15:38:14        7.550337        0.281295
FIRE:  152 15:38:14        7.547792        0.208964
FIRE:  153 15:38:14        7.544810        0.210741
FIRE:  154 15:38:14        7.541917        0.213006
FIRE:  155 15:38:14        7.538747        0.215758
FIRE:  156 15:38:14        7.534075        0.218647
FIRE:  157 15:38:14        7.527619        0.221926
FIRE:  158 15:38:14        7.520460        0.226637
FIRE:  159 15:38:14        7.511560        0.232454
FIRE:  160 15:38:14        7.499173        0.238770
FIRE:  161 15:38:14        7.484555        0.247576
FIRE:  162 15:38:14        7.464620        0.258831
FIRE:  163 15:38:15        7.439677        0.273007
FIRE:  164 15:38:15        7.405463        0.285594
FIRE:  165 15:38:15        7.360818        0.304035
FIRE:  166 15:38:15        7.301633        0.384207
FIRE:  167 15:38:15        7.226454        0.766508
FIRE:  168 15:38:15        7.161369        1.668880
FIRE:  169 15:38:15        7.117864        0.377813
FIRE:  170 15:38:15        7.116401        0.378974
FIRE:  171 15:38:15        7.113776        0.381225
FIRE:  172 15:38:15        7.110275        0.384286
FIRE:  173 15:38:15        7.105847        0.387565
FIRE:  174 15:38:15        7.100184        0.390359
FIRE:  175 15:38:15        7.093140        0.392256
FIRE:  176 15:38:15        7.084900        0.393322
FIRE:  177 15:38:15        7.074623        0.394010
FIRE:  178 15:38:15        7.061638        0.394901
FIRE:  179 15:38:15        7.044932        0.396741
FIRE:  180 15:38:15        7.023946        0.400290
FIRE:  181 15:38:15        6.997751        0.405190
FIRE:  182 15:38:15        6.964567        0.410079
FIRE:  183 15:38:15        6.923394        0.415507
FIRE:  184 15:38:15        6.871814        0.421825
FIRE:  185 15:38:15        6.808209        0.424889
FIRE:  186 15:38:15        6.730274        0.421691
FIRE:  187 15:38:16        6.636579        0.424210
FIRE:  188 15:38:16        6.535830        0.519228
FIRE:  189 15:38:16        6.448468        1.072260
FIRE:  190 15:38:16        6.381950        1.694783
FIRE:  191 15:38:16        6.338791        0.379499
FIRE:  192 15:38:16        6.337609        0.379248
FIRE:  193 15:38:16        6.335493        0.379014
FIRE:  194 15:38:16        6.332649        0.379169
FIRE:  195 15:38:16        6.329006        0.379940
FIRE:  196 15:38:16        6.324352        0.381326
FIRE:  197 15:38:16        6.318661        0.383182
FIRE:  198 15:38:16        6.312127        0.385258
FIRE:  199 15:38:16        6.304038        0.387367
FIRE:  200 15:38:16        6.293839        0.388984
FIRE:  201 15:38:16        6.280950        0.390122
FIRE:  202 15:38:16        6.265135        0.391993
FIRE:  203 15:38:16        6.245654        0.395939
FIRE:  204 15:38:16        6.221772        0.401537
FIRE:  205 15:38:16        6.193017        0.405477
FIRE:  206 15:38:16        6.158469        0.403990
FIRE:  207 15:38:16        6.117619        0.395893
FIRE:  208 15:38:16        6.070228        0.379977
FIRE:  209 15:38:17        6.016685        0.355233
FIRE:  210 15:38:17        5.959485        0.312107
FIRE:  211 15:38:17        5.907915        0.655020
FIRE:  212 15:38:17        5.884802        1.145994
FIRE:  213 15:38:17        5.849776        0.196621
FIRE:  214 15:38:17        5.872435        0.932951
FIRE:  215 15:38:17        5.862423        0.734947
FIRE:  216 15:38:17        5.850663        0.383393
FIRE:  217 15:38:17        5.846606        0.190176
FIRE:  218 15:38:17        5.846532        0.190303
FIRE:  219 15:38:17        5.846389        0.190549
FIRE:  220 15:38:17        5.846190        0.190896
FIRE:  221 15:38:17        5.845949        0.191315
FIRE:  222 15:38:17        5.845679        0.191761
FIRE:  223 15:38:17        5.845386        0.192180
FIRE:  224 15:38:17        5.845072        0.192505
FIRE:  225 15:38:17        5.844691        0.192678
FIRE:  226 15:38:17        5.844215        0.192574
FIRE:  227 15:38:17        5.843606        0.192042
FIRE:  228 15:38:17        5.842827        0.190935
FIRE:  229 15:38:17        5.841852        0.189144
FIRE:  230 15:38:17        5.840675        0.186659
FIRE:  231 15:38:18        5.839278        0.183641
FIRE:  232 15:38:18        5.837598        0.180433
FIRE:  233 15:38:18        5.835538        0.177423
FIRE:  234 15:38:18        5.833054        0.174800
FIRE:  235 15:38:18        5.830146        0.172172
FIRE:  236 15:38:18        5.826711        0.168384
FIRE:  237 15:38:18        5.822665        0.162375
FIRE:  238 15:38:18        5.818046        0.154549
FIRE:  239 15:38:18        5.812739        0.146748
FIRE:  240 15:38:18        5.806846        0.138927
FIRE:  241 15:38:18        5.800355        0.128036
FIRE:  242 15:38:18        5.793437        0.116280
FIRE:  243 15:38:18        5.786322        0.102177
FIRE:  244 15:38:18        5.779567        0.115156
FIRE:  245 15:38:18        5.774486        0.244762
FIRE:  246 15:38:18        5.773809        0.446774
FIRE:  247 15:38:18        5.767743        0.067061
FIRE:  248 15:38:18        5.771434        0.351965
FIRE:  249 15:38:18        5.769807        0.278566
FIRE:  250 15:38:18        5.767881        0.146595
FIRE:  251 15:38:18        5.767181        0.055535
FIRE:  252 15:38:18        5.767171        0.055587
FIRE:  253 15:38:18        5.767152        0.055689
FIRE:  254 15:38:18        5.767125        0.055834
FIRE:  255 15:38:19        5.767092        0.056014
FIRE:  256 15:38:19        5.767053        0.056214
FIRE:  257 15:38:19        5.767008        0.056421
FIRE:  258 15:38:19        5.766960        0.056616
FIRE:  259 15:38:19        5.766900        0.056801
FIRE:  260 15:38:19        5.766825        0.056949
FIRE:  261 15:38:19        5.766730        0.057031
FIRE:  262 15:38:19        5.766609        0.057017
FIRE:  263 15:38:19        5.766459        0.056890
FIRE:  264 15:38:19        5.766275        0.056656
FIRE:  265 15:38:19        5.766053        0.056360
FIRE:  266 15:38:19        5.765785        0.056087
FIRE:  267 15:38:19        5.765458        0.055914
FIRE:  268 15:38:19        5.765060        0.055827
FIRE:  269 15:38:19        5.764589        0.055625
FIRE:  270 15:38:19        5.764030        0.054925
FIRE:  271 15:38:19        5.763366        0.053432
FIRE:  272 15:38:19        5.762598        0.051299
FIRE:  273 15:38:19        5.761711        0.049016
FIRE:  274 15:38:19        5.760712        0.046286
FIRE:  275 15:38:19        5.759607        0.041951
FIRE:  276 15:38:19        5.758425        0.036934
FIRE:  277 15:38:20        5.757214        0.032386
FIRE:  278 15:38:20        5.756076        0.049423
FIRE:  279 15:38:20        5.755228        0.102136
FIRE:  280 15:38:20        5.755145        0.220186
FIRE:  281 15:38:20        5.754056        0.034016
FIRE:  282 15:38:20        5.754798        0.185326
FIRE:  283 15:38:20        5.754481        0.141848
FIRE:  284 15:38:20        5.754114        0.065871
FIRE:  285 15:38:20        5.754000        0.024045
FIRE:  286 15:38:20        5.753999        0.022939
FIRE:  287 15:38:20        5.753996        0.020788
FIRE:  288 15:38:20        5.753992        0.019914
FIRE:  289 15:38:20        5.753988        0.019927
FIRE:  290 15:38:20        5.753984        0.019934
FIRE:  291 15:38:20        5.753979        0.019932
FIRE:  292 15:38:20        5.753975        0.019915
FIRE:  293 15:38:20        5.753970        0.019873
FIRE:  294 15:38:20        5.753964        0.019795
FIRE:  295 15:38:20        5.753956        0.019672
FIRE:  296 15:38:20        5.753945        0.019493
FIRE:  297 15:38:20        5.753931        0.019253
FIRE:  298 15:38:20        5.753915        0.018954
FIRE:  299 15:38:21        5.753896        0.018615
FIRE:  300 15:38:21        5.753875        0.018273
FIRE:  301 15:38:21        5.753847        0.017968
FIRE:  302 15:38:21        5.753814        0.017716
FIRE:  303 15:38:21        5.753775        0.017487
FIRE:  304 15:38:21        5.753729        0.017214
FIRE:  305 15:38:21        5.753672        0.016879
FIRE:  306 15:38:21        5.753605        0.016621
FIRE:  307 15:38:21        5.753524        0.016666
FIRE:  308 15:38:21        5.753428        0.017015
FIRE:  309 15:38:21        5.753312        0.017388
FIRE:  310 15:38:21        5.753173        0.018054
FIRE:  311 15:38:21        5.753005        0.019468
FIRE:  312 15:38:21        5.752797        0.020925
FIRE:  313 15:38:21        5.752538        0.023988
FIRE:  314 15:38:21        5.752239        0.061807
FIRE:  315 15:38:21        5.752197        0.161703
FIRE:  316 15:38:21        5.751651        0.033994
FIRE:  317 15:38:21        5.751641        0.034116
FIRE:  318 15:38:21        5.751625        0.034346
FIRE:  319 15:38:21        5.751607        0.034657
FIRE:  320 15:38:22        5.751584        0.035017
FIRE:  321 15:38:22        5.751553        0.035402
FIRE:  322 15:38:22        5.751512        0.035811
FIRE:  323 15:38:22        5.751465        0.036271
FIRE:  324 15:38:22        5.751406        0.036895
FIRE:  325 15:38:22        5.751330        0.037787
FIRE:  326 15:38:22        5.751228        0.039051
FIRE:  327 15:38:22        5.751096        0.040766
FIRE:  328 15:38:22        5.750923        0.042963
FIRE:  329 15:38:22        5.750687        0.045749
FIRE:  330 15:38:22        5.750369        0.049528
FIRE:  331 15:38:22        5.749921        0.054915
FIRE:  332 15:38:22        5.749282        0.062438
FIRE:  333 15:38:22        5.748327        0.072761
FIRE:  334 15:38:22        5.746843        0.087826
FIRE:  335 15:38:22        5.744411        0.109986
FIRE:  336 15:38:22        5.740185        0.142374
FIRE:  337 15:38:22        5.732405        0.192701
FIRE:  338 15:38:22        5.718455        0.282212
FIRE:  339 15:38:22        5.719479        1.294095
FIRE:  340 15:38:22        5.701440        0.736389
FIRE:  341 15:38:23        5.695312        0.500988
FIRE:  342 15:38:23        5.690289        0.220896
FIRE:  343 15:38:23        5.691652        0.387291
FIRE:  344 15:38:23        5.691063        0.347308
FIRE:  345 15:38:23        5.690080        0.272257
FIRE:  346 15:38:23        5.689009        0.223311
FIRE:  347 15:38:23        5.688140        0.219877
FIRE:  348 15:38:23        5.687609        0.216240
FIRE:  349 15:38:23        5.687312        0.212928
FIRE:  350 15:38:23        5.686997        0.210332
FIRE:  351 15:38:23        5.686373        0.229506
FIRE:  352 15:38:23        5.685247        0.212872
FIRE:  353 15:38:23        5.683634        0.208044
FIRE:  354 15:38:23        5.681822        0.209268
FIRE:  355 15:38:23        5.680131        0.210108
FIRE:  356 15:38:23        5.678286        0.207996
FIRE:  357 15:38:23        5.675597        0.200074
FIRE:  358 15:38:23        5.672193        0.183903
FIRE:  359 15:38:23        5.668990        0.159037
FIRE:  360 15:38:23        5.665486        0.137386
FIRE:  361 15:38:23        5.661556        0.096561
FIRE:  362 15:38:23        5.658779        0.166956
FIRE:  363 15:38:24        5.656225        0.062056
FIRE:  364 15:38:24        5.655659        0.145706
FIRE:  365 15:38:24        5.655292        0.090459
FIRE:  366 15:38:24        5.654927        0.059395
FIRE:  367 15:38:24        5.654819        0.094785
FIRE:  368 15:38:24        5.654785        0.087874
FIRE:  369 15:38:24        5.654725        0.074699
FIRE:  370 15:38:24        5.654649        0.056552
FIRE:  371 15:38:24        5.654568        0.052380
FIRE:  372 15:38:24        5.654489        0.052782
FIRE:  373 15:38:24        5.654412        0.052910
FIRE:  374 15:38:24        5.654330        0.052645
FIRE:  375 15:38:24        5.654226        0.051822
FIRE:  376 15:38:24        5.654089        0.050273
FIRE:  377 15:38:24        5.653919        0.047869
FIRE:  378 15:38:24        5.653727        0.044581
FIRE:  379 15:38:24        5.653531        0.040618
FIRE:  380 15:38:24        5.653328        0.036543
FIRE:  381 15:38:24        5.653100        0.032918
FIRE:  382 15:38:24        5.652858        0.029820
FIRE:  383 15:38:24        5.652645        0.029332
FIRE:  384 15:38:24        5.652434        0.032903
FIRE:  385 15:38:25        5.652227        0.027577
FIRE:  386 15:38:25        5.652049        0.030151
FIRE:  387 15:38:25        5.651850        0.031858
FIRE:  388 15:38:25        5.651668        0.030455
FIRE:  389 15:38:25        5.651459        0.026658
FIRE:  390 15:38:25        5.651259        0.022114
FIRE:  391 15:38:25        5.651095        0.027244
FIRE:  392 15:38:25        5.650987        0.053853
FIRE:  393 15:38:25        5.650938        0.021368
FIRE:  394 15:38:25        5.650930        0.020768
FIRE:  395 15:38:25        5.650924        0.017369
FIRE:  396 15:38:25        5.650915        0.012816
FIRE:  397 15:38:25        5.650906        0.012858
FIRE:  398 15:38:25        5.650900        0.013589
FIRE:  399 15:38:25        5.650894        0.017152
FIRE:  400 15:38:25        5.650887        0.019838
FIRE:  401 15:38:25        5.650876        0.018054
FIRE:  402 15:38:25        5.650862        0.013060
FIRE:  403 15:38:25        5.650847        0.011897
FIRE:  404 15:38:25        5.650835        0.010664
FIRE:  405 15:38:25        5.650821        0.014103
FIRE:  406 15:38:26        5.650803        0.009778
