      Step     Time          Energy          fmax
FIRE:    0 15:38:37      197.163639      157.241572
FIRE:    1 15:38:37      125.714064       96.315142
FIRE:    2 15:38:37       81.853445       58.277835
FIRE:    3 15:38:37       55.170255       35.061635
FIRE:    4 15:38:37       39.034345       21.392942
FIRE:    5 15:38:37       29.300628       13.912296
FIRE:    6 15:38:37       23.423407       10.375114
FIRE:    7 15:38:37       19.871670        8.912484
FIRE:    8 15:38:37       17.770659        8.028369
FIRE:    9 15:38:37       16.741914        7.137168
FIRE:   10 15:38:37       16.798740        6.888708
FIRE:   11 15:38:37       15.225041        6.155992
FIRE:   12 15:38:37       13.334813        5.220438
FIRE:   13 15:38:37       12.102985        4.523688
FIRE:   14 15:38:37       11.633602        4.129149
FIRE:   15 15:38:37       11.376158        3.807589
FIRE:   16 15:38:37       10.794126        3.384921
FIRE:   17 15:38:38        9.797738        2.818853
FIRE:   18 15:38:38        8.779294        2.229366
FIRE:   19 15:38:38        8.043535        1.722619
FIRE:   20 15:38:38        7.629861        1.331552
FIRE:   21 15:38:38        7.434455        1.028709
FIRE:   22 15:38:38        7.322384        0.860026
FIRE:   23 15:38:38        7.206476        0.856425
FIRE:   24 15:38:38        7.079305        0.685292
FIRE:   25 15:38:38        6.991740        0.454222
FIRE:   26 15:38:38        6.984365        0.678808
FIRE:   27 15:38:38        6.975509        0.671076
FIRE:   28 15:38:38        6.958344        0.655492
FIRE:   29 15:38:38        6.933925        0.631878
FIRE:   30 15:38:38        6.903720        0.600113
FIRE:   31 15:38:38        6.869459        0.560313
FIRE:   32 15:38:38        6.832905        0.513044
FIRE:   33 15:38:38        6.795584        0.459527
FIRE:   34 15:38:38        6.754684        0.395381
FIRE:   35 15:38:38        6.710776        0.361569
FIRE:   36 15:38:38        6.664311        0.357028
FIRE:   37 15:38:38        6.616598        0.358766
FIRE:   38 15:38:38        6.571082        0.364308
FIRE:   39 15:38:39        6.529933        0.365741
FIRE:   40 15:38:39        6.485589        0.433797
FIRE:   41 15:38:39        6.427522        0.469332
FIRE:   42 15:38:39        6.358241        0.451069
FIRE:   43 15:38:39        6.279718        0.364418
FIRE:   44 15:38:39        6.207382        0.226031
FIRE:   45 15:38:39        6.158194        0.188566
FIRE:   46 15:38:39        6.129246        0.166043
FIRE:   47 15:38:39        6.121673        0.176125
FIRE:   48 15:38:39        6.119047        0.172510
FIRE:   49 15:38:39        6.114844        0.164647
FIRE:   50 15:38:40        6.109879        0.152022
FIRE:   51 15:38:40        6.103972        0.142538
FIRE:   52 15:38:40        6.096915        0.137927
FIRE:   53 15:38:40        6.089438        0.128066
FIRE:   54 15:38:40        6.082394        0.115632
FIRE:   55 15:38:40        6.074940        0.127770
FIRE:   56 15:38:40        6.066821        0.132046
FIRE:   57 15:38:40        6.058408        0.127933
FIRE:   58 15:38:40        6.049190        0.117459
FIRE:   59 15:38:40        6.038913        0.100790
FIRE:   60 15:38:40        6.026688        0.098880
FIRE:   61 15:38:40        6.012864        0.109567
FIRE:   62 15:38:40        5.996494        0.128493
FIRE:   63 15:38:40        5.977865        0.134113
FIRE:   64 15:38:40        5.956588        0.123390
FIRE:   65 15:38:40        5.933182        0.137582
FIRE:   66 15:38:40        5.906709        0.138727
FIRE:   67 15:38:40        5.876110        0.135982
FIRE:   68 15:38:40        5.839972        0.182726
FIRE:   69 15:38:40        5.797098        0.185559
FIRE:   70 15:38:40        5.749503        0.228693
FIRE:   71 15:38:40        5.696419        0.271294
FIRE:   72 15:38:40        5.635968        0.301997
FIRE:   73 15:38:40        5.566224        0.347030
FIRE:   74 15:38:40        5.487783        0.391908
FIRE:   75 15:38:41        5.398716        0.439101
FIRE:   76 15:38:41        5.298454        0.491645
FIRE:   77 15:38:41        5.187058        0.540323
FIRE:   78 15:38:41        5.065696        0.584849
FIRE:   79 15:38:41        4.934017        0.630000
FIRE:   80 15:38:41        4.792156        0.677522
FIRE:   81 15:38:41        4.640089        0.727765
FIRE:   82 15:38:41        4.477752        0.778967
FIRE:   83 15:38:41        4.305905        0.823435
FIRE:   84 15:38:41        4.126531        0.855416
FIRE:   85 15:38:41        3.941611        0.878503
FIRE:   86 15:38:41        3.752638        0.894447
FIRE:   87 15:38:41        3.561205        0.902320
FIRE:   88 15:38:41        3.369214        0.900313
FIRE:   89 15:38:41        3.179170        0.884363
FIRE:   90 15:38:41        2.994423        0.851005
FIRE:   91 15:38:41        2.818529        0.799849
FIRE:   92 15:38:41        2.654969        0.730009
FIRE:   93 15:38:41        2.507306        0.641049
FIRE:   94 15:38:41        2.378837        0.535198
FIRE:   95 15:38:41        2.272561        0.407997
FIRE:   96 15:38:41        2.192915        0.249556
FIRE:   97 15:38:41        2.143001        0.217533
FIRE:   98 15:38:41        2.122127        0.183203
FIRE:   99 15:38:42        2.127515        0.274754
FIRE:  100 15:38:42        2.092935        0.067570
FIRE:  101 15:38:42        2.119880        0.262044
FIRE:  102 15:38:42        2.103025        0.111950
FIRE:  103 15:38:42        2.097149        0.140955
FIRE:  104 15:38:42        2.094659        0.111046
FIRE:  105 15:38:42        2.091706        0.058981
FIRE:  106 15:38:42        2.090534        0.048173
FIRE:  107 15:38:42        2.090483        0.047944
FIRE:  108 15:38:42        2.090384        0.047485
FIRE:  109 15:38:42        2.090250        0.046793
FIRE:  110 15:38:42        2.090092        0.045865
FIRE:  111 15:38:42        2.089924        0.044699
FIRE:  112 15:38:42        2.089755        0.043294
FIRE:  113 15:38:42        2.089592        0.041656
FIRE:  114 15:38:42        2.089423        0.039597
FIRE:  115 15:38:42        2.089251        0.037063
FIRE:  116 15:38:42        2.089081        0.034012
FIRE:  117 15:38:42        2.088926        0.030408
FIRE:  118 15:38:42        2.088813        0.026212
FIRE:  119 15:38:42        2.088755        0.021448
FIRE:  120 15:38:43        2.088728        0.020989
FIRE:  121 15:38:43        2.088719        0.020785
FIRE:  122 15:38:43        2.088703        0.020381
FIRE:  123 15:38:43        2.088680        0.019784
FIRE:  124 15:38:43        2.088652        0.019005
FIRE:  125 15:38:43        2.088622        0.018058
FIRE:  126 15:38:43        2.088591        0.016963
FIRE:  127 15:38:43        2.088559        0.016231
FIRE:  128 15:38:43        2.088524        0.016187
FIRE:  129 15:38:43        2.088485        0.016126
FIRE:  130 15:38:43        2.088443        0.016038
FIRE:  131 15:38:43        2.088397        0.015904
FIRE:  132 15:38:43        2.088351        0.015691
FIRE:  133 15:38:43        2.088306        0.015351
FIRE:  134 15:38:43        2.088261        0.014830
FIRE:  135 15:38:43        2.088207        0.014089
FIRE:  136 15:38:43        2.088140        0.013086
FIRE:  137 15:38:43        2.088061        0.011766
FIRE:  138 15:38:43        2.087978        0.010072
FIRE:  139 15:38:43        2.087898        0.007950
