      Step     Time          Energy          fmax
FIRE:    0 15:54:10      279.305798      143.161361
FIRE:    1 15:54:10      225.995467       88.720473
FIRE:    2 15:54:11      191.328397       55.249341
FIRE:    3 15:54:11      168.217261       43.878349
FIRE:    4 15:54:11      151.982603       40.863637
FIRE:    5 15:54:11      139.604692       38.214248
FIRE:    6 15:54:11      129.242815       35.782645
FIRE:    7 15:54:11      119.886878       33.475707
FIRE:    8 15:54:11      111.061222       31.243726
FIRE:    9 15:54:11      102.637027       29.083215
FIRE:   10 15:54:11       94.660599       27.019122
FIRE:   11 15:54:11       87.244439       25.086920
FIRE:   12 15:54:11       80.504783       23.317899
FIRE:   13 15:54:11       74.531183       21.731948
FIRE:   14 15:54:11       69.375491       20.332531
FIRE:   15 15:54:11       65.050616       19.094455
FIRE:   16 15:54:11       61.518893       17.962897
FIRE:   17 15:54:11       58.643846       16.870797
FIRE:   18 15:54:11       56.119199       15.763882
FIRE:   19 15:54:11       53.474000       14.624522
FIRE:   20 15:54:11       50.298780       13.881605
FIRE:   21 15:54:11       46.601308       12.370325
FIRE:   22 15:54:11       42.819827       11.356377
FIRE:   23 15:54:11       39.418117       10.457029
FIRE:   24 15:54:11       36.584672        9.667061
FIRE:   25 15:54:12       34.251500        8.966199
FIRE:   26 15:54:12       32.251931        8.328603
FIRE:   27 15:54:12       30.442636        7.729977
FIRE:   28 15:54:12       28.740350        7.152138
FIRE:   29 15:54:12       27.111493        6.587076
FIRE:   30 15:54:12       25.551888        6.034841
FIRE:   31 15:54:12       24.071494        5.493977
FIRE:   32 15:54:12       22.685928        4.968309
FIRE:   33 15:54:12       21.408077        4.465822
FIRE:   34 15:54:12       20.246329        3.990086
FIRE:   35 15:54:12       19.205125        3.540414
FIRE:   36 15:54:12       18.285680        3.116618
FIRE:   37 15:54:12       17.486099        2.719913
FIRE:   38 15:54:12       16.801273        2.350324
FIRE:   39 15:54:12       16.222398        2.006321
FIRE:   40 15:54:12       15.736544        1.685394
FIRE:   41 15:54:12       15.328075        1.384821
FIRE:   42 15:54:12       14.982881        1.102376
FIRE:   43 15:54:12       14.692687        0.837960
FIRE:   44 15:54:12       14.455390        0.947157
FIRE:   45 15:54:12       14.270357        1.066287
FIRE:   46 15:54:12       14.131976        1.178342
FIRE:   47 15:54:12       14.027701        1.272146
FIRE:   48 15:54:12       13.941588        1.344739
FIRE:   49 15:54:12       13.857453        1.396847
FIRE:   50 15:54:12       13.759915        1.429392
FIRE:   51 15:54:12       13.635291        1.439911
FIRE:   52 15:54:12       13.474193        1.421477
FIRE:   53 15:54:12       13.275508        1.369050
FIRE:   54 15:54:12       13.053994        1.269795
FIRE:   55 15:54:13       12.853477        1.102339
FIRE:   56 15:54:13       12.758110        0.883138
FIRE:   57 15:54:13       12.453441        0.838025
FIRE:   58 15:54:13       12.188420        0.720596
FIRE:   59 15:54:13       11.936499        0.577623
FIRE:   60 15:54:13       11.712805        0.440309
FIRE:   61 15:54:13       11.493547        0.445445
FIRE:   62 15:54:13       11.282182        0.434958
FIRE:   63 15:54:13       11.089465        0.451825
FIRE:   64 15:54:13       10.921438        0.414575
FIRE:   65 15:54:13       10.822553        0.422136
FIRE:   66 15:54:13       10.888293        0.800699
FIRE:   67 15:54:13       10.741388        0.469430
FIRE:   68 15:54:13       10.729413        0.462096
FIRE:   69 15:54:13       10.707375        0.448641
FIRE:   70 15:54:13       10.678016        0.432100
FIRE:   71 15:54:13       10.643105        0.417947
FIRE:   72 15:54:13       10.602308        0.413291
FIRE:   73 15:54:13       10.554360        0.423680
FIRE:   74 15:54:13       10.499118        0.449674
FIRE:   75 15:54:13       10.429886        0.490284
FIRE:   76 15:54:13       10.340819        0.534294
FIRE:   77 15:54:13       10.226344        0.561859
FIRE:   78 15:54:13       10.103934        0.563284
FIRE:   79 15:54:13        9.978551        0.545180
FIRE:   80 15:54:13        9.856625        0.511508
FIRE:   81 15:54:13        9.746278        0.467582
FIRE:   82 15:54:14        9.655030        0.411179
FIRE:   83 15:54:14        9.586955        0.338426
FIRE:   84 15:54:14        9.536527        0.252391
FIRE:   85 15:54:14        9.493000        0.221177
FIRE:   86 15:54:14        9.453804        0.193771
FIRE:   87 15:54:14        9.423984        0.177156
FIRE:   88 15:54:14        9.402505        0.234897
FIRE:   89 15:54:14        9.391781        0.322034
FIRE:   90 15:54:14        9.352014        0.257771
FIRE:   91 15:54:14        9.300340        0.243737
FIRE:   92 15:54:14        9.211975        0.243815
FIRE:   93 15:54:14        9.090700        0.272125
FIRE:   94 15:54:14        8.954687        0.376409
FIRE:   95 15:54:14        8.803635        0.431535
FIRE:   96 15:54:14        8.637744        0.459826
FIRE:   97 15:54:14        8.463366        0.472830
FIRE:   98 15:54:14        8.292566        0.469372
FIRE:   99 15:54:14        8.139444        0.443587
FIRE:  100 15:54:14        8.014069        0.397089
FIRE:  101 15:54:14        7.913190        0.341455
FIRE:  102 15:54:14        7.831666        0.288280
FIRE:  103 15:54:14        7.789418        0.254636
FIRE:  104 15:54:14        7.768257        0.280046
FIRE:  105 15:54:14        7.769074        0.285537
FIRE:  106 15:54:14        7.825238        1.077468
FIRE:  107 15:54:14        7.736403        0.194539
FIRE:  108 15:54:14        7.734919        0.190786
FIRE:  109 15:54:15        7.732680        0.183689
FIRE:  110 15:54:15        7.730430        0.173845
FIRE:  111 15:54:15        7.728176        0.161972
FIRE:  112 15:54:15        7.725383        0.148798
FIRE:  113 15:54:15        7.721893        0.134820
FIRE:  114 15:54:15        7.718252        0.120239
FIRE:  115 15:54:15        7.714791        0.103126
FIRE:  116 15:54:15        7.711476        0.082485
FIRE:  117 15:54:15        7.707771        0.079275
FIRE:  118 15:54:15        7.704426        0.091351
FIRE:  119 15:54:15        7.702046        0.097354
FIRE:  120 15:54:15        7.699645        0.093447
FIRE:  121 15:54:15        7.698152        0.080375
FIRE:  122 15:54:15        7.696673        0.067718
FIRE:  123 15:54:15        7.696082        0.066360
FIRE:  124 15:54:15        7.695741        0.048599
FIRE:  125 15:54:15        7.695347        0.044042
FIRE:  126 15:54:15        7.695101        0.038311
FIRE:  127 15:54:15        7.694857        0.053015
FIRE:  128 15:54:16        7.694421        0.048818
FIRE:  129 15:54:16        7.693890        0.025319
FIRE:  130 15:54:16        7.693515        0.023513
FIRE:  131 15:54:16        7.693278        0.037142
FIRE:  132 15:54:16        7.692963        0.030516
FIRE:  133 15:54:16        7.692714        0.014245
FIRE:  134 15:54:16        7.692733        0.031530
FIRE:  135 15:54:16        7.692698        0.025392
FIRE:  136 15:54:16        7.692652        0.020258
FIRE:  137 15:54:16        7.692622        0.019124
FIRE:  138 15:54:16        7.692618        0.017788
FIRE:  139 15:54:16        7.692616        0.017769
FIRE:  140 15:54:16        7.692612        0.017729
FIRE:  141 15:54:16        7.692607        0.017667
FIRE:  142 15:54:16        7.692601        0.017579
FIRE:  143 15:54:16        7.692595        0.017458
FIRE:  144 15:54:16        7.692589        0.017297
FIRE:  145 15:54:16        7.692584        0.017088
FIRE:  146 15:54:16        7.692578        0.016796
FIRE:  147 15:54:17        7.692571        0.016395
FIRE:  148 15:54:17        7.692562        0.015863
FIRE:  149 15:54:17        7.692551        0.015175
FIRE:  150 15:54:17        7.692537        0.014307
FIRE:  151 15:54:17        7.692522        0.013236
FIRE:  152 15:54:17        7.692505        0.011953
FIRE:  153 15:54:17        7.692489        0.010484
FIRE:  154 15:54:17        7.692473        0.008899
