      Step     Time          Energy          fmax
FIRE:    0 15:54:21      289.983066      246.041146
FIRE:    1 15:54:21      225.450227      117.391479
FIRE:    2 15:54:21      193.745058       47.240684
FIRE:    3 15:54:21      179.527349       35.849205
FIRE:    4 15:54:21      173.886746       34.460930
FIRE:    5 15:54:21      171.450252       33.585285
FIRE:    6 15:54:21      169.047467       32.772455
FIRE:    7 15:54:21      165.173478       31.814704
FIRE:    8 15:54:21      159.248477       30.646946
FIRE:    9 15:54:21      151.709066       29.343424
FIRE:   10 15:54:21      143.893016       28.062048
FIRE:   11 15:54:21      136.506537       26.847810
FIRE:   12 15:54:22      128.873612       25.573137
FIRE:   13 15:54:22      120.570587       24.178513
FIRE:   14 15:54:22      112.193944       22.772818
FIRE:   15 15:54:22      104.204206       21.469723
FIRE:   16 15:54:22       96.723447       20.317339
FIRE:   17 15:54:22       90.104471       19.349151
FIRE:   18 15:54:22       84.491067       18.549806
FIRE:   19 15:54:22       79.501974       17.831584
FIRE:   20 15:54:22       74.893327       17.123981
FIRE:   21 15:54:22       70.662043       16.399123
FIRE:   22 15:54:22       66.622856       15.633965
FIRE:   23 15:54:22       62.606460       14.821259
FIRE:   24 15:54:22       58.653457       13.966764
FIRE:   25 15:54:22       54.791845       13.069999
FIRE:   26 15:54:22       51.057200       12.151400
FIRE:   27 15:54:22       47.582450       11.256953
FIRE:   28 15:54:22       44.428483       10.422652
FIRE:   29 15:54:22       41.550098        9.658399
FIRE:   30 15:54:22       38.933701        8.963340
FIRE:   31 15:54:22       36.557304        8.318387
FIRE:   32 15:54:22       34.352553        7.697149
FIRE:   33 15:54:22       32.283404        7.091559
FIRE:   34 15:54:22       30.340941        6.506162
FIRE:   35 15:54:23       28.517429        5.945721
FIRE:   36 15:54:23       26.829293        5.415022
FIRE:   37 15:54:23       25.298964        4.917514
FIRE:   38 15:54:23       23.922836        4.451917
FIRE:   39 15:54:23       22.694073        4.017072
FIRE:   40 15:54:23       21.611106        3.613163
FIRE:   41 15:54:23       20.653875        3.237364
FIRE:   42 15:54:23       19.795639        2.883229
FIRE:   43 15:54:23       19.019404        2.544999
FIRE:   44 15:54:23       18.314325        2.224492
FIRE:   45 15:54:23       17.680738        1.930541
FIRE:   46 15:54:23       17.130826        1.676827
FIRE:   47 15:54:23       16.674469        1.473263
FIRE:   48 15:54:23       16.312036        1.304903
FIRE:   49 15:54:23       16.021762        1.127143
FIRE:   50 15:54:23       15.772362        1.021062
FIRE:   51 15:54:23       15.559518        0.641991
FIRE:   52 15:54:24       15.406184        0.517687
FIRE:   53 15:54:24       15.312978        0.859205
FIRE:   54 15:54:24       15.255674        0.907300
FIRE:   55 15:54:24       15.228630        0.542978
FIRE:   56 15:54:24       15.782112        7.059213
FIRE:   57 15:54:24       15.460870        2.984665
FIRE:   58 15:54:24       15.152595        0.691978
FIRE:   59 15:54:24       15.481115        5.585409
FIRE:   60 15:54:24       15.214714        2.590757
FIRE:   61 15:54:24       15.121793        0.488813
FIRE:   62 15:54:24       15.120878        0.488845
FIRE:   63 15:54:24       15.119244        0.488899
FIRE:   64 15:54:24       15.117231        0.488955
FIRE:   65 15:54:24       15.115217        0.488977
FIRE:   66 15:54:24       15.113482        0.488915
FIRE:   67 15:54:24       15.112073        0.488702
FIRE:   68 15:54:24       15.110760        0.488287
FIRE:   69 15:54:24       15.109006        0.487559
FIRE:   70 15:54:24       15.106343        0.486411
FIRE:   71 15:54:24       15.102499        0.484708
FIRE:   72 15:54:24       15.097655        0.482279
FIRE:   73 15:54:25       15.092327        0.478918
FIRE:   74 15:54:25       15.086534        0.474485
FIRE:   75 15:54:25       15.079244        0.469011
FIRE:   76 15:54:25       15.069581        0.462512
FIRE:   77 15:54:25       15.058261        0.454837
FIRE:   78 15:54:25       15.045568        0.445596
FIRE:   79 15:54:25       15.029481        0.434402
FIRE:   80 15:54:25       15.010903        0.420824
FIRE:   81 15:54:25       14.989329        0.404987
FIRE:   82 15:54:25       14.964080        0.386890
FIRE:   83 15:54:25       14.935401        0.364755
FIRE:   84 15:54:25       14.904115        0.335954
FIRE:   85 15:54:25       14.869663        0.301770
FIRE:   86 15:54:25       14.834136        0.275886
FIRE:   87 15:54:25       14.801867        0.548312
FIRE:   88 15:54:25       14.793875        1.236697
FIRE:   89 15:54:25       14.762814        0.199759
FIRE:   90 15:54:25       14.786059        1.272067
FIRE:   91 15:54:25       14.774037        0.908178
FIRE:   92 15:54:25       14.762240        0.324490
FIRE:   93 15:54:26       14.761328        0.284280
FIRE:   94 15:54:26       14.761132        0.268266
FIRE:   95 15:54:26       14.760779        0.237045
FIRE:   96 15:54:26       14.760332        0.192264
FIRE:   97 15:54:26       14.759871        0.171021
FIRE:   98 15:54:26       14.759468        0.171104
FIRE:   99 15:54:26       14.759164        0.171153
FIRE:  100 15:54:26       14.758949        0.171143
FIRE:  101 15:54:26       14.758748        0.171047
FIRE:  102 15:54:26       14.758468        0.170842
FIRE:  103 15:54:27       14.758001        0.170507
FIRE:  104 15:54:27       14.757282        0.170027
FIRE:  105 15:54:27       14.756345        0.169398
FIRE:  106 15:54:27       14.755325        0.168644
FIRE:  107 15:54:27       14.754298        0.167827
FIRE:  108 15:54:27       14.753071        0.167028
FIRE:  109 15:54:27       14.751364        0.166252
FIRE:  110 15:54:27       14.749243        0.165383
FIRE:  111 15:54:27       14.746968        0.164141
FIRE:  112 15:54:27       14.744162        0.162352
FIRE:  113 15:54:27       14.740617        0.160159
FIRE:  114 15:54:27       14.736710        0.157958
FIRE:  115 15:54:27       14.731779        0.155677
FIRE:  116 15:54:27       14.726285        0.152529
FIRE:  117 15:54:27       14.719525        0.148852
FIRE:  118 15:54:27       14.711882        0.145314
FIRE:  119 15:54:27       14.703345        0.162732
FIRE:  120 15:54:27       14.694120        0.271430
FIRE:  121 15:54:27       14.685721        0.482544
FIRE:  122 15:54:28       14.681486        0.130878
FIRE:  123 15:54:28       14.683609        0.388012
FIRE:  124 15:54:28       14.682501        0.308912
FIRE:  125 15:54:28       14.681117        0.164401
FIRE:  126 15:54:28       14.680470        0.130526
FIRE:  127 15:54:28       14.680741        0.175956
FIRE:  128 15:54:28       14.680662        0.165854
FIRE:  129 15:54:28       14.680517        0.146270
FIRE:  130 15:54:28       14.680332        0.129902
FIRE:  131 15:54:28       14.680137        0.130077
FIRE:  132 15:54:28       14.679958        0.130268
FIRE:  133 15:54:28       14.679813        0.130453
FIRE:  134 15:54:28       14.679700        0.130608
FIRE:  135 15:54:28       14.679592        0.130716
FIRE:  136 15:54:28       14.679456        0.130748
FIRE:  137 15:54:28       14.679250        0.130676
FIRE:  138 15:54:28       14.678939        0.130477
FIRE:  139 15:54:28       14.678518        0.130138
FIRE:  140 15:54:28       14.678026        0.129673
FIRE:  141 15:54:28       14.677505        0.129149
FIRE:  142 15:54:28       14.676917        0.128688
FIRE:  143 15:54:29       14.676135        0.128386
FIRE:  144 15:54:29       14.675111        0.128248
FIRE:  145 15:54:29       14.673945        0.128108
FIRE:  146 15:54:29       14.672579        0.127635
FIRE:  147 15:54:29       14.670804        0.126702
FIRE:  148 15:54:29       14.668736        0.125633
FIRE:  149 15:54:29       14.666207        0.125053
FIRE:  150 15:54:29       14.663140        0.124712
FIRE:  151 15:54:29       14.659419        0.123523
FIRE:  152 15:54:29       14.654989        0.122455
FIRE:  153 15:54:29       14.649550        0.122623
FIRE:  154 15:54:29       14.642988        0.121101
FIRE:  155 15:54:29       14.635205        0.123967
FIRE:  156 15:54:29       14.627659        0.350739
FIRE:  157 15:54:29       14.636389        1.045006
FIRE:  158 15:54:29       14.613548        0.122536
FIRE:  159 15:54:29       14.613307        0.123411
FIRE:  160 15:54:29       14.612989        0.124958
FIRE:  161 15:54:29       14.612727        0.126787
FIRE:  162 15:54:29       14.612457        0.128380
FIRE:  163 15:54:29       14.612030        0.129390
FIRE:  164 15:54:29       14.611420        0.129722
FIRE:  165 15:54:29       14.610743        0.129496
FIRE:  166 15:54:30       14.610004        0.128992
FIRE:  167 15:54:30       14.609064        0.128773
FIRE:  168 15:54:30       14.607762        0.129289
FIRE:  169 15:54:30       14.606212        0.130478
FIRE:  170 15:54:30       14.604315        0.131443
FIRE:  171 15:54:30       14.601814        0.131740
FIRE:  172 15:54:30       14.598826        0.132895
FIRE:  173 15:54:30       14.594924        0.136657
FIRE:  174 15:54:30       14.590121        0.140522
FIRE:  175 15:54:30       14.584026        0.142505
FIRE:  176 15:54:30       14.576236        0.149594
FIRE:  177 15:54:30       14.566342        0.153171
FIRE:  178 15:54:30       14.554393        0.266014
FIRE:  179 15:54:30       14.546716        0.784786
FIRE:  180 15:54:30       14.536074        0.177847
FIRE:  181 15:54:30       14.535857        0.177724
FIRE:  182 15:54:30       14.535482        0.177567
FIRE:  183 15:54:30       14.535002        0.177538
FIRE:  184 15:54:30       14.534405        0.177824
FIRE:  185 15:54:30       14.533630        0.178545
FIRE:  186 15:54:30       14.532652        0.179696
FIRE:  187 15:54:30       14.531509        0.181145
FIRE:  188 15:54:31       14.530095        0.182826
FIRE:  189 15:54:31       14.528309        0.184418
FIRE:  190 15:54:31       14.525989        0.185692
FIRE:  191 15:54:31       14.523062        0.186877
FIRE:  192 15:54:31       14.519396        0.188889
FIRE:  193 15:54:31       14.514683        0.192629
FIRE:  194 15:54:31       14.508747        0.197753
FIRE:  195 15:54:31       14.501115        0.202883
FIRE:  196 15:54:31       14.491370        0.209109
FIRE:  197 15:54:31       14.478727        0.219124
FIRE:  198 15:54:31       14.462214        0.229501
FIRE:  199 15:54:31       14.440380        0.243658
FIRE:  200 15:54:31       14.411063        0.262189
FIRE:  201 15:54:31       14.371302        0.285142
FIRE:  202 15:54:31       14.323986        0.622337
FIRE:  203 15:54:31       14.427916        3.337523
FIRE:  204 15:54:31       14.305054        1.878151
FIRE:  205 15:54:31       14.266900        1.317484
FIRE:  206 15:54:31       14.235583        0.352773
FIRE:  207 15:54:31       14.248517        1.010337
FIRE:  208 15:54:31       14.245086        0.904307
FIRE:  209 15:54:31       14.239477        0.706491
FIRE:  210 15:54:31       14.233668        0.442414
FIRE:  211 15:54:31       14.229532        0.356781
FIRE:  212 15:54:32       14.227994        0.361957
FIRE:  213 15:54:32       14.228323        0.374334
FIRE:  214 15:54:32       14.228166        0.366832
FIRE:  215 15:54:32       14.227861        0.366757
FIRE:  216 15:54:32       14.227426        0.366649
FIRE:  217 15:54:32       14.226884        0.366515
FIRE:  218 15:54:32       14.226264        0.366366
FIRE:  219 15:54:32       14.225597        0.366215
FIRE:  220 15:54:32       14.224908        0.366077
FIRE:  221 15:54:32       14.224148        0.365962
FIRE:  222 15:54:32       14.223331        0.365913
FIRE:  223 15:54:32       14.222456        0.365990
FIRE:  224 15:54:32       14.221488        0.366278
FIRE:  225 15:54:32       14.220340        0.366874
FIRE:  226 15:54:32       14.218874        0.367881
FIRE:  227 15:54:32       14.216925        0.369400
FIRE:  228 15:54:32       14.214366        0.371514
FIRE:  229 15:54:32       14.211161        0.374261
FIRE:  230 15:54:32       14.207366        0.377575
FIRE:  231 15:54:32       14.202960        0.381217
FIRE:  232 15:54:32       14.197614        0.384793
FIRE:  233 15:54:32       14.190785        0.387954
FIRE:  234 15:54:32       14.182188        0.390646
FIRE:  235 15:54:32       14.171854        0.393451
FIRE:  236 15:54:33       14.159179        0.397687
FIRE:  237 15:54:33       14.143037        0.404567
FIRE:  238 15:54:33       14.123173        0.414106
FIRE:  239 15:54:33       14.098254        0.424670
FIRE:  240 15:54:33       14.066701        0.435969
FIRE:  241 15:54:33       14.026862        0.451831
FIRE:  242 15:54:33       13.976024        0.474016
FIRE:  243 15:54:33       13.910490        0.495767
FIRE:  244 15:54:33       13.825839        0.521041
FIRE:  245 15:54:33       13.716070        0.553042
FIRE:  246 15:54:33       13.577633        0.620731
FIRE:  247 15:54:33       13.456883        1.563556
FIRE:  248 15:54:33       13.380655        3.114813
FIRE:  249 15:54:33       13.284221        1.281529
FIRE:  250 15:54:33       13.270132        0.927558
FIRE:  251 15:54:33       13.255047        0.624272
FIRE:  252 15:54:33       13.251103        0.618565
FIRE:  253 15:54:33       13.250075        0.619316
FIRE:  254 15:54:33       13.248198        0.620762
FIRE:  255 15:54:33       13.245766        0.622796
FIRE:  256 15:54:33       13.243076        0.625260
FIRE:  257 15:54:33       13.240304        0.627942
FIRE:  258 15:54:34       13.237437        0.630596
FIRE:  259 15:54:34       13.234287        0.632984
FIRE:  260 15:54:34       13.230188        0.635113
FIRE:  261 15:54:34       13.224679        0.636746
FIRE:  262 15:54:34       13.217419        0.637694
FIRE:  263 15:54:34       13.208349        0.637913
FIRE:  264 15:54:34       13.197557        0.637664
FIRE:  265 15:54:34       13.184649        0.637640
FIRE:  266 15:54:34       13.168378        0.638727
FIRE:  267 15:54:34       13.147704        0.641416
FIRE:  268 15:54:34       13.122676        0.645075
FIRE:  269 15:54:34       13.092288        0.647597
FIRE:  270 15:54:34       13.054129        0.647088
FIRE:  271 15:54:34       13.007886        0.644359
FIRE:  272 15:54:34       12.951110        0.642944
FIRE:  273 15:54:34       12.882148        0.640980
FIRE:  274 15:54:34       12.798535        0.627838
FIRE:  275 15:54:34       12.699286        0.605405
FIRE:  276 15:54:34       12.582862        0.585103
FIRE:  277 15:54:34       12.450920        0.534066
FIRE:  278 15:54:34       12.321588        0.831773
FIRE:  279 15:54:34       12.218662        1.489418
FIRE:  280 15:54:34       12.153653        1.947279
FIRE:  281 15:54:35       12.085222        0.314819
FIRE:  282 15:54:35       12.140159        2.220681
FIRE:  283 15:54:35       12.106921        1.474972
FIRE:  284 15:54:35       12.078725        0.356575
FIRE:  285 15:54:35       12.082028        0.698909
FIRE:  286 15:54:35       12.080951        0.656639
FIRE:  287 15:54:35       12.079028        0.574024
FIRE:  288 15:54:35       12.076668        0.455085
FIRE:  289 15:54:35       12.074355        0.316774
FIRE:  290 15:54:35       12.072515        0.313401
FIRE:  291 15:54:35       12.071351        0.310009
FIRE:  292 15:54:35       12.070712        0.307040
FIRE:  293 15:54:35       12.070110        0.307780
FIRE:  294 15:54:35       12.068974        0.378329
FIRE:  295 15:54:35       12.066780        0.377903
FIRE:  296 15:54:35       12.063398        0.303263
FIRE:  297 15:54:35       12.059346        0.304951
FIRE:  298 15:54:35       12.055473        0.306677
FIRE:  299 15:54:35       12.051708        0.306627
FIRE:  300 15:54:35       12.046626        0.303307
FIRE:  301 15:54:35       12.039387        0.296025
FIRE:  302 15:54:35       12.031328        0.285470
FIRE:  303 15:54:35       12.022994        0.275071
FIRE:  304 15:54:35       12.011881        0.267599
FIRE:  305 15:54:36       11.999254        0.260824
FIRE:  306 15:54:36       11.985390        0.246340
FIRE:  307 15:54:36       11.968637        0.222659
FIRE:  308 15:54:36       11.950983        0.198706
FIRE:  309 15:54:36       11.931710        0.223746
FIRE:  310 15:54:36       11.911005        0.163411
FIRE:  311 15:54:36       11.890865        0.153924
FIRE:  312 15:54:36       11.874819        0.428639
FIRE:  313 15:54:36       11.889088        1.676477
FIRE:  314 15:54:36       11.858840        0.361516
FIRE:  315 15:54:36       11.858096        0.263972
FIRE:  316 15:54:36       11.857330        0.093108
FIRE:  317 15:54:36       11.857239        0.102511
FIRE:  318 15:54:36       11.857213        0.100357
FIRE:  319 15:54:36       11.857164        0.099182
FIRE:  320 15:54:36       11.857103        0.097528
FIRE:  321 15:54:36       11.857037        0.095528
FIRE:  322 15:54:36       11.856974        0.093358
FIRE:  323 15:54:36       11.856916        0.091242
FIRE:  324 15:54:36       11.856858        0.089407
FIRE:  325 15:54:36       11.856787        0.087904
FIRE:  326 15:54:36       11.856690        0.086973
FIRE:  327 15:54:36       11.856556        0.086814
FIRE:  328 15:54:36       11.856382        0.087520
FIRE:  329 15:54:36       11.856174        0.088926
FIRE:  330 15:54:37       11.855941        0.090401
FIRE:  331 15:54:37       11.855667        0.090847
FIRE:  332 15:54:37       11.855315        0.089275
FIRE:  333 15:54:37       11.854880        0.085455
FIRE:  334 15:54:37       11.854384        0.080760
FIRE:  335 15:54:37       11.853791        0.078002
FIRE:  336 15:54:37       11.853068        0.078385
FIRE:  337 15:54:37       11.852246        0.078557
FIRE:  338 15:54:37       11.851261        0.073205
FIRE:  339 15:54:37       11.850154        0.065769
FIRE:  340 15:54:37       11.848870        0.066111
FIRE:  341 15:54:37       11.847452        0.061865
FIRE:  342 15:54:37       11.845940        0.061307
FIRE:  343 15:54:37       11.844479        0.121187
FIRE:  344 15:54:37       11.843398        0.238560
FIRE:  345 15:54:37       11.842777        0.049090
FIRE:  346 15:54:37       11.843059        0.179723
FIRE:  347 15:54:37       11.842922        0.142056
FIRE:  348 15:54:37       11.842750        0.074947
FIRE:  349 15:54:37       11.842668        0.041594
FIRE:  350 15:54:37       11.842704        0.077817
FIRE:  351 15:54:37       11.842697        0.073993
FIRE:  352 15:54:37       11.842683        0.066537
FIRE:  353 15:54:37       11.842665        0.055832
FIRE:  354 15:54:37       11.842646        0.042455
FIRE:  355 15:54:37       11.842628        0.039723
FIRE:  356 15:54:38       11.842613        0.040887
FIRE:  357 15:54:38       11.842602        0.041991
FIRE:  358 15:54:38       11.842593        0.043002
FIRE:  359 15:54:38       11.842582        0.043762
FIRE:  360 15:54:38       11.842567        0.044124
FIRE:  361 15:54:38       11.842542        0.043957
FIRE:  362 15:54:38       11.842507        0.043164
FIRE:  363 15:54:38       11.842463        0.041737
FIRE:  364 15:54:38       11.842417        0.039868
FIRE:  365 15:54:38       11.842370        0.038111
FIRE:  366 15:54:38       11.842310        0.037135
FIRE:  367 15:54:38       11.842229        0.037351
FIRE:  368 15:54:38       11.842133        0.038598
FIRE:  369 15:54:38       11.842029        0.039548
FIRE:  370 15:54:38       11.841898        0.038515
FIRE:  371 15:54:38       11.841741        0.035302
FIRE:  372 15:54:38       11.841567        0.032806
FIRE:  373 15:54:38       11.841353        0.033471
FIRE:  374 15:54:38       11.841119        0.033722
FIRE:  375 15:54:38       11.840844        0.028861
FIRE:  376 15:54:38       11.840540        0.027709
FIRE:  377 15:54:38       11.840216        0.027454
FIRE:  378 15:54:38       11.839908        0.063207
FIRE:  379 15:54:38       11.839709        0.126995
FIRE:  380 15:54:39       11.839532        0.020893
FIRE:  381 15:54:39       11.839632        0.103583
FIRE:  382 15:54:39       11.839587        0.082023
FIRE:  383 15:54:39       11.839532        0.043317
FIRE:  384 15:54:39       11.839509        0.019644
FIRE:  385 15:54:39       11.839509        0.019618
FIRE:  386 15:54:39       11.839508        0.019569
FIRE:  387 15:54:39       11.839507        0.019499
FIRE:  388 15:54:39       11.839506        0.019411
FIRE:  389 15:54:39       11.839504        0.019312
FIRE:  390 15:54:39       11.839503        0.019206
FIRE:  391 15:54:39       11.839501        0.019101
FIRE:  392 15:54:39       11.839498        0.018993
FIRE:  393 15:54:39       11.839495        0.018891
FIRE:  394 15:54:39       11.839491        0.018805
FIRE:  395 15:54:39       11.839485        0.018744
FIRE:  396 15:54:39       11.839479        0.018713
FIRE:  397 15:54:39       11.839471        0.018704
FIRE:  398 15:54:39       11.839462        0.018687
FIRE:  399 15:54:39       11.839450        0.018616
FIRE:  400 15:54:39       11.839435        0.018435
FIRE:  401 15:54:39       11.839418        0.018119
FIRE:  402 15:54:39       11.839397        0.017709
FIRE:  403 15:54:40       11.839371        0.017316
FIRE:  404 15:54:40       11.839341        0.017022
FIRE:  405 15:54:40       11.839305        0.016714
FIRE:  406 15:54:40       11.839263        0.016121
FIRE:  407 15:54:40       11.839214        0.015269
FIRE:  408 15:54:40       11.839158        0.014620
FIRE:  409 15:54:40       11.839094        0.013853
FIRE:  410 15:54:40       11.839024        0.012410
FIRE:  411 15:54:40       11.838949        0.011958
FIRE:  412 15:54:40       11.838876        0.022928
FIRE:  413 15:54:40       11.838836        0.060083
FIRE:  414 15:54:40       11.838796        0.008785
