      Step     Time          Energy          fmax
FIRE:    0 11:48:29       88.341768       89.436531
FIRE:    1 11:48:29       61.724515       47.412590
FIRE:    2 11:48:29       44.751552       32.641431
FIRE:    3 11:48:29       32.548258       24.274709
FIRE:    4 11:48:29       23.695081       16.651346
FIRE:    5 11:48:29       17.611229       11.320711
FIRE:    6 11:48:30       13.696683        7.950128
FIRE:    7 11:48:30       11.347387        6.393829
FIRE:    8 11:48:30       10.144919        4.798323
FIRE:    9 11:48:30        9.897570        5.051544
FIRE:   10 11:48:30        9.263711        4.543621
FIRE:   11 11:48:30        8.249728        3.897666
FIRE:   12 11:48:30        7.163186        3.266043
FIRE:   13 11:48:30        6.192398        2.650734
FIRE:   14 11:48:30        5.360310        2.627165
FIRE:   15 11:48:30        4.606701        2.564306
FIRE:   16 11:48:30        3.921601        2.094898
FIRE:   17 11:48:30        3.360185        1.458011
FIRE:   18 11:48:30        3.011691        0.913539
FIRE:   19 11:48:30        2.890288        0.815701
FIRE:   20 11:48:30        2.883713        0.816446
FIRE:   21 11:48:30        2.870838        0.817778
FIRE:   22 11:48:30        2.852185        0.819390
FIRE:   23 11:48:30        2.828465        0.820839
FIRE:   24 11:48:30        2.800504        0.821577
FIRE:   25 11:48:30        2.769171        0.820985
FIRE:   26 11:48:30        2.735298        0.818417
FIRE:   27 11:48:30        2.695779        0.812545
FIRE:   28 11:48:30        2.650607        0.801574
FIRE:   29 11:48:31        2.599930        0.783246
FIRE:   30 11:48:31        2.543982        0.754974
FIRE:   31 11:48:31        2.482990        0.714161
FIRE:   32 11:48:31        2.417115        0.658550
FIRE:   33 11:48:31        2.346717        0.586178
FIRE:   34 11:48:31        2.273546        0.495308
FIRE:   35 11:48:31        2.202888        0.387628
FIRE:   36 11:48:31        2.144284        0.341556
FIRE:   37 11:48:31        2.105671        0.351627
FIRE:   38 11:48:31        2.082902        0.414566
FIRE:   39 11:48:31        2.070498        0.377219
FIRE:   40 11:48:31        2.066448        0.369735
FIRE:   41 11:48:31        2.059009        0.358142
FIRE:   42 11:48:31        2.049272        0.341854
FIRE:   43 11:48:31        2.038388        0.321938
FIRE:   44 11:48:31        2.027244        0.299519
FIRE:   45 11:48:31        2.016331        0.275706
FIRE:   46 11:48:31        2.005861        0.251560
FIRE:   47 11:48:31        1.995003        0.225618
FIRE:   48 11:48:31        1.984277        0.198895
FIRE:   49 11:48:31        1.974300        0.172413
FIRE:   50 11:48:31        1.965091        0.154475
FIRE:   51 11:48:31        1.955636        0.183169
FIRE:   52 11:48:31        1.944654        0.213669
FIRE:   53 11:48:31        1.931489        0.241890
FIRE:   54 11:48:32        1.915618        0.260264
FIRE:   55 11:48:32        1.896257        0.260697
FIRE:   56 11:48:32        1.874067        0.238902
FIRE:   57 11:48:32        1.848476        0.201895
FIRE:   58 11:48:32        1.814247        0.168672
FIRE:   59 11:48:32        1.768571        0.183923
FIRE:   60 11:48:32        1.705700        0.169087
FIRE:   61 11:48:32        1.625419        0.213986
FIRE:   62 11:48:32        1.533076        0.262749
FIRE:   63 11:48:32        1.438179        0.305962
FIRE:   64 11:48:32        1.343159        0.327412
FIRE:   65 11:48:32        1.239740        0.337748
FIRE:   66 11:48:32        1.122762        0.336347
FIRE:   67 11:48:32        0.996193        0.370561
FIRE:   68 11:48:32        0.866968        0.388331
FIRE:   69 11:48:32        0.745969        0.389680
FIRE:   70 11:48:32        0.648802        0.365265
FIRE:   71 11:48:32        0.582334        0.323328
FIRE:   72 11:48:32        0.534961        0.441744
FIRE:   73 11:48:32        0.499607        0.525952
FIRE:   74 11:48:32        0.461134        0.495528
FIRE:   75 11:48:32        0.401227        0.346719
FIRE:   76 11:48:33        0.346985        0.265314
FIRE:   77 11:48:33        0.333593        0.259251
FIRE:   78 11:48:33        0.328571        0.316094
FIRE:   79 11:48:33        0.312830        0.103175
FIRE:   80 11:48:33        0.317076        0.230879
FIRE:   81 11:48:33        0.313104        0.170808
FIRE:   82 11:48:33        0.308898        0.073651
FIRE:   83 11:48:33        0.307952        0.072229
FIRE:   84 11:48:33        0.307828        0.067116
FIRE:   85 11:48:33        0.307607        0.057441
FIRE:   86 11:48:33        0.307334        0.048003
FIRE:   87 11:48:33        0.307054        0.046996
FIRE:   88 11:48:33        0.306798        0.045879
FIRE:   89 11:48:33        0.306567        0.044742
FIRE:   90 11:48:33        0.306336        0.047751
FIRE:   91 11:48:33        0.306043        0.050887
FIRE:   92 11:48:33        0.305648        0.047438
FIRE:   93 11:48:33        0.305135        0.040532
FIRE:   94 11:48:33        0.304529        0.039308
FIRE:   95 11:48:33        0.303870        0.041360
FIRE:   96 11:48:33        0.303158        0.038951
FIRE:   97 11:48:33        0.302351        0.033056
FIRE:   98 11:48:33        0.301438        0.039277
FIRE:   99 11:48:34        0.300436        0.032551
FIRE:  100 11:48:34        0.299362        0.023272
FIRE:  101 11:48:34        0.298230        0.037328
FIRE:  102 11:48:34        0.296924        0.027294
FIRE:  103 11:48:34        0.295539        0.042010
FIRE:  104 11:48:34        0.293855        0.028021
FIRE:  105 11:48:34        0.291902        0.049469
FIRE:  106 11:48:34        0.289313        0.033078
FIRE:  107 11:48:34        0.286061        0.035862
FIRE:  108 11:48:34        0.282001        0.035808
FIRE:  109 11:48:34        0.277449        0.041307
FIRE:  110 11:48:34        0.273620        0.082233
FIRE:  111 11:48:34        0.276644        0.246322
FIRE:  112 11:48:34        0.271117        0.084655
FIRE:  113 11:48:34        0.270843        0.062309
FIRE:  114 11:48:34        0.270563        0.025739
FIRE:  115 11:48:34        0.270488        0.035858
FIRE:  116 11:48:34        0.270469        0.034232
FIRE:  117 11:48:34        0.270434        0.031119
FIRE:  118 11:48:34        0.270391        0.026806
FIRE:  119 11:48:34        0.270343        0.021730
FIRE:  120 11:48:34        0.270297        0.016501
FIRE:  121 11:48:34        0.270252        0.018466
FIRE:  122 11:48:34        0.270208        0.022938
FIRE:  123 11:48:34        0.270154        0.025728
FIRE:  124 11:48:35        0.270086        0.025745
FIRE:  125 11:48:35        0.270002        0.022229
FIRE:  126 11:48:35        0.269909        0.015133
FIRE:  127 11:48:35        0.269818        0.012158
FIRE:  128 11:48:35        0.269736        0.015737
FIRE:  129 11:48:35        0.269651        0.015168
FIRE:  130 11:48:35        0.269563        0.009110
