      Step     Time          Energy          fmax
FIRE:    0 15:38:55      101.017810       57.624262
FIRE:    1 15:38:55       75.673551       43.820551
FIRE:    2 15:38:55       57.765491       32.316305
FIRE:    3 15:38:55       45.200713       22.948604
FIRE:    4 15:38:55       36.572821       15.404559
FIRE:    5 15:38:55       30.918427        9.203061
FIRE:    6 15:38:55       27.633562        7.019054
FIRE:    7 15:38:55       26.408433        6.839682
FIRE:    8 15:38:55       26.879224       11.201504
FIRE:    9 15:38:55       25.411839        7.114292
FIRE:   10 15:38:55       23.951098        6.333872
FIRE:   11 15:38:55       23.068373        6.049813
FIRE:   12 15:38:55       22.335192        5.717483
FIRE:   13 15:38:55       21.321663        5.342659
FIRE:   14 15:38:55       19.962642        4.935436
FIRE:   15 15:38:55       18.437865        4.506508
FIRE:   16 15:38:55       17.065740        4.101419
FIRE:   17 15:38:55       15.915294        3.722470
FIRE:   18 15:38:55       14.947221        3.362871
FIRE:   19 15:38:56       14.097688        3.017580
FIRE:   20 15:38:56       13.320609        2.681088
FIRE:   21 15:38:56       12.599715        2.359770
FIRE:   22 15:38:56       11.942301        2.060645
FIRE:   23 15:38:56       11.359473        1.791757
FIRE:   24 15:38:56       10.852225        1.543786
FIRE:   25 15:38:56       10.403518        1.303968
FIRE:   26 15:38:56        9.986789        1.060057
FIRE:   27 15:38:56        9.587558        0.842262
FIRE:   28 15:38:56        9.215363        0.721748
FIRE:   29 15:38:56        8.892956        0.601664
FIRE:   30 15:38:56        8.635662        0.559369
FIRE:   31 15:38:56        8.440980        0.593513
FIRE:   32 15:38:56        8.292199        0.617220
FIRE:   33 15:38:56        8.167138        0.622586
FIRE:   34 15:38:56        8.044870        0.604837
FIRE:   35 15:38:56        7.914928        0.562022
FIRE:   36 15:38:56        7.773125        0.502608
FIRE:   37 15:38:56        7.611766        0.541259
FIRE:   38 15:38:56        7.421534        0.570823
FIRE:   39 15:38:56        7.210745        0.509259
FIRE:   40 15:38:56        7.010498        0.409228
FIRE:   41 15:38:57        6.847756        0.530714
FIRE:   42 15:38:57        6.723095        0.593710
FIRE:   43 15:38:57        6.598947        0.658529
FIRE:   44 15:38:57        6.409429        0.755955
FIRE:   45 15:38:57        6.136674        0.680574
FIRE:   46 15:38:57        5.845064        0.707111
FIRE:   47 15:38:57        5.589068        0.697101
FIRE:   48 15:38:57        5.363999        0.663275
FIRE:   49 15:38:57        5.143510        0.624069
FIRE:   50 15:38:57        4.933028        0.585468
FIRE:   51 15:38:57        4.776559        0.535426
FIRE:   52 15:38:57        4.710325        0.507492
FIRE:   53 15:38:57        4.566418        0.482743
FIRE:   54 15:38:57        4.489550        0.506383
FIRE:   55 15:38:57        4.423136        0.510914
FIRE:   56 15:38:57        4.287804        0.493922
FIRE:   57 15:38:57        4.146514        0.461759
FIRE:   58 15:38:57        4.034822        0.431903
FIRE:   59 15:38:57        3.919896        0.400008
FIRE:   60 15:38:58        3.838266        0.348724
FIRE:   61 15:38:58        3.766420        0.299622
FIRE:   62 15:38:58        3.697340        0.351278
FIRE:   63 15:38:58        3.640790        0.371323
FIRE:   64 15:38:58        3.583911        0.360485
FIRE:   65 15:38:58        3.525951        0.328662
FIRE:   66 15:38:58        3.466604        0.278542
FIRE:   67 15:38:58        3.394404        0.232021
FIRE:   68 15:38:58        3.320638        0.257287
FIRE:   69 15:38:58        3.248243        0.260360
FIRE:   70 15:38:58        3.183981        0.232747
FIRE:   71 15:38:58        3.141259        0.175313
FIRE:   72 15:38:58        3.120280        0.098793
FIRE:   73 15:38:58        3.117075        0.138638
FIRE:   74 15:38:58        3.101887        0.133942
FIRE:   75 15:38:59        3.096988        0.055225
FIRE:   76 15:38:59        3.095385        0.096267
FIRE:   77 15:38:59        3.094726        0.082614
FIRE:   78 15:38:59        3.093736        0.059295
FIRE:   79 15:38:59        3.092832        0.036908
FIRE:   80 15:38:59        3.092199        0.035420
FIRE:   81 15:38:59        3.091655        0.045634
FIRE:   82 15:38:59        3.090924        0.047816
FIRE:   83 15:38:59        3.089947        0.040696
FIRE:   84 15:38:59        3.088818        0.033366
FIRE:   85 15:38:59        3.087905        0.034875
FIRE:   86 15:38:59        3.087253        0.049535
FIRE:   87 15:38:59        3.086433        0.048993
FIRE:   88 15:38:59        3.085397        0.032919
FIRE:   89 15:38:59        3.084596        0.037717
FIRE:   90 15:38:59        3.083771        0.027823
FIRE:   91 15:38:59        3.082790        0.033255
FIRE:   92 15:38:59        3.081994        0.040513
FIRE:   93 15:38:59        3.081129        0.046451
FIRE:   94 15:38:59        3.080022        0.045029
FIRE:   95 15:39:00        3.078876        0.038214
FIRE:   96 15:39:00        3.077001        0.033985
FIRE:   97 15:39:00        3.074712        0.044838
FIRE:   98 15:39:00        3.071404        0.046632
FIRE:   99 15:39:00        3.066115        0.044538
FIRE:  100 15:39:00        3.058354        0.077642
FIRE:  101 15:39:00        3.062429        0.371306
FIRE:  102 15:39:00        3.044497        0.225041
FIRE:  103 15:39:00        3.037808        0.138482
FIRE:  104 15:39:00        3.034012        0.062786
FIRE:  105 15:39:00        3.033806        0.062773
FIRE:  106 15:39:00        3.033411        0.062767
FIRE:  107 15:39:00        3.032853        0.062808
FIRE:  108 15:39:00        3.032151        0.062944
FIRE:  109 15:39:00        3.031305        0.063219
FIRE:  110 15:39:00        3.030292        0.063667
FIRE:  111 15:39:00        3.029077        0.067639
FIRE:  112 15:39:00        3.027462        0.069119
FIRE:  113 15:39:00        3.025326        0.067037
FIRE:  114 15:39:00        3.022534        0.068202
FIRE:  115 15:39:00        3.018892        0.070404
FIRE:  116 15:39:00        3.014057        0.073182
FIRE:  117 15:39:00        3.007484        0.076726
FIRE:  118 15:39:00        2.998422        0.081516
FIRE:  119 15:39:01        2.985723        0.092189
FIRE:  120 15:39:01        2.967333        0.104791
FIRE:  121 15:39:01        2.939870        0.111235
FIRE:  122 15:39:01        2.897724        0.129019
FIRE:  123 15:39:01        2.831173        0.154379
FIRE:  124 15:39:01        2.724804        0.191584
FIRE:  125 15:39:01        2.594968        0.232372
FIRE:  126 15:39:01        2.455569        0.272167
FIRE:  127 15:39:01        2.313888        0.308322
FIRE:  128 15:39:01        2.176480        0.336634
FIRE:  129 15:39:01        2.048562        0.354769
FIRE:  130 15:39:01        1.933568        0.360703
FIRE:  131 15:39:01        1.831642        0.352398
FIRE:  132 15:39:01        1.741199        0.328595
FIRE:  133 15:39:01        1.660901        0.291330
FIRE:  134 15:39:01        1.591763        0.252551
FIRE:  135 15:39:01        1.535673        0.206769
FIRE:  136 15:39:01        1.489615        0.243973
FIRE:  137 15:39:01        1.442890        0.261408
FIRE:  138 15:39:01        1.384441        0.241917
FIRE:  139 15:39:01        1.311471        0.195516
FIRE:  140 15:39:01        1.225773        0.216368
FIRE:  141 15:39:02        1.132713        0.272175
FIRE:  142 15:39:02        1.041087        0.320746
FIRE:  143 15:39:02        0.960454        0.343629
FIRE:  144 15:39:02        0.898860        0.333820
FIRE:  145 15:39:02        0.860703        0.286074
FIRE:  146 15:39:02        0.845434        0.212435
FIRE:  147 15:39:02        0.800537        0.146565
FIRE:  148 15:39:02        0.795040        0.244078
FIRE:  149 15:39:02        0.778495        0.093975
FIRE:  150 15:39:02        0.780188        0.237784
FIRE:  151 15:39:02        0.774995        0.154772
FIRE:  152 15:39:02        0.769663        0.088245
FIRE:  153 15:39:02        0.768105        0.096261
FIRE:  154 15:39:02        0.767840        0.095234
FIRE:  155 15:39:02        0.767362        0.094314
FIRE:  156 15:39:02        0.766756        0.093008
FIRE:  157 15:39:02        0.766107        0.091413
FIRE:  158 15:39:02        0.765465        0.089676
FIRE:  159 15:39:02        0.764824        0.087978
FIRE:  160 15:39:02        0.764133        0.086494
FIRE:  161 15:39:02        0.763245        0.085232
FIRE:  162 15:39:02        0.762085        0.084320
FIRE:  163 15:39:03        0.760642        0.083783
FIRE:  164 15:39:03        0.758976        0.083448
FIRE:  165 15:39:03        0.757115        0.082853
FIRE:  166 15:39:03        0.754953        0.081352
FIRE:  167 15:39:03        0.752376        0.078403
FIRE:  168 15:39:03        0.749422        0.073956
FIRE:  169 15:39:03        0.745976        0.068922
FIRE:  170 15:39:03        0.741783        0.069275
FIRE:  171 15:39:03        0.736955        0.070474
FIRE:  172 15:39:03        0.731125        0.069899
FIRE:  173 15:39:03        0.724425        0.067478
FIRE:  174 15:39:03        0.716754        0.065503
FIRE:  175 15:39:03        0.708239        0.063434
FIRE:  176 15:39:03        0.698733        0.056791
FIRE:  177 15:39:03        0.688310        0.062752
FIRE:  178 15:39:03        0.678082        0.093880
FIRE:  179 15:39:03        0.672273        0.197443
FIRE:  180 15:39:03        0.667260        0.030784
FIRE:  181 15:39:03        0.670148        0.172320
FIRE:  182 15:39:03        0.668737        0.133289
FIRE:  183 15:39:03        0.667072        0.066086
FIRE:  184 15:39:04        0.666462        0.027961
FIRE:  185 15:39:04        0.666447        0.027307
FIRE:  186 15:39:04        0.666417        0.026096
FIRE:  187 15:39:04        0.666375        0.024528
FIRE:  188 15:39:04        0.666322        0.024002
FIRE:  189 15:39:04        0.666259        0.023852
FIRE:  190 15:39:04        0.666188        0.023696
FIRE:  191 15:39:04        0.666109        0.023545
FIRE:  192 15:39:04        0.666010        0.023413
FIRE:  193 15:39:04        0.665887        0.023284
FIRE:  194 15:39:04        0.665732        0.023196
FIRE:  195 15:39:04        0.665536        0.023185
FIRE:  196 15:39:04        0.665295        0.023252
FIRE:  197 15:39:04        0.665001        0.023389
FIRE:  198 15:39:04        0.664648        0.023554
FIRE:  199 15:39:04        0.664225        0.023672
FIRE:  200 15:39:04        0.663712        0.023661
FIRE:  201 15:39:04        0.663099        0.023486
FIRE:  202 15:39:04        0.662379        0.023224
FIRE:  203 15:39:04        0.661532        0.023063
FIRE:  204 15:39:04        0.660541        0.023089
FIRE:  205 15:39:05        0.659404        0.023017
FIRE:  206 15:39:05        0.658095        0.022452
FIRE:  207 15:39:05        0.656618        0.021784
FIRE:  208 15:39:05        0.654953        0.021824
FIRE:  209 15:39:05        0.653099        0.021091
FIRE:  210 15:39:05        0.651052        0.019512
FIRE:  211 15:39:05        0.648846        0.019600
FIRE:  212 15:39:05        0.646721        0.048024
FIRE:  213 15:39:05        0.645524        0.105263
FIRE:  214 15:39:05        0.644177        0.016843
FIRE:  215 15:39:05        0.644961        0.088177
FIRE:  216 15:39:05        0.644607        0.069144
FIRE:  217 15:39:05        0.644182        0.035681
FIRE:  218 15:39:05        0.644017        0.014849
FIRE:  219 15:39:05        0.644015        0.014824
FIRE:  220 15:39:05        0.644010        0.014773
FIRE:  221 15:39:05        0.644003        0.014700
FIRE:  222 15:39:05        0.643993        0.014607
FIRE:  223 15:39:05        0.643982        0.014499
FIRE:  224 15:39:05        0.643969        0.014380
FIRE:  225 15:39:05        0.643955        0.014255
FIRE:  226 15:39:05        0.643937        0.014118
FIRE:  227 15:39:06        0.643914        0.013973
FIRE:  228 15:39:06        0.643886        0.013829
FIRE:  229 15:39:06        0.643850        0.013692
FIRE:  230 15:39:06        0.643806        0.013564
FIRE:  231 15:39:06        0.643751        0.013443
FIRE:  232 15:39:06        0.643685        0.013308
FIRE:  233 15:39:06        0.643605        0.013124
FIRE:  234 15:39:06        0.643508        0.012853
FIRE:  235 15:39:06        0.643390        0.012473
FIRE:  236 15:39:06        0.643250        0.012015
FIRE:  237 15:39:06        0.643083        0.011563
FIRE:  238 15:39:06        0.642886        0.011180
FIRE:  239 15:39:06        0.642655        0.010768
FIRE:  240 15:39:06        0.642388        0.010103
FIRE:  241 15:39:06        0.642082        0.009245
