      Step     Time          Energy          fmax
FIRE:    0 15:38:00      255.968845       94.069691
FIRE:    1 15:38:00      192.894426       64.002745
FIRE:    2 15:38:00      150.425505       42.839398
FIRE:    3 15:38:00      122.623243       29.051581
FIRE:    4 15:38:00      104.925586       21.678557
FIRE:    5 15:38:00       93.772339       21.012536
FIRE:    6 15:38:00       86.330853       21.432817
FIRE:    7 15:38:00       80.416465       21.318833
FIRE:    8 15:38:01       74.459640       21.119907
FIRE:    9 15:38:01       67.740306       20.345582
FIRE:   10 15:38:01       60.360465       18.946373
FIRE:   11 15:38:01       52.812847       17.609402
FIRE:   12 15:38:01       45.462744       16.632638
FIRE:   13 15:38:01       38.403548       15.632501
FIRE:   14 15:38:01       31.686265       14.057185
FIRE:   15 15:38:01       25.529395       11.783701
FIRE:   16 15:38:01       20.253976        9.125706
FIRE:   17 15:38:01       16.086979        6.513735
FIRE:   18 15:38:01       13.057811        4.901867
FIRE:   19 15:38:01       11.028348        4.660991
FIRE:   20 15:38:01        9.769333        4.540060
FIRE:   21 15:38:01        9.022425        4.469856
FIRE:   22 15:38:01        8.555871        4.377407
FIRE:   23 15:38:02        8.201170        4.211310
FIRE:   24 15:38:02        7.859296        3.949091
FIRE:   25 15:38:02        7.488838        3.593111
FIRE:   26 15:38:02        7.087268        3.161801
FIRE:   27 15:38:02        6.673529        2.681213
FIRE:   28 15:38:02        6.274846        2.181459
FIRE:   29 15:38:02        5.916224        1.694653
FIRE:   30 15:38:02        5.616642        1.242636
FIRE:   31 15:38:02        5.383676        0.842865
FIRE:   32 15:38:02        5.206291        0.540997
FIRE:   33 15:38:02        5.061421        0.593245
FIRE:   34 15:38:02        4.931667        0.671433
FIRE:   35 15:38:02        4.810938        0.765364
FIRE:   36 15:38:02        4.703005        0.869264
FIRE:   37 15:38:02        4.614463        0.973167
FIRE:   38 15:38:02        4.547089        1.065643
FIRE:   39 15:38:02        4.494715        1.135494
FIRE:   40 15:38:02        4.445779        1.177183
FIRE:   41 15:38:02        4.388760        1.191839
FIRE:   42 15:38:02        4.316026        1.181456
FIRE:   43 15:38:02        4.224967        1.146804
FIRE:   44 15:38:02        4.117611        1.086138
FIRE:   45 15:38:02        3.999000        0.999181
FIRE:   46 15:38:02        3.873436        0.887878
FIRE:   47 15:38:03        3.742713        0.757865
FIRE:   48 15:38:03        3.605187        0.614068
FIRE:   49 15:38:03        3.459011        0.499533
FIRE:   50 15:38:03        3.299903        0.502082
FIRE:   51 15:38:03        3.124174        0.475519
FIRE:   52 15:38:03        2.933027        0.515552
FIRE:   53 15:38:03        2.735691        0.499592
FIRE:   54 15:38:03        2.553249        0.404377
FIRE:   55 15:38:03        2.421364        0.345755
FIRE:   56 15:38:03        2.381907        0.444943
FIRE:   57 15:38:03        2.236986        0.257309
FIRE:   58 15:38:03        2.239067        0.180250
FIRE:   59 15:38:03        2.216816        0.123694
FIRE:   60 15:38:03        2.194878        0.106700
FIRE:   61 15:38:03        2.185878        0.094812
FIRE:   62 15:38:03        2.183800        0.093476
FIRE:   63 15:38:03        2.180110        0.096811
FIRE:   64 15:38:03        2.175492        0.103821
FIRE:   65 15:38:03        2.170461        0.110961
FIRE:   66 15:38:03        2.165050        0.117120
FIRE:   67 15:38:03        2.158774        0.121776
FIRE:   68 15:38:03        2.150917        0.125064
FIRE:   69 15:38:04        2.139652        0.127698
FIRE:   70 15:38:04        2.123641        0.130266
FIRE:   71 15:38:04        2.101489        0.133448
FIRE:   72 15:38:04        2.071088        0.138060
FIRE:   73 15:38:04        2.027927        0.145892
FIRE:   74 15:38:04        1.963399        0.160939
FIRE:   75 15:38:04        1.864158        0.188217
FIRE:   76 15:38:04        1.735484        0.221016
FIRE:   77 15:38:04        1.585993        0.251727
FIRE:   78 15:38:04        1.415902        0.279559
FIRE:   79 15:38:04        1.229232        0.323030
FIRE:   80 15:38:04        1.030506        0.369357
FIRE:   81 15:38:04        0.824207        0.408149
FIRE:   82 15:38:04        0.617158        0.435311
FIRE:   83 15:38:04        0.418964        0.448071
FIRE:   84 15:38:04        0.242661        0.440801
FIRE:   85 15:38:04        0.104732        0.410066
FIRE:   86 15:38:04        0.016780        0.355035
FIRE:   87 15:38:04       -0.022576        0.274431
FIRE:   88 15:38:05       -0.033077        0.289421
FIRE:   89 15:38:05       -0.114532        0.206021
FIRE:   90 15:38:05       -0.125104        0.186309
FIRE:   91 15:38:05       -0.135835        0.187273
FIRE:   92 15:38:05       -0.150557        0.185447
FIRE:   93 15:38:05       -0.163766        0.178330
FIRE:   94 15:38:05       -0.172618        0.165404
FIRE:   95 15:38:05       -0.177047        0.146851
FIRE:   96 15:38:05       -0.183573        0.126506
FIRE:   97 15:38:05       -0.195676        0.106229
FIRE:   98 15:38:05       -0.209440        0.086022
FIRE:   99 15:38:05       -0.218468        0.068570
FIRE:  100 15:38:05       -0.221692        0.068316
FIRE:  101 15:38:05       -0.223072        0.058066
FIRE:  102 15:38:05       -0.225061        0.043790
FIRE:  103 15:38:05       -0.226734        0.041465
FIRE:  104 15:38:05       -0.227654        0.038551
FIRE:  105 15:38:05       -0.227888        0.035109
FIRE:  106 15:38:05       -0.227942        0.035005
FIRE:  107 15:38:05       -0.228039        0.034802
FIRE:  108 15:38:05       -0.228161        0.034506
FIRE:  109 15:38:06       -0.228291        0.034128
FIRE:  110 15:38:06       -0.228412        0.033671
FIRE:  111 15:38:06       -0.228520        0.033144
FIRE:  112 15:38:06       -0.228621        0.032554
FIRE:  113 15:38:06       -0.228734        0.031841
FIRE:  114 15:38:06       -0.228871        0.030994
FIRE:  115 15:38:06       -0.229036        0.030001
FIRE:  116 15:38:06       -0.229219        0.029395
FIRE:  117 15:38:06       -0.229414        0.028804
FIRE:  118 15:38:06       -0.229642        0.027935
FIRE:  119 15:38:06       -0.229942        0.026737
FIRE:  120 15:38:06       -0.230308        0.025106
FIRE:  121 15:38:07       -0.230668        0.022842
FIRE:  122 15:38:07       -0.231006        0.019837
FIRE:  123 15:38:07       -0.231365        0.016152
FIRE:  124 15:38:07       -0.231698        0.012371
FIRE:  125 15:38:07       -0.232024        0.009369
