      Step     Time          Energy          fmax
FIRE:    0 15:54:40      110.103243       77.203654
FIRE:    1 15:54:40       85.809505       46.773706
FIRE:    2 15:54:40       68.188343       33.701399
FIRE:    3 15:54:40       54.587949       25.409783
FIRE:    4 15:54:40       43.890889       17.998425
FIRE:    5 15:54:40       35.434739       12.318011
FIRE:    6 15:54:40       28.743243       11.224873
FIRE:    7 15:54:40       23.497794        9.843797
FIRE:    8 15:54:40       19.509538        8.231134
FIRE:    9 15:54:40       16.679188        6.487868
FIRE:   10 15:54:40       14.909998        4.730951
FIRE:   11 15:54:40       14.006488        6.839437
FIRE:   12 15:54:40       13.621911        8.918496
FIRE:   13 15:54:40       11.968919        5.400180
FIRE:   14 15:54:40       10.730750        2.489374
FIRE:   15 15:54:41       10.457480        2.839249
FIRE:   16 15:54:41       10.376571        2.691142
FIRE:   17 15:54:41       10.228220        2.405104
FIRE:   18 15:54:41       10.036079        2.007872
FIRE:   19 15:54:41        9.828085        1.934450
FIRE:   20 15:54:41        9.629074        1.852140
FIRE:   21 15:54:41        9.453272        1.763166
FIRE:   22 15:54:41        9.299385        1.668164
FIRE:   23 15:54:41        9.137782        1.556083
FIRE:   24 15:54:41        8.946638        1.528841
FIRE:   25 15:54:41        8.710090        1.399438
FIRE:   26 15:54:41        8.440478        1.097636
FIRE:   27 15:54:41        8.186838        0.981564
FIRE:   28 15:54:41        8.004235        0.872960
FIRE:   29 15:54:41        7.885234        0.830040
FIRE:   30 15:54:41        7.775462        0.766374
FIRE:   31 15:54:41        7.667310        0.586132
FIRE:   32 15:54:41        7.608301        0.556938
FIRE:   33 15:54:41        7.596334        0.615857
FIRE:   34 15:54:41        7.586030        0.567706
FIRE:   35 15:54:41        7.567626        0.517713
FIRE:   36 15:54:41        7.544716        0.458295
FIRE:   37 15:54:41        7.520928        0.467947
FIRE:   38 15:54:41        7.498549        0.478200
FIRE:   39 15:54:41        7.477710        0.487326
FIRE:   40 15:54:42        7.456752        0.494662
FIRE:   41 15:54:42        7.431012        0.500334
FIRE:   42 15:54:42        7.398167        0.503496
FIRE:   43 15:54:42        7.357997        0.503015
FIRE:   44 15:54:42        7.313065        0.497529
FIRE:   45 15:54:42        7.264997        0.486607
FIRE:   46 15:54:42        7.206912        0.506289
FIRE:   47 15:54:42        7.124104        0.544047
FIRE:   48 15:54:42        7.006286        0.456175
FIRE:   49 15:54:42        6.848566        0.538231
FIRE:   50 15:54:42        6.632528        0.647753
FIRE:   51 15:54:42        6.380854        0.523043
FIRE:   52 15:54:42        6.133326        0.480994
FIRE:   53 15:54:42        5.896585        0.494531
FIRE:   54 15:54:42        5.669160        0.504685
FIRE:   55 15:54:42        5.458746        0.504665
FIRE:   56 15:54:42        5.272112        0.489548
FIRE:   57 15:54:42        5.107638        0.458420
FIRE:   58 15:54:42        4.954952        0.471296
FIRE:   59 15:54:42        4.795835        0.537809
FIRE:   60 15:54:43        4.612911        0.569819
FIRE:   61 15:54:43        4.401224        0.569203
FIRE:   62 15:54:43        4.173319        0.516598
FIRE:   63 15:54:43        3.961089        0.413005
FIRE:   64 15:54:43        3.810909        0.420676
FIRE:   65 15:54:43        3.754910        0.686035
FIRE:   66 15:54:43        3.681260        0.420399
FIRE:   67 15:54:43        3.661255        0.418817
FIRE:   68 15:54:43        3.637337        0.410458
FIRE:   69 15:54:43        3.620631        0.391125
FIRE:   70 15:54:43        3.601505        0.364807
FIRE:   71 15:54:43        3.569781        0.336127
FIRE:   72 15:54:43        3.535539        0.302857
FIRE:   73 15:54:43        3.511185        0.262360
FIRE:   74 15:54:43        3.487623        0.245078
FIRE:   75 15:54:43        3.456736        0.176669
FIRE:   76 15:54:43        3.432345        0.157505
FIRE:   77 15:54:43        3.410612        0.210759
FIRE:   78 15:54:43        3.389725        0.140940
FIRE:   79 15:54:43        3.373572        0.167437
FIRE:   80 15:54:43        3.363225        0.275312
FIRE:   81 15:54:43        3.355536        0.153215
FIRE:   82 15:54:43        3.351054        0.136699
FIRE:   83 15:54:43        3.350446        0.206624
FIRE:   84 15:54:44        3.349140        0.181354
FIRE:   85 15:54:44        3.347016        0.133896
FIRE:   86 15:54:44        3.344810        0.127882
FIRE:   87 15:54:44        3.343120        0.129675
FIRE:   88 15:54:44        3.342007        0.130994
FIRE:   89 15:54:44        3.340958        0.130953
FIRE:   90 15:54:44        3.339382        0.129960
FIRE:   91 15:54:44        3.336755        0.124553
FIRE:   92 15:54:44        3.333186        0.117447
FIRE:   93 15:54:44        3.329381        0.108432
FIRE:   94 15:54:44        3.325822        0.099325
FIRE:   95 15:54:44        3.321676        0.105575
FIRE:   96 15:54:44        3.315930        0.087927
FIRE:   97 15:54:44        3.309476        0.087270
FIRE:   98 15:54:44        3.303135        0.086466
FIRE:   99 15:54:44        3.295046        0.078662
FIRE:  100 15:54:44        3.286509        0.064294
FIRE:  101 15:54:44        3.277236        0.076724
FIRE:  102 15:54:44        3.267041        0.068725
FIRE:  103 15:54:44        3.255746        0.062889
FIRE:  104 15:54:44        3.244348        0.114073
FIRE:  105 15:54:44        3.231511        0.114911
FIRE:  106 15:54:44        3.220074        0.135629
FIRE:  107 15:54:44        3.216078        0.258651
FIRE:  108 15:54:45        3.208724        0.053957
FIRE:  109 15:54:45        3.213125        0.223123
FIRE:  110 15:54:45        3.210936        0.172542
FIRE:  111 15:54:45        3.208370        0.082678
FIRE:  112 15:54:45        3.207514        0.043061
FIRE:  113 15:54:45        3.207487        0.042885
FIRE:  114 15:54:45        3.207437        0.042537
FIRE:  115 15:54:45        3.207366        0.042025
FIRE:  116 15:54:45        3.207281        0.041361
FIRE:  117 15:54:45        3.207184        0.040559
FIRE:  118 15:54:45        3.207079        0.039639
FIRE:  119 15:54:45        3.206965        0.038623
FIRE:  120 15:54:45        3.206827        0.037418
FIRE:  121 15:54:45        3.206656        0.036015
FIRE:  122 15:54:45        3.206440        0.034407
FIRE:  123 15:54:45        3.206170        0.032579
FIRE:  124 15:54:45        3.205842        0.030493
FIRE:  125 15:54:45        3.205461        0.028076
FIRE:  126 15:54:45        3.205025        0.026063
FIRE:  127 15:54:45        3.204520        0.025356
FIRE:  128 15:54:45        3.203932        0.024520
FIRE:  129 15:54:45        3.203276        0.023520
FIRE:  130 15:54:46        3.202573        0.022286
FIRE:  131 15:54:46        3.201814        0.020738
FIRE:  132 15:54:46        3.201044        0.018791
FIRE:  133 15:54:46        3.200306        0.016431
FIRE:  134 15:54:46        3.199663        0.013699
FIRE:  135 15:54:46        3.199186        0.010659
FIRE:  136 15:54:46        3.198949        0.012702
FIRE:  137 15:54:46        3.198981        0.019393
FIRE:  138 15:54:46        3.198945        0.014789
FIRE:  139 15:54:46        3.198905        0.013631
FIRE:  140 15:54:46        3.198870        0.014583
FIRE:  141 15:54:46        3.198816        0.015781
FIRE:  142 15:54:46        3.198740        0.010015
FIRE:  143 15:54:46        3.198668        0.010165
FIRE:  144 15:54:46        3.198605        0.011574
FIRE:  145 15:54:46        3.198524        0.010569
FIRE:  146 15:54:46        3.198439        0.009986
