      Step     Time          Energy          fmax
FIRE:    0 15:06:04      133.744837       46.936556
FIRE:    1 15:06:05      124.067101       43.864193
FIRE:    2 15:06:05      115.101247       41.019238
FIRE:    3 15:06:05      106.658232       38.348158
FIRE:    4 15:06:05       98.693270       35.828522
FIRE:    5 15:06:05       91.206741       33.448098
FIRE:    6 15:06:05       84.199856       31.194615
FIRE:    7 15:06:05       77.661689       29.056890
FIRE:    8 15:06:05       71.569014       27.035412
FIRE:    9 15:06:05       65.892225       25.117106
FIRE:   10 15:06:05       60.605003       23.283487
FIRE:   11 15:06:05       55.685922       21.534371
FIRE:   12 15:06:05       51.117438       19.868020
FIRE:   13 15:06:05       46.884751       18.282848
FIRE:   14 15:06:05       42.973130       16.780568
FIRE:   15 15:06:05       39.366695       15.362000
FIRE:   16 15:06:05       36.048745       14.028626
FIRE:   17 15:06:05       33.002215       12.780860
FIRE:   18 15:06:05       30.211442       11.609877
FIRE:   19 15:06:05       27.663186       10.510211
FIRE:   20 15:06:05       25.344949        9.482596
FIRE:   21 15:06:05       23.244211        8.522598
FIRE:   22 15:06:05       21.349124        7.621346
FIRE:   23 15:06:05       19.648421        6.773750
FIRE:   24 15:06:05       18.131121        5.977080
FIRE:   25 15:06:05       16.786712        5.229055
FIRE:   26 15:06:05       15.605334        4.527739
FIRE:   27 15:06:05       14.577712        3.871553
FIRE:   28 15:06:05       13.694984        3.259060
FIRE:   29 15:06:05       12.948578        2.688669
FIRE:   30 15:06:05       12.330226        2.158294
FIRE:   31 15:06:05       11.832105        1.664984
FIRE:   32 15:06:06       11.446948        1.205652
FIRE:   33 15:06:06       11.167451        0.909354
FIRE:   34 15:06:06       10.984947        0.643964
FIRE:   35 15:06:06       10.890457        0.389629
FIRE:   36 15:06:06       10.874635        0.401552
FIRE:   37 15:06:06       10.809317        0.368671
FIRE:   38 15:06:06       10.718807        0.403203
FIRE:   39 15:06:06       10.634364        0.397771
FIRE:   40 15:06:06       10.509879        0.411714
FIRE:   41 15:06:06       10.398772        0.462643
FIRE:   42 15:06:06       10.273619        0.440470
FIRE:   43 15:06:06       10.155475        0.439740
FIRE:   44 15:06:06       10.028990        0.482637
FIRE:   45 15:06:06        9.904020        0.528913
FIRE:   46 15:06:06        9.776599        0.552094
FIRE:   47 15:06:06        9.645038        0.555691
FIRE:   48 15:06:06        9.513052        0.555774
FIRE:   49 15:06:06        9.379415        0.566888
FIRE:   50 15:06:06        9.242657        0.591970
FIRE:   51 15:06:06        9.103360        0.624010
FIRE:   52 15:06:06        8.961109        0.655773
FIRE:   53 15:06:06        8.814336        0.684376
FIRE:   54 15:06:06        8.661764        0.710530
FIRE:   55 15:06:06        8.502486        0.736397
FIRE:   56 15:06:06        8.335477        0.763756
FIRE:   57 15:06:06        8.159827        0.793012
FIRE:   58 15:06:06        7.975197        0.824768
FIRE:   59 15:06:06        7.782119        0.853126
FIRE:   60 15:06:06        7.585871        0.864902
FIRE:   61 15:06:06        7.393275        0.863405
FIRE:   62 15:06:06        7.213540        0.839018
FIRE:   63 15:06:06        7.059247        0.781530
FIRE:   64 15:06:07        6.940283        0.686970
FIRE:   65 15:06:07        6.851590        0.566587
FIRE:   66 15:06:07        6.768835        0.678850
FIRE:   67 15:06:07        6.665335        0.690375
FIRE:   68 15:06:07        6.541818        0.528145
FIRE:   69 15:06:07        6.427966        0.404775
FIRE:   70 15:06:07        6.348397        0.464194
FIRE:   71 15:06:07        6.298105        0.500963
FIRE:   72 15:06:07        6.257988        0.515110
FIRE:   73 15:06:07        6.215632        0.501242
FIRE:   74 15:06:07        6.159332        0.441779
FIRE:   75 15:06:07        6.085345        0.362422
FIRE:   76 15:06:07        6.022653        0.280337
FIRE:   77 15:06:07        5.995505        0.244470
FIRE:   78 15:06:07        5.989978        0.272770
FIRE:   79 15:06:07        6.061739        1.251864
FIRE:   80 15:06:07        6.048286        0.914918
FIRE:   81 15:06:07        5.996355        0.599117
FIRE:   82 15:06:07        5.959864        0.086988
FIRE:   83 15:06:07        5.987910        0.663156
FIRE:   84 15:06:07        5.981141        0.578386
FIRE:   85 15:06:07        5.970861        0.425768
FIRE:   86 15:06:07        5.961749        0.232488
FIRE:   87 15:06:07        5.957537        0.078799
FIRE:   88 15:06:07        5.959221        0.158384
FIRE:   89 15:06:07        5.959113        0.154569
FIRE:   90 15:06:07        5.958906        0.147017
FIRE:   91 15:06:07        5.958619        0.135886
FIRE:   92 15:06:07        5.958278        0.121416
FIRE:   93 15:06:07        5.957914        0.103933
FIRE:   94 15:06:07        5.957559        0.083852
FIRE:   95 15:06:08        5.957242        0.066488
FIRE:   96 15:06:08        5.956966        0.069515
FIRE:   97 15:06:08        5.956772        0.072814
FIRE:   98 15:06:08        5.956682        0.076043
FIRE:   99 15:06:08        5.956666        0.078738
FIRE:  100 15:06:08        5.956656        0.078644
FIRE:  101 15:06:08        5.956636        0.078457
FIRE:  102 15:06:08        5.956607        0.078179
FIRE:  103 15:06:08        5.956569        0.077814
FIRE:  104 15:06:08        5.956525        0.077368
FIRE:  105 15:06:08        5.956475        0.076848
FIRE:  106 15:06:08        5.956421        0.076261
FIRE:  107 15:06:08        5.956357        0.075547
FIRE:  108 15:06:08        5.956285        0.074696
FIRE:  109 15:06:08        5.956204        0.073708
FIRE:  110 15:06:08        5.956116        0.072597
FIRE:  111 15:06:08        5.956019        0.071402
FIRE:  112 15:06:08        5.955910        0.070192
FIRE:  113 15:06:08        5.955783        0.069060
FIRE:  114 15:06:08        5.955625        0.068118
FIRE:  115 15:06:08        5.955423        0.067481
FIRE:  116 15:06:08        5.955166        0.067244
FIRE:  117 15:06:08        5.954847        0.067447
FIRE:  118 15:06:08        5.954473        0.068011
FIRE:  119 15:06:08        5.954049        0.068637
FIRE:  120 15:06:08        5.953561        0.068787
FIRE:  121 15:06:08        5.952975        0.067853
FIRE:  122 15:06:08        5.952267        0.065445
FIRE:  123 15:06:08        5.951458        0.061773
FIRE:  124 15:06:08        5.950556        0.058070
FIRE:  125 15:06:09        5.949508        0.055821
FIRE:  126 15:06:09        5.948335        0.054924
FIRE:  127 15:06:09        5.947063        0.052159
FIRE:  128 15:06:09        5.945649        0.045176
FIRE:  129 15:06:09        5.944158        0.038513
FIRE:  130 15:06:09        5.942565        0.036355
FIRE:  131 15:06:09        5.940868        0.035573
FIRE:  132 15:06:09        5.939061        0.037218
FIRE:  133 15:06:09        5.937126        0.038654
FIRE:  134 15:06:09        5.935337        0.071288
FIRE:  135 15:06:09        5.935954        0.221511
FIRE:  136 15:06:09        5.932910        0.028949
FIRE:  137 15:06:09        5.932881        0.029313
FIRE:  138 15:06:09        5.932840        0.029924
FIRE:  139 15:06:09        5.932804        0.030541
FIRE:  140 15:06:09        5.932769        0.030849
FIRE:  141 15:06:09        5.932718        0.030649
FIRE:  142 15:06:09        5.932645        0.029911
FIRE:  143 15:06:09        5.932562        0.028759
FIRE:  144 15:06:09        5.932474        0.027306
FIRE:  145 15:06:09        5.932372        0.025991
FIRE:  146 15:06:09        5.932236        0.025161
FIRE:  147 15:06:09        5.932076        0.024733
FIRE:  148 15:06:09        5.931903        0.023782
FIRE:  149 15:06:09        5.931687        0.021458
FIRE:  150 15:06:09        5.931458        0.018438
FIRE:  151 15:06:09        5.931189        0.016998
FIRE:  152 15:06:09        5.930909        0.019605
FIRE:  153 15:06:09        5.930586        0.017626
FIRE:  154 15:06:09        5.930234        0.019466
FIRE:  155 15:06:10        5.929841        0.019247
FIRE:  156 15:06:10        5.929390        0.017789
FIRE:  157 15:06:10        5.928945        0.035019
FIRE:  158 15:06:10        5.929464        0.137432
FIRE:  159 15:06:10        5.928341        0.028566
FIRE:  160 15:06:10        5.928310        0.019451
FIRE:  161 15:06:10        5.928280        0.016864
FIRE:  162 15:06:10        5.928274        0.015125
FIRE:  163 15:06:10        5.928272        0.015211
FIRE:  164 15:06:10        5.928269        0.015375
FIRE:  165 15:06:10        5.928264        0.015604
FIRE:  166 15:06:10        5.928259        0.015873
FIRE:  167 15:06:10        5.928253        0.016154
FIRE:  168 15:06:10        5.928248        0.016409
FIRE:  169 15:06:10        5.928243        0.016604
FIRE:  170 15:06:10        5.928236        0.016721
FIRE:  171 15:06:10        5.928226        0.016719
FIRE:  172 15:06:10        5.928213        0.016565
FIRE:  173 15:06:10        5.928197        0.016247
FIRE:  174 15:06:10        5.928179        0.015804
FIRE:  175 15:06:10        5.928157        0.015351
FIRE:  176 15:06:10        5.928131        0.015050
FIRE:  177 15:06:10        5.928097        0.015011
FIRE:  178 15:06:10        5.928057        0.015175
FIRE:  179 15:06:10        5.928011        0.015199
FIRE:  180 15:06:10        5.927955        0.014682
FIRE:  181 15:06:10        5.927890        0.013670
FIRE:  182 15:06:10        5.927813        0.012961
FIRE:  183 15:06:10        5.927724        0.012904
FIRE:  184 15:06:10        5.927620        0.012145
FIRE:  185 15:06:11        5.927502        0.010514
FIRE:  186 15:06:11        5.927365        0.010578
FIRE:  187 15:06:11        5.927209        0.010301
FIRE:  188 15:06:11        5.927037        0.011632
FIRE:  189 15:06:11        5.926888        0.032016
FIRE:  190 15:06:11        5.927051        0.086906
FIRE:  191 15:06:11        5.926614        0.010199
FIRE:  192 15:06:11        5.926610        0.009961
