      Step     Time          Energy          fmax
FIRE:    0 15:04:35       86.486656       73.827600
FIRE:    1 15:04:35       62.262018       44.154228
FIRE:    2 15:04:35       47.004225       27.609336
FIRE:    3 15:04:35       36.972439       17.814812
FIRE:    4 15:04:35       30.255347       11.484934
FIRE:    5 15:04:35       25.843586        9.704967
FIRE:    6 15:04:35       23.121520        8.590496
FIRE:    7 15:04:35       21.583785        7.859858
FIRE:    8 15:04:35       20.711375        7.404017
FIRE:    9 15:04:35       20.012628        7.055473
FIRE:   10 15:04:35       19.135316        7.173454
FIRE:   11 15:04:35       17.989603        6.438831
FIRE:   12 15:04:36       16.731338        5.497994
FIRE:   13 15:04:36       15.582317        4.855436
FIRE:   14 15:04:36       14.664033        4.275294
FIRE:   15 15:04:36       13.962761        3.784884
FIRE:   16 15:04:36       13.379139        3.477255
FIRE:   17 15:04:36       12.790294        3.670468
FIRE:   18 15:04:36       12.103980        3.647992
FIRE:   19 15:04:36       11.304857        3.338472
FIRE:   20 15:04:36       10.466510        2.765682
FIRE:   21 15:04:36        9.704218        2.034062
FIRE:   22 15:04:36        9.108203        1.282374
FIRE:   23 15:04:36        8.708181        1.217388
FIRE:   24 15:04:36        8.475459        1.227549
FIRE:   25 15:04:36        8.349688        1.207922
FIRE:   26 15:04:36        8.271236        1.140153
FIRE:   27 15:04:36        8.206575        0.997309
FIRE:   28 15:04:36        8.152837        0.975596
FIRE:   29 15:04:36        7.779488        0.676320
FIRE:   30 15:04:36        7.610944        0.574066
FIRE:   31 15:04:36        7.526564        0.582962
FIRE:   32 15:04:36        7.466968        0.588814
FIRE:   33 15:04:36        7.413210        0.464094
FIRE:   34 15:04:36        7.349086        0.398357
FIRE:   35 15:04:36        7.305017        0.412869
FIRE:   36 15:04:36        7.268932        0.410683
FIRE:   37 15:04:36        7.222725        0.394714
FIRE:   38 15:04:36        7.166972        0.363172
FIRE:   39 15:04:36        7.108455        0.312013
FIRE:   40 15:04:36        7.044329        0.242573
FIRE:   41 15:04:36        6.994372        0.197919
FIRE:   42 15:04:36        6.989517        0.334086
FIRE:   43 15:04:36        6.983399        0.323484
FIRE:   44 15:04:36        6.973820        0.304152
FIRE:   45 15:04:36        6.964057        0.278866
FIRE:   46 15:04:36        6.955683        0.250323
FIRE:   47 15:04:37        6.948039        0.220767
FIRE:   48 15:04:37        6.939953        0.191781
FIRE:   49 15:04:37        6.931304        0.164612
FIRE:   50 15:04:37        6.921941        0.138092
FIRE:   51 15:04:37        6.912217        0.149812
FIRE:   52 15:04:37        6.900390        0.168618
FIRE:   53 15:04:37        6.884049        0.178728
FIRE:   54 15:04:37        6.862896        0.176766
FIRE:   55 15:04:37        6.835461        0.164212
FIRE:   56 15:04:37        6.795279        0.149440
FIRE:   57 15:04:37        6.735082        0.162088
FIRE:   58 15:04:37        6.647433        0.198812
FIRE:   59 15:04:37        6.549351        0.274034
FIRE:   60 15:04:37        6.443411        0.334179
FIRE:   61 15:04:37        6.327909        0.376865
FIRE:   62 15:04:37        6.204905        0.405479
FIRE:   63 15:04:37        6.075603        0.426956
FIRE:   64 15:04:37        5.939637        0.444424
FIRE:   65 15:04:37        5.798317        0.457417
FIRE:   66 15:04:37        5.653627        0.464572
FIRE:   67 15:04:37        5.506045        0.470762
FIRE:   68 15:04:37        5.354031        0.481866
FIRE:   69 15:04:37        5.194792        0.501550
FIRE:   70 15:04:37        5.025304        0.530824
FIRE:   71 15:04:37        4.844198        0.566691
FIRE:   72 15:04:37        4.653158        0.602587
FIRE:   73 15:04:37        4.457770        0.632334
FIRE:   74 15:04:37        4.269232        0.648775
FIRE:   75 15:04:37        4.101792        0.651903
FIRE:   76 15:04:37        3.955944        0.652640
FIRE:   77 15:04:37        3.803131        0.665523
FIRE:   78 15:04:37        3.611692        0.696143
FIRE:   79 15:04:37        3.393430        0.736005
FIRE:   80 15:04:38        3.184688        0.771282
FIRE:   81 15:04:38        2.996466        0.793041
FIRE:   82 15:04:38        2.807665        0.800450
FIRE:   83 15:04:38        2.593169        0.802583
FIRE:   84 15:04:38        2.351191        0.803573
FIRE:   85 15:04:38        2.106397        0.796942
FIRE:   86 15:04:38        1.883645        0.781895
FIRE:   87 15:04:38        1.683920        0.760724
FIRE:   88 15:04:38        1.491979        0.735069
FIRE:   89 15:04:38        1.303799        0.692423
FIRE:   90 15:04:38        1.133478        0.631081
FIRE:   91 15:04:38        0.998174        0.553312
FIRE:   92 15:04:38        0.902460        0.460350
FIRE:   93 15:04:38        0.839138        0.354040
FIRE:   94 15:04:38        0.802999        0.305708
FIRE:   95 15:04:38        0.794614        0.391702
FIRE:   96 15:04:38        0.694612        0.394962
FIRE:   97 15:04:38        0.587718        0.286209
FIRE:   98 15:04:38        0.540858        0.321773
FIRE:   99 15:04:38        0.496067        0.315121
FIRE:  100 15:04:38        0.469040        0.255173
FIRE:  101 15:04:38        0.429890        0.166621
FIRE:  102 15:04:38        0.414817        0.255542
FIRE:  103 15:04:38        0.400722        0.124214
FIRE:  104 15:04:38        0.400696        0.210423
FIRE:  105 15:04:38        0.397683        0.164563
FIRE:  106 15:04:38        0.393754        0.098486
FIRE:  107 15:04:38        0.391303        0.092632
FIRE:  108 15:04:38        0.390743        0.092512
FIRE:  109 15:04:38        0.390519        0.087311
FIRE:  110 15:04:39        0.390102        0.085591
FIRE:  111 15:04:39        0.389549        0.084518
FIRE:  112 15:04:39        0.388926        0.083161
FIRE:  113 15:04:39        0.388298        0.081556
FIRE:  114 15:04:39        0.387707        0.079722
FIRE:  115 15:04:39        0.387164        0.077663
FIRE:  116 15:04:39        0.386591        0.075129
FIRE:  117 15:04:39        0.385933        0.072024
FIRE:  118 15:04:39        0.385114        0.068245
FIRE:  119 15:04:39        0.384086        0.063700
FIRE:  120 15:04:39        0.382889        0.058339
FIRE:  121 15:04:39        0.381682        0.052163
FIRE:  122 15:04:39        0.380651        0.045159
FIRE:  123 15:04:39        0.379806        0.037335
FIRE:  124 15:04:39        0.379035        0.028761
FIRE:  125 15:04:39        0.378462        0.019689
FIRE:  126 15:04:39        0.378342        0.025398
FIRE:  127 15:04:39        0.378309        0.025034
FIRE:  128 15:04:39        0.378250        0.024322
FIRE:  129 15:04:39        0.378179        0.023293
FIRE:  130 15:04:39        0.378105        0.021992
FIRE:  131 15:04:39        0.378036        0.020484
FIRE:  132 15:04:39        0.377968        0.018857
FIRE:  133 15:04:39        0.377894        0.017197
FIRE:  134 15:04:39        0.377799        0.015395
FIRE:  135 15:04:39        0.377683        0.013469
FIRE:  136 15:04:39        0.377556        0.011391
FIRE:  137 15:04:39        0.377439        0.010746
FIRE:  138 15:04:39        0.377333        0.010675
FIRE:  139 15:04:39        0.377224        0.010501
FIRE:  140 15:04:40        0.377113        0.010168
FIRE:  141 15:04:40        0.377023        0.009598
