      Step     Time          Energy          fmax
FIRE:    0 15:49:50      176.273716       38.409297
FIRE:    1 15:49:50      163.804068       35.643772
FIRE:    2 15:49:50      156.967850       33.740859
FIRE:    3 15:49:50      148.908864       32.128540
FIRE:    4 15:49:50      138.862327       30.644439
FIRE:    5 15:49:50      129.326598       29.359514
FIRE:    6 15:49:50      121.232366       28.223446
FIRE:    7 15:49:50      114.027496       27.078003
FIRE:    8 15:49:50      106.915563       25.795399
FIRE:    9 15:49:50       99.715725       24.374724
FIRE:   10 15:49:50       92.770551       22.908371
FIRE:   11 15:49:50       86.397300       21.493368
FIRE:   12 15:49:50       80.588037       20.175659
FIRE:   13 15:49:50       75.132203       18.954247
FIRE:   14 15:49:50       69.883216       17.814249
FIRE:   15 15:49:50       64.859360       16.746299
FIRE:   16 15:49:50       60.155598       15.743159
FIRE:   17 15:49:50       55.818262       14.788741
FIRE:   18 15:49:50       51.807371       13.859420
FIRE:   19 15:49:50       48.053303       12.937306
FIRE:   20 15:49:50       44.523074       12.017855
FIRE:   21 15:49:50       41.229794       11.110795
FIRE:   22 15:49:50       38.195186       10.234039
FIRE:   23 15:49:50       35.415476        9.402980
FIRE:   24 15:49:50       32.862733        8.623462
FIRE:   25 15:49:51       30.510025        7.892276
FIRE:   26 15:49:51       28.348084        7.204142
FIRE:   27 15:49:51       26.379448        6.555606
FIRE:   28 15:49:51       24.602810        5.941059
FIRE:   29 15:49:51       23.006147        5.352650
FIRE:   30 15:49:51       21.573180        4.784330
FIRE:   31 15:49:51       20.292849        4.234636
FIRE:   32 15:49:51       19.160731        3.706608
FIRE:   33 15:49:51       18.172672        3.204975
FIRE:   34 15:49:51       17.320052        2.733950
FIRE:   35 15:49:51       16.591436        2.295664
FIRE:   36 15:49:51       15.977111        1.890541
FIRE:   37 15:49:51       15.470451        1.517827
FIRE:   38 15:49:51       15.065023        1.176446
FIRE:   39 15:49:51       14.751487        0.863603
FIRE:   40 15:49:51       14.519151        0.851593
FIRE:   41 15:49:51       14.359164        0.836230
FIRE:   42 15:49:51       14.263130        0.815230
FIRE:   43 15:49:51       14.220170        0.786226
FIRE:   44 15:49:51       14.219471        0.747632
FIRE:   45 15:49:51       14.106205        0.788069
FIRE:   46 15:49:51       14.134878        1.350236
FIRE:   47 15:49:51       14.145236        1.677816
FIRE:   48 15:49:51       13.966384        0.559526
FIRE:   49 15:49:51       13.976791        0.719306
FIRE:   50 15:49:51       13.964037        0.621924
FIRE:   51 15:49:51       13.944565        0.507067
FIRE:   52 15:49:51       13.927478        0.502946
FIRE:   53 15:49:52       13.919864        0.497141
FIRE:   54 15:49:52       13.920670        0.489241
FIRE:   55 15:49:52       13.919795        0.488834
FIRE:   56 15:49:52       13.918136        0.488024
FIRE:   57 15:49:52       13.915861        0.486811
FIRE:   58 15:49:52       13.913190        0.485197
FIRE:   59 15:49:52       13.910350        0.483177
FIRE:   60 15:49:52       13.907543        0.480740
FIRE:   61 15:49:52       13.904896        0.477872
FIRE:   62 15:49:52       13.902188        0.474198
FIRE:   63 15:49:52       13.899349        0.469565
FIRE:   64 15:49:52       13.896102        0.463838
FIRE:   65 15:49:52       13.891984        0.456877
FIRE:   66 15:49:52       13.886475        0.448505
FIRE:   67 15:49:52       13.879256        0.438468
FIRE:   68 15:49:52       13.870478        0.426388
FIRE:   69 15:49:52       13.860781        0.411677
FIRE:   70 15:49:52       13.850609        0.393534
FIRE:   71 15:49:52       13.839241        0.371205
FIRE:   72 15:49:52       13.825596        0.343888
FIRE:   73 15:49:52       13.810618        0.310394
FIRE:   74 15:49:52       13.796442        0.269196
FIRE:   75 15:49:52       13.782122        0.220313
FIRE:   76 15:49:52       13.768802        0.162685
FIRE:   77 15:49:52       13.759840        0.094566
FIRE:   78 15:49:52       13.754786        0.047585
FIRE:   79 15:49:52       13.756440        0.074275
FIRE:   80 15:49:52       13.756273        0.073641
FIRE:   81 15:49:52       13.756018        0.072370
FIRE:   82 15:49:52       13.755741        0.070454
FIRE:   83 15:49:53       13.755424        0.067930
FIRE:   84 15:49:53       13.755011        0.064876
FIRE:   85 15:49:53       13.754510        0.061347
FIRE:   86 15:49:53       13.754001        0.057346
FIRE:   87 15:49:53       13.753477        0.052364
FIRE:   88 15:49:53       13.752892        0.046327
FIRE:   89 15:49:53       13.752249        0.039168
FIRE:   90 15:49:53       13.751682        0.030685
FIRE:   91 15:49:53       13.751150        0.026602
FIRE:   92 15:49:53       13.750730        0.026688
FIRE:   93 15:49:53       13.750393        0.026750
FIRE:   94 15:49:53       13.750138        0.026660
FIRE:   95 15:49:53       13.749784        0.026313
FIRE:   96 15:49:53       13.749352        0.029340
FIRE:   97 15:49:53       13.748704        0.032160
FIRE:   98 15:49:53       13.747845        0.033146
FIRE:   99 15:49:53       13.747000        0.047745
FIRE:  100 15:49:53       13.747047        0.118775
FIRE:  101 15:49:53       13.745923        0.022288
FIRE:  102 15:49:53       13.745914        0.022128
FIRE:  103 15:49:53       13.745898        0.021810
FIRE:  104 15:49:53       13.745875        0.021336
FIRE:  105 15:49:53       13.745847        0.020713
FIRE:  106 15:49:53       13.745812        0.019949
FIRE:  107 15:49:53       13.745771        0.019055
FIRE:  108 15:49:53       13.745725        0.018033
FIRE:  109 15:49:53       13.745671        0.016759
FIRE:  110 15:49:53       13.745607        0.015188
FIRE:  111 15:49:53       13.745531        0.014537
FIRE:  112 15:49:54       13.745446        0.014270
FIRE:  113 15:49:54       13.745353        0.013947
FIRE:  114 15:49:54       13.745251        0.013566
FIRE:  115 15:49:54       13.745146        0.013100
FIRE:  116 15:49:54       13.745034        0.012527
FIRE:  117 15:49:54       13.744916        0.011870
FIRE:  118 15:49:54       13.744789        0.011135
FIRE:  119 15:49:54       13.744645        0.010412
FIRE:  120 15:49:54       13.744483        0.011584
FIRE:  121 15:49:54       13.744319        0.020977
FIRE:  122 15:49:54       13.744261        0.048401
FIRE:  123 15:49:54       13.744074        0.009744
