      Step     Time          Energy          fmax
FIRE:    0 15:05:38      328.491789       76.461584
FIRE:    1 15:05:38      285.136161       46.724508
FIRE:    2 15:05:38      267.726415       44.489161
FIRE:    3 15:05:39      254.558343       47.340570
FIRE:    4 15:05:39      230.392567       44.552434
FIRE:    5 15:05:39      202.539504       35.445308
FIRE:    6 15:05:39      178.883270       32.387841
FIRE:    7 15:05:39      160.818542       29.871283
FIRE:    8 15:05:39      146.649149       27.730125
FIRE:    9 15:05:39      134.417888       25.786664
FIRE:   10 15:05:39      123.081363       23.943452
FIRE:   11 15:05:39      112.243053       22.159618
FIRE:   12 15:05:39      101.635884       21.042916
FIRE:   13 15:05:39       91.100669       19.498219
FIRE:   14 15:05:39       80.791315       16.901242
FIRE:   15 15:05:39       71.079756       15.192302
FIRE:   16 15:05:39       62.226566       13.564780
FIRE:   17 15:05:39       54.225450       12.522390
FIRE:   18 15:05:39       46.931302       11.843091
FIRE:   19 15:05:39       40.249154       10.682453
FIRE:   20 15:05:39       34.198180        9.230235
FIRE:   21 15:05:39       28.854908        7.709967
FIRE:   22 15:05:39       24.274079        6.304313
FIRE:   23 15:05:39       20.447826        5.115012
FIRE:   24 15:05:39       17.319331        4.555853
FIRE:   25 15:05:39       14.818549        4.025168
FIRE:   26 15:05:39       12.885255        3.487368
FIRE:   27 15:05:39       11.477213        2.949662
FIRE:   28 15:05:39       10.550525        2.428308
FIRE:   29 15:05:39       10.019626        2.132298
FIRE:   30 15:05:39        9.740838        2.147590
FIRE:   31 15:05:39        9.542838        2.437875
FIRE:   32 15:05:39        9.292663        2.515424
FIRE:   33 15:05:39        8.949992        2.371427
FIRE:   34 15:05:39        8.569665        2.117439
FIRE:   35 15:05:40        8.231086        1.901485
FIRE:   36 15:05:40        7.964388        1.782646
FIRE:   37 15:05:40        7.747811        1.688119
FIRE:   38 15:05:40        7.555896        1.529804
FIRE:   39 15:05:40        7.401797        1.297075
FIRE:   40 15:05:40        7.333424        1.059337
FIRE:   41 15:05:40        6.722628        0.981120
FIRE:   42 15:05:40        6.308169        1.012629
FIRE:   43 15:05:40        5.975395        0.919084
FIRE:   44 15:05:40        5.726208        0.748731
FIRE:   45 15:05:40        5.542384        0.552690
FIRE:   46 15:05:40        5.333101        0.595248
FIRE:   47 15:05:40        5.067600        0.540164
FIRE:   48 15:05:40        4.818674        0.668576
FIRE:   49 15:05:40        4.645309        0.759100
FIRE:   50 15:05:40        4.564579        0.774105
FIRE:   51 15:05:40        4.532345        0.713203
FIRE:   52 15:05:40        4.411175        0.582503
FIRE:   53 15:05:40        4.356874        0.571903
FIRE:   54 15:05:40        4.332246        0.559318
FIRE:   55 15:05:40        4.324204        0.564397
FIRE:   56 15:05:40        4.311407        0.573054
FIRE:   57 15:05:40        4.297803        0.582654
FIRE:   58 15:05:40        4.284682        0.590056
FIRE:   59 15:05:40        4.269770        0.592796
FIRE:   60 15:05:40        4.249969        0.589812
FIRE:   61 15:05:40        4.224493        0.581064
FIRE:   62 15:05:40        4.192165        0.565550
FIRE:   63 15:05:40        4.155528        0.544691
FIRE:   64 15:05:40        4.113656        0.524356
FIRE:   65 15:05:40        4.060225        0.512163
FIRE:   66 15:05:40        3.993748        0.510267
FIRE:   67 15:05:40        3.919641        0.507867
FIRE:   68 15:05:40        3.832491        0.484524
FIRE:   69 15:05:41        3.732949        0.432377
FIRE:   70 15:05:41        3.642315        0.393419
FIRE:   71 15:05:41        3.552106        0.388308
FIRE:   72 15:05:41        3.467105        0.385706
FIRE:   73 15:05:41        3.381965        0.362064
FIRE:   74 15:05:41        3.299972        0.332866
FIRE:   75 15:05:41        3.218319        0.319662
FIRE:   76 15:05:41        3.140905        0.315560
FIRE:   77 15:05:41        3.066583        0.300185
FIRE:   78 15:05:41        2.996372        0.278276
FIRE:   79 15:05:41        2.930042        0.256495
FIRE:   80 15:05:41        2.873624        0.211991
FIRE:   81 15:05:41        2.832524        0.129324
FIRE:   82 15:05:41        2.811814        0.064493
FIRE:   83 15:05:41        2.810952        0.081199
FIRE:   84 15:05:41        2.804846        0.078367
FIRE:   85 15:05:41        2.796373        0.075600
FIRE:   86 15:05:41        2.788115        0.053375
FIRE:   87 15:05:41        2.776708        0.092218
FIRE:   88 15:05:41        2.760826        0.123923
FIRE:   89 15:05:41        2.742273        0.141420
FIRE:   90 15:05:41        2.722207        0.165293
FIRE:   91 15:05:41        2.702576        0.293526
FIRE:   92 15:05:41        2.682708        0.170775
FIRE:   93 15:05:41        2.687106        0.240422
FIRE:   94 15:05:41        2.680372        0.178167
FIRE:   95 15:05:41        2.672655        0.172827
FIRE:   96 15:05:41        2.669624        0.168138
FIRE:   97 15:05:41        2.669352        0.168291
FIRE:   98 15:05:41        2.668832        0.168581
FIRE:   99 15:05:41        2.668099        0.168977
FIRE:  100 15:05:41        2.667196        0.169431
FIRE:  101 15:05:41        2.666159        0.169887
FIRE:  102 15:05:42        2.665006        0.170282
FIRE:  103 15:05:42        2.663732        0.170557
FIRE:  104 15:05:42        2.662155        0.170661
FIRE:  105 15:05:42        2.660174        0.170491
FIRE:  106 15:05:42        2.657673        0.169931
FIRE:  107 15:05:42        2.654554        0.168863
FIRE:  108 15:05:42        2.650766        0.167190
FIRE:  109 15:05:42        2.646264        0.164874
FIRE:  110 15:05:42        2.640905        0.161967
FIRE:  111 15:05:42        2.634399        0.158532
FIRE:  112 15:05:42        2.626486        0.154437
FIRE:  113 15:05:42        2.617038        0.149200
FIRE:  114 15:05:42        2.605713        0.142217
FIRE:  115 15:05:42        2.591932        0.133337
FIRE:  116 15:05:42        2.575501        0.123071
FIRE:  117 15:05:42        2.556020        0.112176
FIRE:  118 15:05:42        2.533354        0.100611
FIRE:  119 15:05:42        2.507379        0.089256
FIRE:  120 15:05:42        2.478528        0.080327
FIRE:  121 15:05:42        2.447929        0.071772
FIRE:  122 15:05:42        2.419687        0.069884
FIRE:  123 15:05:42        2.398468        0.101044
FIRE:  124 15:05:42        2.382934        0.144808
FIRE:  125 15:05:42        2.377778        0.055843
FIRE:  126 15:05:42        2.380926        0.127208
FIRE:  127 15:05:42        2.379307        0.096358
FIRE:  128 15:05:42        2.377464        0.049094
FIRE:  129 15:05:42        2.376907        0.052154
FIRE:  130 15:05:42        2.376885        0.052050
FIRE:  131 15:05:42        2.376842        0.051844
FIRE:  132 15:05:42        2.376783        0.051544
FIRE:  133 15:05:42        2.376711        0.051160
FIRE:  134 15:05:43        2.376630        0.050704
FIRE:  135 15:05:43        2.376542        0.050196
FIRE:  136 15:05:43        2.376447        0.049656
FIRE:  137 15:05:43        2.376331        0.049047
FIRE:  138 15:05:43        2.376186        0.048381
FIRE:  139 15:05:43        2.375999        0.047674
FIRE:  140 15:05:43        2.375761        0.046931
FIRE:  141 15:05:43        2.375464        0.046132
FIRE:  142 15:05:43        2.375108        0.045218
FIRE:  143 15:05:43        2.374684        0.044075
FIRE:  144 15:05:43        2.374172        0.042565
FIRE:  145 15:05:43        2.373543        0.040591
FIRE:  146 15:05:43        2.372787        0.038197
FIRE:  147 15:05:43        2.371899        0.035677
FIRE:  148 15:05:43        2.370838        0.033495
FIRE:  149 15:05:43        2.369584        0.031841
FIRE:  150 15:05:43        2.368134        0.030238
FIRE:  151 15:05:43        2.366447        0.028170
FIRE:  152 15:05:43        2.364541        0.026529
FIRE:  153 15:05:43        2.362412        0.026256
FIRE:  154 15:05:43        2.360086        0.024629
FIRE:  155 15:05:43        2.357610        0.022994
FIRE:  156 15:05:43        2.355063        0.018364
FIRE:  157 15:05:43        2.352818        0.039267
FIRE:  158 15:05:43        2.353263        0.128528
FIRE:  159 15:05:43        2.350245        0.008353
