      Step     Time          Energy          fmax
FIRE:    0 15:51:08      270.517197      102.203693
FIRE:    1 15:51:08      229.168594       86.299888
FIRE:    2 15:51:08      200.030563       69.046468
FIRE:    3 15:51:08      177.674031       51.980425
FIRE:    4 15:51:08      159.984837       41.263788
FIRE:    5 15:51:08      145.587639       52.966940
FIRE:    6 15:51:08      133.187138       46.613730
FIRE:    7 15:51:08      122.645284       26.255116
FIRE:    8 15:51:08      114.243649       36.849894
FIRE:    9 15:51:08      106.985787       45.193555
FIRE:   10 15:51:08       99.598356       39.297554
FIRE:   11 15:51:08       92.546110       22.419264
FIRE:   12 15:51:08       87.063442       18.018573
FIRE:   13 15:51:08       83.185238       16.998230
FIRE:   14 15:51:08       79.918418       19.505312
FIRE:   15 15:51:08       76.502605       19.313970
FIRE:   16 15:51:08       72.635105       17.364716
FIRE:   17 15:51:08       68.231425       20.243902
FIRE:   18 15:51:09       63.593666       16.559633
FIRE:   19 15:51:09       59.008596       14.313331
FIRE:   20 15:51:09       54.375148       14.599347
FIRE:   21 15:51:09       49.793827       12.738746
FIRE:   22 15:51:09       45.608893       10.812891
FIRE:   23 15:51:09       41.944228       10.464868
FIRE:   24 15:51:10       38.730015       10.090005
FIRE:   25 15:51:10       35.837794        9.668815
FIRE:   26 15:51:10       33.089962        9.145500
FIRE:   27 15:51:10       30.404871        8.490798
FIRE:   28 15:51:10       27.858994        7.765693
FIRE:   29 15:51:10       25.499072        7.055030
FIRE:   30 15:51:10       23.298160        6.411925
FIRE:   31 15:51:10       21.256902        5.856416
FIRE:   32 15:51:10       19.429218        5.377537
FIRE:   33 15:51:10       17.889657        4.955826
FIRE:   34 15:51:10       16.678133        4.573472
FIRE:   35 15:51:10       15.734519        4.201216
FIRE:   36 15:51:10       14.945079        3.811934
FIRE:   37 15:51:10       14.253977        3.402377
FIRE:   38 15:51:10       13.677806        2.993014
FIRE:   39 15:51:10       13.209390        2.597901
FIRE:   40 15:51:10       12.791668        2.583222
FIRE:   41 15:51:10       12.415270        1.836888
FIRE:   42 15:51:11       12.127802        1.497317
FIRE:   43 15:51:11       11.949055        1.196001
FIRE:   44 15:51:11       11.834977        1.523665
FIRE:   45 15:51:11       11.740766        1.721299
FIRE:   46 15:51:11       11.654907        1.368578
FIRE:   47 15:51:11       11.583210        0.962578
FIRE:   48 15:51:11       11.526980        0.977762
FIRE:   49 15:51:11       11.481972        0.976781
FIRE:   50 15:51:11       11.446649        0.955459
FIRE:   51 15:51:11       11.428592        0.910062
FIRE:   52 15:51:11       11.222484        0.866807
FIRE:   53 15:51:11       10.998282        1.041187
FIRE:   54 15:51:11       10.769430        0.765494
FIRE:   55 15:51:11       10.534385        1.009537
FIRE:   56 15:51:11       10.263926        0.706119
FIRE:   57 15:51:11       10.002500        0.723697
FIRE:   58 15:51:12        9.740387        0.737473
FIRE:   59 15:51:12        9.463470        0.758151
FIRE:   60 15:51:13        9.200031        0.767401
FIRE:   61 15:51:13        8.988562        0.745730
FIRE:   62 15:51:13        8.861002        0.691846
FIRE:   63 15:51:13        8.773366        0.717643
FIRE:   64 15:51:13        8.673771        0.727597
FIRE:   65 15:51:14        8.584460        0.776387
FIRE:   66 15:51:14        8.452615        0.604523
FIRE:   67 15:51:14        8.311433        0.747114
FIRE:   68 15:51:15        8.158004        0.750359
FIRE:   69 15:51:15        7.981553        0.483008
FIRE:   70 15:51:15        7.825228        0.620016
FIRE:   71 15:51:15        7.691398        0.761702
FIRE:   72 15:51:16        7.568219        0.880953
FIRE:   73 15:51:16        7.443526        0.948330
FIRE:   74 15:51:16        7.291640        0.962097
FIRE:   75 15:51:16        7.120047        0.938953
FIRE:   76 15:51:16        6.946505        0.898261
FIRE:   77 15:51:16        6.765782        0.857298
FIRE:   78 15:51:17        6.575885        0.822084
FIRE:   79 15:51:17        6.383793        0.792856
FIRE:   80 15:51:17        6.189433        0.770899
FIRE:   81 15:51:17        5.988225        0.757660
FIRE:   82 15:51:17        5.780661        0.755967
FIRE:   83 15:51:17        5.570988        0.763158
FIRE:   84 15:51:18        5.361514        0.767048
FIRE:   85 15:51:18        5.154427        0.755294
FIRE:   86 15:51:18        4.953854        0.728243
FIRE:   87 15:51:18        4.764350        0.690444
FIRE:   88 15:51:18        4.590039        0.640990
FIRE:   89 15:51:18        4.438293        0.575217
FIRE:   90 15:51:18        4.324616        0.496522
FIRE:   91 15:51:19        4.271639        0.640135
FIRE:   92 15:51:19        4.274967        1.099378
FIRE:   93 15:51:19        4.243398        0.904211
FIRE:   94 15:51:19        4.135885        0.457784
FIRE:   95 15:51:19        4.121519        0.344133
FIRE:   96 15:51:19        4.106716        0.273116
FIRE:   97 15:51:19        4.097859        0.278098
FIRE:   98 15:51:19        4.089724        0.308882
FIRE:   99 15:51:20        4.076874        0.293202
FIRE:  100 15:51:20        4.059612        0.260915
FIRE:  101 15:51:20        4.045273        0.268152
FIRE:  102 15:51:20        4.035807        0.268982
FIRE:  103 15:51:20        4.022426        0.257337
FIRE:  104 15:51:20        4.000307        0.234036
FIRE:  105 15:51:20        3.983146        0.220143
FIRE:  106 15:51:20        3.961071        0.233794
FIRE:  107 15:51:20        3.939234        0.157176
FIRE:  108 15:51:20        3.925052        0.260386
FIRE:  109 15:51:20        3.910559        0.496235
FIRE:  110 15:51:20        3.905136        0.114821
FIRE:  111 15:51:20        3.905873        0.377071
FIRE:  112 15:51:20        3.904572        0.294219
FIRE:  113 15:51:21        3.902993        0.150200
FIRE:  114 15:51:21        3.902239        0.085273
FIRE:  115 15:51:21        3.902319        0.213794
FIRE:  116 15:51:21        3.902207        0.203407
FIRE:  117 15:51:21        3.902002        0.183220
FIRE:  118 15:51:21        3.901737        0.154416
FIRE:  119 15:51:21        3.901452        0.118789
FIRE:  120 15:51:21        3.901185        0.080560
FIRE:  121 15:51:21        3.900955        0.080921
FIRE:  122 15:51:21        3.900763        0.081368
FIRE:  123 15:51:21        3.900566        0.081916
FIRE:  124 15:51:21        3.900320        0.097727
FIRE:  125 15:51:21        3.899973        0.105050
FIRE:  126 15:51:21        3.899488        0.094288
FIRE:  127 15:51:21        3.898882        0.084279
FIRE:  128 15:51:21        3.898228        0.084858
FIRE:  129 15:51:21        3.897579        0.085507
FIRE:  130 15:51:21        3.896851        0.086164
FIRE:  131 15:51:21        3.895904        0.086688
FIRE:  132 15:51:22        3.894774        0.086956
FIRE:  133 15:51:22        3.893585        0.086694
FIRE:  134 15:51:22        3.892129        0.085360
FIRE:  135 15:51:22        3.890283        0.082640
FIRE:  136 15:51:22        3.888227        0.078739
FIRE:  137 15:51:22        3.885647        0.073887
FIRE:  138 15:51:22        3.882827        0.067909
FIRE:  139 15:51:22        3.879513        0.064372
FIRE:  140 15:51:22        3.875965        0.069263
FIRE:  141 15:51:22        3.872074        0.091412
FIRE:  142 15:51:22        3.867732        0.132442
FIRE:  143 15:51:22        3.863344        0.177197
FIRE:  144 15:51:23        3.860983        0.386462
FIRE:  145 15:51:23        3.857440        0.053192
FIRE:  146 15:51:23        3.859869        0.348474
FIRE:  147 15:51:23        3.858681        0.263429
FIRE:  148 15:51:23        3.857362        0.115127
FIRE:  149 15:51:23        3.857042        0.058915
FIRE:  150 15:51:23        3.857026        0.055508
FIRE:  151 15:51:23        3.856998        0.052512
FIRE:  152 15:51:23        3.856959        0.052641
FIRE:  153 15:51:23        3.856915        0.052798
FIRE:  154 15:51:23        3.856869        0.052968
FIRE:  155 15:51:23        3.856823        0.053136
FIRE:  156 15:51:23        3.856776        0.053284
FIRE:  157 15:51:23        3.856721        0.053407
FIRE:  158 15:51:23        3.856650        0.053479
FIRE:  159 15:51:23        3.856556        0.053477
FIRE:  160 15:51:23        3.856432        0.053380
FIRE:  161 15:51:24        3.856277        0.053179
FIRE:  162 15:51:24        3.856093        0.052892
FIRE:  163 15:51:24        3.855878        0.052582
FIRE:  164 15:51:24        3.855614        0.052346
FIRE:  165 15:51:24        3.855280        0.052253
FIRE:  166 15:51:24        3.854872        0.052278
FIRE:  167 15:51:24        3.854391        0.052231
FIRE:  168 15:51:24        3.853798        0.051855
FIRE:  169 15:51:24        3.853077        0.051095
FIRE:  170 15:51:24        3.852218        0.050330
FIRE:  171 15:51:24        3.851167        0.049923
FIRE:  172 15:51:24        3.849920        0.049279
FIRE:  173 15:51:24        3.848413        0.047668
FIRE:  174 15:51:24        3.846608        0.046376
FIRE:  175 15:51:24        3.844451        0.044898
FIRE:  176 15:51:24        3.841905        0.051028
FIRE:  177 15:51:24        3.839156        0.120993
FIRE:  178 15:51:24        3.837622        0.326598
FIRE:  179 15:51:24        3.835152        0.041701
FIRE:  180 15:51:24        3.836826        0.285104
FIRE:  181 15:51:24        3.835971        0.213269
FIRE:  182 15:51:24        3.835033        0.087958
FIRE:  183 15:51:24        3.834827        0.058549
FIRE:  184 15:51:24        3.834814        0.055226
FIRE:  185 15:51:24        3.834788        0.048792
FIRE:  186 15:51:24        3.834753        0.041205
FIRE:  187 15:51:25        3.834714        0.041335
FIRE:  188 15:51:25        3.834674        0.041485
FIRE:  189 15:51:25        3.834634        0.041642
FIRE:  190 15:51:25        3.834593        0.041790
FIRE:  191 15:51:25        3.834545        0.041926
FIRE:  192 15:51:25        3.834482        0.042028
FIRE:  193 15:51:25        3.834398        0.042072
FIRE:  194 15:51:25        3.834287        0.042044
FIRE:  195 15:51:25        3.834148        0.041942
FIRE:  196 15:51:25        3.833983        0.041795
FIRE:  197 15:51:25        3.833789        0.041667
FIRE:  198 15:51:25        3.833548        0.041629
FIRE:  199 15:51:25        3.833239        0.041730
FIRE:  200 15:51:25        3.832862        0.041955
FIRE:  201 15:51:25        3.832410        0.042281
FIRE:  202 15:51:25        3.831844        0.042636
FIRE:  203 15:51:25        3.831145        0.042788
FIRE:  204 15:51:25        3.830294        0.043158
FIRE:  205 15:51:25        3.829227        0.044061
FIRE:  206 15:51:25        3.827916        0.044927
FIRE:  207 15:51:25        3.826271        0.045259
FIRE:  208 15:51:25        3.824201        0.046369
FIRE:  209 15:51:25        3.821577        0.047671
FIRE:  210 15:51:25        3.818223        0.048387
FIRE:  211 15:51:25        3.814060        0.095967
FIRE:  212 15:51:26        3.810222        0.295856
FIRE:  213 15:51:26        3.820376        0.877833
FIRE:  214 15:51:26        3.801584        0.192695
FIRE:  215 15:51:26        3.801022        0.135068
FIRE:  216 15:51:26        3.800439        0.055606
FIRE:  217 15:51:26        3.800280        0.074827
FIRE:  218 15:51:26        3.800245        0.070026
FIRE:  219 15:51:26        3.800179        0.060798
FIRE:  220 15:51:26        3.800091        0.057257
FIRE:  221 15:51:26        3.799991        0.057150
FIRE:  222 15:51:26        3.799885        0.057054
FIRE:  223 15:51:26        3.799773        0.056994
FIRE:  224 15:51:26        3.799652        0.056992
FIRE:  225 15:51:26        3.799497        0.057078
FIRE:  226 15:51:26        3.799291        0.057288
FIRE:  227 15:51:26        3.799020        0.057650
FIRE:  228 15:51:26        3.798676        0.058170
FIRE:  229 15:51:26        3.798258        0.058818
FIRE:  230 15:51:26        3.797756        0.059506
FIRE:  231 15:51:26        3.797130        0.060114
FIRE:  232 15:51:26        3.796330        0.060557
FIRE:  233 15:51:26        3.795333        0.060875
FIRE:  234 15:51:26        3.794115        0.061324
FIRE:  235 15:51:26        3.792575        0.062262
FIRE:  236 15:51:26        3.790639        0.063779
FIRE:  237 15:51:26        3.788222        0.065455
FIRE:  238 15:51:27        3.785136        0.066957
FIRE:  239 15:51:27        3.781227        0.068987
FIRE:  240 15:51:27        3.776181        0.072219
FIRE:  241 15:51:27        3.769614        0.075320
FIRE:  242 15:51:27        3.760957        0.079210
FIRE:  243 15:51:27        3.749403        0.085599
FIRE:  244 15:51:27        3.734221        0.142343
FIRE:  245 15:51:27        3.717823        0.480003
FIRE:  246 15:51:27        3.735533        1.606566
FIRE:  247 15:51:27        3.689380        0.369624
FIRE:  248 15:51:27        3.687846        0.263761
FIRE:  249 15:51:27        3.686170        0.108228
FIRE:  250 15:51:27        3.685532        0.109731
FIRE:  251 15:51:27        3.685430        0.107451
FIRE:  252 15:51:27        3.685239        0.107689
FIRE:  253 15:51:27        3.684980        0.108021
FIRE:  254 15:51:27        3.684676        0.108421
FIRE:  255 15:51:27        3.684342        0.108854
FIRE:  256 15:51:27        3.683983        0.109283
FIRE:  257 15:51:27        3.683588        0.109671
FIRE:  258 15:51:27        3.683089        0.110019
FIRE:  259 15:51:27        3.682439        0.110283
FIRE:  260 15:51:27        3.681595        0.110419
FIRE:  261 15:51:27        3.680533        0.110395
FIRE:  262 15:51:27        3.679246        0.110206
FIRE:  263 15:51:27        3.677702        0.109910
FIRE:  264 15:51:27        3.675796        0.109613
FIRE:  265 15:51:28        3.673405        0.109385
FIRE:  266 15:51:28        3.670495        0.109137
FIRE:  267 15:51:28        3.667022        0.108564
FIRE:  268 15:51:28        3.662784        0.107362
FIRE:  269 15:51:28        3.657707        0.105579
FIRE:  270 15:51:28        3.651713        0.103781
FIRE:  271 15:51:28        3.644659        0.102032
FIRE:  272 15:51:28        3.636634        0.098716
FIRE:  273 15:51:28        3.627827        0.092759
FIRE:  274 15:51:28        3.618776        0.089322
FIRE:  275 15:51:28        3.610529        0.085619
FIRE:  276 15:51:28        3.604817        0.220560
FIRE:  277 15:51:28        3.604987        0.536220
FIRE:  278 15:51:28        3.600093        0.087220
FIRE:  279 15:51:28        3.602213        0.432111
FIRE:  280 15:51:28        3.600967        0.336068
FIRE:  281 15:51:28        3.599454        0.167040
FIRE:  282 15:51:28        3.598785        0.074806
FIRE:  283 15:51:28        3.599084        0.200693
FIRE:  284 15:51:28        3.599001        0.190039
FIRE:  285 15:51:28        3.598850        0.169293
FIRE:  286 15:51:29        3.598655        0.139586
FIRE:  287 15:51:29        3.598448        0.102612
FIRE:  288 15:51:29        3.598260        0.068848
FIRE:  289 15:51:29        3.598109        0.067808
FIRE:  290 15:51:29        3.597998        0.066550
FIRE:  291 15:51:29        3.597903        0.064935
FIRE:  292 15:51:29        3.597795        0.090162
FIRE:  293 15:51:29        3.597629        0.103966
FIRE:  294 15:51:29        3.597373        0.098904
FIRE:  295 15:51:29        3.597027        0.072264
FIRE:  296 15:51:29        3.596642        0.050569
FIRE:  297 15:51:29        3.596292        0.045899
FIRE:  298 15:51:29        3.595967        0.073430
FIRE:  299 15:51:29        3.595563        0.078688
FIRE:  300 15:51:29        3.595061        0.037798
FIRE:  301 15:51:29        3.594629        0.035230
FIRE:  302 15:51:29        3.594280        0.071083
FIRE:  303 15:51:29        3.593858        0.032617
FIRE:  304 15:51:29        3.593594        0.055137
FIRE:  305 15:51:29        3.593361        0.054259
FIRE:  306 15:51:29        3.593164        0.047377
FIRE:  307 15:51:29        3.593136        0.034461
FIRE:  308 15:51:29        3.593097        0.023292
FIRE:  309 15:51:29        3.593062        0.022670
FIRE:  310 15:51:29        3.593026        0.027039
FIRE:  311 15:51:29        3.592974        0.030264
FIRE:  312 15:51:29        3.592902        0.020418
FIRE:  313 15:51:30        3.592826        0.020245
FIRE:  314 15:51:30        3.592748        0.020554
FIRE:  315 15:51:30        3.592657        0.027440
FIRE:  316 15:51:30        3.592540        0.020152
FIRE:  317 15:51:30        3.592418        0.019354
FIRE:  318 15:51:30        3.592291        0.021034
FIRE:  319 15:51:30        3.592145        0.018696
FIRE:  320 15:51:30        3.592008        0.022522
FIRE:  321 15:51:30        3.591857        0.016591
FIRE:  322 15:51:30        3.591710        0.014897
FIRE:  323 15:51:30        3.591563        0.026460
FIRE:  324 15:51:30        3.591408        0.025556
FIRE:  325 15:51:30        3.591263        0.029148
FIRE:  326 15:51:30        3.591183        0.057621
FIRE:  327 15:51:30        3.591130        0.008989
