      Step     Time          Energy          fmax
FIRE:    0 15:37:36      555.922948      257.462201
FIRE:    1 15:37:36      461.441664      177.386352
FIRE:    2 15:37:36      393.781233      119.853481
FIRE:    3 15:37:36      344.977640       79.575514
FIRE:    4 15:37:36      308.932293       75.501045
FIRE:    5 15:37:36      281.008557       72.443406
FIRE:    6 15:37:37      257.669662       69.114724
FIRE:    7 15:37:37      236.285836       65.178139
FIRE:    8 15:37:37      215.042515       60.419751
FIRE:    9 15:37:37      193.077462       54.833259
FIRE:   10 15:37:37      170.466510       50.841443
FIRE:   11 15:37:37      148.017201       48.161666
FIRE:   12 15:37:37      126.887756       43.620076
FIRE:   13 15:37:37      108.182321       37.649408
FIRE:   14 15:37:37       92.676878       30.833777
FIRE:   15 15:37:37       80.706521       23.710890
FIRE:   16 15:37:37       72.177763       19.562593
FIRE:   17 15:37:37       66.652635       17.651851
FIRE:   18 15:37:37       63.505768       16.323049
FIRE:   19 15:37:37       62.157809       17.947907
FIRE:   20 15:37:37       55.512189       14.233685
FIRE:   21 15:37:37       51.561325       13.677530
FIRE:   22 15:37:37       48.938868       13.260754
FIRE:   23 15:37:37       46.400948       12.586343
FIRE:   24 15:37:37       43.722433       11.615373
FIRE:   25 15:37:37       41.329724       10.576135
FIRE:   26 15:37:37       39.369607        9.677608
FIRE:   27 15:37:37       37.468420        8.987774
FIRE:   28 15:37:37       35.305427        8.474335
FIRE:   29 15:37:37       33.015900        8.093187
FIRE:   30 15:37:38       30.895727        7.795845
FIRE:   31 15:37:38       29.040985        7.504206
FIRE:   32 15:37:38       27.369580        7.145111
FIRE:   33 15:37:38       25.808675        6.699796
FIRE:   34 15:37:38       24.366089        6.199069
FIRE:   35 15:37:38       23.076846        5.691880
FIRE:   36 15:37:38       21.940449        5.213989
FIRE:   37 15:37:38       20.916121        4.782115
FIRE:   38 15:37:38       19.962885        4.397944
FIRE:   39 15:37:38       19.069840        4.045282
FIRE:   40 15:37:38       18.250070        3.710517
FIRE:   41 15:37:38       17.516398        3.384105
FIRE:   42 15:37:38       16.866255        3.057501
FIRE:   43 15:37:38       16.283280        2.727202
FIRE:   44 15:37:38       15.746553        2.396253
FIRE:   45 15:37:38       15.234812        2.072152
FIRE:   46 15:37:38       14.724445        1.766273
FIRE:   47 15:37:38       14.188613        1.690587
FIRE:   48 15:37:38       13.604301        1.892260
FIRE:   49 15:37:38       12.968556        1.979373
FIRE:   50 15:37:38       12.303129        1.917631
FIRE:   51 15:37:38       11.664679        1.614217
FIRE:   52 15:37:38       11.145511        1.006238
FIRE:   53 15:37:38       10.860102        0.782395
FIRE:   54 15:37:38       10.886126        1.219914
FIRE:   55 15:37:39       10.706455        0.616283
FIRE:   56 15:37:39       10.637997        0.641352
FIRE:   57 15:37:39       10.618190        0.633778
FIRE:   58 15:37:39       10.590081        0.604726
FIRE:   59 15:37:39       10.561192        0.558021
FIRE:   60 15:37:39       10.548673        0.508044
FIRE:   61 15:37:39       10.538510        0.465842
FIRE:   62 15:37:39       10.512233        0.434002
FIRE:   63 15:37:39       10.471240        0.412972
FIRE:   64 15:37:39       10.432395        0.401069
FIRE:   65 15:37:39       10.403028        0.386200
FIRE:   66 15:37:39       10.366750        0.346230
FIRE:   67 15:37:39       10.310692        0.268692
FIRE:   68 15:37:39       10.262518        0.301342
FIRE:   69 15:37:39       10.212908        0.329162
FIRE:   70 15:37:39       10.145040        0.253123
FIRE:   71 15:37:39       10.092920        0.273423
FIRE:   72 15:37:39       10.027021        0.221927
FIRE:   73 15:37:40        9.976457        0.280841
FIRE:   74 15:37:40        9.915722        0.230429
FIRE:   75 15:37:40        9.865822        0.191644
FIRE:   76 15:37:40        9.808964        0.148665
FIRE:   77 15:37:40        9.761617        0.198473
FIRE:   78 15:37:40        9.709725        0.170595
FIRE:   79 15:37:40        9.665143        0.115544
FIRE:   80 15:37:40        9.618518        0.124104
FIRE:   81 15:37:40        9.573951        0.147341
FIRE:   82 15:37:40        9.527522        0.175709
FIRE:   83 15:37:40        9.472631        0.204257
FIRE:   84 15:37:40        9.412932        0.213985
FIRE:   85 15:37:40        9.341631        0.208537
FIRE:   86 15:37:41        9.260744        0.202768
FIRE:   87 15:37:41        9.168388        0.238598
FIRE:   88 15:37:41        9.064633        0.264988
FIRE:   89 15:37:41        8.947965        0.282378
FIRE:   90 15:37:41        8.819717        0.293170
FIRE:   91 15:37:41        8.679791        0.296062
FIRE:   92 15:37:41        8.530313        0.316068
FIRE:   93 15:37:41        8.374987        0.340118
FIRE:   94 15:37:41        8.222001        0.363782
FIRE:   95 15:37:41        8.092534        0.390562
FIRE:   96 15:37:41        8.027096        0.422681
FIRE:   97 15:37:41        8.059466        0.546296
FIRE:   98 15:37:41        7.965753        0.241168
FIRE:   99 15:37:41        7.958910        0.234579
FIRE:  100 15:37:41        7.949754        0.215477
FIRE:  101 15:37:41        7.940674        0.177793
FIRE:  102 15:37:41        7.933217        0.124810
FIRE:  103 15:37:41        7.926079        0.070647
FIRE:  104 15:37:41        7.919907        0.045323
FIRE:  105 15:37:41        7.917620        0.058594
FIRE:  106 15:37:41        7.917395        0.057204
FIRE:  107 15:37:41        7.917043        0.054357
FIRE:  108 15:37:41        7.916683        0.049924
FIRE:  109 15:37:41        7.916370        0.043851
FIRE:  110 15:37:42        7.916078        0.036401
FIRE:  111 15:37:42        7.915782        0.028093
FIRE:  112 15:37:42        7.915518        0.019547
FIRE:  113 15:37:42        7.915323        0.017274
FIRE:  114 15:37:42        7.915193        0.022361
FIRE:  115 15:37:42        7.915048        0.024402
FIRE:  116 15:37:42        7.914936        0.022246
FIRE:  117 15:37:42        7.914980        0.017288
FIRE:  118 15:37:42        7.914960        0.016560
FIRE:  119 15:37:42        7.914926        0.016576
FIRE:  120 15:37:42        7.914891        0.016483
FIRE:  121 15:37:42        7.914863        0.016136
FIRE:  122 15:37:42        7.914840        0.015385
FIRE:  123 15:37:42        7.914816        0.014165
FIRE:  124 15:37:42        7.914790        0.012492
FIRE:  125 15:37:42        7.914760        0.010185
FIRE:  126 15:37:42        7.914738        0.007242
