      Step     Time          Energy          fmax
FIRE:    0 15:28:15      229.744900      213.843328
FIRE:    1 15:28:15      176.294346      112.065412
FIRE:    2 15:28:15      143.964326       61.472820
FIRE:    3 15:28:15      122.221756       45.011361
FIRE:    4 15:28:15      105.964197       35.446400
FIRE:    5 15:28:15       92.620378       28.262018
FIRE:    6 15:28:15       80.876771       27.530736
FIRE:    7 15:28:15       70.141315       27.833245
FIRE:    8 15:28:15       60.261315       27.015829
FIRE:    9 15:28:16       51.402424       24.871353
FIRE:   10 15:28:16       43.829144       21.718548
FIRE:   11 15:28:16       37.669893       18.139081
FIRE:   12 15:28:16       32.793343       15.731014
FIRE:   13 15:28:16       28.889684       15.347159
FIRE:   14 15:28:16       25.689218       12.923846
FIRE:   15 15:28:16       23.088778        9.082285
FIRE:   16 15:28:16       21.061219        7.776763
FIRE:   17 15:28:16       19.484475        9.530060
FIRE:   18 15:28:16       18.101621       10.297327
FIRE:   19 15:28:16       16.663051       10.015470
FIRE:   20 15:28:16       15.085523        8.859401
FIRE:   21 15:28:17       13.480574        7.205355
FIRE:   22 15:28:17       12.044490        5.454008
FIRE:   23 15:28:17       10.924323        3.883071
FIRE:   24 15:28:17       10.135663        3.906310
FIRE:   25 15:28:17        9.562515        5.208412
FIRE:   26 15:28:17        9.063331        5.260365
FIRE:   27 15:28:17        8.594093        4.198053
FIRE:   28 15:28:17        8.210042        2.630611
FIRE:   29 15:28:17        7.963454        1.441838
FIRE:   30 15:28:17        7.848550        1.461973
FIRE:   31 15:28:17        7.831598        2.344152
FIRE:   32 15:28:17        7.338317        0.950378
FIRE:   33 15:28:18        7.112180        0.987529
FIRE:   34 15:28:18        6.897453        0.856162
FIRE:   35 15:28:18        6.781317        0.838414
FIRE:   36 15:28:18        6.663961        0.408851
FIRE:   37 15:28:18        6.603673        0.724011
FIRE:   38 15:28:18        6.583224        0.553528
FIRE:   39 15:28:18        6.557062        0.404302
FIRE:   40 15:28:18        6.535769        0.387320
FIRE:   41 15:28:18        6.515131        0.370657
FIRE:   42 15:28:18        6.485880        0.356717
FIRE:   43 15:28:18        6.445907        0.345722
FIRE:   44 15:28:18        6.400646        0.336779
FIRE:   45 15:28:18        6.348963        0.336742
FIRE:   46 15:28:18        6.282808        0.365506
FIRE:   47 15:28:18        6.189393        0.417276
FIRE:   48 15:28:18        6.068025        0.469664
FIRE:   49 15:28:18        5.917560        0.484372
FIRE:   50 15:28:19        5.761046        0.435840
FIRE:   51 15:28:19        5.616808        0.335363
FIRE:   52 15:28:19        5.489757        0.530956
FIRE:   53 15:28:19        5.362904        0.578258
FIRE:   54 15:28:19        5.225044        0.495186
FIRE:   55 15:28:19        5.083220        0.507156
FIRE:   56 15:28:19        4.948460        0.506795
FIRE:   57 15:28:19        4.834305        0.408019
FIRE:   58 15:28:19        4.758513        0.325969
FIRE:   59 15:28:19        4.738424        0.749015
FIRE:   60 15:28:19        4.676716        0.238152
FIRE:   61 15:28:19        4.650634        0.360357
FIRE:   62 15:28:19        4.643810        0.282350
FIRE:   63 15:28:19        4.634648        0.212303
FIRE:   64 15:28:19        4.627741        0.207605
FIRE:   65 15:28:19        4.622906        0.197854
FIRE:   66 15:28:19        4.615981        0.226336
FIRE:   67 15:28:20        4.604671        0.193662
FIRE:   68 15:28:20        4.591136        0.169898
FIRE:   69 15:28:20        4.577647        0.162836
FIRE:   70 15:28:20        4.563809        0.167567
FIRE:   71 15:28:20        4.544627        0.165888
FIRE:   72 15:28:20        4.521135        0.158487
FIRE:   73 15:28:20        4.498673        0.169844
FIRE:   74 15:28:20        4.471932        0.168697
FIRE:   75 15:28:20        4.445613        0.151554
FIRE:   76 15:28:20        4.421483        0.187309
FIRE:   77 15:28:20        4.406052        0.248718
FIRE:   78 15:28:20        4.402286        0.131607
FIRE:   79 15:28:20        4.400036        0.076431
FIRE:   80 15:28:20        4.399894        0.076005
FIRE:   81 15:28:20        4.399629        0.075205
FIRE:   82 15:28:20        4.399272        0.074138
FIRE:   83 15:28:20        4.398853        0.073189
FIRE:   84 15:28:21        4.398385        0.072451
FIRE:   85 15:28:21        4.397870        0.071260
FIRE:   86 15:28:21        4.397302        0.070589
FIRE:   87 15:28:21        4.396616        0.070582
FIRE:   88 15:28:21        4.395814        0.071020
FIRE:   89 15:28:21        4.394910        0.071662
FIRE:   90 15:28:21        4.393903        0.071918
FIRE:   91 15:28:21        4.392733        0.071019
FIRE:   92 15:28:21        4.391328        0.068458
FIRE:   93 15:28:21        4.389656        0.064498
FIRE:   94 15:28:21        4.387652        0.060426
FIRE:   95 15:28:21        4.385216        0.057540
FIRE:   96 15:28:21        4.382359        0.055331
FIRE:   97 15:28:21        4.379074        0.051386
FIRE:   98 15:28:21        4.375356        0.046192
FIRE:   99 15:28:21        4.371153        0.044723
FIRE:  100 15:28:22        4.366452        0.046669
FIRE:  101 15:28:22        4.361435        0.048128
FIRE:  102 15:28:22        4.356679        0.087474
FIRE:  103 15:28:22        4.354258        0.234557
FIRE:  104 15:28:22        4.351005        0.042912
FIRE:  105 15:28:22        4.352899        0.189403
FIRE:  106 15:28:22        4.351894        0.145273
FIRE:  107 15:28:22        4.350734        0.066798
FIRE:  108 15:28:22        4.350359        0.042888
FIRE:  109 15:28:22        4.350344        0.042853
FIRE:  110 15:28:22        4.350315        0.042784
FIRE:  111 15:28:22        4.350275        0.042683
FIRE:  112 15:28:22        4.350225        0.042827
FIRE:  113 15:28:22        4.350169        0.043001
FIRE:  114 15:28:22        4.350107        0.043165
FIRE:  115 15:28:22        4.350040        0.043295
FIRE:  116 15:28:22        4.349958        0.043377
FIRE:  117 15:28:23        4.349855        0.043371
FIRE:  118 15:28:23        4.349723        0.043236
FIRE:  119 15:28:23        4.349557        0.042935
FIRE:  120 15:28:23        4.349351        0.042454
FIRE:  121 15:28:23        4.349104        0.041821
FIRE:  122 15:28:23        4.348812        0.041120
FIRE:  123 15:28:23        4.348459        0.040887
FIRE:  124 15:28:23        4.348027        0.040593
FIRE:  125 15:28:23        4.347509        0.040194
FIRE:  126 15:28:23        4.346897        0.039779
FIRE:  127 15:28:23        4.346160        0.039504
FIRE:  128 15:28:23        4.345279        0.039423
FIRE:  129 15:28:23        4.344239        0.039350
FIRE:  130 15:28:23        4.343001        0.039081
FIRE:  131 15:28:23        4.341556        0.038828
FIRE:  132 15:28:23        4.339871        0.038893
FIRE:  133 15:28:24        4.337919        0.038571
FIRE:  134 15:28:24        4.335662        0.038049
FIRE:  135 15:28:24        4.333051        0.037245
FIRE:  136 15:28:24        4.330135        0.034968
FIRE:  137 15:28:24        4.327985        0.134152
FIRE:  138 15:28:24        4.326644        0.033607
FIRE:  139 15:28:24        4.327493        0.115703
FIRE:  140 15:28:24        4.327028        0.086553
FIRE:  141 15:28:24        4.326517        0.035405
FIRE:  142 15:28:24        4.326396        0.033822
FIRE:  143 15:28:24        4.326387        0.033802
FIRE:  144 15:28:24        4.326370        0.033764
FIRE:  145 15:28:24        4.326347        0.033708
FIRE:  146 15:28:24        4.326321        0.033637
FIRE:  147 15:28:24        4.326293        0.033556
FIRE:  148 15:28:24        4.326265        0.033469
FIRE:  149 15:28:24        4.326235        0.033385
FIRE:  150 15:28:25        4.326199        0.033303
FIRE:  151 15:28:25        4.326152        0.033232
FIRE:  152 15:28:25        4.326091        0.033182
FIRE:  153 15:28:25        4.326011        0.033158
FIRE:  154 15:28:25        4.325912        0.033159
FIRE:  155 15:28:25        4.325794        0.033168
FIRE:  156 15:28:25        4.325655        0.033151
FIRE:  157 15:28:25        4.325483        0.033071
FIRE:  158 15:28:25        4.325267        0.032898
FIRE:  159 15:28:25        4.325007        0.032637
FIRE:  160 15:28:25        4.324698        0.032348
FIRE:  161 15:28:25        4.324318        0.032117
FIRE:  162 15:28:25        4.323863        0.031916
FIRE:  163 15:28:25        4.323321        0.031560
FIRE:  164 15:28:25        4.322667        0.030951
FIRE:  165 15:28:25        4.321891        0.030329
FIRE:  166 15:28:25        4.320970        0.029796
FIRE:  167 15:28:26        4.319875        0.028867
FIRE:  168 15:28:26        4.318578        0.028163
FIRE:  169 15:28:26        4.317046        0.027203
FIRE:  170 15:28:26        4.315309        0.036404
FIRE:  171 15:28:26        4.314185        0.115611
FIRE:  172 15:28:26        4.313095        0.026109
FIRE:  173 15:28:26        4.313082        0.026087
FIRE:  174 15:28:26        4.313056        0.026050
FIRE:  175 15:28:26        4.313018        0.026011
FIRE:  176 15:28:26        4.312970        0.025986
FIRE:  177 15:28:26        4.312909        0.025989
FIRE:  178 15:28:26        4.312835        0.026026
FIRE:  179 15:28:26        4.312749        0.026091
FIRE:  180 15:28:26        4.312641        0.026179
FIRE:  181 15:28:26        4.312505        0.026269
FIRE:  182 15:28:27        4.312333        0.026335
FIRE:  183 15:28:27        4.312119        0.026374
FIRE:  184 15:28:27        4.311854        0.026423
FIRE:  185 15:28:27        4.311524        0.026532
FIRE:  186 15:28:27        4.311119        0.026682
FIRE:  187 15:28:27        4.310619        0.026772
FIRE:  188 15:28:27        4.310005        0.026812
FIRE:  189 15:28:27        4.309250        0.026921
FIRE:  190 15:28:27        4.308323        0.026929
FIRE:  191 15:28:27        4.307181        0.027079
FIRE:  192 15:28:27        4.305777        0.027036
FIRE:  193 15:28:27        4.304148        0.039510
FIRE:  194 15:28:28        4.303624        0.162157
FIRE:  195 15:28:28        4.301932        0.028298
FIRE:  196 15:28:28        4.301896        0.028238
FIRE:  197 15:28:28        4.301846        0.028132
FIRE:  198 15:28:28        4.301801        0.028018
FIRE:  199 15:28:28        4.301753        0.027959
FIRE:  200 15:28:28        4.301681        0.027995
FIRE:  201 15:28:28        4.301579        0.028131
FIRE:  202 15:28:28        4.301466        0.028330
FIRE:  203 15:28:28        4.301340        0.028557
FIRE:  204 15:28:28        4.301181        0.028739
FIRE:  205 15:28:28        4.300963        0.028832
FIRE:  206 15:28:28        4.300702        0.028866
FIRE:  207 15:28:28        4.300383        0.029015
FIRE:  208 15:28:28        4.299967        0.029392
FIRE:  209 15:28:28        4.299470        0.029772
FIRE:  210 15:28:29        4.298827        0.029867
FIRE:  211 15:28:29        4.298041        0.030012
FIRE:  212 15:28:29        4.297055        0.030547
FIRE:  213 15:28:29        4.295814        0.030437
FIRE:  214 15:28:29        4.294267        0.031255
FIRE:  215 15:28:29        4.292447        0.063085
FIRE:  216 15:28:29        4.291351        0.169661
FIRE:  217 15:28:29        4.289730        0.032344
FIRE:  218 15:28:29        4.289706        0.032408
FIRE:  219 15:28:29        4.289662        0.032526
FIRE:  220 15:28:29        4.289598        0.032677
FIRE:  221 15:28:29        4.289514        0.032840
FIRE:  222 15:28:29        4.289408        0.032995
FIRE:  223 15:28:29        4.289278        0.033135
FIRE:  224 15:28:29        4.289127        0.033265
FIRE:  225 15:28:29        4.288936        0.033421
FIRE:  226 15:28:29        4.288693        0.033645
FIRE:  227 15:28:30        4.288384        0.033986
FIRE:  228 15:28:30        4.287995        0.034461
FIRE:  229 15:28:30        4.287505        0.035025
FIRE:  230 15:28:30        4.286886        0.035608
FIRE:  231 15:28:30        4.286107        0.036218
FIRE:  232 15:28:30        4.285120        0.036970
FIRE:  233 15:28:30        4.283869        0.037833
FIRE:  234 15:28:30        4.282269        0.038642
FIRE:  235 15:28:30        4.280210        0.039662
FIRE:  236 15:28:30        4.277531        0.040665
FIRE:  237 15:28:30        4.273997        0.042047
FIRE:  238 15:28:30        4.269248        0.043867
FIRE:  239 15:28:30        4.262777        0.045293
FIRE:  240 15:28:30        4.255559        0.184705
FIRE:  241 15:28:30        4.297279        1.142505
FIRE:  242 15:28:30        4.268631        0.830057
FIRE:  243 15:28:31        4.250007        0.474064
FIRE:  244 15:28:31        4.240607        0.086676
FIRE:  245 15:28:31        4.240525        0.078424
FIRE:  246 15:28:31        4.240379        0.062831
FIRE:  247 15:28:31        4.240198        0.056014
FIRE:  248 15:28:31        4.240009        0.055943
FIRE:  249 15:28:31        4.239821        0.055956
FIRE:  250 15:28:31        4.239625        0.056088
FIRE:  251 15:28:31        4.239395        0.056666
FIRE:  252 15:28:31        4.239080        0.057093
FIRE:  253 15:28:31        4.238655        0.057302
FIRE:  254 15:28:31        4.238117        0.057909
FIRE:  255 15:28:31        4.237479        0.058631
FIRE:  256 15:28:31        4.236715        0.059275
FIRE:  257 15:28:31        4.235742        0.059713
FIRE:  258 15:28:31        4.234493        0.059996
FIRE:  259 15:28:31        4.232977        0.060502
FIRE:  260 15:28:32        4.231111        0.061741
FIRE:  261 15:28:32        4.228733        0.063721
FIRE:  262 15:28:32        4.225817        0.065562
FIRE:  263 15:28:32        4.222126        0.066126
FIRE:  264 15:28:32        4.217523        0.066599
FIRE:  265 15:28:32        4.211672        0.069954
FIRE:  266 15:28:32        4.204361        0.074386
FIRE:  267 15:28:32        4.195305        0.075405
FIRE:  268 15:28:32        4.184432        0.083610
FIRE:  269 15:28:32        4.172315        0.160852
FIRE:  270 15:28:32        4.162473        0.409239
FIRE:  271 15:28:32        4.156884        0.074234
FIRE:  272 15:28:32        4.159854        0.336534
FIRE:  273 15:28:32        4.158219        0.258265
FIRE:  274 15:28:32        4.156276        0.119729
FIRE:  275 15:28:32        4.155519        0.072025
FIRE:  276 15:28:32        4.155493        0.071961
FIRE:  277 15:28:33        4.155440        0.071836
FIRE:  278 15:28:33        4.155365        0.071655
FIRE:  279 15:28:33        4.155268        0.071429
FIRE:  280 15:28:33        4.155153        0.071167
FIRE:  281 15:28:33        4.155021        0.070884
FIRE:  282 15:28:33        4.154872        0.070592
FIRE:  283 15:28:33        4.154685        0.070273
FIRE:  284 15:28:33        4.154450        0.069936
FIRE:  285 15:28:33        4.154152        0.069593
FIRE:  286 15:28:33        4.153777        0.069247
FIRE:  287 15:28:33        4.153311        0.068893
FIRE:  288 15:28:33        4.152739        0.068496
FIRE:  289 15:28:33        4.152045        0.067986
FIRE:  290 15:28:33        4.151199        0.067258
FIRE:  291 15:28:33        4.150164        0.066212
FIRE:  292 15:28:33        4.148914        0.064820
FIRE:  293 15:28:34        4.147426        0.063178
FIRE:  294 15:28:34        4.145659        0.061426
FIRE:  295 15:28:34        4.143586        0.059501
FIRE:  296 15:28:34        4.141212        0.056892
FIRE:  297 15:28:34        4.138541        0.052951
FIRE:  298 15:28:34        4.135656        0.047817
FIRE:  299 15:28:34        4.132690        0.041880
FIRE:  300 15:28:34        4.129905        0.033014
FIRE:  301 15:28:34        4.127709        0.021024
FIRE:  302 15:28:34        4.126719        0.027150
FIRE:  303 15:28:34        4.128073        0.110306
FIRE:  304 15:28:34        4.127424        0.037907
FIRE:  305 15:28:34        4.127570        0.059674
FIRE:  306 15:28:34        4.127485        0.049681
FIRE:  307 15:28:35        4.127370        0.031350
FIRE:  308 15:28:35        4.127296        0.016941
FIRE:  309 15:28:35        4.127298        0.021071
FIRE:  310 15:28:35        4.127295        0.020049
FIRE:  311 15:28:35        4.127289        0.018059
FIRE:  312 15:28:35        4.127282        0.015487
FIRE:  313 15:28:35        4.127272        0.015574
FIRE:  314 15:28:35        4.127263        0.015664
FIRE:  315 15:28:35        4.127254        0.015742
FIRE:  316 15:28:35        4.127246        0.015791
FIRE:  317 15:28:35        4.127238        0.015793
FIRE:  318 15:28:35        4.127229        0.015716
FIRE:  319 15:28:35        4.127217        0.015526
FIRE:  320 15:28:35        4.127202        0.015191
FIRE:  321 15:28:35        4.127181        0.014682
FIRE:  322 15:28:35        4.127155        0.013985
FIRE:  323 15:28:36        4.127125        0.013110
FIRE:  324 15:28:36        4.127094        0.012126
FIRE:  325 15:28:36        4.127058        0.011143
FIRE:  326 15:28:36        4.127015        0.010246
FIRE:  327 15:28:36        4.126965        0.009410
