      Step     Time          Energy          fmax
FIRE:    0 15:53:10      230.569612      132.889458
FIRE:    1 15:53:10      166.309033       93.566594
FIRE:    2 15:53:10      121.610799       63.270050
FIRE:    3 15:53:10       91.356744       40.481672
FIRE:    4 15:53:10       71.535536       24.205408
FIRE:    5 15:53:10       59.014644       19.086098
FIRE:    6 15:53:10       51.287953       16.307686
FIRE:    7 15:53:10       46.287445       16.370048
FIRE:    8 15:53:10       42.369260       18.862516
FIRE:    9 15:53:10       38.488682       19.670796
FIRE:   10 15:53:10       34.282703       18.861503
FIRE:   11 15:53:10       29.949074       16.822396
FIRE:   12 15:53:10       25.955183       13.939189
FIRE:   13 15:53:10       22.763209       10.595875
FIRE:   14 15:53:10       20.615269        7.325856
FIRE:   15 15:53:10       19.353435       10.574395
FIRE:   16 15:53:10       18.406037       12.747178
FIRE:   17 15:53:10       17.147325       12.514819
FIRE:   18 15:53:11       15.449591       10.015822
FIRE:   19 15:53:11       13.694637        6.871919
FIRE:   20 15:53:11       12.203519        4.925995
FIRE:   21 15:53:11       10.945170        4.552071
FIRE:   22 15:53:11        9.746042        4.476852
FIRE:   23 15:53:11        8.554976        3.972307
FIRE:   24 15:53:11        7.483876        3.082683
FIRE:   25 15:53:11        6.681265        2.094633
FIRE:   26 15:53:11        6.216208        1.267240
FIRE:   27 15:53:11        6.053812        0.862699
FIRE:   28 15:53:11        6.094812        1.156280
FIRE:   29 15:53:11        5.668433        1.030940
FIRE:   30 15:53:11        5.314920        0.874035
FIRE:   31 15:53:11        5.000643        0.721235
FIRE:   32 15:53:11        4.699430        0.627472
FIRE:   33 15:53:11        4.404044        0.570654
FIRE:   34 15:53:11        4.124713        0.507120
FIRE:   35 15:53:11        3.876407        0.466765
FIRE:   36 15:53:11        3.672543        0.386217
FIRE:   37 15:53:11        3.525375        0.288728
FIRE:   38 15:53:11        3.447124        0.374362
FIRE:   39 15:53:11        3.442253        0.614373
FIRE:   40 15:53:11        3.354482        0.472814
FIRE:   41 15:53:11        3.310697        0.309218
FIRE:   42 15:53:11        3.300387        0.310102
FIRE:   43 15:53:11        3.284218        0.311591
FIRE:   44 15:53:12        3.267346        0.311796
FIRE:   45 15:53:12        3.251718        0.306515
FIRE:   46 15:53:12        3.235954        0.291528
FIRE:   47 15:53:12        3.218234        0.265243
FIRE:   48 15:53:12        3.198260        0.228967
FIRE:   49 15:53:12        3.175513        0.181686
FIRE:   50 15:53:12        3.154034        0.167951
FIRE:   51 15:53:12        3.137083        0.179379
FIRE:   52 15:53:12        3.122978        0.167136
FIRE:   53 15:53:12        3.110644        0.140433
FIRE:   54 15:53:12        3.102799        0.114784
FIRE:   55 15:53:12        3.100427        0.117019
FIRE:   56 15:53:12        3.098634        0.105197
FIRE:   57 15:53:12        3.095753        0.098659
FIRE:   58 15:53:12        3.092634        0.097383
FIRE:   59 15:53:12        3.089598        0.095084
FIRE:   60 15:53:12        3.086348        0.093002
FIRE:   61 15:53:12        3.082536        0.096122
FIRE:   62 15:53:12        3.078202        0.099987
FIRE:   63 15:53:12        3.073217        0.103490
FIRE:   64 15:53:13        3.068026        0.104267
FIRE:   65 15:53:13        3.062899        0.100385
FIRE:   66 15:53:13        3.057615        0.093204
FIRE:   67 15:53:13        3.052039        0.087309
FIRE:   68 15:53:13        3.046639        0.086081
FIRE:   69 15:53:13        3.040993        0.084774
FIRE:   70 15:53:13        3.034016        0.078423
FIRE:   71 15:53:13        3.025491        0.078800
FIRE:   72 15:53:13        3.014217        0.068934
FIRE:   73 15:53:13        3.001467        0.074374
FIRE:   74 15:53:13        2.990881        0.197146
FIRE:   75 15:53:13        2.985244        0.057588
FIRE:   76 15:53:13        2.988129        0.157174
FIRE:   77 15:53:13        2.986352        0.117636
FIRE:   78 15:53:13        2.984306        0.061545
FIRE:   79 15:53:13        2.983609        0.061068
FIRE:   80 15:53:13        2.983572        0.061084
FIRE:   81 15:53:13        2.983500        0.061115
FIRE:   82 15:53:13        2.983398        0.061160
FIRE:   83 15:53:13        2.983272        0.061218
FIRE:   84 15:53:13        2.983126        0.061288
FIRE:   85 15:53:13        2.982963        0.061371
FIRE:   86 15:53:13        2.982782        0.061470
FIRE:   87 15:53:13        2.982558        0.061604
FIRE:   88 15:53:14        2.982275        0.061789
FIRE:   89 15:53:14        2.981914        0.062046
FIRE:   90 15:53:14        2.981456        0.062396
FIRE:   91 15:53:14        2.980886        0.062866
FIRE:   92 15:53:14        2.980193        0.063480
FIRE:   93 15:53:14        2.979355        0.064262
FIRE:   94 15:53:14        2.978327        0.065235
FIRE:   95 15:53:14        2.977054        0.066401
FIRE:   96 15:53:14        2.975500        0.067713
FIRE:   97 15:53:14        2.973621        0.069102
FIRE:   98 15:53:14        2.971311        0.070530
FIRE:   99 15:53:14        2.968485        0.072027
FIRE:  100 15:53:14        2.965036        0.073716
FIRE:  101 15:53:14        2.960778        0.075631
FIRE:  102 15:53:14        2.955544        0.077345
FIRE:  103 15:53:14        2.949067        0.078326
FIRE:  104 15:53:14        2.941055        0.078641
FIRE:  105 15:53:14        2.931228        0.077510
FIRE:  106 15:53:14        2.919424        0.072834
FIRE:  107 15:53:14        2.905868        0.064132
FIRE:  108 15:53:14        2.893656        0.135817
FIRE:  109 15:53:14        2.917453        0.536888
FIRE:  110 15:53:14        2.880423        0.173046
FIRE:  111 15:53:14        2.877676        0.118249
FIRE:  112 15:53:14        2.875353        0.038761
FIRE:  113 15:53:14        2.875750        0.085360
FIRE:  114 15:53:14        2.875568        0.078868
FIRE:  115 15:53:14        2.875253        0.066468
FIRE:  116 15:53:15        2.874886        0.049344
FIRE:  117 15:53:15        2.874552        0.039192
FIRE:  118 15:53:15        2.874310        0.039262
FIRE:  119 15:53:15        2.874156        0.039299
FIRE:  120 15:53:15        2.874031        0.039338
FIRE:  121 15:53:15        2.873838        0.045695
FIRE:  122 15:53:15        2.873500        0.046001
FIRE:  123 15:53:15        2.872986        0.039904
FIRE:  124 15:53:15        2.872352        0.040273
FIRE:  125 15:53:15        2.871724        0.040638
FIRE:  126 15:53:15        2.871126        0.040945
FIRE:  127 15:53:15        2.870360        0.041238
FIRE:  128 15:53:15        2.869290        0.041540
FIRE:  129 15:53:15        2.868115        0.041722
FIRE:  130 15:53:15        2.866908        0.041747
FIRE:  131 15:53:15        2.865291        0.041800
FIRE:  132 15:53:15        2.863469        0.041673
FIRE:  133 15:53:15        2.861378        0.041131
FIRE:  134 15:53:15        2.858832        0.039993
FIRE:  135 15:53:15        2.855975        0.037936
FIRE:  136 15:53:15        2.852892        0.034663
FIRE:  137 15:53:15        2.849507        0.029845
FIRE:  138 15:53:15        2.846290        0.022948
FIRE:  139 15:53:15        2.843745        0.039934
FIRE:  140 15:53:15        2.843861        0.111753
FIRE:  141 15:53:15        2.841936        0.007388
