      Step     Time          Energy          fmax
FIRE:    0 15:56:17      149.774437       61.534461
FIRE:    1 15:56:17      119.115718       42.104600
FIRE:    2 15:56:17       97.862778       28.679956
FIRE:    3 15:56:17       83.125436       19.115891
FIRE:    4 15:56:17       72.831483       18.947882
FIRE:    5 15:56:17       65.471568       18.597078
FIRE:    6 15:56:17       59.949639       18.001732
FIRE:    7 15:56:17       55.492841       17.148166
FIRE:    8 15:56:17       51.564890       16.065630
FIRE:    9 15:56:17       47.822441       14.823657
FIRE:   10 15:56:17       44.069985       13.510635
FIRE:   11 15:56:17       40.242392       12.213302
FIRE:   12 15:56:17       36.395517       11.001777
FIRE:   13 15:56:17       32.667885        9.924973
FIRE:   14 15:56:17       29.216625        8.996701
FIRE:   15 15:56:17       26.162060        8.204249
FIRE:   16 15:56:17       23.559129        7.525531
FIRE:   17 15:56:17       21.398186        6.934895
FIRE:   18 15:56:17       19.623985        6.399210
FIRE:   19 15:56:17       18.156810        5.892622
FIRE:   20 15:56:18       16.907396        5.395733
FIRE:   21 15:56:18       15.794115        4.893363
FIRE:   22 15:56:18       14.755041        4.378130
FIRE:   23 15:56:18       13.757333        3.845604
FIRE:   24 15:56:18       12.799324        3.297397
FIRE:   25 15:56:18       11.900902        2.745298
FIRE:   26 15:56:18       11.090642        2.205089
FIRE:   27 15:56:18       10.394614        1.714589
FIRE:   28 15:56:18        9.826385        1.517978
FIRE:   29 15:56:18        9.381914        1.346303
FIRE:   30 15:56:18        9.046402        1.174491
FIRE:   31 15:56:18        8.806874        1.013446
FIRE:   32 15:56:18        8.650683        0.932515
FIRE:   33 15:56:18        8.557399        0.970397
FIRE:   34 15:56:18        8.495215        1.051711
FIRE:   35 15:56:18        8.431444        1.085652
FIRE:   36 15:56:18        8.347787        1.038712
FIRE:   37 15:56:18        8.244787        0.926501
FIRE:   38 15:56:18        8.132491        0.824232
FIRE:   39 15:56:18        8.019596        0.845153
FIRE:   40 15:56:18        7.911417        0.846927
FIRE:   41 15:56:18        7.814090        0.861441
FIRE:   42 15:56:18        7.741771        0.913720
FIRE:   43 15:56:18        7.720409        0.903392
FIRE:   44 15:56:18        7.360871        0.856793
FIRE:   45 15:56:18        7.118805        0.737097
FIRE:   46 15:56:18        6.938209        0.594571
FIRE:   47 15:56:18        6.774133        0.480356
FIRE:   48 15:56:18        6.640284        0.412580
FIRE:   49 15:56:19        6.562890        0.371219
FIRE:   50 15:56:19        6.517583        0.412280
FIRE:   51 15:56:19        6.457323        0.470147
FIRE:   52 15:56:19        6.368915        0.432029
FIRE:   53 15:56:19        6.249924        0.414148
FIRE:   54 15:56:19        6.140436        0.412605
FIRE:   55 15:56:19        6.045004        0.386975
FIRE:   56 15:56:19        5.924508        0.307161
FIRE:   57 15:56:19        5.799736        0.226116
FIRE:   58 15:56:19        5.689032        0.347366
FIRE:   59 15:56:19        5.572419        0.475708
FIRE:   60 15:56:19        5.454926        0.580407
FIRE:   61 15:56:19        5.334897        0.648922
FIRE:   62 15:56:19        5.198113        0.682025
FIRE:   63 15:56:19        5.050900        0.685573
FIRE:   64 15:56:19        4.898209        0.674016
FIRE:   65 15:56:19        4.736805        0.662107
FIRE:   66 15:56:19        4.570789        0.656679
FIRE:   67 15:56:19        4.402359        0.657334
FIRE:   68 15:56:19        4.233705        0.661148
FIRE:   69 15:56:19        4.070069        0.661211
FIRE:   70 15:56:20        3.914172        0.648873
FIRE:   71 15:56:20        3.766001        0.624988
FIRE:   72 15:56:20        3.629234        0.577304
FIRE:   73 15:56:20        3.511178        0.502852
FIRE:   74 15:56:20        3.416802        0.405502
FIRE:   75 15:56:20        3.350285        0.334638
FIRE:   76 15:56:20        3.309022        0.578444
FIRE:   77 15:56:20        3.274700        0.777380
FIRE:   78 15:56:20        3.218302        0.861528
FIRE:   79 15:56:20        3.120320        0.808052
FIRE:   80 15:56:20        2.983707        0.655577
FIRE:   81 15:56:20        2.828449        0.459627
FIRE:   82 15:56:20        2.681975        0.279541
FIRE:   83 15:56:20        2.569295        0.245082
FIRE:   84 15:56:20        2.503087        0.342830
FIRE:   85 15:56:20        2.479874        0.566475
FIRE:   86 15:56:20        2.428362        0.595482
FIRE:   87 15:56:20        2.360783        0.255197
FIRE:   88 15:56:20        2.388958        0.566539
FIRE:   89 15:56:20        2.366154        0.412675
FIRE:   90 15:56:20        2.341631        0.230361
FIRE:   91 15:56:20        2.334306        0.220674
FIRE:   92 15:56:21        2.333692        0.220242
FIRE:   93 15:56:21        2.332522        0.219351
FIRE:   94 15:56:21        2.330897        0.217951
FIRE:   95 15:56:21        2.328940        0.215980
FIRE:   96 15:56:21        2.326761        0.213380
FIRE:   97 15:56:21        2.324429        0.210118
FIRE:   98 15:56:21        2.321956        0.206202
FIRE:   99 15:56:21        2.319005        0.201178
FIRE:  100 15:56:21        2.315398        0.194895
FIRE:  101 15:56:21        2.310930        0.187188
FIRE:  102 15:56:21        2.305484        0.177812
FIRE:  103 15:56:21        2.299146        0.166393
FIRE:  104 15:56:21        2.292182        0.152526
FIRE:  105 15:56:21        2.284737        0.136154
FIRE:  106 15:56:21        2.276673        0.117843
FIRE:  107 15:56:21        2.268179        0.098189
FIRE:  108 15:56:21        2.260281        0.088357
FIRE:  109 15:56:21        2.253586        0.077524
FIRE:  110 15:56:21        2.248548        0.059749
FIRE:  111 15:56:21        2.246471        0.044423
FIRE:  112 15:56:21        2.246301        0.037650
FIRE:  113 15:56:21        2.246017        0.036412
FIRE:  114 15:56:21        2.245689        0.036251
FIRE:  115 15:56:21        2.245355        0.035946
FIRE:  116 15:56:21        2.244993        0.035406
FIRE:  117 15:56:21        2.244559        0.034581
FIRE:  118 15:56:21        2.244044        0.033497
FIRE:  119 15:56:21        2.243426        0.032137
FIRE:  120 15:56:22        2.242762        0.030742
FIRE:  121 15:56:22        2.242035        0.030892
FIRE:  122 15:56:22        2.241130        0.033600
FIRE:  123 15:56:22        2.240007        0.036197
FIRE:  124 15:56:22        2.238718        0.037883
FIRE:  125 15:56:22        2.237091        0.037809
FIRE:  126 15:56:22        2.235065        0.038528
FIRE:  127 15:56:22        2.232663        0.042349
FIRE:  128 15:56:22        2.229716        0.046475
FIRE:  129 15:56:22        2.226196        0.046612
FIRE:  130 15:56:22        2.221958        0.042148
FIRE:  131 15:56:22        2.216833        0.046782
FIRE:  132 15:56:22        2.211154        0.084311
FIRE:  133 15:56:22        2.208084        0.215185
FIRE:  134 15:56:22        2.202887        0.047073
FIRE:  135 15:56:22        2.202827        0.046906
FIRE:  136 15:56:22        2.202713        0.046543
FIRE:  137 15:56:22        2.202551        0.045938
FIRE:  138 15:56:22        2.202343        0.045053
FIRE:  139 15:56:22        2.202083        0.043886
FIRE:  140 15:56:22        2.201770        0.042490
FIRE:  141 15:56:22        2.201408        0.040982
FIRE:  142 15:56:22        2.200956        0.039372
FIRE:  143 15:56:22        2.200390        0.037902
FIRE:  144 15:56:23        2.199677        0.036816
FIRE:  145 15:56:23        2.198788        0.036172
FIRE:  146 15:56:23        2.197688        0.036505
FIRE:  147 15:56:23        2.196321        0.035831
FIRE:  148 15:56:23        2.194643        0.035181
FIRE:  149 15:56:23        2.192587        0.036332
FIRE:  150 15:56:23        2.190094        0.037922
FIRE:  151 15:56:23        2.187082        0.038242
FIRE:  152 15:56:23        2.183478        0.039521
FIRE:  153 15:56:23        2.179253        0.036971
FIRE:  154 15:56:23        2.174776        0.068988
FIRE:  155 15:56:23        2.174108        0.236749
FIRE:  156 15:56:23        2.168986        0.036929
FIRE:  157 15:56:23        2.168935        0.036593
FIRE:  158 15:56:23        2.168854        0.036011
FIRE:  159 15:56:23        2.168760        0.035365
FIRE:  160 15:56:23        2.168647        0.034887
FIRE:  161 15:56:23        2.168497        0.034745
FIRE:  162 15:56:23        2.168303        0.034970
FIRE:  163 15:56:23        2.168081        0.035448
FIRE:  164 15:56:24        2.167817        0.036002
FIRE:  165 15:56:24        2.167486        0.036284
FIRE:  166 15:56:24        2.167056        0.036034
FIRE:  167 15:56:24        2.166530        0.035371
FIRE:  168 15:56:24        2.165888        0.035022
FIRE:  169 15:56:24        2.165080        0.035502
FIRE:  170 15:56:24        2.164107        0.035880
FIRE:  171 15:56:24        2.162898        0.034725
FIRE:  172 15:56:24        2.161439        0.033702
FIRE:  173 15:56:24        2.159669        0.034560
FIRE:  174 15:56:24        2.157533        0.032434
FIRE:  175 15:56:24        2.155025        0.035650
FIRE:  176 15:56:24        2.152505        0.089045
FIRE:  177 15:56:24        2.153182        0.253103
FIRE:  178 15:56:24        2.148248        0.034713
FIRE:  179 15:56:24        2.148188        0.035136
FIRE:  180 15:56:24        2.148101        0.035843
FIRE:  181 15:56:24        2.148018        0.036580
FIRE:  182 15:56:24        2.147930        0.037052
FIRE:  183 15:56:24        2.147803        0.037087
FIRE:  184 15:56:24        2.147628        0.036675
FIRE:  185 15:56:24        2.147425        0.035948
FIRE:  186 15:56:24        2.147195        0.035105
FIRE:  187 15:56:25        2.146914        0.034638
FIRE:  188 15:56:25        2.146531        0.034944
FIRE:  189 15:56:25        2.146059        0.035932
FIRE:  190 15:56:25        2.145493        0.036685
FIRE:  191 15:56:25        2.144754        0.036379
FIRE:  192 15:56:25        2.143863        0.035725
FIRE:  193 15:56:25        2.142724        0.036815
FIRE:  194 15:56:25        2.141334        0.038519
FIRE:  195 15:56:25        2.139571        0.037685
FIRE:  196 15:56:25        2.137356        0.039859
FIRE:  197 15:56:25        2.134544        0.040702
FIRE:  198 15:56:25        2.130921        0.043408
FIRE:  199 15:56:25        2.126297        0.043476
FIRE:  200 15:56:25        2.123044        0.207208
FIRE:  201 15:56:25        2.120100        0.064783
FIRE:  202 15:56:25        2.119885        0.047403
FIRE:  203 15:56:25        2.119644        0.049160
FIRE:  204 15:56:25        2.119514        0.050894
FIRE:  205 15:56:25        2.119391        0.051887
FIRE:  206 15:56:25        2.119110        0.051905
FIRE:  207 15:56:25        2.118687        0.051045
FIRE:  208 15:56:25        2.118270        0.049700
FIRE:  209 15:56:25        2.117860        0.048552
FIRE:  210 15:56:25        2.117278        0.048607
FIRE:  211 15:56:26        2.116444        0.050256
FIRE:  212 15:56:26        2.115538        0.052536
FIRE:  213 15:56:26        2.114352        0.053247
FIRE:  214 15:56:26        2.112817        0.051966
FIRE:  215 15:56:26        2.110968        0.052268
FIRE:  216 15:56:26        2.108571        0.055977
FIRE:  217 15:56:26        2.105524        0.056842
FIRE:  218 15:56:26        2.101739        0.056683
FIRE:  219 15:56:26        2.097026        0.067517
FIRE:  220 15:56:26        2.091567        0.124989
FIRE:  221 15:56:26        2.088284        0.294616
FIRE:  222 15:56:26        2.082319        0.068508
FIRE:  223 15:56:26        2.082239        0.068658
FIRE:  224 15:56:26        2.082084        0.068919
FIRE:  225 15:56:26        2.081859        0.069215
FIRE:  226 15:56:26        2.081561        0.069462
FIRE:  227 15:56:26        2.081187        0.069595
FIRE:  228 15:56:26        2.080732        0.069599
FIRE:  229 15:56:26        2.080198        0.069521
FIRE:  230 15:56:26        2.079520        0.069453
FIRE:  231 15:56:26        2.078659        0.069571
FIRE:  232 15:56:26        2.077562        0.070055
FIRE:  233 15:56:26        2.076173        0.070930
FIRE:  234 15:56:27        2.074423        0.071952
FIRE:  235 15:56:27        2.072206        0.072843
FIRE:  236 15:56:27        2.069403        0.073854
FIRE:  237 15:56:27        2.065843        0.075794
FIRE:  238 15:56:27        2.061311        0.078608
FIRE:  239 15:56:27        2.055504        0.081290
FIRE:  240 15:56:27        2.048014        0.085419
FIRE:  241 15:56:27        2.038265        0.090633
FIRE:  242 15:56:27        2.025444        0.095925
FIRE:  243 15:56:27        2.008626        0.107143
FIRE:  244 15:56:27        1.991976        0.317486
FIRE:  245 15:56:27        2.064813        1.444364
FIRE:  246 15:56:27        2.000223        0.817074
FIRE:  247 15:56:27        1.974887        0.533488
FIRE:  248 15:56:27        1.956176        0.130063
FIRE:  249 15:56:27        1.966559        0.450225
FIRE:  250 15:56:27        1.964291        0.406268
FIRE:  251 15:56:27        1.960585        0.323672
FIRE:  252 15:56:27        1.956763        0.212101
FIRE:  253 15:56:27        1.954114        0.134540
FIRE:  254 15:56:27        1.953355        0.130024
FIRE:  255 15:56:27        1.953328        0.130065
FIRE:  256 15:56:27        1.953273        0.130146
FIRE:  257 15:56:27        1.953192        0.130264
FIRE:  258 15:56:27        1.953088        0.130416
FIRE:  259 15:56:28        1.952961        0.130598
FIRE:  260 15:56:28        1.952813        0.130802
FIRE:  261 15:56:28        1.952648        0.131023
FIRE:  262 15:56:28        1.952444        0.131277
FIRE:  263 15:56:28        1.952197        0.131557
FIRE:  264 15:56:28        1.951896        0.131851
FIRE:  265 15:56:28        1.951528        0.132140
FIRE:  266 15:56:28        1.951075        0.132396
FIRE:  267 15:56:28        1.950512        0.132588
FIRE:  268 15:56:28        1.949808        0.132682
FIRE:  269 15:56:28        1.948929        0.132656
FIRE:  270 15:56:28        1.947842        0.132514
FIRE:  271 15:56:28        1.946513        0.132309
FIRE:  272 15:56:28        1.944893        0.132170
FIRE:  273 15:56:28        1.942902        0.132300
FIRE:  274 15:56:28        1.940430        0.132914
FIRE:  275 15:56:28        1.937363        0.134120
FIRE:  276 15:56:28        1.933583        0.135795
FIRE:  277 15:56:28        1.928888        0.137634
FIRE:  278 15:56:28        1.922999        0.139507
FIRE:  279 15:56:28        1.915630        0.141988
FIRE:  280 15:56:28        1.906319        0.146344
FIRE:  281 15:56:28        1.894467        0.153113
FIRE:  282 15:56:28        1.879248        0.161165
FIRE:  283 15:56:28        1.859508        0.170638
FIRE:  284 15:56:29        1.833574        0.184523
FIRE:  285 15:56:29        1.799090        0.200282
FIRE:  286 15:56:29        1.752649        0.216716
FIRE:  287 15:56:29        1.694868        0.230066
FIRE:  288 15:56:29        1.633764        0.235951
FIRE:  289 15:56:29        1.571551        0.294213
FIRE:  290 15:56:29        1.511996        0.513376
FIRE:  291 15:56:29        1.448386        0.667878
FIRE:  292 15:56:29        1.447235        0.739467
FIRE:  293 15:56:29        1.423349        0.356369
FIRE:  294 15:56:29        1.414940        0.281809
FIRE:  295 15:56:29        1.413851        0.281495
FIRE:  296 15:56:29        1.411969        0.280873
FIRE:  297 15:56:29        1.409725        0.279992
FIRE:  298 15:56:29        1.407423        0.278990
FIRE:  299 15:56:29        1.405047        0.278119
FIRE:  300 15:56:29        1.402289        0.277659
FIRE:  301 15:56:29        1.398813        0.277799
FIRE:  302 15:56:29        1.393989        0.278693
FIRE:  303 15:56:29        1.387743        0.280346
FIRE:  304 15:56:29        1.380268        0.282459
FIRE:  305 15:56:29        1.371401        0.284463
FIRE:  306 15:56:29        1.360074        0.285836
FIRE:  307 15:56:30        1.345297        0.286326
FIRE:  308 15:56:30        1.327201        0.286153
FIRE:  309 15:56:30        1.304842        0.286599
FIRE:  310 15:56:30        1.275909        0.288627
FIRE:  311 15:56:30        1.240047        0.290466
FIRE:  312 15:56:30        1.193963        0.289506
FIRE:  313 15:56:30        1.135653        0.285782
FIRE:  314 15:56:30        1.059765        0.281085
FIRE:  315 15:56:30        0.961599        0.267489
FIRE:  316 15:56:30        0.856807        0.245488
FIRE:  317 15:56:30        0.745797        0.221680
FIRE:  318 15:56:30        0.628044        0.200916
FIRE:  319 15:56:30        0.504017        0.212909
FIRE:  320 15:56:30        0.374996        0.209795
FIRE:  321 15:56:30        0.246241        0.238470
FIRE:  322 15:56:30        0.127318        0.266560
FIRE:  323 15:56:30        0.032531        0.259684
FIRE:  324 15:56:30       -0.025374        0.220142
FIRE:  325 15:56:30       -0.051329        0.212241
FIRE:  326 15:56:30       -0.072016        0.287556
FIRE:  327 15:56:30       -0.111588        0.269629
FIRE:  328 15:56:30       -0.161851        0.229962
FIRE:  329 15:56:30       -0.200653        0.180937
FIRE:  330 15:56:30       -0.197217        0.176942
FIRE:  331 15:56:30       -0.211316        0.421283
FIRE:  332 15:56:30       -0.216728        0.390454
FIRE:  333 15:56:30       -0.223207        0.209826
FIRE:  334 15:56:30       -0.225879        0.083555
FIRE:  335 15:56:31       -0.226028        0.075233
FIRE:  336 15:56:31       -0.226285        0.060237
FIRE:  337 15:56:31       -0.226587        0.046441
FIRE:  338 15:56:31       -0.226880        0.046124
FIRE:  339 15:56:31       -0.227141        0.045692
FIRE:  340 15:56:31       -0.227388        0.045997
FIRE:  341 15:56:31       -0.227655        0.050280
FIRE:  342 15:56:31       -0.227991        0.045108
FIRE:  343 15:56:31       -0.228379        0.042773
FIRE:  344 15:56:31       -0.228753        0.041503
FIRE:  345 15:56:31       -0.229064        0.039826
FIRE:  346 15:56:31       -0.229386        0.042090
FIRE:  347 15:56:31       -0.229820        0.035219
FIRE:  348 15:56:31       -0.230311        0.032160
FIRE:  349 15:56:31       -0.230768        0.030614
FIRE:  350 15:56:31       -0.231279        0.023853
FIRE:  351 15:56:31       -0.231679        0.018483
FIRE:  352 15:56:31       -0.231856        0.023227
FIRE:  353 15:56:31       -0.231902        0.020392
FIRE:  354 15:56:31       -0.231924        0.016425
FIRE:  355 15:56:31       -0.231958        0.011999
FIRE:  356 15:56:31       -0.231993        0.009340
