      Step     Time          Energy          fmax
FIRE:    0 15:57:06      110.053723       77.240543
FIRE:    1 15:57:06       77.554604       47.345642
FIRE:    2 15:57:06       56.398840       33.033760
FIRE:    3 15:57:06       42.089198       24.960450
FIRE:    4 15:57:06       32.012332       18.697302
FIRE:    5 15:57:06       24.717668       15.171833
FIRE:    6 15:57:06       19.416842       11.714283
FIRE:    7 15:57:06       15.662637        8.539716
FIRE:    8 15:57:06       13.162587        5.853446
FIRE:    9 15:57:06       11.689680        3.897803
FIRE:   10 15:57:07       11.017988        4.178811
FIRE:   11 15:57:07       10.881990        5.797639
FIRE:   12 15:57:07        9.907647        4.127440
FIRE:   13 15:57:07        8.699458        2.410517
FIRE:   14 15:57:07        7.843509        1.861533
FIRE:   15 15:57:07        7.405694        2.284791
FIRE:   16 15:57:07        7.166225        2.403425
FIRE:   17 15:57:07        6.932897        2.292539
FIRE:   18 15:57:07        6.650306        2.040804
FIRE:   19 15:57:07        6.333373        1.678220
FIRE:   20 15:57:07        6.076374        1.504849
FIRE:   21 15:57:07        5.929416        1.166754
FIRE:   22 15:57:07        5.876012        1.374001
FIRE:   23 15:57:07        5.853436        1.310406
FIRE:   24 15:57:07        5.811801        1.190586
FIRE:   25 15:57:07        5.757201        1.027381
FIRE:   26 15:57:07        5.696789        0.836094
FIRE:   27 15:57:07        5.637182        0.631888
FIRE:   28 15:57:07        5.583214        0.452675
FIRE:   29 15:57:07        5.537199        0.473574
FIRE:   30 15:57:07        5.495233        0.494786
FIRE:   31 15:57:07        5.456401        0.492186
FIRE:   32 15:57:07        5.417066        0.556920
FIRE:   33 15:57:07        5.372369        0.604758
FIRE:   34 15:57:07        5.318922        0.548732
FIRE:   35 15:57:07        5.256503        0.482319
FIRE:   36 15:57:07        5.185512        0.512080
FIRE:   37 15:57:07        5.101575        0.535706
FIRE:   38 15:57:07        4.996324        0.485477
FIRE:   39 15:57:07        4.864625        0.477124
FIRE:   40 15:57:07        4.705484        0.505334
FIRE:   41 15:57:08        4.544501        0.481741
FIRE:   42 15:57:08        4.398069        0.493491
FIRE:   43 15:57:08        4.261844        0.500793
FIRE:   44 15:57:08        4.133389        0.458456
FIRE:   45 15:57:08        4.009226        0.565504
FIRE:   46 15:57:08        3.879865        0.569089
FIRE:   47 15:57:08        3.751899        0.498351
FIRE:   48 15:57:08        3.636944        0.506880
FIRE:   49 15:57:08        3.523720        0.475677
FIRE:   50 15:57:08        3.401428        0.553902
FIRE:   51 15:57:08        3.266096        0.534105
FIRE:   52 15:57:08        3.109400        0.491288
FIRE:   53 15:57:08        2.935569        0.508768
FIRE:   54 15:57:08        2.764020        0.385665
FIRE:   55 15:57:08        2.611691        0.439174
FIRE:   56 15:57:08        2.468144        0.375507
FIRE:   57 15:57:08        2.332765        0.431538
FIRE:   58 15:57:08        2.222075        0.429723
FIRE:   59 15:57:08        2.130902        0.449060
FIRE:   60 15:57:08        2.045572        0.437415
FIRE:   61 15:57:08        1.967729        0.452502
FIRE:   62 15:57:08        1.907995        0.337560
FIRE:   63 15:57:08        1.870456        0.440910
FIRE:   64 15:57:08        1.794771        0.555665
FIRE:   65 15:57:08        1.759985        0.588631
FIRE:   66 15:57:08        1.749909        0.345770
FIRE:   67 15:57:08        1.741550        0.255626
FIRE:   68 15:57:08        1.735515        0.504635
FIRE:   69 15:57:08        1.722597        0.477768
FIRE:   70 15:57:08        1.705019        0.235793
FIRE:   71 15:57:08        1.690088        0.350482
FIRE:   72 15:57:08        1.673350        0.454960
FIRE:   73 15:57:09        1.647468        0.329750
FIRE:   74 15:57:09        1.617736        0.345038
FIRE:   75 15:57:09        1.579310        0.438796
FIRE:   76 15:57:09        1.523425        0.317488
FIRE:   77 15:57:09        1.450335        0.489037
FIRE:   78 15:57:09        1.344469        0.309306
FIRE:   79 15:57:09        1.224739        0.420048
FIRE:   80 15:57:09        1.098604        0.365311
FIRE:   81 15:57:09        0.969347        0.415265
FIRE:   82 15:57:09        0.835531        0.372218
FIRE:   83 15:57:09        0.708372        0.289932
FIRE:   84 15:57:09        0.598931        0.247098
FIRE:   85 15:57:09        0.515370        0.226371
FIRE:   86 15:57:09        0.470967        0.209853
FIRE:   87 15:57:09        0.479516        0.289409
FIRE:   88 15:57:09        0.451016        0.192681
FIRE:   89 15:57:09        0.432402        0.123914
FIRE:   90 15:57:09        0.429871        0.206967
FIRE:   91 15:57:09        0.427239        0.184986
FIRE:   92 15:57:09        0.423130        0.143886
FIRE:   93 15:57:09        0.419252        0.089535
FIRE:   94 15:57:09        0.416930        0.062360
FIRE:   95 15:57:09        0.416257        0.059445
FIRE:   96 15:57:09        0.416129        0.059259
FIRE:   97 15:57:09        0.415887        0.058888
FIRE:   98 15:57:09        0.415556        0.058331
FIRE:   99 15:57:09        0.415168        0.057590
FIRE:  100 15:57:09        0.414755        0.056670
FIRE:  101 15:57:10        0.414346        0.055581
FIRE:  102 15:57:10        0.413957        0.054345
FIRE:  103 15:57:10        0.413553        0.052850
FIRE:  104 15:57:10        0.413121        0.051109
FIRE:  105 15:57:10        0.412629        0.049163
FIRE:  106 15:57:10        0.412030        0.047067
FIRE:  107 15:57:10        0.411288        0.044862
FIRE:  108 15:57:10        0.410407        0.042550
FIRE:  109 15:57:10        0.409440        0.040067
FIRE:  110 15:57:10        0.408455        0.037291
FIRE:  111 15:57:10        0.407457        0.034131
FIRE:  112 15:57:10        0.406387        0.030711
FIRE:  113 15:57:10        0.405213        0.027515
FIRE:  114 15:57:10        0.403940        0.025351
FIRE:  115 15:57:10        0.402499        0.025389
FIRE:  116 15:57:10        0.400757        0.030742
FIRE:  117 15:57:10        0.398635        0.031534
FIRE:  118 15:57:11        0.396084        0.033100
FIRE:  119 15:57:11        0.393055        0.033198
FIRE:  120 15:57:11        0.389713        0.030492
FIRE:  121 15:57:11        0.386076        0.026212
FIRE:  122 15:57:11        0.382456        0.026516
FIRE:  123 15:57:11        0.379432        0.077657
FIRE:  124 15:57:11        0.383403        0.340287
FIRE:  125 15:57:11        0.376518        0.136301
FIRE:  126 15:57:11        0.375979        0.095846
FIRE:  127 15:57:11        0.375479        0.028469
FIRE:  128 15:57:11        0.375435        0.056031
FIRE:  129 15:57:11        0.375394        0.052278
FIRE:  130 15:57:11        0.375321        0.045105
FIRE:  131 15:57:11        0.375232        0.035188
FIRE:  132 15:57:11        0.375139        0.027612
FIRE:  133 15:57:11        0.375055        0.027589
FIRE:  134 15:57:11        0.374977        0.027566
FIRE:  135 15:57:11        0.374897        0.033847
FIRE:  136 15:57:11        0.374791        0.039367
FIRE:  137 15:57:11        0.374642        0.039337
FIRE:  138 15:57:11        0.374440        0.032593
FIRE:  139 15:57:11        0.374196        0.027616
FIRE:  140 15:57:11        0.373927        0.027690
FIRE:  141 15:57:11        0.373625        0.027784
FIRE:  142 15:57:11        0.373248        0.028258
FIRE:  143 15:57:11        0.372774        0.028017
FIRE:  144 15:57:11        0.372237        0.028164
FIRE:  145 15:57:11        0.371622        0.028382
FIRE:  146 15:57:11        0.370857        0.028721
FIRE:  147 15:57:11        0.369990        0.029145
FIRE:  148 15:57:11        0.368950        0.029525
FIRE:  149 15:57:11        0.367743        0.029820
FIRE:  150 15:57:11        0.366299        0.030231
FIRE:  151 15:57:12        0.364643        0.030655
FIRE:  152 15:57:12        0.362705        0.030714
FIRE:  153 15:57:12        0.360466        0.034065
FIRE:  154 15:57:12        0.357983        0.051244
FIRE:  155 15:57:12        0.355810        0.131027
FIRE:  156 15:57:12        0.358856        0.336958
FIRE:  157 15:57:12        0.351414        0.047953
FIRE:  158 15:57:12        0.351320        0.036257
FIRE:  159 15:57:12        0.351188        0.032142
FIRE:  160 15:57:12        0.351066        0.032106
FIRE:  161 15:57:12        0.350938        0.032118
FIRE:  162 15:57:12        0.350752        0.032187
FIRE:  163 15:57:12        0.350494        0.032310
FIRE:  164 15:57:12        0.350203        0.032473
FIRE:  165 15:57:12        0.349881        0.032664
FIRE:  166 15:57:12        0.349487        0.032829
FIRE:  167 15:57:12        0.348956        0.032936
FIRE:  168 15:57:12        0.348322        0.033038
FIRE:  169 15:57:12        0.347569        0.033282
FIRE:  170 15:57:12        0.346594        0.033766
FIRE:  171 15:57:12        0.345443        0.034423
FIRE:  172 15:57:12        0.343957        0.035053
FIRE:  173 15:57:12        0.342132        0.035966
FIRE:  174 15:57:12        0.339765        0.037590
FIRE:  175 15:57:12        0.336650        0.039506
FIRE:  176 15:57:12        0.332465        0.042550
FIRE:  177 15:57:12        0.326707        0.046295
FIRE:  178 15:57:12        0.319139        0.099243
FIRE:  179 15:57:12        0.316835        0.398633
FIRE:  180 15:57:12        0.307449        0.108092
FIRE:  181 15:57:12        0.306950        0.074047
FIRE:  182 15:57:12        0.306377        0.057440
FIRE:  183 15:57:12        0.306042        0.057551
FIRE:  184 15:57:13        0.305716        0.074955
FIRE:  185 15:57:13        0.305028        0.074774
FIRE:  186 15:57:13        0.303999        0.058990
FIRE:  187 15:57:13        0.302950        0.059761
FIRE:  188 15:57:13        0.301886        0.060697
FIRE:  189 15:57:13        0.300407        0.061820
FIRE:  190 15:57:13        0.298276        0.062484
FIRE:  191 15:57:13        0.295868        0.063575
FIRE:  192 15:57:13        0.292730        0.065188
FIRE:  193 15:57:13        0.288548        0.067428
FIRE:  194 15:57:13        0.283415        0.069949
FIRE:  195 15:57:13        0.276548        0.072237
FIRE:  196 15:57:13        0.267702        0.075133
FIRE:  197 15:57:13        0.256408        0.078468
FIRE:  198 15:57:13        0.242009        0.100725
FIRE:  199 15:57:13        0.224906        0.186542
FIRE:  200 15:57:13        0.211341        0.434432
FIRE:  201 15:57:13        0.200142        0.080998
FIRE:  202 15:57:13        0.206803        0.393753
FIRE:  203 15:57:13        0.202919        0.294820
FIRE:  204 15:57:13        0.198626        0.123434
FIRE:  205 15:57:13        0.197506        0.080589
FIRE:  206 15:57:13        0.197422        0.080600
FIRE:  207 15:57:13        0.197264        0.080622
FIRE:  208 15:57:13        0.197047        0.080655
FIRE:  209 15:57:13        0.196791        0.080697
FIRE:  210 15:57:13        0.196510        0.080747
FIRE:  211 15:57:13        0.196212        0.080800
FIRE:  212 15:57:13        0.195893        0.080850
FIRE:  213 15:57:13        0.195503        0.080893
FIRE:  214 15:57:13        0.195005        0.080917
FIRE:  215 15:57:14        0.194355        0.080908
FIRE:  216 15:57:14        0.193515        0.080855
FIRE:  217 15:57:14        0.192471        0.080751
FIRE:  218 15:57:14        0.191218        0.080598
FIRE:  219 15:57:14        0.189717        0.080406
FIRE:  220 15:57:14        0.187862        0.080173
FIRE:  221 15:57:14        0.185543        0.079883
FIRE:  222 15:57:14        0.182736        0.079492
FIRE:  223 15:57:14        0.179377        0.078897
FIRE:  224 15:57:14        0.175258        0.077959
FIRE:  225 15:57:14        0.170319        0.076616
FIRE:  226 15:57:14        0.164436        0.074877
FIRE:  227 15:57:14        0.157437        0.072634
FIRE:  228 15:57:14        0.149275        0.069519
FIRE:  229 15:57:14        0.139934        0.065266
FIRE:  230 15:57:14        0.129511        0.059876
FIRE:  231 15:57:14        0.118462        0.052420
FIRE:  232 15:57:14        0.108110        0.110398
FIRE:  233 15:57:14        0.103195        0.302242
FIRE:  234 15:57:14        0.098120        0.034781
FIRE:  235 15:57:14        0.101505        0.256917
FIRE:  236 15:57:14        0.100034        0.199732
FIRE:  237 15:57:14        0.098309        0.098354
FIRE:  238 15:57:14        0.097734        0.028858
FIRE:  239 15:57:14        0.097726        0.028851
FIRE:  240 15:57:14        0.097709        0.028835
FIRE:  241 15:57:14        0.097686        0.028812
FIRE:  242 15:57:14        0.097658        0.028781
FIRE:  243 15:57:14        0.097626        0.028741
FIRE:  244 15:57:14        0.097592        0.028693
FIRE:  245 15:57:14        0.097556        0.028636
FIRE:  246 15:57:15        0.097511        0.028562
FIRE:  247 15:57:15        0.097456        0.028466
FIRE:  248 15:57:15        0.097385        0.028342
FIRE:  249 15:57:15        0.097294        0.028184
FIRE:  250 15:57:15        0.097181        0.027983
FIRE:  251 15:57:15        0.097044        0.027731
FIRE:  252 15:57:15        0.096881        0.027415
FIRE:  253 15:57:15        0.096686        0.027025
FIRE:  254 15:57:15        0.096448        0.026546
FIRE:  255 15:57:15        0.096160        0.025959
FIRE:  256 15:57:15        0.095825        0.025241
FIRE:  257 15:57:15        0.095431        0.024359
FIRE:  258 15:57:15        0.094970        0.023280
FIRE:  259 15:57:15        0.094450        0.021967
FIRE:  260 15:57:15        0.093861        0.020384
FIRE:  261 15:57:15        0.093224        0.018462
FIRE:  262 15:57:15        0.092550        0.016142
FIRE:  263 15:57:15        0.091877        0.013376
FIRE:  264 15:57:15        0.091257        0.010079
FIRE:  265 15:57:15        0.090798        0.025355
FIRE:  266 15:57:15        0.090757        0.067772
FIRE:  267 15:57:15        0.090512        0.016194
FIRE:  268 15:57:15        0.090625        0.047712
FIRE:  269 15:57:15        0.090581        0.038653
FIRE:  270 15:57:15        0.090524        0.022260
FIRE:  271 15:57:15        0.090496        0.002678
