      Step     Time          Energy          fmax
FIRE:    0 12:11:29      134.632079      145.174223
FIRE:    1 12:11:29       94.991840      105.306388
FIRE:    2 12:11:29       69.733818       74.520856
FIRE:    3 12:11:29       52.717531       49.226378
FIRE:    4 12:11:29       41.136158       30.608769
FIRE:    5 12:11:29       33.218163       27.659770
FIRE:    6 12:11:29       27.692402       24.883681
FIRE:    7 12:11:29       23.695577       22.254782
FIRE:    8 12:11:29       20.684275       19.739262
FIRE:    9 12:11:29       18.304306       17.315016
FIRE:   10 12:11:29       16.259219       14.963624
FIRE:   11 12:11:29       14.283474       12.809803
FIRE:   12 12:11:29       12.233464       12.663196
FIRE:   13 12:11:29       10.167069       10.917660
FIRE:   14 12:11:29        8.271112        8.350382
FIRE:   15 12:11:29        6.712340        5.737809
FIRE:   16 12:11:29        5.550321        3.550518
FIRE:   17 12:11:29        4.751158        2.345255
FIRE:   18 12:11:29        4.245726        1.789053
FIRE:   19 12:11:29        3.979659        1.318984
FIRE:   20 12:11:29        3.938247        1.349475
FIRE:   21 12:11:30        3.843431        0.697591
FIRE:   22 12:11:30        3.769053        0.431801
FIRE:   23 12:11:30        3.763149        0.979781
FIRE:   24 12:11:30        3.746642        0.849043
FIRE:   25 12:11:30        3.721085        0.610037
FIRE:   26 12:11:30        3.696510        0.343286
FIRE:   27 12:11:30        3.680007        0.390326
FIRE:   28 12:11:30        3.671218        0.415903
FIRE:   29 12:11:30        3.661932        0.597578
FIRE:   30 12:11:30        3.643916        0.628552
FIRE:   31 12:11:30        3.612609        0.469908
FIRE:   32 12:11:30        3.573276        0.329469
FIRE:   33 12:11:30        3.534803        0.333698
FIRE:   34 12:11:30        3.495885        0.563840
FIRE:   35 12:11:30        3.439812        0.584721
FIRE:   36 12:11:30        3.359015        0.411069
FIRE:   37 12:11:30        3.268681        0.587382
FIRE:   38 12:11:30        3.167288        0.613915
FIRE:   39 12:11:31        3.069855        0.571065
FIRE:   40 12:11:31        2.983575        0.600099
FIRE:   41 12:11:31        2.850486        0.587605
FIRE:   42 12:11:31        2.727846        0.392614
FIRE:   43 12:11:31        2.744771        1.350674
FIRE:   44 12:11:31        2.672956        0.765382
FIRE:   45 12:11:31        2.618015        0.344271
FIRE:   46 12:11:31        2.604556        0.357672
FIRE:   47 12:11:31        2.601539        0.337225
FIRE:   48 12:11:31        2.595877        0.298025
FIRE:   49 12:11:31        2.588210        0.284645
FIRE:   50 12:11:31        2.579287        0.281697
FIRE:   51 12:11:31        2.569787        0.276522
FIRE:   52 12:11:31        2.560170        0.268533
FIRE:   53 12:11:31        2.550559        0.257519
FIRE:   54 12:11:31        2.539644        0.242231
FIRE:   55 12:11:31        2.526557        0.256296
FIRE:   56 12:11:31        2.510173        0.275793
FIRE:   57 12:11:31        2.489845        0.267154
FIRE:   58 12:11:31        2.466017        0.235705
FIRE:   59 12:11:31        2.439615        0.207592
FIRE:   60 12:11:31        2.409866        0.201633
FIRE:   61 12:11:31        2.373534        0.228152
FIRE:   62 12:11:31        2.329181        0.205536
FIRE:   63 12:11:31        2.278474        0.218515
FIRE:   64 12:11:31        2.216921        0.260145
FIRE:   65 12:11:31        2.133139        0.264331
FIRE:   66 12:11:31        2.041212        0.291685
FIRE:   67 12:11:31        1.953941        0.307755
FIRE:   68 12:11:31        1.882144        0.508410
FIRE:   69 12:11:32        1.809140        0.583562
FIRE:   70 12:11:32        1.714418        0.594917
FIRE:   71 12:11:32        1.604010        0.594893
FIRE:   72 12:11:32        1.485209        0.545522
FIRE:   73 12:11:32        1.362631        0.494524
FIRE:   74 12:11:32        1.291007        0.171756
FIRE:   75 12:11:32        1.282870        0.310415
FIRE:   76 12:11:32        1.281364        0.686017
FIRE:   77 12:11:32        1.271685        0.103215
FIRE:   78 12:11:32        1.277221        0.620542
FIRE:   79 12:11:32        1.273851        0.463561
FIRE:   80 12:11:32        1.270179        0.194003
FIRE:   81 12:11:32        1.269334        0.132760
FIRE:   82 12:11:32        1.269261        0.125177
FIRE:   83 12:11:32        1.269125        0.110684
FIRE:   84 12:11:32        1.268943        0.102365
FIRE:   85 12:11:32        1.268733        0.100244
FIRE:   86 12:11:32        1.268512        0.097996
FIRE:   87 12:11:32        1.268288        0.095807
FIRE:   88 12:11:32        1.268059        0.093819
FIRE:   89 12:11:32        1.267785        0.091934
FIRE:   90 12:11:32        1.267438        0.090226
FIRE:   91 12:11:32        1.266987        0.088754
FIRE:   92 12:11:32        1.266412        0.087607
FIRE:   93 12:11:32        1.265723        0.086884
FIRE:   94 12:11:32        1.264944        0.086414
FIRE:   95 12:11:33        1.264074        0.085234
FIRE:   96 12:11:33        1.263057        0.081691
FIRE:   97 12:11:33        1.261864        0.074671
FIRE:   98 12:11:33        1.260582        0.065130
FIRE:   99 12:11:33        1.259255        0.055853
FIRE:  100 12:11:33        1.257848        0.047612
FIRE:  101 12:11:33        1.256538        0.039046
FIRE:  102 12:11:33        1.255334        0.036901
FIRE:  103 12:11:33        1.254343        0.045890
FIRE:  104 12:11:33        1.253428        0.054418
FIRE:  105 12:11:33        1.252513        0.061515
FIRE:  106 12:11:33        1.251164        0.066305
FIRE:  107 12:11:33        1.249067        0.068418
FIRE:  108 12:11:33        1.245960        0.068543
FIRE:  109 12:11:33        1.241890        0.102928
FIRE:  110 12:11:33        1.237922        0.247194
FIRE:  111 12:11:33        1.241024        0.680381
FIRE:  112 12:11:33        1.231096        0.085375
FIRE:  113 12:11:33        1.230977        0.062305
FIRE:  114 12:11:33        1.230817        0.048788
FIRE:  115 12:11:33        1.230682        0.047917
FIRE:  116 12:11:33        1.230550        0.055414
FIRE:  117 12:11:33        1.230349        0.062584
FIRE:  118 12:11:33        1.230059        0.047169
FIRE:  119 12:11:33        1.229732        0.047645
FIRE:  120 12:11:33        1.229383        0.048206
FIRE:  121 12:11:33        1.228965        0.048434
FIRE:  122 12:11:33        1.228384        0.048051
FIRE:  123 12:11:34        1.227685        0.047180
FIRE:  124 12:11:34        1.226871        0.046718
FIRE:  125 12:11:34        1.225790        0.047472
FIRE:  126 12:11:34        1.224517        0.048838
FIRE:  127 12:11:34        1.222877        0.049040
FIRE:  128 12:11:34        1.220906        0.048999
FIRE:  129 12:11:34        1.218384        0.051899
FIRE:  130 12:11:34        1.215236        0.053372
FIRE:  131 12:11:34        1.211260        0.055077
FIRE:  132 12:11:34        1.206302        0.092554
FIRE:  133 12:11:34        1.201104        0.259763
FIRE:  134 12:11:34        1.203145        0.710787
FIRE:  135 12:11:34        1.190763        0.066915
FIRE:  136 12:11:34        1.190631        0.067289
FIRE:  137 12:11:34        1.190414        0.067912
FIRE:  138 12:11:34        1.190153        0.068564
FIRE:  139 12:11:34        1.189837        0.069011
FIRE:  140 12:11:34        1.189418        0.069117
FIRE:  141 12:11:34        1.188879        0.068880
FIRE:  142 12:11:34        1.188250        0.068437
FIRE:  143 12:11:34        1.187480        0.068013
FIRE:  144 12:11:34        1.186507        0.068082
FIRE:  145 12:11:34        1.185225        0.069077
FIRE:  146 12:11:34        1.183596        0.071018
FIRE:  147 12:11:34        1.181542        0.073310
FIRE:  148 12:11:34        1.178852        0.075417
FIRE:  149 12:11:34        1.175401        0.078012
FIRE:  150 12:11:34        1.170846        0.082815
FIRE:  151 12:11:35        1.164824        0.089239
FIRE:  152 12:11:35        1.156642        0.094434
FIRE:  153 12:11:35        1.145377        0.100703
FIRE:  154 12:11:35        1.129484        0.108901
FIRE:  155 12:11:35        1.106508        0.112756
FIRE:  156 12:11:35        1.072669        0.153935
FIRE:  157 12:11:35        1.024172        0.408115
FIRE:  158 12:11:35        0.983185        0.930663
FIRE:  159 12:11:35        0.953815        0.167819
FIRE:  160 12:11:35        0.952669        0.167457
FIRE:  161 12:11:35        0.950580        0.166823
FIRE:  162 12:11:35        0.947734        0.165990
FIRE:  163 12:11:35        0.944111        0.164876
FIRE:  164 12:11:35        0.939549        0.163211
FIRE:  165 12:11:35        0.934015        0.160642
FIRE:  166 12:11:35        0.927697        0.156823
FIRE:  167 12:11:35        0.920047        0.150752
FIRE:  168 12:11:35        0.910844        0.143777
FIRE:  169 12:11:35        0.899891        0.139188
FIRE:  170 12:11:35        0.887662        0.131590
FIRE:  171 12:11:35        0.874983        0.118773
FIRE:  172 12:11:36        0.862902        0.098459
FIRE:  173 12:11:36        0.853300        0.089382
FIRE:  174 12:11:36        0.846968        0.089366
FIRE:  175 12:11:36        0.844646        0.091912
FIRE:  176 12:11:36        0.844240        0.087614
FIRE:  177 12:11:36        0.843534        0.079210
FIRE:  178 12:11:36        0.842668        0.067132
FIRE:  179 12:11:36        0.841749        0.052262
FIRE:  180 12:11:36        0.840861        0.039219
FIRE:  181 12:11:36        0.840114        0.028847
FIRE:  182 12:11:36        0.839599        0.027246
FIRE:  183 12:11:36        0.839274        0.031553
FIRE:  184 12:11:36        0.839100        0.030035
FIRE:  185 12:11:36        0.839077        0.035616
FIRE:  186 12:11:36        0.839052        0.035069
FIRE:  187 12:11:36        0.839007        0.033988
FIRE:  188 12:11:36        0.838945        0.032403
FIRE:  189 12:11:36        0.838874        0.030357
FIRE:  190 12:11:36        0.838797        0.027908
FIRE:  191 12:11:36        0.838720        0.025133
FIRE:  192 12:11:36        0.838646        0.022127
FIRE:  193 12:11:36        0.838572        0.018655
FIRE:  194 12:11:36        0.838508        0.014803
FIRE:  195 12:11:36        0.838460        0.011243
FIRE:  196 12:11:36        0.838425        0.015444
FIRE:  197 12:11:36        0.838394        0.019167
FIRE:  198 12:11:37        0.838356        0.021581
FIRE:  199 12:11:37        0.838299        0.022087
FIRE:  200 12:11:37        0.838210        0.020160
FIRE:  201 12:11:37        0.838104        0.015359
FIRE:  202 12:11:37        0.838004        0.008885
