      Step     Time          Energy          fmax
FIRE:    0 12:14:03       77.092585       69.079798
FIRE:    1 12:14:03       60.175123       37.083929
FIRE:    2 12:14:03       51.868485       37.019631
FIRE:    3 12:14:03       49.018756       37.163161
FIRE:    4 12:14:03       45.387142       39.923950
FIRE:    5 12:14:03       37.925214       32.968722
FIRE:    6 12:14:03       30.163781       25.419072
FIRE:    7 12:14:03       24.560769       20.884725
FIRE:    8 12:14:03       21.019097       17.483169
FIRE:    9 12:14:03       18.299826       14.809020
FIRE:   10 12:14:03       15.530590       12.990386
FIRE:   11 12:14:03       12.705109       10.100441
FIRE:   12 12:14:03       10.269157        7.976071
FIRE:   13 12:14:03        8.537386        6.220430
FIRE:   14 12:14:03        7.447545        4.824123
FIRE:   15 12:14:04        6.695028        3.681641
FIRE:   16 12:14:04        6.090954        3.281813
FIRE:   17 12:14:04        5.634667        2.071113
FIRE:   18 12:14:04        5.380492        1.223161
FIRE:   19 12:14:04        5.321353        1.284409
FIRE:   20 12:14:04        5.273532        1.296232
FIRE:   21 12:14:04        5.178753        1.317098
FIRE:   22 12:14:04        5.038337        1.343876
FIRE:   23 12:14:04        4.852650        1.375446
FIRE:   24 12:14:04        4.621091        1.389813
FIRE:   25 12:14:04        4.349727        1.360462
FIRE:   26 12:14:04        4.087208        1.268877
FIRE:   27 12:14:04        3.845759        1.072804
FIRE:   28 12:14:04        3.651883        0.738494
FIRE:   29 12:14:04        3.534332        0.311992
FIRE:   30 12:14:04        3.526401        0.456118
FIRE:   31 12:14:04        3.522370        0.426352
FIRE:   32 12:14:04        3.515257        0.369582
FIRE:   33 12:14:04        3.506699        0.291070
FIRE:   34 12:14:04        3.498580        0.198241
FIRE:   35 12:14:04        3.492552        0.117600
FIRE:   36 12:14:04        3.489606        0.086927
FIRE:   37 12:14:04        3.489556        0.113921
FIRE:   38 12:14:04        3.489489        0.112838
FIRE:   39 12:14:04        3.489356        0.110694
FIRE:   40 12:14:05        3.489162        0.107536
FIRE:   41 12:14:05        3.488911        0.103435
FIRE:   42 12:14:05        3.488610        0.098496
FIRE:   43 12:14:05        3.488266        0.092854
FIRE:   44 12:14:05        3.487885        0.086683
FIRE:   45 12:14:05        3.487429        0.080579
FIRE:   46 12:14:05        3.486895        0.081535
FIRE:   47 12:14:05        3.486277        0.082891
FIRE:   48 12:14:05        3.485569        0.084700
FIRE:   49 12:14:05        3.484758        0.086956
FIRE:   50 12:14:05        3.483812        0.089553
FIRE:   51 12:14:05        3.482677        0.092248
FIRE:   52 12:14:05        3.481264        0.094638
FIRE:   53 12:14:05        3.479464        0.096183
FIRE:   54 12:14:05        3.477161        0.096334
FIRE:   55 12:14:05        3.474268        0.094834
FIRE:   56 12:14:05        3.470730        0.092046
FIRE:   57 12:14:05        3.466475        0.088839
FIRE:   58 12:14:05        3.461315        0.085912
FIRE:   59 12:14:05        3.454888        0.084282
FIRE:   60 12:14:05        3.446706        0.087947
FIRE:   61 12:14:06        3.436157        0.101019
FIRE:   62 12:14:06        3.422292        0.115789
FIRE:   63 12:14:06        3.403405        0.124786
FIRE:   64 12:14:06        3.377659        0.120710
FIRE:   65 12:14:06        3.344854        0.131783
FIRE:   66 12:14:06        3.310304        0.178957
FIRE:   67 12:14:06        3.279701        0.429576
FIRE:   68 12:14:06        3.257674        0.750593
FIRE:   69 12:14:06        3.247366        0.619339
FIRE:   70 12:14:06        3.234200        0.328494
FIRE:   71 12:14:06        3.227756        0.146711
FIRE:   72 12:14:06        3.227429        0.148156
FIRE:   73 12:14:06        3.226819        0.150894
FIRE:   74 12:14:06        3.225991        0.154605
FIRE:   75 12:14:06        3.225002        0.158789
FIRE:   76 12:14:06        3.223863        0.162814
FIRE:   77 12:14:06        3.222543        0.166028
FIRE:   78 12:14:06        3.220987        0.167934
FIRE:   79 12:14:06        3.218948        0.168258
FIRE:   80 12:14:06        3.216322        0.166703
FIRE:   81 12:14:06        3.213052        0.163556
FIRE:   82 12:14:06        3.209068        0.159926
FIRE:   83 12:14:06        3.204153        0.157511
FIRE:   84 12:14:06        3.197966        0.157645
FIRE:   85 12:14:06        3.190289        0.160126
FIRE:   86 12:14:06        3.180978        0.161854
FIRE:   87 12:14:06        3.169551        0.157494
FIRE:   88 12:14:06        3.155680        0.145583
FIRE:   89 12:14:07        3.139212        0.144456
FIRE:   90 12:14:07        3.119781        0.139945
FIRE:   91 12:14:07        3.097626        0.131514
FIRE:   92 12:14:07        3.073072        0.123176
FIRE:   93 12:14:07        3.047010        0.125215
FIRE:   94 12:14:07        3.022117        0.092593
FIRE:   95 12:14:07        3.004678        0.131997
FIRE:   96 12:14:07        2.996641        0.292274
FIRE:   97 12:14:07        2.992703        0.051576
FIRE:   98 12:14:07        2.995063        0.242689
FIRE:   99 12:14:07        2.994018        0.190881
FIRE:  100 12:14:07        2.992760        0.098223
FIRE:  101 12:14:07        2.992276        0.041599
FIRE:  102 12:14:07        2.992269        0.041418
FIRE:  103 12:14:07        2.992257        0.041061
FIRE:  104 12:14:07        2.992239        0.040543
FIRE:  105 12:14:07        2.992217        0.039884
FIRE:  106 12:14:07        2.992190        0.039113
FIRE:  107 12:14:07        2.992159        0.038264
FIRE:  108 12:14:07        2.992125        0.037372
FIRE:  109 12:14:07        2.992083        0.036380
FIRE:  110 12:14:07        2.992031        0.035319
FIRE:  111 12:14:07        2.991967        0.034228
FIRE:  112 12:14:07        2.991887        0.033144
FIRE:  113 12:14:07        2.991789        0.032081
FIRE:  114 12:14:07        2.991672        0.031009
FIRE:  115 12:14:07        2.991535        0.029820
FIRE:  116 12:14:08        2.991373        0.028349
FIRE:  117 12:14:08        2.991181        0.026450
FIRE:  118 12:14:08        2.990955        0.026635
FIRE:  119 12:14:08        2.990696        0.027322
FIRE:  120 12:14:08        2.990397        0.026902
FIRE:  121 12:14:08        2.990054        0.024812
FIRE:  122 12:14:08        2.989674        0.021744
FIRE:  123 12:14:08        2.989259        0.019179
FIRE:  124 12:14:08        2.988830        0.016498
FIRE:  125 12:14:08        2.988410        0.013033
FIRE:  126 12:14:08        2.988037        0.009854
