      Step     Time          Energy          fmax
FIRE:    0 15:32:16      471.478404      139.194867
FIRE:    1 15:32:16      405.134470       92.141236
FIRE:    2 15:32:16      359.439069       93.304214
FIRE:    3 15:32:16      328.795941       89.418245
FIRE:    4 15:32:17      305.756459       79.124029
FIRE:    5 15:32:17      282.878135       65.240979
FIRE:    6 15:32:17      257.536852       62.475327
FIRE:    7 15:32:17      232.823380       47.904457
FIRE:    8 15:32:17      212.842663       44.927153
FIRE:    9 15:32:17      199.557959       42.694278
FIRE:   10 15:32:17      191.483456       41.117095
FIRE:   11 15:32:17      184.874611       39.799932
FIRE:   12 15:32:17      176.792032       38.395615
FIRE:   13 15:32:17      166.876331       36.849412
FIRE:   14 15:32:17      156.778118       35.333360
FIRE:   15 15:32:17      147.925096       33.972380
FIRE:   16 15:32:17      140.040071       32.665479
FIRE:   17 15:32:17      131.882758       31.208823
FIRE:   18 15:32:17      122.941857       29.528919
FIRE:   19 15:32:17      113.915114       27.750556
FIRE:   20 15:32:17      105.750865       26.057370
FIRE:   21 15:32:17       98.610364       24.522429
FIRE:   22 15:32:17       91.952298       23.095616
FIRE:   23 15:32:18       85.387101       21.723775
FIRE:   24 15:32:18       79.039359       20.414534
FIRE:   25 15:32:18       73.235631       19.198928
FIRE:   26 15:32:18       68.045873       18.068041
FIRE:   27 15:32:18       63.231274       16.972615
FIRE:   28 15:32:18       58.603663       15.873409
FIRE:   29 15:32:18       54.212832       14.780848
FIRE:   30 15:32:18       50.185698       13.734947
FIRE:   31 15:32:18       46.522209       12.754602
FIRE:   32 15:32:18       43.117158       11.831630
FIRE:   33 15:32:18       39.904426       10.955950
FIRE:   34 15:32:18       36.898700       10.127011
FIRE:   35 15:32:18       34.138016        9.345183
FIRE:   36 15:32:18       31.623503        8.603174
FIRE:   37 15:32:18       29.318081        7.888958
FIRE:   38 15:32:18       27.188746        7.195131
FIRE:   39 15:32:18       25.231552        6.522500
FIRE:   40 15:32:18       23.458237        5.878096
FIRE:   41 15:32:18       21.869406        5.268621
FIRE:   42 15:32:18       20.446497        4.695968
FIRE:   43 15:32:18       19.167174        4.160297
FIRE:   44 15:32:18       18.019869        3.660991
FIRE:   45 15:32:18       17.003234        3.194564
FIRE:   46 15:32:19       16.115382        2.757746
FIRE:   47 15:32:19       15.346064        2.346691
FIRE:   48 15:32:19       14.680489        1.958175
FIRE:   49 15:32:19       14.107267        1.705465
FIRE:   50 15:32:19       13.619527        1.723942
FIRE:   51 15:32:19       13.209810        1.735030
FIRE:   52 15:32:19       12.866872        1.738623
FIRE:   53 15:32:19       12.578123        1.734514
FIRE:   54 15:32:19       12.332771        1.722285
FIRE:   55 15:32:19       12.122011        1.701366
FIRE:   56 15:32:19       11.937724        1.671209
FIRE:   57 15:32:19       11.771742        1.631478
FIRE:   58 15:32:19       11.616145        1.582001
FIRE:   59 15:32:19       11.463997        1.522513
FIRE:   60 15:32:19       11.309940        1.452414
FIRE:   61 15:32:19       11.150950        1.370519
FIRE:   62 15:32:19       10.987371        1.275000
FIRE:   63 15:32:19       10.823228        1.164284
FIRE:   64 15:32:19       10.666656        1.031693
FIRE:   65 15:32:19       10.532372        0.867461
FIRE:   66 15:32:19       10.438327        0.673672
FIRE:   67 15:32:19       10.401793        0.778635
FIRE:   68 15:32:19       10.166352        0.729704
FIRE:   69 15:32:19        9.947932        0.761601
FIRE:   70 15:32:19        9.725493        0.703980
FIRE:   71 15:32:19        9.534193        0.602560
FIRE:   72 15:32:20        9.394683        0.469639
FIRE:   73 15:32:20        9.321461        0.313454
FIRE:   74 15:32:20        9.317927        0.223579
FIRE:   75 15:32:20        9.299904        0.183386
FIRE:   76 15:32:20        9.273281        0.221100
FIRE:   77 15:32:20        9.246134        0.271014
FIRE:   78 15:32:20        9.218063        0.335477
FIRE:   79 15:32:20        9.184240        0.396400
FIRE:   80 15:32:20        9.136711        0.436357
FIRE:   81 15:32:20        9.069525        0.459233
FIRE:   82 15:32:20        8.970141        0.467663
FIRE:   83 15:32:20        8.859408        0.460144
FIRE:   84 15:32:20        8.738113        0.460432
FIRE:   85 15:32:20        8.604998        0.469506
FIRE:   86 15:32:20        8.460056        0.478210
FIRE:   87 15:32:20        8.308989        0.481807
FIRE:   88 15:32:20        8.162676        0.472647
FIRE:   89 15:32:20        8.036133        0.435180
FIRE:   90 15:32:20        7.946300        0.365469
FIRE:   91 15:32:20        7.897383        0.283957
FIRE:   92 15:32:20        7.869249        0.423229
FIRE:   93 15:32:20        7.830752        0.410159
FIRE:   94 15:32:20        7.783937        0.209112
FIRE:   95 15:32:20        7.760683        0.149431
FIRE:   96 15:32:20        7.738129        0.103690
FIRE:   97 15:32:20        7.712714        0.125317
FIRE:   98 15:32:20        7.678735        0.255918
FIRE:   99 15:32:21        7.694388        0.723692
FIRE:  100 15:32:21        7.615728        0.341135
FIRE:  101 15:32:21        7.606940        0.232471
FIRE:  102 15:32:21        7.598240        0.186154
FIRE:  103 15:32:21        7.591844        0.226065
FIRE:  104 15:32:21        7.581532        0.253198
FIRE:  105 15:32:21        7.564784        0.219978
FIRE:  106 15:32:21        7.546516        0.207397
FIRE:  107 15:32:21        7.530832        0.193421
FIRE:  108 15:32:21        7.512130        0.189769
FIRE:  109 15:32:21        7.490837        0.199894
FIRE:  110 15:32:21        7.478270        0.204093
FIRE:  111 15:32:21        7.472392        0.174155
FIRE:  112 15:32:21        7.471205        0.171674
FIRE:  113 15:32:21        7.469220        0.167226
FIRE:  114 15:32:21        7.466929        0.161889
FIRE:  115 15:32:21        7.464543        0.157246
FIRE:  116 15:32:21        7.461901        0.154831
FIRE:  117 15:32:21        7.458825        0.155356
FIRE:  118 15:32:21        7.455488        0.158428
FIRE:  119 15:32:21        7.451960        0.163071
FIRE:  120 15:32:21        7.448432        0.166166
FIRE:  121 15:32:22        7.444411        0.164005
FIRE:  122 15:32:22        7.439532        0.154861
FIRE:  123 15:32:22        7.434156        0.141171
FIRE:  124 15:32:22        7.427779        0.130960
FIRE:  125 15:32:22        7.419797        0.128400
FIRE:  126 15:32:22        7.410949        0.124880
FIRE:  127 15:32:22        7.400954        0.108243
FIRE:  128 15:32:22        7.391546        0.089922
FIRE:  129 15:32:22        7.382716        0.091218
FIRE:  130 15:32:22        7.373763        0.068045
FIRE:  131 15:32:22        7.365193        0.048006
FIRE:  132 15:32:22        7.360805        0.079227
FIRE:  133 15:32:22        7.362163        0.199084
FIRE:  134 15:32:22        7.357356        0.047713
FIRE:  135 15:32:22        7.359023        0.130928
FIRE:  136 15:32:22        7.358159        0.107539
FIRE:  137 15:32:22        7.357017        0.064113
FIRE:  138 15:32:22        7.356388        0.014838
FIRE:  139 15:32:22        7.356646        0.054287
FIRE:  140 15:32:22        7.356608        0.051630
FIRE:  141 15:32:22        7.356541        0.046475
FIRE:  142 15:32:23        7.356455        0.039138
FIRE:  143 15:32:23        7.356368        0.030089
FIRE:  144 15:32:23        7.356295        0.020010
FIRE:  145 15:32:23        7.356248        0.010337
FIRE:  146 15:32:23        7.356231        0.007885
