      Step     Time          Energy          fmax
FIRE:    0 15:50:17      294.795659      171.127895
FIRE:    1 15:50:17      243.201209       68.042772
FIRE:    2 15:50:17      221.015946       47.122016
FIRE:    3 15:50:17      212.301396       46.186417
FIRE:    4 15:50:17      206.285487       48.273143
FIRE:    5 15:50:17      197.511463       47.923062
FIRE:    6 15:50:17      186.276295       40.828925
FIRE:    7 15:50:17      175.012212       39.214286
FIRE:    8 15:50:17      164.025105       42.198855
FIRE:    9 15:50:17      152.332334       38.721927
FIRE:   10 15:50:17      140.607117       35.541449
FIRE:   11 15:50:17      130.933948       34.292794
FIRE:   12 15:50:17      123.875723       33.153363
FIRE:   13 15:50:17      117.589334       31.909865
FIRE:   14 15:50:17      110.339931       30.360366
FIRE:   15 15:50:17      102.288539       28.595136
FIRE:   16 15:50:18       94.553731       26.848631
FIRE:   17 15:50:18       87.515966       25.205917
FIRE:   18 15:50:18       80.723278       23.590973
FIRE:   19 15:50:18       73.928650       21.965784
FIRE:   20 15:50:18       67.382817       20.385013
FIRE:   21 15:50:18       61.320470       18.897536
FIRE:   22 15:50:18       55.688393       17.490438
FIRE:   23 15:50:18       50.357265       16.126821
FIRE:   24 15:50:18       45.317562       14.792537
FIRE:   25 15:50:18       40.650476       13.497974
FIRE:   26 15:50:18       36.417793       12.254148
FIRE:   27 15:50:18       32.610611       11.063378
FIRE:   28 15:50:18       29.183212        9.923923
FIRE:   29 15:50:18       26.110535        8.837434
FIRE:   30 15:50:18       23.401572        7.812697
FIRE:   31 15:50:18       21.069886        6.861588
FIRE:   32 15:50:18       19.107593        5.991518
FIRE:   33 15:50:18       17.487998        5.204334
FIRE:   34 15:50:18       16.180988        4.505659
FIRE:   35 15:50:18       15.158621        3.902715
FIRE:   36 15:50:18       14.382176        3.394709
FIRE:   37 15:50:18       13.782689        2.964476
FIRE:   38 15:50:18       13.265972        2.978149
FIRE:   39 15:50:18       12.752275        3.097156
FIRE:   40 15:50:18       12.209566        2.942452
FIRE:   41 15:50:18       11.653336        2.587420
FIRE:   42 15:50:18       11.119630        2.137166
FIRE:   43 15:50:19       10.645516        1.680221
FIRE:   44 15:50:19       10.268359        1.287837
FIRE:   45 15:50:19       10.019334        1.063220
FIRE:   46 15:50:19        9.906583        1.133226
FIRE:   47 15:50:19        9.904118        1.418878
FIRE:   48 15:50:19        9.537829        0.789707
FIRE:   49 15:50:19        9.368373        1.014286
FIRE:   50 15:50:19        9.139220        0.803144
FIRE:   51 15:50:19        8.978027        0.491564
FIRE:   52 15:50:19        8.991503        0.888093
FIRE:   53 15:50:19        8.885128        0.484315
FIRE:   54 15:50:19        8.861715        0.426617
FIRE:   55 15:50:19        8.834941        0.420688
FIRE:   56 15:50:19        8.814524        0.417537
FIRE:   57 15:50:19        8.784622        0.429792
FIRE:   58 15:50:19        8.736409        0.459556
FIRE:   59 15:50:19        8.683070        0.495804
FIRE:   60 15:50:19        8.628669        0.526486
FIRE:   61 15:50:19        8.550501        0.550490
FIRE:   62 15:50:19        8.438396        0.565245
FIRE:   63 15:50:19        8.294986        0.572316
FIRE:   64 15:50:19        8.108112        0.586227
FIRE:   65 15:50:19        7.922087        0.595192
FIRE:   66 15:50:19        7.757634        0.569172
FIRE:   67 15:50:19        7.612169        0.504967
FIRE:   68 15:50:19        7.477858        0.462165
FIRE:   69 15:50:19        7.331178        0.568824
FIRE:   70 15:50:19        7.151383        0.457539
FIRE:   71 15:50:19        6.945851        0.381566
FIRE:   72 15:50:20        6.714861        0.454361
FIRE:   73 15:50:20        6.451573        0.514723
FIRE:   74 15:50:20        6.157474        0.544411
FIRE:   75 15:50:20        5.834415        0.636692
FIRE:   76 15:50:20        5.485342        0.741678
FIRE:   77 15:50:20        5.116011        0.825171
FIRE:   78 15:50:20        4.745541        0.880088
FIRE:   79 15:50:20        4.410178        0.899990
FIRE:   80 15:50:20        4.146374        0.916975
FIRE:   81 15:50:20        3.918141        1.065797
FIRE:   82 15:50:20        3.656071        0.854465
FIRE:   83 15:50:20        3.453498        0.705228
FIRE:   84 15:50:20        3.364271        0.928683
FIRE:   85 15:50:20        3.220032        1.020854
FIRE:   86 15:50:20        3.137913        0.612806
FIRE:   87 15:50:20        3.103513        0.417125
FIRE:   88 15:50:20        3.075988        0.399320
FIRE:   89 15:50:20        3.073590        0.371008
FIRE:   90 15:50:21        3.069657        0.369812
FIRE:   91 15:50:21        3.062985        0.367979
FIRE:   92 15:50:21        3.055480        0.364800
FIRE:   93 15:50:21        3.048960        0.359827
FIRE:   94 15:50:21        3.044289        0.352620
FIRE:   95 15:50:21        3.040869        0.343166
FIRE:   96 15:50:21        3.037217        0.331953
FIRE:   97 15:50:21        3.031484        0.318082
FIRE:   98 15:50:21        3.022960        0.301411
FIRE:   99 15:50:21        3.012732        0.281652
FIRE:  100 15:50:21        3.003544        0.258536
FIRE:  101 15:50:21        2.996420        0.233009
FIRE:  102 15:50:21        2.987747        0.207765
FIRE:  103 15:50:21        2.974899        0.185258
FIRE:  104 15:50:21        2.962199        0.166914
FIRE:  105 15:50:21        2.950761        0.166597
FIRE:  106 15:50:21        2.933713        0.182290
FIRE:  107 15:50:21        2.916937        0.186319
FIRE:  108 15:50:21        2.896111        0.176165
FIRE:  109 15:50:21        2.871976        0.151732
FIRE:  110 15:50:21        2.844237        0.123101
FIRE:  111 15:50:21        2.820095        0.204365
FIRE:  112 15:50:21        2.790955        0.160775
FIRE:  113 15:50:21        2.760549        0.152644
FIRE:  114 15:50:21        2.732291        0.148055
FIRE:  115 15:50:22        2.708054        0.174548
FIRE:  116 15:50:22        2.692192        0.363435
FIRE:  117 15:50:22        2.678736        0.092624
FIRE:  118 15:50:22        2.678037        0.093089
FIRE:  119 15:50:22        2.677152        0.093844
FIRE:  120 15:50:22        2.676485        0.094586
FIRE:  121 15:50:22        2.675813        0.094997
FIRE:  122 15:50:22        2.674705        0.094923
FIRE:  123 15:50:22        2.673184        0.094331
FIRE:  124 15:50:22        2.671665        0.093291
FIRE:  125 15:50:22        2.670147        0.091894
FIRE:  126 15:50:22        2.668157        0.090539
FIRE:  127 15:50:22        2.665461        0.089494
FIRE:  128 15:50:22        2.662578        0.088590
FIRE:  129 15:50:22        2.658968        0.087214
FIRE:  130 15:50:22        2.654488        0.085264
FIRE:  131 15:50:22        2.649326        0.083847
FIRE:  132 15:50:22        2.643068        0.083074
FIRE:  133 15:50:22        2.635641        0.080337
FIRE:  134 15:50:22        2.627196        0.077097
FIRE:  135 15:50:22        2.617821        0.097643
FIRE:  136 15:50:22        2.608372        0.168967
FIRE:  137 15:50:22        2.605456        0.362708
FIRE:  138 15:50:22        2.592177        0.076722
FIRE:  139 15:50:22        2.601504        0.323396
FIRE:  140 15:50:22        2.596991        0.242692
FIRE:  141 15:50:22        2.592011        0.102295
FIRE:  142 15:50:22        2.590932        0.076420
FIRE:  143 15:50:23        2.590870        0.076378
FIRE:  144 15:50:23        2.590756        0.076294
FIRE:  145 15:50:23        2.590606        0.076172
FIRE:  146 15:50:23        2.590439        0.076018
FIRE:  147 15:50:23        2.590272        0.075839
FIRE:  148 15:50:23        2.590114        0.075646
FIRE:  149 15:50:23        2.589960        0.075452
FIRE:  150 15:50:23        2.589780        0.075249
FIRE:  151 15:50:23        2.589547        0.075052
FIRE:  152 15:50:23        2.589228        0.074867
FIRE:  153 15:50:23        2.588801        0.074697
FIRE:  154 15:50:23        2.588267        0.074521
FIRE:  155 15:50:23        2.587646        0.074288
FIRE:  156 15:50:23        2.586931        0.073905
FIRE:  157 15:50:23        2.586049        0.073274
FIRE:  158 15:50:23        2.584920        0.072323
FIRE:  159 15:50:23        2.583559        0.071067
FIRE:  160 15:50:23        2.581970        0.069692
FIRE:  161 15:50:23        2.580004        0.068476
FIRE:  162 15:50:23        2.577636        0.067454
FIRE:  163 15:50:23        2.574849        0.066168
FIRE:  164 15:50:23        2.571480        0.064196
FIRE:  165 15:50:23        2.567572        0.062053
FIRE:  166 15:50:23        2.563018        0.060147
FIRE:  167 15:50:23        2.557818        0.056829
FIRE:  168 15:50:23        2.552041        0.053183
FIRE:  169 15:50:23        2.545821        0.048546
FIRE:  170 15:50:23        2.539821        0.065453
FIRE:  171 15:50:23        2.538567        0.225670
FIRE:  172 15:50:24        2.533376        0.033481
FIRE:  173 15:50:24        2.533353        0.033501
FIRE:  174 15:50:24        2.533311        0.033533
FIRE:  175 15:50:24        2.533250        0.033558
FIRE:  176 15:50:24        2.533171        0.033557
FIRE:  177 15:50:24        2.533074        0.033508
FIRE:  178 15:50:24        2.532956        0.033395
FIRE:  179 15:50:24        2.532819        0.033213
FIRE:  180 15:50:24        2.532650        0.032934
FIRE:  181 15:50:24        2.532439        0.032551
FIRE:  182 15:50:24        2.532179        0.032066
FIRE:  183 15:50:24        2.531860        0.031475
FIRE:  184 15:50:24        2.531478        0.030758
FIRE:  185 15:50:24        2.531017        0.029886
FIRE:  186 15:50:24        2.530475        0.028851
FIRE:  187 15:50:24        2.529842        0.027634
FIRE:  188 15:50:24        2.529117        0.026060
FIRE:  189 15:50:24        2.528304        0.023941
FIRE:  190 15:50:24        2.527416        0.021527
FIRE:  191 15:50:24        2.526490        0.018457
FIRE:  192 15:50:24        2.525677        0.034528
FIRE:  193 15:50:24        2.525591        0.091753
FIRE:  194 15:50:24        2.524741        0.011114
FIRE:  195 15:50:24        2.525381        0.081933
FIRE:  196 15:50:24        2.525102        0.062925
FIRE:  197 15:50:24        2.524786        0.029355
FIRE:  198 15:50:24        2.524706        0.010965
FIRE:  199 15:50:24        2.524704        0.010971
FIRE:  200 15:50:24        2.524700        0.010982
FIRE:  201 15:50:25        2.524696        0.010998
FIRE:  202 15:50:25        2.524690        0.011018
FIRE:  203 15:50:25        2.524685        0.011039
FIRE:  204 15:50:25        2.524681        0.011059
FIRE:  205 15:50:25        2.524676        0.011074
FIRE:  206 15:50:25        2.524672        0.011084
FIRE:  207 15:50:25        2.524666        0.011083
FIRE:  208 15:50:25        2.524658        0.011067
FIRE:  209 15:50:25        2.524647        0.011031
FIRE:  210 15:50:25        2.524632        0.010974
FIRE:  211 15:50:25        2.524616        0.010893
FIRE:  212 15:50:25        2.524597        0.010796
FIRE:  213 15:50:25        2.524576        0.010693
FIRE:  214 15:50:25        2.524548        0.010590
FIRE:  215 15:50:25        2.524513        0.010484
FIRE:  216 15:50:25        2.524475        0.010347
FIRE:  217 15:50:25        2.524430        0.010135
FIRE:  218 15:50:25        2.524375        0.009826
