      Step     Time          Energy          fmax
FIRE:    0 15:26:48      408.054779       95.627620
FIRE:    1 15:26:48      342.788864       73.843091
FIRE:    2 15:26:48      291.886516       64.452557
FIRE:    3 15:26:48      251.265586       57.462337
FIRE:    4 15:26:48      217.748567       52.406344
FIRE:    5 15:26:48      188.950078       47.934541
FIRE:    6 15:26:49      163.495464       42.837275
FIRE:    7 15:26:49      141.016874       36.550676
FIRE:    8 15:26:49      121.796012       29.063367
FIRE:    9 15:26:49      106.437344       22.612697
FIRE:   10 15:26:49       95.408174       18.830349
FIRE:   11 15:26:49       88.515716       17.620411
FIRE:   12 15:26:49       84.359009       25.973441
FIRE:   13 15:26:49       80.262215       33.424022
FIRE:   14 15:26:49       73.358373       35.902267
FIRE:   15 15:26:50       62.989642       32.629132
FIRE:   16 15:26:50       51.262910       25.914815
FIRE:   17 15:26:50       40.648164       18.666592
FIRE:   18 15:26:50       32.347254       12.640306
FIRE:   19 15:26:50       26.440115        8.436817
FIRE:   20 15:26:50       22.472901        6.012907
FIRE:   21 15:26:50       19.848480        5.508644
FIRE:   22 15:26:51       18.021753        5.264605
FIRE:   23 15:26:51       16.578174        5.216952
FIRE:   24 15:26:51       15.284280        5.155810
FIRE:   25 15:26:51       14.137004        4.862429
FIRE:   26 15:26:51       13.333994        4.747320
FIRE:   27 15:26:51       13.130690        4.762908
FIRE:   28 15:26:51       11.415853        3.659578
FIRE:   29 15:26:51       10.366608        2.826522
FIRE:   30 15:26:51        9.730780        2.187318
FIRE:   31 15:26:52        9.375628        1.714041
FIRE:   32 15:26:52        9.128343        1.355742
FIRE:   33 15:26:52        8.826572        1.301064
FIRE:   34 15:26:52        8.479629        0.958989
FIRE:   35 15:26:52        8.216466        0.671195
FIRE:   36 15:26:52        8.104519        0.874088
FIRE:   37 15:26:52        8.089137        1.041810
FIRE:   38 15:26:53        7.849365        1.018162
FIRE:   39 15:26:53        7.731637        0.984147
FIRE:   40 15:26:53        7.673749        0.991241
FIRE:   41 15:26:53        7.587428        1.003323
FIRE:   42 15:26:53        7.502303        1.017639
FIRE:   43 15:26:53        7.417675        1.032105
FIRE:   44 15:26:53        7.302730        1.045310
FIRE:   45 15:26:53        7.130592        1.057802
FIRE:   46 15:26:53        6.903516        1.070371
FIRE:   47 15:26:53        6.609343        1.080900
FIRE:   48 15:26:53        6.255830        1.088192
FIRE:   49 15:26:53        5.868421        1.093213
FIRE:   50 15:26:54        5.449960        1.091198
FIRE:   51 15:26:54        5.026217        1.072362
FIRE:   52 15:26:54        4.614321        1.033093
FIRE:   53 15:26:54        4.220704        0.980846
FIRE:   54 15:26:54        3.852468        0.914362
FIRE:   55 15:26:54        3.524311        0.832407
FIRE:   56 15:26:54        3.247064        0.742221
FIRE:   57 15:26:54        3.018091        0.646169
FIRE:   58 15:26:54        2.816893        0.614977
FIRE:   59 15:26:54        2.622804        0.558079
FIRE:   60 15:26:54        2.456328        0.457404
FIRE:   61 15:26:54        2.381276        0.424721
FIRE:   62 15:26:54        2.347968        0.398006
FIRE:   63 15:26:54        2.310588        0.350955
FIRE:   64 15:26:54        2.262154        0.298046
FIRE:   65 15:26:54        2.199021        0.291418
FIRE:   66 15:26:54        2.120324        0.327230
FIRE:   67 15:26:55        2.026528        0.377869
FIRE:   68 15:26:55        1.907748        0.389743
FIRE:   69 15:26:55        1.787437        0.368231
FIRE:   70 15:26:55        1.669689        0.369648
FIRE:   71 15:26:55        1.546972        0.395952
FIRE:   72 15:26:55        1.423568        0.406563
FIRE:   73 15:26:55        1.298436        0.393863
FIRE:   74 15:26:55        1.176177        0.381407
FIRE:   75 15:26:55        1.055998        0.379655
FIRE:   76 15:26:55        0.943348        0.371471
FIRE:   77 15:26:55        0.838030        0.345322
FIRE:   78 15:26:56        0.744006        0.308255
FIRE:   79 15:26:56        0.664935        0.267418
FIRE:   80 15:26:56        0.605102        0.213865
FIRE:   81 15:26:56        0.565232        0.141992
FIRE:   82 15:26:56        0.545971        0.092601
FIRE:   83 15:26:56        0.544571        0.112934
FIRE:   84 15:26:56        0.538219        0.142990
FIRE:   85 15:26:56        0.533972        0.072046
FIRE:   86 15:26:56        0.533325        0.071394
FIRE:   87 15:26:56        0.532611        0.070272
FIRE:   88 15:26:56        0.532190        0.068698
FIRE:   89 15:26:56        0.531726        0.066531
FIRE:   90 15:26:56        0.530872        0.063746
FIRE:   91 15:26:56        0.529870        0.060597
FIRE:   92 15:26:56        0.529153        0.057461
FIRE:   93 15:26:57        0.528539        0.054332
FIRE:   94 15:26:57        0.527605        0.051389
FIRE:   95 15:26:57        0.526626        0.049130
FIRE:   96 15:26:57        0.525749        0.047979
FIRE:   97 15:26:57        0.524247        0.047739
FIRE:   98 15:26:57        0.522570        0.049399
FIRE:   99 15:26:57        0.520044        0.053245
FIRE:  100 15:26:57        0.517076        0.059616
FIRE:  101 15:26:58        0.512893        0.067163
FIRE:  102 15:26:58        0.507748        0.076715
FIRE:  103 15:26:58        0.501114        0.086032
FIRE:  104 15:26:58        0.493057        0.112352
FIRE:  105 15:26:58        0.490667        0.278092
FIRE:  106 15:26:58        0.476811        0.091896
FIRE:  107 15:26:58        0.476627        0.092006
FIRE:  108 15:26:58        0.476276        0.092232
FIRE:  109 15:26:58        0.475777        0.092572
FIRE:  110 15:26:58        0.475127        0.093017
FIRE:  111 15:26:58        0.474308        0.093546
FIRE:  112 15:26:58        0.473313        0.094144
FIRE:  113 15:26:58        0.472152        0.094809
FIRE:  114 15:26:58        0.470688        0.095618
FIRE:  115 15:26:58        0.468836        0.096586
FIRE:  116 15:26:58        0.466477        0.097712
FIRE:  117 15:26:59        0.463498        0.099017
FIRE:  118 15:26:59        0.459745        0.100524
FIRE:  119 15:26:59        0.454975        0.102231
FIRE:  120 15:26:59        0.448948        0.104105
FIRE:  121 15:26:59        0.441301        0.105969
FIRE:  122 15:26:59        0.431641        0.107748
FIRE:  123 15:26:59        0.419430        0.109525
FIRE:  124 15:26:59        0.404051        0.110854
FIRE:  125 15:26:59        0.384783        0.111255
FIRE:  126 15:26:59        0.360996        0.109652
FIRE:  127 15:26:59        0.333889        0.103545
FIRE:  128 15:26:59        0.311754        0.140765
FIRE:  129 15:26:59        0.305648        0.329392
FIRE:  130 15:26:59        0.287428        0.102356
FIRE:  131 15:26:59        0.286190        0.082008
FIRE:  132 15:26:59        0.285001        0.080401
FIRE:  133 15:26:59        0.284777        0.079234
FIRE:  134 15:26:59        0.284680        0.079273
FIRE:  135 15:26:59        0.284503        0.079353
FIRE:  136 15:26:59        0.284276        0.079474
FIRE:  137 15:26:59        0.284032        0.079629
FIRE:  138 15:27:00        0.283789        0.079799
FIRE:  139 15:27:00        0.283548        0.079953
FIRE:  140 15:27:00        0.283289        0.080051
FIRE:  141 15:27:00        0.282950        0.080054
FIRE:  142 15:27:00        0.282488        0.079911
FIRE:  143 15:27:00        0.281875        0.079580
FIRE:  144 15:27:00        0.281115        0.079055
FIRE:  145 15:27:00        0.280235        0.078379
FIRE:  146 15:27:00        0.279207        0.077628
FIRE:  147 15:27:00        0.277926        0.076860
FIRE:  148 15:27:00        0.276318        0.076074
FIRE:  149 15:27:00        0.274434        0.075132
FIRE:  150 15:27:00        0.272233        0.073599
FIRE:  151 15:27:00        0.269553        0.071013
FIRE:  152 15:27:00        0.266497        0.067443
FIRE:  153 15:27:00        0.262958        0.063432
FIRE:  154 15:27:00        0.259028        0.058799
FIRE:  155 15:27:00        0.254716        0.051832
FIRE:  156 15:27:01        0.250325        0.043055
FIRE:  157 15:27:01        0.246266        0.035656
FIRE:  158 15:27:01        0.243167        0.050887
FIRE:  159 15:27:01        0.241845        0.080004
FIRE:  160 15:27:01        0.240695        0.019952
FIRE:  161 15:27:01        0.241133        0.054716
FIRE:  162 15:27:01        0.240939        0.044533
FIRE:  163 15:27:01        0.240686        0.026079
FIRE:  164 15:27:01        0.240547        0.017204
FIRE:  165 15:27:01        0.240593        0.019370
FIRE:  166 15:27:01        0.240585        0.019281
FIRE:  167 15:27:01        0.240571        0.019108
FIRE:  168 15:27:01        0.240552        0.018858
FIRE:  169 15:27:02        0.240532        0.018543
FIRE:  170 15:27:02        0.240514        0.018177
FIRE:  171 15:27:02        0.240498        0.017783
FIRE:  172 15:27:02        0.240487        0.017391
FIRE:  173 15:27:02        0.240479        0.017003
FIRE:  174 15:27:02        0.240471        0.016670
FIRE:  175 15:27:02        0.240460        0.016439
FIRE:  176 15:27:02        0.240441        0.016352
FIRE:  177 15:27:02        0.240411        0.016440
FIRE:  178 15:27:02        0.240372        0.016714
FIRE:  179 15:27:02        0.240330        0.017130
FIRE:  180 15:27:02        0.240289        0.017542
FIRE:  181 15:27:02        0.240244        0.017715
FIRE:  182 15:27:02        0.240180        0.017473
FIRE:  183 15:27:02        0.240099        0.016752
FIRE:  184 15:27:02        0.240015        0.015752
FIRE:  185 15:27:02        0.239919        0.015051
FIRE:  186 15:27:02        0.239796        0.014948
FIRE:  187 15:27:02        0.239668        0.014953
FIRE:  188 15:27:02        0.239517        0.013860
FIRE:  189 15:27:02        0.239359        0.011727
FIRE:  190 15:27:02        0.239180        0.010860
FIRE:  191 15:27:03        0.239013        0.010562
FIRE:  192 15:27:03        0.238833        0.007817
