      Step     Time          Energy          fmax
FIRE:    0 15:04:29       77.100966       15.791328
FIRE:    1 15:04:29       69.450524       14.738227
FIRE:    2 15:04:29       63.948698       13.888657
FIRE:    3 15:04:29       59.968992       13.189692
FIRE:    4 15:04:29       56.739168       12.562152
FIRE:    5 15:04:29       53.547828       11.926013
FIRE:    6 15:04:29       50.054198       11.246992
FIRE:    7 15:04:29       46.336609       10.542344
FIRE:    8 15:04:29       42.649387        9.845023
FIRE:    9 15:04:29       39.228030        9.178588
FIRE:   10 15:04:29       36.180386        8.553579
FIRE:   11 15:04:29       33.490357        7.970084
FIRE:   12 15:04:29       31.072467        7.415402
FIRE:   13 15:04:29       28.835706        6.874757
FIRE:   14 15:04:29       26.723987        6.341741
FIRE:   15 15:04:29       24.724822        5.818633
FIRE:   16 15:04:29       22.855537        5.311041
FIRE:   17 15:04:29       21.142101        4.822578
FIRE:   18 15:04:29       19.601798        4.355856
FIRE:   19 15:04:29       18.235293        3.911892
FIRE:   20 15:04:29       17.028735        3.489185
FIRE:   21 15:04:29       15.961996        3.085322
FIRE:   22 15:04:29       15.017472        2.698483
FIRE:   23 15:04:29       14.185177        2.326788
FIRE:   24 15:04:29       13.462706        1.969433
FIRE:   25 15:04:29       12.851250        1.627744
FIRE:   26 15:04:29       12.350975        1.303353
FIRE:   27 15:04:30       11.958295        0.996583
FIRE:   28 15:04:30       11.665851        0.715063
FIRE:   29 15:04:30       11.464758        0.507123
FIRE:   30 15:04:30       11.347412        0.306134
FIRE:   31 15:04:30       11.309258        0.111196
FIRE:   32 15:04:30       11.300390        0.104413
FIRE:   33 15:04:30       11.279769        0.141310
FIRE:   34 15:04:30       11.249745        0.157723
FIRE:   35 15:04:30       11.209995        0.155651
FIRE:   36 15:04:30       11.170283        0.169889
FIRE:   37 15:04:30       11.133720        0.154090
FIRE:   38 15:04:30       11.101641        0.136107
FIRE:   39 15:04:30       11.071420        0.140342
FIRE:   40 15:04:30       11.043636        0.141013
FIRE:   41 15:04:30       11.017286        0.128523
FIRE:   42 15:04:30       10.992466        0.122332
FIRE:   43 15:04:30       10.969870        0.110073
FIRE:   44 15:04:30       10.949581        0.078601
FIRE:   45 15:04:30       10.932641        0.053745
FIRE:   46 15:04:30       10.918608        0.035152
FIRE:   47 15:04:30       10.904712        0.036291
FIRE:   48 15:04:30       10.890222        0.044462
FIRE:   49 15:04:30       10.873470        0.044774
FIRE:   50 15:04:30       10.853348        0.046762
FIRE:   51 15:04:30       10.830032        0.056375
FIRE:   52 15:04:30       10.804802        0.088486
FIRE:   53 15:04:30       10.779518        0.111974
FIRE:   54 15:04:30       10.753668        0.123050
FIRE:   55 15:04:30       10.723039        0.126620
FIRE:   56 15:04:30       10.687379        0.120477
FIRE:   57 15:04:30       10.648427        0.142112
FIRE:   58 15:04:30       10.604215        0.167676
FIRE:   59 15:04:30       10.552776        0.180571
FIRE:   60 15:04:31       10.493676        0.181621
FIRE:   61 15:04:31       10.426817        0.198617
FIRE:   62 15:04:31       10.351839        0.234626
FIRE:   63 15:04:31       10.267634        0.271841
FIRE:   64 15:04:31       10.172284        0.310225
FIRE:   65 15:04:31       10.065783        0.339511
FIRE:   66 15:04:31        9.951672        0.360261
FIRE:   67 15:04:31        9.831658        0.378716
FIRE:   68 15:04:31        9.707730        0.392243
FIRE:   69 15:04:31        9.584035        0.396870
FIRE:   70 15:04:31        9.466612        0.388175
FIRE:   71 15:04:31        9.362021        0.361365
FIRE:   72 15:04:31        9.274121        0.312448
FIRE:   73 15:04:31        9.201035        0.248978
FIRE:   74 15:04:31        9.137815        0.284961
FIRE:   75 15:04:31        9.083974        0.332342
FIRE:   76 15:04:31        9.045451        0.387687
FIRE:   77 15:04:31        9.025406        0.434789
FIRE:   78 15:04:31        9.017423        0.447623
FIRE:   79 15:04:31        8.980172        0.289743
FIRE:   80 15:04:31        8.951666        0.164079
FIRE:   81 15:04:31        8.947255        0.193878
FIRE:   82 15:04:31        8.943466        0.191797
FIRE:   83 15:04:31        8.938417        0.186951
FIRE:   84 15:04:31        8.935017        0.177301
FIRE:   85 15:04:31        8.933782        0.159645
FIRE:   86 15:04:31        8.933484        0.157995
FIRE:   87 15:04:31        8.932935        0.154780
FIRE:   88 15:04:31        8.932221        0.150161
FIRE:   89 15:04:31        8.931440        0.144367
FIRE:   90 15:04:31        8.930679        0.137685
FIRE:   91 15:04:31        8.929987        0.130462
FIRE:   92 15:04:32        8.929359        0.123106
FIRE:   93 15:04:32        8.928685        0.115278
FIRE:   94 15:04:32        8.927880        0.107346
FIRE:   95 15:04:32        8.926860        0.099632
FIRE:   96 15:04:32        8.925607        0.092303
FIRE:   97 15:04:32        8.924249        0.085180
FIRE:   98 15:04:32        8.923038        0.077258
FIRE:   99 15:04:32        8.922118        0.066035
FIRE:  100 15:04:32        8.921329        0.049548
FIRE:  101 15:04:32        8.920595        0.028985
FIRE:  102 15:04:32        8.920259        0.036391
FIRE:  103 15:04:32        8.920235        0.036099
FIRE:  104 15:04:32        8.920189        0.035519
FIRE:  105 15:04:32        8.920127        0.034653
FIRE:  106 15:04:32        8.920054        0.033510
FIRE:  107 15:04:32        8.919974        0.032101
FIRE:  108 15:04:32        8.919888        0.030451
FIRE:  109 15:04:32        8.919794        0.028598
FIRE:  110 15:04:32        8.919680        0.026360
FIRE:  111 15:04:32        8.919546        0.023721
FIRE:  112 15:04:32        8.919395        0.020673
FIRE:  113 15:04:32        8.919238        0.017233
FIRE:  114 15:04:32        8.919083        0.015656
FIRE:  115 15:04:32        8.918932        0.015888
FIRE:  116 15:04:32        8.918793        0.016720
FIRE:  117 15:04:32        8.918685        0.017529
FIRE:  118 15:04:32        8.918601        0.016714
FIRE:  119 15:04:32        8.918539        0.013369
FIRE:  120 15:04:32        8.918509        0.009615
