      Step     Time          Energy          fmax
FIRE:    0 15:45:49      221.822360      261.282095
FIRE:    1 15:45:49      154.978906      125.947850
FIRE:    2 15:45:49      116.307556       61.496624
FIRE:    3 15:45:49       92.462865       37.572638
FIRE:    4 15:45:50       76.836845       29.997797
FIRE:    5 15:45:50       66.001510       24.730280
FIRE:    6 15:45:50       58.024017       21.808561
FIRE:    7 15:45:50       51.647041       23.786433
FIRE:    8 15:45:50       45.951479       24.373494
FIRE:    9 15:45:50       40.468683       22.716424
FIRE:   10 15:45:50       35.214187       19.148819
FIRE:   11 15:45:50       30.495885       14.714975
FIRE:   12 15:45:50       26.601112       10.497733
FIRE:   13 15:45:50       23.604420        7.260381
FIRE:   14 15:45:50       21.361683        7.440192
FIRE:   15 15:45:50       19.611563        7.464229
FIRE:   16 15:45:50       18.081572        7.837408
FIRE:   17 15:45:51       16.556882        8.378586
FIRE:   18 15:45:51       14.950462        7.534927
FIRE:   19 15:45:51       13.334357        6.754407
FIRE:   20 15:45:51       11.859734        5.774702
FIRE:   21 15:45:51       10.627787        4.466138
FIRE:   22 15:45:51        9.638814        4.025878
FIRE:   23 15:45:51        8.843356        3.919707
FIRE:   24 15:45:51        8.214915        3.359019
FIRE:   25 15:45:51        7.770601        2.558428
FIRE:   26 15:45:51        7.541181        2.184785
FIRE:   27 15:45:51        7.517012        3.193517
FIRE:   28 15:45:51        6.826442        1.155775
FIRE:   29 15:45:51        6.615130        0.874212
FIRE:   30 15:45:51        6.617142        1.241264
FIRE:   31 15:45:52        6.454310        0.764202
FIRE:   32 15:45:52        6.325180        0.503500
FIRE:   33 15:45:52        6.294861        0.684297
FIRE:   34 15:45:52        6.274510        0.580446
FIRE:   35 15:45:52        6.240772        0.520266
FIRE:   36 15:45:52        6.203544        0.522208
FIRE:   37 15:45:52        6.170281        0.521471
FIRE:   38 15:45:52        6.142248        0.516770
FIRE:   39 15:45:52        6.114822        0.508296
FIRE:   40 15:45:52        6.081859        0.497482
FIRE:   41 15:45:52        6.035207        0.484738
FIRE:   42 15:45:52        5.974438        0.471200
FIRE:   43 15:45:52        5.905037        0.457368
FIRE:   44 15:45:52        5.830613        0.443039
FIRE:   45 15:45:52        5.749208        0.427177
FIRE:   46 15:45:52        5.661999        0.406668
FIRE:   47 15:45:52        5.562350        0.372249
FIRE:   48 15:45:52        5.458202        0.378359
FIRE:   49 15:45:52        5.367331        0.328537
FIRE:   50 15:45:52        5.273394        0.383856
FIRE:   51 15:45:52        5.170852        0.373896
FIRE:   52 15:45:53        5.057176        0.413743
FIRE:   53 15:45:53        4.932633        0.416980
FIRE:   54 15:45:53        4.803813        0.375224
FIRE:   55 15:45:53        4.683424        0.286581
FIRE:   56 15:45:53        4.581946        0.255370
FIRE:   57 15:45:53        4.513705        0.254735
FIRE:   58 15:45:53        4.476741        0.396617
FIRE:   59 15:45:53        4.441929        0.594958
FIRE:   60 15:45:53        4.375628        0.539649
FIRE:   61 15:45:53        4.304390        0.305817
FIRE:   62 15:45:53        4.245506        0.333869
FIRE:   63 15:45:53        4.183436        0.344786
FIRE:   64 15:45:53        4.105648        0.268440
FIRE:   65 15:45:53        4.023587        0.295662
FIRE:   66 15:45:53        3.940373        0.322749
FIRE:   67 15:45:53        3.849923        0.347650
FIRE:   68 15:45:53        3.754337        0.351493
FIRE:   69 15:45:53        3.666336        0.327166
FIRE:   70 15:45:53        3.591798        0.286261
FIRE:   71 15:45:53        3.524930        0.247014
FIRE:   72 15:45:53        3.467542        0.210199
FIRE:   73 15:45:53        3.417880        0.215711
FIRE:   74 15:45:53        3.369718        0.199500
FIRE:   75 15:45:53        3.327554        0.143595
FIRE:   76 15:45:53        3.299033        0.166822
FIRE:   77 15:45:53        3.288647        0.168059
FIRE:   78 15:45:53        3.292028        0.415108
FIRE:   79 15:45:53        3.274907        0.170863
FIRE:   80 15:45:53        3.273390        0.115193
FIRE:   81 15:45:53        3.271619        0.076344
FIRE:   82 15:45:53        3.270587        0.076406
FIRE:   83 15:45:54        3.269784        0.124704
FIRE:   84 15:45:54        3.268318        0.111479
FIRE:   85 15:45:54        3.266339        0.055905
FIRE:   86 15:45:54        3.264489        0.067097
FIRE:   87 15:45:54        3.262455        0.089405
FIRE:   88 15:45:54        3.259403        0.081395
FIRE:   89 15:45:54        3.255566        0.055595
FIRE:   90 15:45:54        3.251713        0.090100
FIRE:   91 15:45:54        3.246079        0.071953
FIRE:   92 15:45:54        3.238761        0.071471
FIRE:   93 15:45:54        3.229006        0.071798
FIRE:   94 15:45:54        3.215918        0.086389
FIRE:   95 15:45:54        3.197329        0.072223
FIRE:   96 15:45:54        3.172615        0.084674
FIRE:   97 15:45:54        3.139946        0.163630
FIRE:   98 15:45:54        3.102560        0.272926
FIRE:   99 15:45:54        3.069212        0.395939
FIRE:  100 15:45:54        3.037477        0.404131
FIRE:  101 15:45:54        3.024037        0.095343
FIRE:  102 15:45:54        3.023405        0.095161
FIRE:  103 15:45:54        3.022237        0.094721
FIRE:  104 15:45:54        3.020626        0.093898
FIRE:  105 15:45:54        3.018559        0.092586
FIRE:  106 15:45:54        3.015969        0.090760
FIRE:  107 15:45:54        3.012853        0.088501
FIRE:  108 15:45:54        3.009292        0.086897
FIRE:  109 15:45:54        3.004900        0.087602
FIRE:  110 15:45:54        2.999443        0.088411
FIRE:  111 15:45:54        2.992653        0.089366
FIRE:  112 15:45:55        2.984383        0.090660
FIRE:  113 15:45:55        2.974302        0.092524
FIRE:  114 15:45:55        2.962038        0.094981
FIRE:  115 15:45:55        2.947392        0.096587
FIRE:  116 15:45:55        2.930241        0.093562
FIRE:  117 15:45:55        2.911482        0.079470
FIRE:  118 15:45:55        2.894695        0.046386
FIRE:  119 15:45:55        2.888621        0.072480
FIRE:  120 15:45:55        2.887901        0.057159
FIRE:  121 15:45:55        2.887125        0.050079
FIRE:  122 15:45:55        2.886419        0.056888
FIRE:  123 15:45:55        2.885443        0.049664
FIRE:  124 15:45:55        2.884498        0.020754
FIRE:  125 15:45:55        2.883985        0.038312
FIRE:  126 15:45:55        2.883579        0.041132
FIRE:  127 15:45:55        2.883240        0.015898
FIRE:  128 15:45:55        2.883244        0.039183
FIRE:  129 15:45:55        2.883176        0.032466
FIRE:  130 15:45:55        2.883080        0.020627
FIRE:  131 15:45:55        2.883001        0.014973
FIRE:  132 15:45:55        2.882953        0.021618
FIRE:  133 15:45:55        2.882907        0.027684
FIRE:  134 15:45:55        2.882833        0.027021
FIRE:  135 15:45:55        2.882733        0.020316
FIRE:  136 15:45:55        2.882626        0.011304
FIRE:  137 15:45:55        2.882552        0.014103
FIRE:  138 15:45:55        2.882488        0.020339
FIRE:  139 15:45:56        2.882388        0.016055
FIRE:  140 15:45:56        2.882281        0.009939
