      Step     Time          Energy          fmax
FIRE:    0 15:52:19      162.892858      131.484626
FIRE:    1 15:52:19      124.497092       63.069341
FIRE:    2 15:52:19      105.688121       28.612640
FIRE:    3 15:52:19       96.167553       19.789957
FIRE:    4 15:52:19       90.436091       18.733197
FIRE:    5 15:52:19       85.808960       17.593432
FIRE:    6 15:52:19       81.198624       16.365787
FIRE:    7 15:52:19       76.311810       15.036253
FIRE:    8 15:52:19       71.188185       13.612656
FIRE:    9 15:52:19       66.021896       12.249772
FIRE:   10 15:52:19       61.055291       10.763591
FIRE:   11 15:52:19       56.507201       10.084875
FIRE:   12 15:52:20       52.528886       10.444020
FIRE:   13 15:52:20       49.176675       10.921075
FIRE:   14 15:52:20       46.401145       11.455531
FIRE:   15 15:52:20       44.061002       11.962254
FIRE:   16 15:52:20       41.968387       12.349347
FIRE:   17 15:52:20       39.945624       12.541215
FIRE:   18 15:52:20       37.871011       12.496948
FIRE:   19 15:52:20       35.694429       12.215107
FIRE:   20 15:52:20       33.426451       11.720298
FIRE:   21 15:52:20       31.113596       11.052942
FIRE:   22 15:52:20       28.814057       10.259178
FIRE:   23 15:52:20       26.581157        9.382979
FIRE:   24 15:52:20       24.456190        8.463273
FIRE:   25 15:52:20       22.468107        7.525718
FIRE:   26 15:52:20       20.635083        6.592950
FIRE:   27 15:52:20       18.964455        5.686812
FIRE:   28 15:52:20       17.456559        4.819826
FIRE:   29 15:52:20       16.106718        3.999832
FIRE:   30 15:52:20       14.906428        3.234452
FIRE:   31 15:52:20       13.845064        2.530700
FIRE:   32 15:52:20       12.912372        1.894505
FIRE:   33 15:52:20       12.099023        1.602423
FIRE:   34 15:52:20       11.396856        1.380471
FIRE:   35 15:52:20       10.798435        1.170738
FIRE:   36 15:52:20       10.303066        0.948013
FIRE:   37 15:52:21        9.923334        0.716028
FIRE:   38 15:52:21        9.693880        0.492143
FIRE:   39 15:52:21        9.664401        0.983970
FIRE:   40 15:52:21        9.565168        0.693649
FIRE:   41 15:52:21        9.446385        0.488944
FIRE:   42 15:52:21        9.433544        0.802960
FIRE:   43 15:52:21        9.381951        0.522488
FIRE:   44 15:52:21        9.338535        0.399383
FIRE:   45 15:52:21        9.328658        0.483859
FIRE:   46 15:52:21        9.325355        0.476606
FIRE:   47 15:52:21        9.319208        0.462316
FIRE:   48 15:52:21        9.311047        0.441494
FIRE:   49 15:52:21        9.301867        0.415061
FIRE:   50 15:52:21        9.292550        0.384566
FIRE:   51 15:52:21        9.283540        0.352390
FIRE:   52 15:52:21        9.274639        0.321619
FIRE:   53 15:52:21        9.264096        0.292682
FIRE:   54 15:52:21        9.250598        0.275139
FIRE:   55 15:52:21        9.233171        0.268903
FIRE:   56 15:52:21        9.212248        0.260564
FIRE:   57 15:52:21        9.189835        0.249831
FIRE:   58 15:52:21        9.167477        0.237046
FIRE:   59 15:52:21        9.143922        0.223628
FIRE:   60 15:52:21        9.117533        0.211686
FIRE:   61 15:52:21        9.090925        0.203465
FIRE:   62 15:52:21        9.066972        0.199523
FIRE:   63 15:52:21        9.040433        0.197106
FIRE:   64 15:52:21        9.009709        0.198360
FIRE:   65 15:52:22        8.968910        0.216221
FIRE:   66 15:52:22        8.903272        0.260944
FIRE:   67 15:52:22        8.814824        0.320103
FIRE:   68 15:52:22        8.704458        0.378604
FIRE:   69 15:52:22        8.577506        0.444564
FIRE:   70 15:52:22        8.429658        0.520821
FIRE:   71 15:52:22        8.260402        0.594788
FIRE:   72 15:52:22        8.067535        0.657366
FIRE:   73 15:52:22        7.849308        0.709404
FIRE:   74 15:52:22        7.606624        0.751169
FIRE:   75 15:52:22        7.341954        0.783455
FIRE:   76 15:52:22        7.057562        0.809370
FIRE:   77 15:52:22        6.756995        0.827064
FIRE:   78 15:52:22        6.444994        0.831004
FIRE:   79 15:52:22        6.129214        0.817144
FIRE:   80 15:52:22        5.819567        0.785921
FIRE:   81 15:52:22        5.528471        0.734902
FIRE:   82 15:52:22        5.272299        0.656762
FIRE:   83 15:52:22        5.073211        0.543182
FIRE:   84 15:52:22        4.956372        0.391364
FIRE:   85 15:52:22        4.940367        0.233544
FIRE:   86 15:52:22        4.919122        0.565490
FIRE:   87 15:52:22        4.868635        0.226125
FIRE:   88 15:52:22        4.866610        0.226593
FIRE:   89 15:52:22        4.862911        0.227126
FIRE:   90 15:52:22        4.857852        0.227092
FIRE:   91 15:52:22        4.851397        0.225947
FIRE:   92 15:52:22        4.843348        0.223502
FIRE:   93 15:52:23        4.833722        0.220000
FIRE:   94 15:52:23        4.822735        0.216123
FIRE:   95 15:52:23        4.808999        0.227540
FIRE:   96 15:52:23        4.791446        0.237196
FIRE:   97 15:52:23        4.768975        0.240323
FIRE:   98 15:52:23        4.740722        0.239752
FIRE:   99 15:52:23        4.704816        0.241903
FIRE:  100 15:52:23        4.659197        0.245893
FIRE:  101 15:52:23        4.601130        0.248490
FIRE:  102 15:52:23        4.530853        0.273624
FIRE:  103 15:52:23        4.459357        0.295317
FIRE:  104 15:52:23        4.386987        0.312306
FIRE:  105 15:52:23        4.313383        0.325353
FIRE:  106 15:52:23        4.239176        0.330847
FIRE:  107 15:52:23        4.164787        0.327749
FIRE:  108 15:52:23        4.090954        0.318895
FIRE:  109 15:52:23        4.018444        0.300538
FIRE:  110 15:52:23        3.949820        0.269055
FIRE:  111 15:52:23        3.887011        0.232754
FIRE:  112 15:52:23        3.831065        0.195699
FIRE:  113 15:52:23        3.782957        0.159057
FIRE:  114 15:52:23        3.743596        0.123635
FIRE:  115 15:52:23        3.714069        0.087512
FIRE:  116 15:52:23        3.695826        0.051286
FIRE:  117 15:52:23        3.690525        0.044251
FIRE:  118 15:52:23        3.693818        0.164509
FIRE:  119 15:52:24        3.690131        0.034205
FIRE:  120 15:52:24        3.690042        0.023945
FIRE:  121 15:52:24        3.689951        0.018876
FIRE:  122 15:52:24        3.689930        0.020638
FIRE:  123 15:52:24        3.689925        0.020524
FIRE:  124 15:52:24        3.689914        0.020303
FIRE:  125 15:52:24        3.689901        0.019991
FIRE:  126 15:52:24        3.689885        0.019612
FIRE:  127 15:52:24        3.689870        0.019197
FIRE:  128 15:52:24        3.689854        0.018786
FIRE:  129 15:52:24        3.689837        0.018418
FIRE:  130 15:52:24        3.689816        0.018096
FIRE:  131 15:52:24        3.689789        0.017860
FIRE:  132 15:52:24        3.689752        0.017739
FIRE:  133 15:52:24        3.689708        0.017728
FIRE:  134 15:52:24        3.689657        0.017760
FIRE:  135 15:52:24        3.689599        0.017676
FIRE:  136 15:52:25        3.689532        0.017260
FIRE:  137 15:52:25        3.689450        0.016356
FIRE:  138 15:52:25        3.689359        0.014980
FIRE:  139 15:52:25        3.689261        0.013479
FIRE:  140 15:52:25        3.689152        0.012269
FIRE:  141 15:52:25        3.689042        0.011155
FIRE:  142 15:52:25        3.688933        0.009013
