      Step     Time          Energy          fmax
FIRE:    0 12:01:49      138.915998       79.027623
FIRE:    1 12:01:49      106.410236       49.750565
FIRE:    2 12:01:49       83.639146       33.894904
FIRE:    3 12:01:49       67.294089       23.548057
FIRE:    4 12:01:49       55.358908       17.744248
FIRE:    5 12:01:49       46.541529       13.776914
FIRE:    6 12:01:49       39.915407       12.516463
FIRE:    7 12:01:49       34.760925       11.682005
FIRE:    8 12:01:49       30.567320        9.952290
FIRE:    9 12:01:49       27.143600        8.273760
FIRE:   10 12:01:49       24.559361        7.778999
FIRE:   11 12:01:49       22.821552       10.622755
FIRE:   12 12:01:49       21.505586       15.919179
FIRE:   13 12:01:49       19.912153       17.365359
FIRE:   14 12:01:49       17.739362       14.431947
FIRE:   15 12:01:49       15.404844        9.031484
FIRE:   16 12:01:49       13.470196        4.691181
FIRE:   17 12:01:49       12.054793        4.672040
FIRE:   18 12:01:49       10.934170        4.734723
FIRE:   19 12:01:49        9.923015        4.316366
FIRE:   20 12:01:49        8.981870        3.392345
FIRE:   21 12:01:49        8.143649        3.154432
FIRE:   22 12:01:49        7.462275        2.920738
FIRE:   23 12:01:50        6.999031        2.348239
FIRE:   24 12:01:50        6.784598        1.998929
FIRE:   25 12:01:50        6.756195        3.190482
FIRE:   26 12:01:50        6.224845        0.808049
FIRE:   27 12:01:50        6.064965        1.303605
FIRE:   28 12:01:50        5.870413        1.270173
FIRE:   29 12:01:50        5.756902        1.292694
FIRE:   30 12:01:50        5.646193        0.872553
FIRE:   31 12:01:50        5.524759        0.706531
FIRE:   32 12:01:50        5.448184        0.487806
FIRE:   33 12:01:50        5.416966        0.622072
FIRE:   34 12:01:50        5.406505        0.588344
FIRE:   35 12:01:50        5.387665        0.523901
FIRE:   36 12:01:50        5.363924        0.439219
FIRE:   37 12:01:50        5.338994        0.436574
FIRE:   38 12:01:50        5.315507        0.432332
FIRE:   39 12:01:50        5.294012        0.426902
FIRE:   40 12:01:50        5.272972        0.421170
FIRE:   41 12:01:50        5.247358        0.415438
FIRE:   42 12:01:50        5.213788        0.410084
FIRE:   43 12:01:51        5.170034        0.419119
FIRE:   44 12:01:51        5.116125        0.395718
FIRE:   45 12:01:51        5.053660        0.380322
FIRE:   46 12:01:51        4.985122        0.354647
FIRE:   47 12:01:51        4.914209        0.323427
FIRE:   48 12:01:51        4.838272        0.360669
FIRE:   49 12:01:51        4.752959        0.245844
FIRE:   50 12:01:51        4.671958        0.246996
FIRE:   51 12:01:51        4.602987        0.333515
FIRE:   52 12:01:51        4.545886        0.393991
FIRE:   53 12:01:51        4.502379        0.409551
FIRE:   54 12:01:51        4.476158        0.376813
FIRE:   55 12:01:51        4.464571        0.361991
FIRE:   56 12:01:51        4.445536        0.333275
FIRE:   57 12:01:51        4.423422        0.292276
FIRE:   58 12:01:51        4.400769        0.242467
FIRE:   59 12:01:51        4.379554        0.190826
FIRE:   60 12:01:51        4.361119        0.165276
FIRE:   61 12:01:51        4.344729        0.164455
FIRE:   62 12:01:51        4.326922        0.192021
FIRE:   63 12:01:51        4.305352        0.176028
FIRE:   64 12:01:51        4.277220        0.169584
FIRE:   65 12:01:51        4.242056        0.157522
FIRE:   66 12:01:51        4.202172        0.152356
FIRE:   67 12:01:51        4.162455        0.161732
FIRE:   68 12:01:51        4.126397        0.160114
FIRE:   69 12:01:52        4.097213        0.187610
FIRE:   70 12:01:52        4.066267        0.232369
FIRE:   71 12:01:52        4.022155        0.303119
FIRE:   72 12:01:52        3.953420        0.429189
FIRE:   73 12:01:52        3.853532        0.277894
FIRE:   74 12:01:52        3.748671        0.244521
FIRE:   75 12:01:52        3.652441        0.251846
FIRE:   76 12:01:52        3.570590        0.354417
FIRE:   77 12:01:52        3.498929        0.349680
FIRE:   78 12:01:52        3.439268        0.341934
FIRE:   79 12:01:52        3.398181        0.217312
FIRE:   80 12:01:52        3.386205        0.214773
FIRE:   81 12:01:52        3.373074        0.282158
FIRE:   82 12:01:52        3.365455        0.089673
FIRE:   83 12:01:52        3.365569        0.180958
FIRE:   84 12:01:52        3.363774        0.132000
FIRE:   85 12:01:52        3.361652        0.076224
FIRE:   86 12:01:52        3.360624        0.078386
FIRE:   87 12:01:52        3.360411        0.118483
FIRE:   88 12:01:52        3.360208        0.110409
FIRE:   89 12:01:52        3.359842        0.094972
FIRE:   90 12:01:52        3.359380        0.076102
FIRE:   91 12:01:52        3.358899        0.074398
FIRE:   92 12:01:52        3.358457        0.072526
FIRE:   93 12:01:52        3.358072        0.070643
FIRE:   94 12:01:52        3.357717        0.068912
FIRE:   95 12:01:52        3.357291        0.067308
FIRE:   96 12:01:53        3.356704        0.065964
FIRE:   97 12:01:53        3.355875        0.064989
FIRE:   98 12:01:53        3.354786        0.065396
FIRE:   99 12:01:53        3.353496        0.066529
FIRE:  100 12:01:53        3.352069        0.067809
FIRE:  101 12:01:53        3.350401        0.069322
FIRE:  102 12:01:53        3.348250        0.071111
FIRE:  103 12:01:53        3.345527        0.073055
FIRE:  104 12:01:53        3.342293        0.074798
FIRE:  105 12:01:53        3.338225        0.075961
FIRE:  106 12:01:53        3.332918        0.076435
FIRE:  107 12:01:53        3.326254        0.076550
FIRE:  108 12:01:53        3.317408        0.079869
FIRE:  109 12:01:53        3.306053        0.081527
FIRE:  110 12:01:53        3.291369        0.079455
FIRE:  111 12:01:53        3.273809        0.074212
FIRE:  112 12:01:53        3.254920        0.073764
FIRE:  113 12:01:53        3.239314        0.077307
FIRE:  114 12:01:53        3.229011        0.105031
FIRE:  115 12:01:53        3.220950        0.149648
FIRE:  116 12:01:53        3.217884        0.067489
FIRE:  117 12:01:53        3.217015        0.120504
FIRE:  118 12:01:53        3.216398        0.095983
FIRE:  119 12:01:53        3.215549        0.054235
FIRE:  120 12:01:53        3.214916        0.048701
FIRE:  121 12:01:53        3.214591        0.057460
FIRE:  122 12:01:53        3.214257        0.080421
FIRE:  123 12:01:53        3.213640        0.078352
FIRE:  124 12:01:54        3.212810        0.052548
FIRE:  125 12:01:54        3.212029        0.040345
FIRE:  126 12:01:54        3.211644        0.046789
FIRE:  127 12:01:54        3.211352        0.066690
FIRE:  128 12:01:54        3.210738        0.043460
FIRE:  129 12:01:54        3.210264        0.031534
FIRE:  130 12:01:54        3.210110        0.059413
FIRE:  131 12:01:54        3.209996        0.049737
FIRE:  132 12:01:54        3.209828        0.032751
FIRE:  133 12:01:54        3.209681        0.027698
FIRE:  134 12:01:54        3.209592        0.026767
FIRE:  135 12:01:54        3.209528        0.034997
FIRE:  136 12:01:54        3.209428        0.040209
FIRE:  137 12:01:54        3.209268        0.035993
FIRE:  138 12:01:54        3.209055        0.025390
FIRE:  139 12:01:54        3.208855        0.025630
FIRE:  140 12:01:54        3.208709        0.025709
FIRE:  141 12:01:54        3.208532        0.029923
FIRE:  142 12:01:54        3.208261        0.023872
FIRE:  143 12:01:54        3.207998        0.024402
FIRE:  144 12:01:54        3.207747        0.027228
FIRE:  145 12:01:54        3.207355        0.023242
FIRE:  146 12:01:54        3.206979        0.022468
FIRE:  147 12:01:54        3.206514        0.018645
FIRE:  148 12:01:54        3.206079        0.026564
FIRE:  149 12:01:54        3.205572        0.014235
FIRE:  150 12:01:54        3.205219        0.035105
FIRE:  151 12:01:54        3.204864        0.041062
FIRE:  152 12:01:54        3.204740        0.015281
FIRE:  153 12:01:55        3.204736        0.019948
FIRE:  154 12:01:55        3.204725        0.016849
FIRE:  155 12:01:55        3.204708        0.011184
FIRE:  156 12:01:55        3.204694        0.009242
