      Step     Time          Energy          fmax
FIRE:    0 15:49:58      166.797603       79.993864
FIRE:    1 15:49:58      141.404607       44.427078
FIRE:    2 15:49:58      123.291429       31.697932
FIRE:    3 15:49:58      109.671999       27.922491
FIRE:    4 15:49:58       98.510822       24.384421
FIRE:    5 15:49:58       88.525941       21.070218
FIRE:    6 15:49:58       79.119182       19.594252
FIRE:    7 15:49:58       70.225968       18.652008
FIRE:    8 15:49:58       62.068069       14.506783
FIRE:    9 15:49:58       54.980708       12.908410
FIRE:   10 15:49:58       49.157975       12.165571
FIRE:   11 15:49:58       44.551257       11.495184
FIRE:   12 15:49:58       40.931877       10.917141
FIRE:   13 15:49:58       38.039284       10.450321
FIRE:   14 15:49:58       35.701554       10.098136
FIRE:   15 15:49:58       33.852978        9.827297
FIRE:   16 15:49:59       32.437947        9.573804
FIRE:   17 15:49:59       31.272734        9.259535
FIRE:   18 15:49:59       30.023736        8.840395
FIRE:   19 15:49:59       28.430796        8.311771
FIRE:   20 15:49:59       26.586119        7.695576
FIRE:   21 15:49:59       24.799873        7.028059
FIRE:   22 15:49:59       23.206600        6.353404
FIRE:   23 15:49:59       21.706626        5.710703
FIRE:   24 15:49:59       20.216611        5.123574
FIRE:   25 15:49:59       18.799789        4.597994
FIRE:   26 15:49:59       17.559748        4.117505
FIRE:   27 15:49:59       16.488294        3.647926
FIRE:   28 15:49:59       15.519844        3.175214
FIRE:   29 15:49:59       14.687561        2.717972
FIRE:   30 15:49:59       14.070466        2.306213
FIRE:   31 15:49:59       13.607029        1.951063
FIRE:   32 15:49:59       13.194169        1.634711
FIRE:   33 15:49:59       12.824998        1.443903
FIRE:   34 15:49:59       12.518054        1.297178
FIRE:   35 15:50:00       12.257072        1.218401
FIRE:   36 15:50:00       12.054629        0.692523
FIRE:   37 15:50:00       11.931184        0.934054
FIRE:   38 15:50:00       11.844980        1.095576
FIRE:   39 15:50:00       11.774128        0.990838
FIRE:   40 15:50:00       11.737736        1.052099
FIRE:   41 15:50:00       11.771368        4.062338
FIRE:   42 15:50:00       11.999396        7.273220
FIRE:   43 15:50:00       11.530015        2.450237
FIRE:   44 15:50:00       11.483230        1.785097
FIRE:   45 15:50:00       11.431901        0.909494
FIRE:   46 15:50:00       11.417688        0.883603
FIRE:   47 15:50:00       11.415306        0.883777
FIRE:   48 15:50:00       11.410888        0.884058
FIRE:   49 15:50:00       11.405015        0.884305
FIRE:   50 15:50:00       11.398303        0.884304
FIRE:   51 15:50:00       11.391191        0.883776
FIRE:   52 15:50:00       11.383780        0.882412
FIRE:   53 15:50:00       11.375825        0.879934
FIRE:   54 15:50:00       11.365886        0.875677
FIRE:   55 15:50:00       11.353016        0.869033
FIRE:   56 15:50:00       11.336408        0.859356
FIRE:   57 15:50:00       11.315845        0.846040
FIRE:   58 15:50:00       11.291788        0.828699
FIRE:   59 15:50:00       11.264458        0.807515
FIRE:   60 15:50:00       11.232533        0.783359
FIRE:   61 15:50:00       11.194248        0.756977
FIRE:   62 15:50:00       11.150444        0.727622
FIRE:   63 15:50:00       11.102621        0.691996
FIRE:   64 15:50:00       11.048331        0.646514
FIRE:   65 15:50:01       10.987771        0.592044
FIRE:   66 15:50:01       10.921259        0.538574
FIRE:   67 15:50:01       10.845402        0.495304
FIRE:   68 15:50:01       10.763470        0.454130
FIRE:   69 15:50:01       10.677902        0.403871
FIRE:   70 15:50:01       10.593452        0.365089
FIRE:   71 15:50:01       10.512228        0.322154
FIRE:   72 15:50:01       10.431141        0.311507
FIRE:   73 15:50:01       10.352964        0.293605
FIRE:   74 15:50:01       10.280266        0.280718
FIRE:   75 15:50:01       10.203993        0.244402
FIRE:   76 15:50:01       10.120605        0.293391
FIRE:   77 15:50:01       10.034978        0.356437
FIRE:   78 15:50:01        9.943361        0.420626
FIRE:   79 15:50:01        9.836320        0.467840
FIRE:   80 15:50:01        9.709798        0.502682
FIRE:   81 15:50:01        9.562987        0.534355
FIRE:   82 15:50:01        9.399124        0.557722
FIRE:   83 15:50:01        9.228030        0.564988
FIRE:   84 15:50:01        9.066284        0.556550
FIRE:   85 15:50:01        8.932488        0.522904
FIRE:   86 15:50:01        8.839577        0.454480
FIRE:   87 15:50:01        8.777163        0.363173
FIRE:   88 15:50:01        8.723600        0.285589
FIRE:   89 15:50:01        8.690242        0.277457
FIRE:   90 15:50:01        8.692155        0.359370
FIRE:   91 15:50:01        8.666712        0.572086
FIRE:   92 15:50:01        8.608549        0.273666
FIRE:   93 15:50:01        8.615111        0.360346
FIRE:   94 15:50:01        8.603728        0.290162
FIRE:   95 15:50:01        8.589920        0.177265
FIRE:   96 15:50:02        8.581905        0.156758
FIRE:   97 15:50:02        8.580351        0.168984
FIRE:   98 15:50:02        8.579570        0.162122
FIRE:   99 15:50:02        8.578146        0.148953
FIRE:  100 15:50:02        8.576311        0.135792
FIRE:  101 15:50:02        8.574321        0.136406
FIRE:  102 15:50:02        8.572379        0.137749
FIRE:  103 15:50:02        8.570576        0.139883
FIRE:  104 15:50:02        8.568880        0.142622
FIRE:  105 15:50:02        8.566992        0.145866
FIRE:  106 15:50:02        8.564690        0.148967
FIRE:  107 15:50:02        8.561695        0.150958
FIRE:  108 15:50:02        8.557788        0.150717
FIRE:  109 15:50:02        8.552988        0.147318
FIRE:  110 15:50:02        8.547609        0.140713
FIRE:  111 15:50:02        8.541854        0.132842
FIRE:  112 15:50:02        8.535285        0.127723
FIRE:  113 15:50:02        8.527200        0.129235
FIRE:  114 15:50:02        8.517515        0.138692
FIRE:  115 15:50:02        8.506388        0.152753
FIRE:  116 15:50:02        8.492233        0.164778
FIRE:  117 15:50:02        8.474117        0.171833
FIRE:  118 15:50:02        8.451051        0.182144
FIRE:  119 15:50:02        8.419700        0.204745
FIRE:  120 15:50:02        8.378844        0.226520
FIRE:  121 15:50:02        8.327804        0.436179
FIRE:  122 15:50:02        8.295364        1.055466
FIRE:  123 15:50:02        8.262392        0.269675
FIRE:  124 15:50:02        8.261222        0.269489
FIRE:  125 15:50:02        8.259283        0.269269
FIRE:  126 15:50:02        8.256890        0.269269
FIRE:  127 15:50:02        8.253888        0.269720
FIRE:  128 15:50:03        8.249915        0.270714
FIRE:  129 15:50:03        8.244923        0.272180
FIRE:  130 15:50:03        8.239205        0.273883
FIRE:  131 15:50:03        8.232167        0.275599
FIRE:  132 15:50:03        8.223117        0.276789
FIRE:  133 15:50:03        8.211385        0.277210
FIRE:  134 15:50:03        8.196850        0.277505
FIRE:  135 15:50:03        8.178442        0.279141
FIRE:  136 15:50:03        8.155013        0.282897
FIRE:  137 15:50:03        8.125597        0.287075
FIRE:  138 15:50:03        8.088178        0.289643
FIRE:  139 15:50:03        8.040743        0.293394
FIRE:  140 15:50:03        7.980807        0.297192
FIRE:  141 15:50:03        7.905817        0.293760
FIRE:  142 15:50:03        7.831365        0.301365
FIRE:  143 15:50:03        7.759004        0.402015
FIRE:  144 15:50:03        7.688415        0.412484
FIRE:  145 15:50:03        7.622805        0.388145
FIRE:  146 15:50:03        7.565156        0.382317
FIRE:  147 15:50:03        7.520211        0.458990
FIRE:  148 15:50:03        7.491333        0.657277
FIRE:  149 15:50:03        7.502167        0.923318
FIRE:  150 15:50:03        7.483797        0.401017
FIRE:  151 15:50:03        7.482967        0.402137
FIRE:  152 15:50:03        7.481792        0.337971
FIRE:  153 15:50:03        7.480112        0.221305
FIRE:  154 15:50:03        7.478842        0.103527
FIRE:  155 15:50:03        7.478529        0.099832
FIRE:  156 15:50:03        7.478501        0.099830
FIRE:  157 15:50:03        7.478445        0.099825
FIRE:  158 15:50:04        7.478367        0.099812
FIRE:  159 15:50:04        7.478268        0.099784
FIRE:  160 15:50:04        7.478154        0.099731
FIRE:  161 15:50:04        7.478028        0.099642
FIRE:  162 15:50:04        7.477892        0.099503
FIRE:  163 15:50:04        7.477732        0.099273
FIRE:  164 15:50:04        7.477539        0.098912
FIRE:  165 15:50:04        7.477304        0.098364
FIRE:  166 15:50:04        7.477011        0.097567
FIRE:  167 15:50:04        7.476640        0.096455
FIRE:  168 15:50:04        7.476175        0.094961
FIRE:  169 15:50:04        7.475609        0.093038
FIRE:  170 15:50:04        7.474939        0.090673
FIRE:  171 15:50:04        7.474153        0.087915
FIRE:  172 15:50:04        7.473218        0.084857
FIRE:  173 15:50:04        7.472097        0.081552
FIRE:  174 15:50:04        7.470791        0.077897
FIRE:  175 15:50:04        7.469314        0.074223
FIRE:  176 15:50:04        7.467630        0.070661
FIRE:  177 15:50:04        7.465762        0.066113
FIRE:  178 15:50:04        7.463776        0.060144
FIRE:  179 15:50:05        7.461712        0.052307
FIRE:  180 15:50:05        7.459739        0.042194
FIRE:  181 15:50:05        7.458053        0.033126
FIRE:  182 15:50:05        7.456931        0.041997
FIRE:  183 15:50:05        7.456685        0.067293
FIRE:  184 15:50:05        7.456598        0.033295
FIRE:  185 15:50:05        7.456574        0.017717
FIRE:  186 15:50:05        7.456572        0.015457
FIRE:  187 15:50:05        7.456568        0.011235
FIRE:  188 15:50:05        7.456564        0.010565
FIRE:  189 15:50:05        7.456561        0.010426
FIRE:  190 15:50:05        7.456560        0.010256
FIRE:  191 15:50:05        7.456558        0.010065
FIRE:  192 15:50:05        7.456556        0.011000
FIRE:  193 15:50:05        7.456551        0.010032
FIRE:  194 15:50:05        7.456545        0.009341
