      Step     Time          Energy          fmax
FIRE:    0 15:57:15      272.527309      168.332382
FIRE:    1 15:57:15      203.077146       91.483536
FIRE:    2 15:57:15      169.000774       44.891631
FIRE:    3 15:57:16      155.187242       36.455765
FIRE:    4 15:57:16      150.006139       38.066933
FIRE:    5 15:57:16      146.522496       36.815801
FIRE:    6 15:57:16      142.136154       36.365849
FIRE:    7 15:57:16      136.078897       38.415230
FIRE:    8 15:57:16      127.724015       39.482362
FIRE:    9 15:57:16      117.002950       39.977032
FIRE:   10 15:57:16      104.521654       37.168505
FIRE:   11 15:57:16       91.822857       29.244564
FIRE:   12 15:57:16       80.886668       23.694946
FIRE:   13 15:57:16       72.912998       21.526306
FIRE:   14 15:57:16       67.644865       20.161958
FIRE:   15 15:57:16       63.651412       19.493541
FIRE:   16 15:57:16       59.511156       19.186769
FIRE:   17 15:57:16       54.837598       18.929368
FIRE:   18 15:57:16       50.037106       18.493794
FIRE:   19 15:57:16       45.374858       17.698619
FIRE:   20 15:57:16       40.993027       16.521224
FIRE:   21 15:57:16       37.243452       15.153024
FIRE:   22 15:57:16       34.337271       13.819135
FIRE:   23 15:57:16       32.004656       12.623558
FIRE:   24 15:57:16       29.732292       11.550379
FIRE:   25 15:57:16       27.199437       10.559544
FIRE:   26 15:57:16       24.506012        9.656747
FIRE:   27 15:57:16       22.016991        8.879166
FIRE:   28 15:57:16       19.991393        8.219311
FIRE:   29 15:57:17       18.358826        7.564226
FIRE:   30 15:57:17       16.889118        6.800383
FIRE:   31 15:57:17       15.506518        5.936018
FIRE:   32 15:57:17       14.290728        5.081772
FIRE:   33 15:57:17       13.272882        4.333788
FIRE:   34 15:57:17       12.409800        3.714207
FIRE:   35 15:57:17       11.679457        3.191242
FIRE:   36 15:57:17       11.079563        2.723033
FIRE:   37 15:57:17       10.587850        2.268799
FIRE:   38 15:57:17       10.181157        1.811315
FIRE:   39 15:57:17        9.857500        1.360023
FIRE:   40 15:57:17        9.615895        0.932265
FIRE:   41 15:57:17        9.441483        0.786169
FIRE:   42 15:57:17        9.316831        0.830127
FIRE:   43 15:57:17        9.230646        0.861116
FIRE:   44 15:57:17        9.177046        0.876397
FIRE:   45 15:57:17        9.151581        0.906880
FIRE:   46 15:57:18        8.818906        0.812539
FIRE:   47 15:57:18        8.541102        0.669262
FIRE:   48 15:57:18        8.323260        0.548118
FIRE:   49 15:57:18        8.169774        0.461630
FIRE:   50 15:57:18        8.064228        0.608846
FIRE:   51 15:57:18        7.955783        0.674715
FIRE:   52 15:57:18        7.817822        0.542628
FIRE:   53 15:57:18        7.644975        0.568957
FIRE:   54 15:57:18        7.437657        0.583567
FIRE:   55 15:57:18        7.222179        0.544396
FIRE:   56 15:57:18        7.024585        0.468812
FIRE:   57 15:57:18        6.845960        0.398794
FIRE:   58 15:57:18        6.683566        0.431691
FIRE:   59 15:57:18        6.546437        0.437321
FIRE:   60 15:57:18        6.440281        0.512565
FIRE:   61 15:57:18        6.353879        0.558876
FIRE:   62 15:57:18        6.277068        0.448084
FIRE:   63 15:57:18        6.200989        0.487956
FIRE:   64 15:57:18        6.111228        0.547428
FIRE:   65 15:57:18        5.990778        0.527997
FIRE:   66 15:57:18        5.862231        0.465926
FIRE:   67 15:57:18        5.774404        0.367278
FIRE:   68 15:57:18        5.726902        0.519041
FIRE:   69 15:57:18        5.682446        0.509370
FIRE:   70 15:57:19        5.616934        0.421622
FIRE:   71 15:57:19        5.523627        0.422258
FIRE:   72 15:57:19        5.433594        0.401558
FIRE:   73 15:57:19        5.353797        0.354271
FIRE:   74 15:57:19        5.264697        0.316146
FIRE:   75 15:57:19        5.159425        0.254499
FIRE:   76 15:57:19        5.062481        0.229985
FIRE:   77 15:57:19        4.986060        0.250711
FIRE:   78 15:57:19        4.916520        0.289918
FIRE:   79 15:57:19        4.845315        0.248540
FIRE:   80 15:57:19        4.782388        0.193301
FIRE:   81 15:57:19        4.746715        0.154019
FIRE:   82 15:57:19        4.742810        0.214686
FIRE:   83 15:57:19        4.772789        0.631546
FIRE:   84 15:57:19        4.734149        0.592053
FIRE:   85 15:57:19        4.716832        0.239648
FIRE:   86 15:57:19        4.715485        0.214106
FIRE:   87 15:57:19        4.714369        0.183324
FIRE:   88 15:57:19        4.712727        0.126602
FIRE:   89 15:57:19        4.711381        0.084785
FIRE:   90 15:57:19        4.710858        0.085082
FIRE:   91 15:57:19        4.710923        0.095874
FIRE:   92 15:57:19        4.710842        0.092426
FIRE:   93 15:57:19        4.710689        0.085690
FIRE:   94 15:57:19        4.710482        0.084745
FIRE:   95 15:57:19        4.710241        0.084319
FIRE:   96 15:57:20        4.709989        0.083833
FIRE:   97 15:57:20        4.709748        0.083310
FIRE:   98 15:57:20        4.709529        0.082767
FIRE:   99 15:57:20        4.709316        0.082162
FIRE:  100 15:57:20        4.709103        0.081499
FIRE:  101 15:57:20        4.708862        0.080777
FIRE:  102 15:57:20        4.708549        0.079978
FIRE:  103 15:57:20        4.708120        0.079077
FIRE:  104 15:57:20        4.707554        0.078048
FIRE:  105 15:57:20        4.706882        0.076865
FIRE:  106 15:57:20        4.706173        0.075467
FIRE:  107 15:57:20        4.705456        0.073689
FIRE:  108 15:57:20        4.704648        0.071293
FIRE:  109 15:57:20        4.703662        0.068086
FIRE:  110 15:57:20        4.702607        0.064048
FIRE:  111 15:57:20        4.701630        0.059301
FIRE:  112 15:57:20        4.700584        0.053964
FIRE:  113 15:57:20        4.699526        0.047905
FIRE:  114 15:57:20        4.698623        0.040513
FIRE:  115 15:57:20        4.697676        0.031623
FIRE:  116 15:57:20        4.696934        0.029012
FIRE:  117 15:57:20        4.696157        0.016298
FIRE:  118 15:57:20        4.695564        0.022443
FIRE:  119 15:57:20        4.695169        0.034326
FIRE:  120 15:57:20        4.695067        0.019964
FIRE:  121 15:57:20        4.694999        0.016410
FIRE:  122 15:57:20        4.694983        0.024347
FIRE:  123 15:57:20        4.694965        0.021783
FIRE:  124 15:57:20        4.694935        0.017185
FIRE:  125 15:57:21        4.694903        0.015902
FIRE:  126 15:57:21        4.694877        0.015774
FIRE:  127 15:57:21        4.694858        0.015622
FIRE:  128 15:57:21        4.694840        0.015457
FIRE:  129 15:57:21        4.694815        0.016717
FIRE:  130 15:57:21        4.694776        0.015676
FIRE:  131 15:57:21        4.694723        0.014910
FIRE:  132 15:57:21        4.694666        0.014680
FIRE:  133 15:57:21        4.694615        0.014394
FIRE:  134 15:57:21        4.694559        0.014035
FIRE:  135 15:57:21        4.694486        0.013595
FIRE:  136 15:57:21        4.694410        0.013068
FIRE:  137 15:57:21        4.694350        0.012474
FIRE:  138 15:57:21        4.694280        0.011875
FIRE:  139 15:57:21        4.694225        0.011258
FIRE:  140 15:57:21        4.694181        0.010529
FIRE:  141 15:57:21        4.694146        0.009666
