      Step     Time          Energy          fmax
FIRE:    0 15:31:52      197.146764       65.238439
FIRE:    1 15:31:53      178.815872       60.975531
FIRE:    2 15:31:53      169.082754       58.352726
FIRE:    3 15:31:53      161.589569       55.950277
FIRE:    4 15:31:53      150.880171       52.803587
FIRE:    5 15:31:53      138.740290       49.430252
FIRE:    6 15:31:53      128.040738       46.412258
FIRE:    7 15:31:53      119.115066       43.788211
FIRE:    8 15:31:53      111.020652       41.335119
FIRE:    9 15:31:53      103.054162       38.892330
FIRE:   10 15:31:53       95.167045       36.432544
FIRE:   11 15:31:54       87.638302       34.019867
FIRE:   12 15:31:54       80.688794       31.719903
FIRE:   13 15:31:54       74.345382       29.551572
FIRE:   14 15:31:54       68.502928       27.501878
FIRE:   15 15:31:54       63.037726       25.549594
FIRE:   16 15:31:54       57.886057       23.683593
FIRE:   17 15:31:54       53.054837       21.906863
FIRE:   18 15:31:54       48.575637       20.227291
FIRE:   19 15:31:54       44.456645       18.649314
FIRE:   20 15:31:54       40.675652       17.155832
FIRE:   21 15:31:54       37.199344       15.736076
FIRE:   22 15:31:54       33.998204       14.387463
FIRE:   23 15:31:54       31.053079       13.109392
FIRE:   24 15:31:54       28.355027       11.903791
FIRE:   25 15:31:54       25.900330       10.772606
FIRE:   26 15:31:54       23.682934        9.714425
FIRE:   27 15:31:54       21.689318        8.723993
FIRE:   28 15:31:54       19.900560        7.794073
FIRE:   29 15:31:55       18.299356        6.918527
FIRE:   30 15:31:55       16.874573        6.094484
FIRE:   31 15:31:55       15.619799        5.321844
FIRE:   32 15:31:55       14.528763        4.601023
FIRE:   33 15:31:55       13.592140        3.930941
FIRE:   34 15:31:55       12.798192        3.308848
FIRE:   35 15:31:55       12.135550        2.731419
FIRE:   36 15:31:55       11.595396        2.195872
FIRE:   37 15:31:55       11.171319        1.700128
FIRE:   38 15:31:55       10.857252        1.242006
FIRE:   39 15:31:55       10.645372        0.818378
FIRE:   40 15:31:55       10.526094        0.426898
FIRE:   41 15:31:55       10.490129        0.201652
FIRE:   42 15:31:55       10.476625        0.193509
FIRE:   43 15:31:55       10.489030        0.571128
FIRE:   44 15:31:55       10.444766        0.234777
FIRE:   45 15:31:55       10.439550        0.138101
FIRE:   46 15:31:55       10.435444        0.133926
FIRE:   47 15:31:55       10.434704        0.160845
FIRE:   48 15:31:55       10.434095        0.140220
FIRE:   49 15:31:55       10.433080        0.130970
FIRE:   50 15:31:55       10.431968        0.130265
FIRE:   51 15:31:55       10.431005        0.129545
FIRE:   52 15:31:56       10.430227        0.128791
FIRE:   53 15:31:56       10.429443        0.127891
FIRE:   54 15:31:56       10.428416        0.126729
FIRE:   55 15:31:56       10.426872        0.125092
FIRE:   56 15:31:56       10.424808        0.122962
FIRE:   57 15:31:56       10.422433        0.120455
FIRE:   58 15:31:56       10.419855        0.117703
FIRE:   59 15:31:56       10.416725        0.114669
FIRE:   60 15:31:56       10.412693        0.111265
FIRE:   61 15:31:56       10.408090        0.107553
FIRE:   62 15:31:56       10.402946        0.103197
FIRE:   63 15:31:56       10.396543        0.097623
FIRE:   64 15:31:56       10.389667        0.091453
FIRE:   65 15:31:56       10.381823        0.085483
FIRE:   66 15:31:56       10.373395        0.080283
FIRE:   67 15:31:56       10.364279        0.073856
FIRE:   68 15:31:56       10.355304        0.069527
FIRE:   69 15:31:56       10.347005        0.123172
FIRE:   70 15:31:56       10.339390        0.147914
FIRE:   71 15:31:56       10.334343        0.222728
FIRE:   72 15:31:56       10.331110        0.045898
FIRE:   73 15:31:56       10.332732        0.171131
FIRE:   74 15:31:56       10.332020        0.136375
FIRE:   75 15:31:56       10.331128        0.073780
FIRE:   76 15:31:57       10.330714        0.042497
FIRE:   77 15:31:57       10.330950        0.072445
FIRE:   78 15:31:57       10.330913        0.068778
FIRE:   79 15:31:57       10.330846        0.061635
FIRE:   80 15:31:58       10.330761        0.051396
FIRE:   81 15:31:58       10.330671        0.041868
FIRE:   82 15:31:58       10.330592        0.041504
FIRE:   83 15:31:58       10.330534        0.041097
FIRE:   84 15:31:58       10.330498        0.040659
FIRE:   85 15:31:58       10.330477        0.040165
FIRE:   86 15:31:58       10.330456        0.039634
FIRE:   87 15:31:58       10.330416        0.039079
FIRE:   88 15:31:58       10.330338        0.038507
FIRE:   89 15:31:59       10.330215        0.037919
FIRE:   90 15:31:59       10.330063        0.037309
FIRE:   91 15:31:59       10.329915        0.036642
FIRE:   92 15:31:59       10.329779        0.035819
FIRE:   93 15:31:59       10.329611        0.034736
FIRE:   94 15:31:59       10.329359        0.033322
FIRE:   95 15:31:59       10.329057        0.031603
FIRE:   96 15:31:59       10.328760        0.029788
FIRE:   97 15:31:59       10.328381        0.028172
FIRE:   98 15:31:59       10.327901        0.026898
FIRE:   99 15:32:00       10.327406        0.025754
FIRE:  100 15:32:00       10.326762        0.024289
FIRE:  101 15:32:00       10.326091        0.025344
FIRE:  102 15:32:00       10.325251        0.022813
FIRE:  103 15:32:00       10.324377        0.023298
FIRE:  104 15:32:00       10.323451        0.037213
FIRE:  105 15:32:00       10.322458        0.045365
FIRE:  106 15:32:00       10.321575        0.068649
FIRE:  107 15:32:00       10.321258        0.021152
FIRE:  108 15:32:00       10.321399        0.055136
FIRE:  109 15:32:00       10.321321        0.043489
FIRE:  110 15:32:00       10.321224        0.022706
FIRE:  111 15:32:00       10.321178        0.020501
FIRE:  112 15:32:00       10.321193        0.024111
FIRE:  113 15:32:00       10.321188        0.022816
FIRE:  114 15:32:00       10.321178        0.020296
FIRE:  115 15:32:00       10.321166        0.020010
FIRE:  116 15:32:00       10.321153        0.020038
FIRE:  117 15:32:00       10.321140        0.020064
FIRE:  118 15:32:01       10.321129        0.020082
FIRE:  119 15:32:01       10.321121        0.020085
FIRE:  120 15:32:01       10.321112        0.020061
FIRE:  121 15:32:01       10.321102        0.019998
FIRE:  122 15:32:01       10.321087        0.019884
FIRE:  123 15:32:01       10.321065        0.019706
FIRE:  124 15:32:01       10.321035        0.019454
FIRE:  125 15:32:01       10.320999        0.019125
FIRE:  126 15:32:01       10.320961        0.018733
FIRE:  127 15:32:01       10.320918        0.018315
FIRE:  128 15:32:01       10.320863        0.017916
FIRE:  129 15:32:01       10.320791        0.017558
FIRE:  130 15:32:01       10.320708        0.017219
FIRE:  131 15:32:01       10.320613        0.016796
FIRE:  132 15:32:01       10.320493        0.016200
FIRE:  133 15:32:01       10.320353        0.015485
FIRE:  134 15:32:01       10.320188        0.014929
FIRE:  135 15:32:01       10.319990        0.014649
FIRE:  136 15:32:01       10.319762        0.014278
FIRE:  137 15:32:01       10.319500        0.013720
FIRE:  138 15:32:01       10.319195        0.013731
FIRE:  139 15:32:01       10.318854        0.013288
FIRE:  140 15:32:02       10.318475        0.013041
FIRE:  141 15:32:02       10.318098        0.024357
FIRE:  142 15:32:02       10.318058        0.081520
FIRE:  143 15:32:02       10.317629        0.010807
FIRE:  144 15:32:02       10.317627        0.010819
FIRE:  145 15:32:02       10.317622        0.010836
FIRE:  146 15:32:02       10.317616        0.010840
FIRE:  147 15:32:02       10.317610        0.010813
FIRE:  148 15:32:02       10.317601        0.010741
FIRE:  149 15:32:03       10.317590        0.010623
FIRE:  150 15:32:03       10.317577        0.010471
FIRE:  151 15:32:03       10.317562        0.010286
FIRE:  152 15:32:03       10.317543        0.010100
FIRE:  153 15:32:03       10.317518        0.009939
