      Step     Time          Energy          fmax
FIRE:    0 15:05:02      234.405950       46.020893
FIRE:    1 15:05:02      220.781687       43.902227
FIRE:    2 15:05:02      207.901609       42.085232
FIRE:    3 15:05:02      194.630262       40.323063
FIRE:    4 15:05:02      183.030103       38.720254
FIRE:    5 15:05:02      172.462829       37.116996
FIRE:    6 15:05:02      162.045041       35.398281
FIRE:    7 15:05:02      151.980957       33.635173
FIRE:    8 15:05:02      142.650861       31.929351
FIRE:    9 15:05:02      133.947427       30.310485
FIRE:   10 15:05:02      125.595968       28.761758
FIRE:   11 15:05:02      117.574356       27.275892
FIRE:   12 15:05:02      110.013673       25.856050
FIRE:   13 15:05:02      102.937855       24.487820
FIRE:   14 15:05:02       96.249966       23.144391
FIRE:   15 15:05:02       89.889660       21.816942
FIRE:   16 15:05:02       83.882717       20.520187
FIRE:   17 15:05:02       78.257057       19.272385
FIRE:   18 15:05:03       72.987036       18.079995
FIRE:   19 15:05:03       68.029314       16.947310
FIRE:   20 15:05:03       63.366867       15.880356
FIRE:   21 15:05:03       59.003079       14.867391
FIRE:   22 15:05:03       54.932539       13.894283
FIRE:   23 15:05:03       51.133275       12.954550
FIRE:   24 15:05:03       47.585427       12.047156
FIRE:   25 15:05:03       44.281635       11.175317
FIRE:   26 15:05:03       41.217472       10.342899
FIRE:   27 15:05:03       38.381391        9.552428
FIRE:   28 15:05:03       35.757942        8.804857
FIRE:   29 15:05:03       33.335497        8.099522
FIRE:   30 15:05:03       31.106757        7.433244
FIRE:   31 15:05:03       29.063768        6.801449
FIRE:   32 15:05:03       27.195619        6.200556
FIRE:   33 15:05:03       25.490521        5.629146
FIRE:   34 15:05:03       23.937990        5.086309
FIRE:   35 15:05:03       22.528710        4.571722
FIRE:   36 15:05:03       21.253358        4.087084
FIRE:   37 15:05:03       20.103096        3.632651
FIRE:   38 15:05:03       19.071228        3.206766
FIRE:   39 15:05:03       18.152798        2.808478
FIRE:   40 15:05:03       17.342230        2.436998
FIRE:   41 15:05:03       16.631212        2.091245
FIRE:   42 15:05:03       16.008382        1.770273
FIRE:   43 15:05:03       15.461080        1.473803
FIRE:   44 15:05:03       14.977996        1.202280
FIRE:   45 15:05:03       14.551228        0.956225
FIRE:   46 15:05:03       14.176882        0.894304
FIRE:   47 15:05:03       13.853683        0.820071
FIRE:   48 15:05:03       13.579750        0.826113
FIRE:   49 15:05:03       13.350133        0.825229
FIRE:   50 15:05:03       13.157825        0.815386
FIRE:   51 15:05:04       12.995946        0.795764
FIRE:   52 15:05:04       12.858323        0.766176
FIRE:   53 15:05:04       12.740732        0.726366
FIRE:   54 15:05:04       12.642475        0.675636
FIRE:   55 15:05:04       12.566967        0.613041
FIRE:   56 15:05:04       12.520211        0.538182
FIRE:   57 15:05:04       12.506702        0.549620
FIRE:   58 15:05:04       12.565387        1.113689
FIRE:   59 15:05:04       12.484389        1.833667
FIRE:   60 15:05:04       12.386817        0.441483
FIRE:   61 15:05:04       12.386496        1.022257
FIRE:   62 15:05:04       12.377534        0.883530
FIRE:   63 15:05:04       12.363813        0.612027
FIRE:   64 15:05:04       12.351822        0.317862
FIRE:   65 15:05:04       12.346361        0.319803
FIRE:   66 15:05:04       12.345527        0.632630
FIRE:   67 15:05:04       12.344586        0.604763
FIRE:   68 15:05:04       12.342829        0.550829
FIRE:   69 15:05:04       12.340480        0.474335
FIRE:   70 15:05:04       12.337813        0.380275
FIRE:   71 15:05:04       12.335089        0.311626
FIRE:   72 15:05:04       12.332499        0.308710
FIRE:   73 15:05:04       12.330114        0.305408
FIRE:   74 15:05:04       12.327640        0.301408
FIRE:   75 15:05:04       12.324866        0.296710
FIRE:   76 15:05:04       12.321402        0.295753
FIRE:   77 15:05:04       12.316769        0.320060
FIRE:   78 15:05:04       12.310595        0.296169
FIRE:   79 15:05:04       12.302850        0.271418
FIRE:   80 15:05:04       12.293950        0.263129
FIRE:   81 15:05:04       12.284354        0.253397
FIRE:   82 15:05:04       12.273619        0.277185
FIRE:   83 15:05:04       12.260500        0.273102
FIRE:   84 15:05:04       12.244931        0.208885
FIRE:   85 15:05:05       12.228368        0.187032
FIRE:   86 15:05:05       12.210166        0.250922
FIRE:   87 15:05:05       12.188947        0.151456
FIRE:   88 15:05:05       12.166729        0.256002
FIRE:   89 15:05:05       12.142103        0.226431
FIRE:   90 15:05:05       12.116904        0.232774
FIRE:   91 15:05:05       12.092100        0.192367
FIRE:   92 15:05:05       12.068767        0.336931
FIRE:   93 15:05:05       12.039461        0.185345
FIRE:   94 15:05:05       11.998591        0.273861
FIRE:   95 15:05:05       11.940791        0.492725
FIRE:   96 15:05:05       11.851390        0.517577
FIRE:   97 15:05:05       11.729516        0.497291
FIRE:   98 15:05:05       11.609803        0.356808
FIRE:   99 15:05:05       11.550375        0.285985
FIRE:  100 15:05:05       11.544215        0.177992
FIRE:  101 15:05:05       11.538430        0.313803
FIRE:  102 15:05:05       11.529385        0.234475
FIRE:  103 15:05:05       11.519996        0.228047
FIRE:  104 15:05:05       11.507670        0.276130
FIRE:  105 15:05:05       11.490021        0.175265
FIRE:  106 15:05:05       11.470317        0.314003
FIRE:  107 15:05:05       11.443243        0.157627
FIRE:  108 15:05:05       11.408566        0.262504
FIRE:  109 15:05:05       11.359063        0.232232
FIRE:  110 15:05:05       11.292340        0.232452
FIRE:  111 15:05:05       11.216001        0.236297
FIRE:  112 15:05:05       11.137442        0.278556
FIRE:  113 15:05:05       11.061102        0.212621
FIRE:  114 15:05:05       10.992428        0.202931
FIRE:  115 15:05:05       10.932187        0.185341
FIRE:  116 15:05:05       10.880686        0.177697
FIRE:  117 15:05:05       10.840830        0.215305
FIRE:  118 15:05:05       10.808553        0.299925
FIRE:  119 15:05:05       10.782816        0.466205
FIRE:  120 15:05:06       10.912691        1.573152
FIRE:  121 15:05:06       10.749666        0.264282
FIRE:  122 15:05:06       10.747515        0.263008
FIRE:  123 15:05:06       10.744324        0.260773
FIRE:  124 15:05:06       10.741227        0.258359
FIRE:  125 15:05:06       10.738136        0.257052
FIRE:  126 15:05:06       10.733916        0.257961
FIRE:  127 15:05:06       10.727877        0.261482
FIRE:  128 15:05:06       10.720528        0.267252
FIRE:  129 15:05:06       10.711949        0.275148
FIRE:  130 15:05:06       10.701781        0.283816
FIRE:  131 15:05:06       10.687995        0.291964
FIRE:  132 15:05:06       10.669691        0.299511
FIRE:  133 15:05:06       10.647327        0.309026
FIRE:  134 15:05:06       10.617575        0.325159
FIRE:  135 15:05:06       10.578219        0.348612
FIRE:  136 15:05:06       10.526385        0.373723
FIRE:  137 15:05:06       10.454858        0.398629
FIRE:  138 15:05:06       10.354564        0.435003
FIRE:  139 15:05:06       10.223974        0.478910
FIRE:  140 15:05:06       10.075439        0.512000
FIRE:  141 15:05:06        9.909837        0.548801
FIRE:  142 15:05:06        9.728953        0.574983
FIRE:  143 15:05:06        9.540300        0.581245
FIRE:  144 15:05:06        9.352240        0.574571
FIRE:  145 15:05:06        9.174185        0.557999
FIRE:  146 15:05:06        9.018748        0.529788
FIRE:  147 15:05:06        8.895338        0.490261
FIRE:  148 15:05:06        8.806360        0.448319
FIRE:  149 15:05:06        8.740101        0.409506
FIRE:  150 15:05:06        8.675954        0.368060
FIRE:  151 15:05:06        8.597215        0.324991
FIRE:  152 15:05:06        8.505648        0.278433
FIRE:  153 15:05:06        8.419985        0.240824
FIRE:  154 15:05:07        8.360581        0.214188
FIRE:  155 15:05:07        8.336487        0.394920
FIRE:  156 15:05:07        8.304954        0.082362
FIRE:  157 15:05:07        8.302945        0.067219
FIRE:  158 15:05:07        8.300261        0.061915
FIRE:  159 15:05:07        8.297959        0.066047
FIRE:  160 15:05:07        8.295557        0.090626
FIRE:  161 15:05:07        8.292628        0.079987
FIRE:  162 15:05:07        8.289472        0.054768
FIRE:  163 15:05:07        8.286929        0.042832
FIRE:  164 15:05:07        8.285450        0.062019
FIRE:  165 15:05:07        8.284476        0.071523
FIRE:  166 15:05:07        8.283903        0.041098
FIRE:  167 15:05:07        8.283714        0.011147
FIRE:  168 15:05:07        8.283757        0.029449
FIRE:  169 15:05:07        8.283719        0.023452
FIRE:  170 15:05:07        8.283668        0.012745
FIRE:  171 15:05:07        8.283638        0.010920
FIRE:  172 15:05:07        8.283634        0.012524
FIRE:  173 15:05:07        8.283632        0.011930
FIRE:  174 15:05:07        8.283627        0.010774
FIRE:  175 15:05:07        8.283621        0.010007
FIRE:  176 15:05:07        8.283614        0.010124
FIRE:  177 15:05:07        8.283607        0.010252
FIRE:  178 15:05:07        8.283599        0.010377
FIRE:  179 15:05:07        8.283592        0.010482
FIRE:  180 15:05:07        8.283585        0.010557
FIRE:  181 15:05:07        8.283576        0.010575
FIRE:  182 15:05:07        8.283564        0.010507
FIRE:  183 15:05:07        8.283548        0.010323
FIRE:  184 15:05:07        8.283529        0.010001
FIRE:  185 15:05:07        8.283505        0.009535
