      Step     Time          Energy          fmax
FIRE:    0 12:13:18       71.926141       65.068463
FIRE:    1 12:13:19       55.058000       40.192488
FIRE:    2 12:13:19       44.198826       29.640979
FIRE:    3 12:13:19       37.039490       25.188525
FIRE:    4 12:13:19       31.986170       21.693821
FIRE:    5 12:13:19       28.093555       18.881328
FIRE:    6 12:13:19       24.918770       16.544882
FIRE:    7 12:13:19       22.254702       14.564889
FIRE:    8 12:13:19       19.918345       12.831742
FIRE:    9 12:13:19       17.771765       11.237256
FIRE:   10 12:13:19       15.800350        9.762044
FIRE:   11 12:13:19       14.054843        8.405106
FIRE:   12 12:13:19       12.540810        7.157070
FIRE:   13 12:13:19       11.218522        6.000616
FIRE:   14 12:13:19       10.066205        4.934081
FIRE:   15 12:13:19        9.087889        3.971448
FIRE:   16 12:13:19        8.278199        3.118453
FIRE:   17 12:13:19        7.607462        2.362331
FIRE:   18 12:13:19        7.042227        1.704959
FIRE:   19 12:13:19        6.562763        1.540715
FIRE:   20 12:13:19        6.151162        1.536604
FIRE:   21 12:13:20        5.781583        1.525246
FIRE:   22 12:13:20        5.433659        1.504977
FIRE:   23 12:13:20        5.098349        1.471056
FIRE:   24 12:13:20        4.779383        1.418988
FIRE:   25 12:13:20        4.492797        1.344948
FIRE:   26 12:13:20        4.256183        1.248828
FIRE:   27 12:13:20        4.061779        1.426389
FIRE:   28 12:13:20        3.862736        1.919912
FIRE:   29 12:13:20        3.611947        1.884423
FIRE:   30 12:13:20        3.321158        1.342857
FIRE:   31 12:13:20        3.053714        0.795091
FIRE:   32 12:13:20        2.866805        0.644928
FIRE:   33 12:13:21        2.764229        0.805061
FIRE:   34 12:13:21        2.710598        1.185708
FIRE:   35 12:13:21        2.671030        1.286509
FIRE:   36 12:13:21        2.636215        0.938589
FIRE:   37 12:13:21        2.654901        0.670682
FIRE:   38 12:13:21        2.588294        0.706213
FIRE:   39 12:13:21        2.552327        0.689051
FIRE:   40 12:13:21        2.534950        0.345746
FIRE:   41 12:13:21        2.526726        0.211574
FIRE:   42 12:13:21        2.526367        0.211435
FIRE:   43 12:13:21        2.525710        0.211018
FIRE:   44 12:13:21        2.524854        0.210023
FIRE:   45 12:13:21        2.523897        0.207986
FIRE:   46 12:13:21        2.522892        0.204331
FIRE:   47 12:13:21        2.521837        0.198511
FIRE:   48 12:13:22        2.520699        0.190196
FIRE:   49 12:13:22        2.519325        0.178059
FIRE:   50 12:13:22        2.517731        0.161562
FIRE:   51 12:13:22        2.516037        0.140754
FIRE:   52 12:13:22        2.514405        0.116857
FIRE:   53 12:13:22        2.512837        0.092728
FIRE:   54 12:13:22        2.511205        0.071391
FIRE:   55 12:13:22        2.509523        0.078128
FIRE:   56 12:13:22        2.507773        0.089987
FIRE:   57 12:13:22        2.505504        0.095846
FIRE:   58 12:13:22        2.502515        0.094135
FIRE:   59 12:13:22        2.498885        0.083912
FIRE:   60 12:13:22        2.494482        0.066155
FIRE:   61 12:13:22        2.490067        0.060403
FIRE:   62 12:13:22        2.485867        0.074785
FIRE:   63 12:13:22        2.481790        0.094762
FIRE:   64 12:13:22        2.477117        0.090853
FIRE:   65 12:13:22        2.471654        0.061908
FIRE:   66 12:13:22        2.466839        0.098991
FIRE:   67 12:13:22        2.468458        0.400402
FIRE:   68 12:13:22        2.461782        0.066108
FIRE:   69 12:13:22        2.461647        0.055294
FIRE:   70 12:13:22        2.461465        0.053272
FIRE:   71 12:13:22        2.461311        0.050230
FIRE:   72 12:13:22        2.461163        0.046362
FIRE:   73 12:13:22        2.460954        0.043964
FIRE:   74 12:13:22        2.460685        0.037279
FIRE:   75 12:13:23        2.460431        0.032319
FIRE:   76 12:13:23        2.460215        0.032556
FIRE:   77 12:13:23        2.459975        0.039533
FIRE:   78 12:13:23        2.459658        0.045395
FIRE:   79 12:13:23        2.459351        0.050012
FIRE:   80 12:13:23        2.458968        0.054218
FIRE:   81 12:13:23        2.458411        0.057726
FIRE:   82 12:13:23        2.457746        0.057650
FIRE:   83 12:13:23        2.456812        0.052138
FIRE:   84 12:13:23        2.455729        0.044273
FIRE:   85 12:13:23        2.454465        0.039106
FIRE:   86 12:13:23        2.452927        0.036099
FIRE:   87 12:13:23        2.451019        0.049387
FIRE:   88 12:13:23        2.448838        0.112389
FIRE:   89 12:13:23        2.449308        0.343845
FIRE:   90 12:13:23        2.445169        0.062684
FIRE:   91 12:13:23        2.445069        0.044530
FIRE:   92 12:13:23        2.444944        0.045051
FIRE:   93 12:13:23        2.444857        0.046005
FIRE:   94 12:13:23        2.444779        0.046834
FIRE:   95 12:13:23        2.444637        0.047364
FIRE:   96 12:13:23        2.444419        0.047586
FIRE:   97 12:13:23        2.444179        0.047638
FIRE:   98 12:13:23        2.443932        0.047791
FIRE:   99 12:13:23        2.443622        0.048393
FIRE:  100 12:13:23        2.443171        0.049621
FIRE:  101 12:13:23        2.442635        0.051317
FIRE:  102 12:13:23        2.441992        0.052699
FIRE:  103 12:13:23        2.441113        0.053275
FIRE:  104 12:13:23        2.440072        0.053829
FIRE:  105 12:13:24        2.438676        0.055541
FIRE:  106 12:13:24        2.436952        0.057404
FIRE:  107 12:13:24        2.434702        0.058275
FIRE:  108 12:13:24        2.431758        0.061586
FIRE:  109 12:13:24        2.427905        0.064527
FIRE:  110 12:13:24        2.423088        0.116986
FIRE:  111 12:13:24        2.420692        0.388468
FIRE:  112 12:13:24        2.415478        0.078473
FIRE:  113 12:13:24        2.415343        0.078477
FIRE:  114 12:13:24        2.415139        0.078530
FIRE:  115 12:13:24        2.414917        0.078699
FIRE:  116 12:13:24        2.414651        0.079028
FIRE:  117 12:13:24        2.414280        0.079521
FIRE:  118 12:13:24        2.413793        0.080165
FIRE:  119 12:13:24        2.413239        0.080940
FIRE:  120 12:13:24        2.412579        0.081899
FIRE:  121 12:13:24        2.411728        0.082991
FIRE:  122 12:13:24        2.410594        0.084211
FIRE:  123 12:13:24        2.409192        0.085697
FIRE:  124 12:13:24        2.407410        0.087608
FIRE:  125 12:13:24        2.405089        0.089987
FIRE:  126 12:13:24        2.402158        0.092827
FIRE:  127 12:13:24        2.398315        0.096229
FIRE:  128 12:13:24        2.393326        0.100507
FIRE:  129 12:13:24        2.386771        0.105749
FIRE:  130 12:13:24        2.378066        0.112827
FIRE:  131 12:13:24        2.366661        0.128481
FIRE:  132 12:13:24        2.353970        0.348694
FIRE:  133 12:13:25        2.366532        1.167811
FIRE:  134 12:13:25        2.331467        0.323543
FIRE:  135 12:13:25        2.329625        0.224329
FIRE:  136 12:13:25        2.327746        0.143218
FIRE:  137 12:13:25        2.327308        0.142260
FIRE:  138 12:13:25        2.327183        0.142374
FIRE:  139 12:13:25        2.326954        0.142600
FIRE:  140 12:13:25        2.326653        0.142935
FIRE:  141 12:13:25        2.326316        0.143371
FIRE:  142 12:13:25        2.325965        0.143887
FIRE:  143 12:13:25        2.325604        0.144453
FIRE:  144 12:13:25        2.325211        0.145028
FIRE:  145 12:13:25        2.324705        0.145633
FIRE:  146 12:13:25        2.324026        0.146236
FIRE:  147 12:13:25        2.323124        0.146822
FIRE:  148 12:13:25        2.321982        0.147421
FIRE:  149 12:13:25        2.320608        0.148128
FIRE:  150 12:13:25        2.318964        0.149105
FIRE:  151 12:13:25        2.316899        0.150518
FIRE:  152 12:13:25        2.314247        0.152484
FIRE:  153 12:13:25        2.310970        0.155000
FIRE:  154 12:13:25        2.306966        0.157744
FIRE:  155 12:13:25        2.301875        0.160206
FIRE:  156 12:13:25        2.295531        0.162384
FIRE:  157 12:13:25        2.287603        0.165007
FIRE:  158 12:13:25        2.277585        0.168293
FIRE:  159 12:13:25        2.264997        0.170469
FIRE:  160 12:13:26        2.249185        0.170779
FIRE:  161 12:13:26        2.229262        0.173309
FIRE:  162 12:13:26        2.204215        0.175313
FIRE:  163 12:13:26        2.172912        0.215581
FIRE:  164 12:13:26        2.142186        0.714180
FIRE:  165 12:13:26        2.217210        2.329883
FIRE:  166 12:13:26        2.085278        0.596698
FIRE:  167 12:13:26        2.080400        0.396155
FIRE:  168 12:13:26        2.076110        0.218619
FIRE:  169 12:13:26        2.075968        0.251425
FIRE:  170 12:13:26        2.075597        0.230507
FIRE:  171 12:13:26        2.074935        0.221910
FIRE:  172 12:13:26        2.074115        0.220909
FIRE:  173 12:13:26        2.073278        0.219798
FIRE:  174 12:13:26        2.072515        0.218724
FIRE:  175 12:13:26        2.071822        0.217824
FIRE:  176 12:13:26        2.071106        0.217182
FIRE:  177 12:13:26        2.070139        0.216801
FIRE:  178 12:13:26        2.068749        0.216752
FIRE:  179 12:13:26        2.066838        0.217111
FIRE:  180 12:13:26        2.064463        0.217935
FIRE:  181 12:13:26        2.061767        0.219135
FIRE:  182 12:13:26        2.058655        0.220257
FIRE:  183 12:13:26        2.054665        0.220594
FIRE:  184 12:13:26        2.049488        0.219731
FIRE:  185 12:13:26        2.043371        0.218096
FIRE:  186 12:13:27        2.036095        0.216825
FIRE:  187 12:13:27        2.026847        0.216509
FIRE:  188 12:13:27        2.015970        0.216287
FIRE:  189 12:13:27        2.002723        0.212615
FIRE:  190 12:13:27        1.987139        0.205250
FIRE:  191 12:13:27        1.968624        0.198963
FIRE:  192 12:13:27        1.947706        0.189730
FIRE:  193 12:13:27        1.924863        0.195654
FIRE:  194 12:13:27        1.902071        0.325366
FIRE:  195 12:13:27        1.885223        0.639502
FIRE:  196 12:13:27        1.876266        0.116697
FIRE:  197 12:13:27        1.881106        0.506801
FIRE:  198 12:13:27        1.878874        0.402153
FIRE:  199 12:13:27        1.876091        0.212713
FIRE:  200 12:13:27        1.874824        0.115429
FIRE:  201 12:13:27        1.875524        0.228426
FIRE:  202 12:13:27        1.875386        0.216100
FIRE:  203 12:13:27        1.875135        0.192155
FIRE:  204 12:13:27        1.874817        0.157985
FIRE:  205 12:13:27        1.874485        0.115636
FIRE:  206 12:13:27        1.874190        0.113795
FIRE:  207 12:13:27        1.873966        0.114250
FIRE:  208 12:13:27        1.873816        0.114677
FIRE:  209 12:13:27        1.873699        0.115017
FIRE:  210 12:13:27        1.873562        0.115158
FIRE:  211 12:13:28        1.873329        0.118479
FIRE:  212 12:13:28        1.872937        0.114385
FIRE:  213 12:13:28        1.872376        0.113306
FIRE:  214 12:13:28        1.871714        0.111774
FIRE:  215 12:13:28        1.871058        0.109950
FIRE:  216 12:13:28        1.870392        0.108139
FIRE:  217 12:13:28        1.869512        0.106565
FIRE:  218 12:13:28        1.868298        0.105310
FIRE:  219 12:13:28        1.866948        0.104233
FIRE:  220 12:13:28        1.865529        0.102413
FIRE:  221 12:13:28        1.863680        0.098787
FIRE:  222 12:13:28        1.861602        0.093423
FIRE:  223 12:13:28        1.859336        0.088016
FIRE:  224 12:13:28        1.856673        0.083140
FIRE:  225 12:13:28        1.853901        0.075825
FIRE:  226 12:13:28        1.851037        0.076668
FIRE:  227 12:13:28        1.848094        0.055026
FIRE:  228 12:13:28        1.845483        0.040571
FIRE:  229 12:13:28        1.843572        0.075491
FIRE:  230 12:13:28        1.843779        0.248734
FIRE:  231 12:13:28        1.842443        0.025517
FIRE:  232 12:13:28        1.843468        0.215789
FIRE:  233 12:13:28        1.843061        0.168635
FIRE:  234 12:13:28        1.842584        0.084208
FIRE:  235 12:13:28        1.842433        0.019453
FIRE:  236 12:13:29        1.842432        0.018379
FIRE:  237 12:13:29        1.842431        0.016293
FIRE:  238 12:13:29        1.842429        0.013311
FIRE:  239 12:13:29        1.842427        0.009604
