      Step     Time          Energy          fmax
FIRE:    0 15:04:14      294.746568      140.745535
FIRE:    1 15:04:14      230.852030       96.232675
FIRE:    2 15:04:14      186.095590       63.744504
FIRE:    3 15:04:14      155.256246       44.080989
FIRE:    4 15:04:14      134.385185       36.932003
FIRE:    5 15:04:14      120.471062       34.113279
FIRE:    6 15:04:14      111.180822       31.757569
FIRE:    7 15:04:14      104.697107       29.742678
FIRE:    8 15:04:14       99.654810       27.965830
FIRE:    9 15:04:14       95.162791       26.352337
FIRE:   10 15:04:14       90.756277       24.851971
FIRE:   11 15:04:14       86.281918       23.431021
FIRE:   12 15:04:14       81.740496       22.066781
FIRE:   13 15:04:14       77.154540       20.745513
FIRE:   14 15:04:14       72.517552       19.462974
FIRE:   15 15:04:14       67.819068       18.220295
FIRE:   16 15:04:14       63.088242       17.018494
FIRE:   17 15:04:14       58.403668       15.861807
FIRE:   18 15:04:14       53.863251       14.755487
FIRE:   19 15:04:14       49.544126       13.702309
FIRE:   20 15:04:14       45.482016       12.702699
FIRE:   21 15:04:14       41.677772       11.756165
FIRE:   22 15:04:14       38.118460       10.861261
FIRE:   23 15:04:14       34.797473       10.013567
FIRE:   24 15:04:14       31.721080        9.211631
FIRE:   25 15:04:14       28.902664        8.457657
FIRE:   26 15:04:14       26.357109        7.745342
FIRE:   27 15:04:14       24.100154        7.065804
FIRE:   28 15:04:14       22.150401        6.415708
FIRE:   29 15:04:14       20.537790        5.792784
FIRE:   30 15:04:14       19.312108        5.191913
FIRE:   31 15:04:14       18.524407        4.601004
FIRE:   32 15:04:14       18.141021        4.031674
FIRE:   33 15:04:15       17.968884        6.264349
FIRE:   34 15:04:15       16.566460        3.180467
FIRE:   35 15:04:15       16.324796        2.859120
FIRE:   36 15:04:15       15.600915        2.539181
FIRE:   37 15:04:15       15.088074        2.153302
FIRE:   38 15:04:15       14.494677        1.774260
FIRE:   39 15:04:15       13.951475        1.434533
FIRE:   40 15:04:15       13.531588        1.150935
FIRE:   41 15:04:15       13.175880        0.943475
FIRE:   42 15:04:15       12.881921        0.841623
FIRE:   43 15:04:15       12.696274        0.752372
FIRE:   44 15:04:15       12.593748        0.647139
FIRE:   45 15:04:15       12.494674        0.601543
FIRE:   46 15:04:15       12.411161        0.350967
FIRE:   47 15:04:15       12.408556        0.466016
FIRE:   48 15:04:15       12.378048        0.383186
FIRE:   49 15:04:15       12.366965        0.304053
FIRE:   50 15:04:15       12.359575        0.297209
FIRE:   51 15:04:15       12.349501        0.332536
FIRE:   52 15:04:15       12.341455        0.371542
FIRE:   53 15:04:15       12.335327        0.401801
FIRE:   54 15:04:15       12.327100        0.416024
FIRE:   55 15:04:15       12.314128        0.412725
FIRE:   56 15:04:15       12.297668        0.393951
FIRE:   57 15:04:15       12.279544        0.361832
FIRE:   58 15:04:15       12.261526        0.331211
FIRE:   59 15:04:15       12.238554        0.325772
FIRE:   60 15:04:15       12.206712        0.357787
FIRE:   61 15:04:15       12.171359        0.412033
FIRE:   62 15:04:15       12.129130        0.443632
FIRE:   63 15:04:15       12.071345        0.431498
FIRE:   64 15:04:15       12.001317        0.409343
FIRE:   65 15:04:15       11.906775        0.451700
FIRE:   66 15:04:15       11.809512        0.513669
FIRE:   67 15:04:16       11.704760        0.531714
FIRE:   68 15:04:16       11.596822        0.530167
FIRE:   69 15:04:16       11.483306        0.551936
FIRE:   70 15:04:16       11.365305        0.594440
FIRE:   71 15:04:16       11.241364        0.632744
FIRE:   72 15:04:16       11.111614        0.661047
FIRE:   73 15:04:16       10.974840        0.689046
FIRE:   74 15:04:16       10.830308        0.721211
FIRE:   75 15:04:16       10.678734        0.754445
FIRE:   76 15:04:16       10.519570        0.787068
FIRE:   77 15:04:16       10.353748        0.821358
FIRE:   78 15:04:16       10.180594        0.859580
FIRE:   79 15:04:16        9.999471        0.900195
FIRE:   80 15:04:16        9.810317        0.939672
FIRE:   81 15:04:16        9.612841        0.975515
FIRE:   82 15:04:16        9.407280        1.009911
FIRE:   83 15:04:16        9.193498        1.047327
FIRE:   84 15:04:16        8.970761        1.088245
FIRE:   85 15:04:16        8.739255        1.124929
FIRE:   86 15:04:16        8.500270        1.155937
FIRE:   87 15:04:16        8.254133        1.186563
FIRE:   88 15:04:16        8.001050        1.211674
FIRE:   89 15:04:16        7.742677        1.228232
FIRE:   90 15:04:16        7.480380        1.238854
FIRE:   91 15:04:16        7.215465        1.241546
FIRE:   92 15:04:16        6.949947        1.233422
FIRE:   93 15:04:16        6.686676        1.211584
FIRE:   94 15:04:16        6.429423        1.172942
FIRE:   95 15:04:16        6.183011        1.114236
FIRE:   96 15:04:16        5.953490        1.031851
FIRE:   97 15:04:16        5.748315        0.920773
FIRE:   98 15:04:16        5.576167        0.774886
FIRE:   99 15:04:16        5.445801        0.581823
FIRE:  100 15:04:17        5.363985        0.334764
FIRE:  101 15:04:17        5.329703        0.443743
FIRE:  102 15:04:17        5.334701        0.559548
FIRE:  103 15:04:17        5.235897        0.194354
FIRE:  104 15:04:17        5.225242        0.160561
FIRE:  105 15:04:17        5.217768        0.118880
FIRE:  106 15:04:17        5.215786        0.120287
FIRE:  107 15:04:17        5.214802        0.106270
FIRE:  108 15:04:17        5.213244        0.079946
FIRE:  109 15:04:17        5.211745        0.049276
FIRE:  110 15:04:17        5.210869        0.043095
FIRE:  111 15:04:17        5.210792        0.035257
FIRE:  112 15:04:17        5.210766        0.035041
FIRE:  113 15:04:17        5.210715        0.034611
FIRE:  114 15:04:17        5.210644        0.033969
FIRE:  115 15:04:17        5.210558        0.033119
FIRE:  116 15:04:17        5.210464        0.032064
FIRE:  117 15:04:17        5.210368        0.030805
FIRE:  118 15:04:17        5.210275        0.029343
FIRE:  119 15:04:17        5.210183        0.027494
FIRE:  120 15:04:17        5.210095        0.025183
FIRE:  121 15:04:17        5.210015        0.022351
FIRE:  122 15:04:17        5.209941        0.018983
FIRE:  123 15:04:17        5.209865        0.015113
FIRE:  124 15:04:17        5.209780        0.015280
FIRE:  125 15:04:17        5.209691        0.012579
FIRE:  126 15:04:17        5.209616        0.009545
