      Step     Time          Energy          fmax
FIRE:    0 15:03:44      275.979593      135.301485
FIRE:    1 15:03:44      211.863469       91.969304
FIRE:    2 15:03:44      165.034396       62.150205
FIRE:    3 15:03:44      130.365178       43.934411
FIRE:    4 15:03:44      104.617805       35.923759
FIRE:    5 15:03:44       85.729936       28.297358
FIRE:    6 15:03:44       72.294498       21.325804
FIRE:    7 15:03:44       63.181377       15.187630
FIRE:    8 15:03:44       57.250718       14.798846
FIRE:    9 15:03:44       53.265956       15.435588
FIRE:   10 15:03:45       49.998493       17.501736
FIRE:   11 15:03:45       46.468577       18.069570
FIRE:   12 15:03:45       42.190290       17.120430
FIRE:   13 15:03:45       37.233831       15.004795
FIRE:   14 15:03:45       32.014022       12.274231
FIRE:   15 15:03:45       26.980308        9.470192
FIRE:   16 15:03:45       22.432638        7.769231
FIRE:   17 15:03:45       18.502862        7.070269
FIRE:   18 15:03:45       15.214506        6.024296
FIRE:   19 15:03:45       12.538578        4.744780
FIRE:   20 15:03:45       10.427590        3.765155
FIRE:   21 15:03:45        8.829931        3.227112
FIRE:   22 15:03:45        7.690767        2.883515
FIRE:   23 15:03:45        6.930195        2.357783
FIRE:   24 15:03:45        6.410836        3.365475
FIRE:   25 15:03:45        5.952676        3.899716
FIRE:   26 15:03:45        5.425537        3.731697
FIRE:   27 15:03:45        4.848947        2.939899
FIRE:   28 15:03:45        4.370255        1.817015
FIRE:   29 15:03:45        4.140648        0.759448
FIRE:   30 15:03:45        4.221134        1.082732
FIRE:   31 15:03:45        3.801942        0.762744
FIRE:   32 15:03:45        3.529470        0.720539
FIRE:   33 15:03:45        3.391301        0.639120
FIRE:   34 15:03:45        3.250547        0.508904
FIRE:   35 15:03:45        3.177373        0.401024
FIRE:   36 15:03:45        3.159076        0.380894
FIRE:   37 15:03:45        3.131090        0.374956
FIRE:   38 15:03:45        3.104534        0.357437
FIRE:   39 15:03:45        3.084942        0.324464
FIRE:   40 15:03:45        3.069148        0.278613
FIRE:   41 15:03:45        3.051963        0.251762
FIRE:   42 15:03:46        3.034321        0.200342
FIRE:   43 15:03:46        3.022597        0.098591
FIRE:   44 15:03:46        3.025063        0.167020
FIRE:   45 15:03:46        3.023992        0.155659
FIRE:   46 15:03:46        3.022119        0.134106
FIRE:   47 15:03:46        3.019894        0.104914
FIRE:   48 15:03:46        3.017792        0.072904
FIRE:   49 15:03:46        3.016138        0.064697
FIRE:   50 15:03:46        3.014961        0.070173
FIRE:   51 15:03:46        3.014009        0.075468
FIRE:   52 15:03:46        3.012855        0.075341
FIRE:   53 15:03:46        3.011274        0.067182
FIRE:   54 15:03:46        3.009372        0.065112
FIRE:   55 15:03:46        3.007701        0.067846
FIRE:   56 15:03:46        3.006782        0.070058
FIRE:   57 15:03:46        3.006112        0.072676
FIRE:   58 15:03:46        3.004615        0.076016
FIRE:   59 15:03:46        3.002237        0.078847
FIRE:   60 15:03:46        3.000045        0.077365
FIRE:   61 15:03:46        2.997760        0.067294
FIRE:   62 15:03:46        2.994805        0.047892
FIRE:   63 15:03:46        2.993590        0.053308
FIRE:   64 15:03:46        2.993362        0.043671
FIRE:   65 15:03:46        2.993053        0.027641
FIRE:   66 15:03:46        2.992836        0.031442
FIRE:   67 15:03:46        2.992751        0.035412
FIRE:   68 15:03:46        2.992672        0.038801
FIRE:   69 15:03:46        2.992484        0.041248
FIRE:   70 15:03:46        2.992194        0.042635
FIRE:   71 15:03:46        2.991877        0.042961
FIRE:   72 15:03:46        2.991647        0.042265
FIRE:   73 15:03:46        2.991402        0.041343
FIRE:   74 15:03:46        2.990945        0.040866
FIRE:   75 15:03:46        2.990377        0.040802
FIRE:   76 15:03:47        2.989873        0.039788
FIRE:   77 15:03:47        2.989149        0.036515
FIRE:   78 15:03:47        2.988386        0.031361
FIRE:   79 15:03:47        2.987550        0.028387
FIRE:   80 15:03:47        2.986542        0.028541
FIRE:   81 15:03:47        2.985321        0.026022
FIRE:   82 15:03:47        2.984080        0.027519
FIRE:   83 15:03:47        2.982485        0.035587
FIRE:   84 15:03:47        2.980380        0.039336
FIRE:   85 15:03:47        2.978089        0.078251
FIRE:   86 15:03:47        2.976818        0.033494
FIRE:   87 15:03:47        2.977321        0.067027
FIRE:   88 15:03:47        2.976904        0.051656
FIRE:   89 15:03:47        2.976411        0.033690
FIRE:   90 15:03:47        2.976205        0.036500
FIRE:   91 15:03:47        2.976191        0.036486
FIRE:   92 15:03:47        2.976164        0.036461
FIRE:   93 15:03:47        2.976125        0.036431
FIRE:   94 15:03:47        2.976076        0.036407
FIRE:   95 15:03:47        2.976017        0.036402
FIRE:   96 15:03:47        2.975949        0.036433
FIRE:   97 15:03:47        2.975873        0.036515
FIRE:   98 15:03:47        2.975775        0.036683
FIRE:   99 15:03:47        2.975651        0.036978
FIRE:  100 15:03:47        2.975492        0.037442
FIRE:  101 15:03:47        2.975288        0.038117
FIRE:  102 15:03:47        2.975029        0.039034
FIRE:  103 15:03:47        2.974705        0.040194
FIRE:  104 15:03:47        2.974297        0.041568
FIRE:  105 15:03:47        2.973776        0.043115
FIRE:  106 15:03:47        2.973103        0.044840
FIRE:  107 15:03:47        2.972233        0.046884
FIRE:  108 15:03:47        2.971096        0.049580
FIRE:  109 15:03:47        2.969576        0.053372
FIRE:  110 15:03:48        2.967505        0.058577
FIRE:  111 15:03:48        2.964612        0.065296
FIRE:  112 15:03:48        2.960428        0.073915
FIRE:  113 15:03:48        2.954169        0.085851
FIRE:  114 15:03:48        2.944399        0.103056
FIRE:  115 15:03:48        2.928472        0.126994
FIRE:  116 15:03:48        2.901243        0.160932
FIRE:  117 15:03:48        2.852596        0.210967
FIRE:  118 15:03:48        2.779852        0.270387
FIRE:  119 15:03:48        2.694797        0.326599
FIRE:  120 15:03:48        2.604476        0.376911
FIRE:  121 15:03:48        2.515906        0.416731
FIRE:  122 15:03:48        2.430958        0.439673
FIRE:  123 15:03:48        2.345736        0.439092
FIRE:  124 15:03:48        2.256618        0.416452
FIRE:  125 15:03:48        2.165072        0.380981
FIRE:  126 15:03:48        2.075999        0.340834
FIRE:  127 15:03:48        1.992160        0.304108
FIRE:  128 15:03:48        1.912876        0.277402
FIRE:  129 15:03:48        1.837290        0.259037
FIRE:  130 15:03:48        1.767472        0.240011
FIRE:  131 15:03:48        1.707791        0.207633
FIRE:  132 15:03:48        1.662279        0.159529
FIRE:  133 15:03:48        1.632988        0.094428
FIRE:  134 15:03:48        1.621793        0.025521
FIRE:  135 15:03:48        1.633269        0.090721
FIRE:  136 15:03:48        1.629426        0.071975
FIRE:  137 15:03:48        1.627854        0.159213
FIRE:  138 15:03:48        1.622764        0.045957
FIRE:  139 15:03:48        1.622481        0.038447
FIRE:  140 15:03:48        1.622139        0.036396
FIRE:  141 15:03:48        1.621911        0.033981
FIRE:  142 15:03:48        1.621697        0.032481
FIRE:  143 15:03:48        1.621324        0.031940
FIRE:  144 15:03:49        1.620817        0.028515
FIRE:  145 15:03:49        1.620348        0.027152
FIRE:  146 15:03:49        1.619930        0.027547
FIRE:  147 15:03:49        1.619400        0.027297
FIRE:  148 15:03:49        1.618747        0.015939
FIRE:  149 15:03:49        1.618262        0.021627
FIRE:  150 15:03:49        1.617753        0.018654
FIRE:  151 15:03:49        1.617317        0.014559
FIRE:  152 15:03:49        1.617042        0.016757
FIRE:  153 15:03:49        1.616926        0.019889
FIRE:  154 15:03:49        1.616871        0.016091
FIRE:  155 15:03:49        1.616818        0.015499
FIRE:  156 15:03:49        1.616798        0.014895
FIRE:  157 15:03:49        1.616792        0.014932
FIRE:  158 15:03:49        1.616781        0.015000
FIRE:  159 15:03:49        1.616768        0.015089
FIRE:  160 15:03:49        1.616754        0.015185
FIRE:  161 15:03:49        1.616739        0.015269
FIRE:  162 15:03:49        1.616724        0.015320
FIRE:  163 15:03:49        1.616708        0.015321
FIRE:  164 15:03:49        1.616687        0.015254
FIRE:  165 15:03:49        1.616658        0.015095
FIRE:  166 15:03:49        1.616621        0.014828
FIRE:  167 15:03:49        1.616577        0.014445
FIRE:  168 15:03:49        1.616527        0.013970
FIRE:  169 15:03:49        1.616469        0.013456
FIRE:  170 15:03:49        1.616396        0.012944
FIRE:  171 15:03:49        1.616309        0.012401
FIRE:  172 15:03:49        1.616212        0.011660
FIRE:  173 15:03:49        1.616096        0.010519
FIRE:  174 15:03:49        1.615961        0.008945
