      Step     Time          Energy          fmax
FIRE:    0 15:52:09      148.165130       78.497089
FIRE:    1 15:52:09      118.224513       37.052852
FIRE:    2 15:52:09      102.644052       24.291651
FIRE:    3 15:52:09       93.171844       28.977042
FIRE:    4 15:52:09       84.074244       30.476298
FIRE:    5 15:52:09       73.632713       27.218196
FIRE:    6 15:52:09       63.099059       20.846699
FIRE:    7 15:52:09       53.895573       15.170956
FIRE:    8 15:52:09       46.498836       12.601651
FIRE:    9 15:52:09       40.667151       14.811382
FIRE:   10 15:52:10       35.776963       17.233154
FIRE:   11 15:52:10       31.214201       17.632334
FIRE:   12 15:52:10       26.736837       15.888524
FIRE:   13 15:52:10       22.527171       12.784547
FIRE:   14 15:52:10       18.892401        9.398749
FIRE:   15 15:52:10       15.986158        6.483354
FIRE:   16 15:52:10       13.759946        4.774975
FIRE:   17 15:52:10       12.045671        3.802221
FIRE:   18 15:52:10       10.655778        3.455729
FIRE:   19 15:52:10        9.455955        3.504102
FIRE:   20 15:52:10        8.390577        3.192823
FIRE:   21 15:52:10        7.470311        2.567531
FIRE:   22 15:52:10        6.727614        1.835592
FIRE:   23 15:52:10        6.171518        1.608991
FIRE:   24 15:52:10        5.776655        1.799102
FIRE:   25 15:52:10        5.506239        1.747675
FIRE:   26 15:52:10        5.342116        1.440953
FIRE:   27 15:52:10        5.293841        1.117492
FIRE:   28 15:52:10        4.851144        0.651390
FIRE:   29 15:52:10        4.618068        0.653543
FIRE:   30 15:52:10        4.474626        0.593427
FIRE:   31 15:52:10        4.351911        0.485538
FIRE:   32 15:52:10        4.198274        0.568232
FIRE:   33 15:52:10        4.018207        0.560156
FIRE:   34 15:52:10        3.853838        0.557512
FIRE:   35 15:52:10        3.705258        0.704823
FIRE:   36 15:52:10        3.538310        0.611110
FIRE:   37 15:52:10        3.366946        0.492747
FIRE:   38 15:52:10        3.220975        0.536615
FIRE:   39 15:52:11        3.051331        0.593663
FIRE:   40 15:52:11        2.827930        0.627708
FIRE:   41 15:52:11        2.597286        0.631632
FIRE:   42 15:52:11        2.365172        0.610634
FIRE:   43 15:52:11        2.123358        0.565521
FIRE:   44 15:52:11        1.891127        0.504690
FIRE:   45 15:52:11        1.678612        0.550177
FIRE:   46 15:52:11        1.479488        0.569839
FIRE:   47 15:52:11        1.291853        0.559233
FIRE:   48 15:52:11        1.123180        0.510150
FIRE:   49 15:52:11        0.983399        0.419787
FIRE:   50 15:52:11        0.877197        0.417737
FIRE:   51 15:52:11        0.794236        0.598436
FIRE:   52 15:52:11        0.715219        0.621814
FIRE:   53 15:52:11        0.636817        0.562665
FIRE:   54 15:52:11        0.569695        0.515429
FIRE:   55 15:52:11        0.520342        0.542609
FIRE:   56 15:52:11        0.484280        0.683026
FIRE:   57 15:52:11        0.310763        0.352336
FIRE:   58 15:52:11        0.262148        0.472995
FIRE:   59 15:52:11        0.209855        0.200384
FIRE:   60 15:52:11        0.195756        0.297678
FIRE:   61 15:52:11        0.190130        0.258427
FIRE:   62 15:52:11        0.181360        0.189278
FIRE:   63 15:52:11        0.172801        0.114500
FIRE:   64 15:52:11        0.166363        0.109570
FIRE:   65 15:52:11        0.161126        0.161584
FIRE:   66 15:52:11        0.154764        0.183433
FIRE:   67 15:52:11        0.146232        0.169415
FIRE:   68 15:52:12        0.135771        0.116900
FIRE:   69 15:52:12        0.126872        0.068766
FIRE:   70 15:52:12        0.122402        0.103706
FIRE:   71 15:52:12        0.120354        0.126051
FIRE:   72 15:52:12        0.119821        0.115692
FIRE:   73 15:52:12        0.118918        0.095777
FIRE:   74 15:52:12        0.117915        0.067889
FIRE:   75 15:52:12        0.117102        0.044909
FIRE:   76 15:52:12        0.116669        0.043674
FIRE:   77 15:52:12        0.116595        0.042663
FIRE:   78 15:52:12        0.116575        0.042677
FIRE:   79 15:52:12        0.116535        0.042703
FIRE:   80 15:52:12        0.116479        0.042743
FIRE:   81 15:52:12        0.116408        0.042795
FIRE:   82 15:52:12        0.116325        0.042857
FIRE:   83 15:52:12        0.116234        0.042928
FIRE:   84 15:52:12        0.116137        0.043006
FIRE:   85 15:52:12        0.116027        0.043096
FIRE:   86 15:52:12        0.115903        0.043195
FIRE:   87 15:52:12        0.115765        0.043296
FIRE:   88 15:52:12        0.115607        0.043388
FIRE:   89 15:52:12        0.115422        0.043456
FIRE:   90 15:52:12        0.115195        0.043482
FIRE:   91 15:52:12        0.114910        0.043451
FIRE:   92 15:52:12        0.114553        0.043355
FIRE:   93 15:52:12        0.114118        0.043202
FIRE:   94 15:52:12        0.113609        0.043025
FIRE:   95 15:52:12        0.113025        0.042882
FIRE:   96 15:52:13        0.112340        0.042841
FIRE:   97 15:52:13        0.111499        0.042935
FIRE:   98 15:52:13        0.110465        0.043155
FIRE:   99 15:52:13        0.109234        0.043444
FIRE:  100 15:52:13        0.107758        0.043682
FIRE:  101 15:52:13        0.105932        0.043744
FIRE:  102 15:52:13        0.103722        0.043636
FIRE:  103 15:52:13        0.101053        0.043444
FIRE:  104 15:52:13        0.097782        0.043265
FIRE:  105 15:52:13        0.093840        0.043125
FIRE:  106 15:52:13        0.089056        0.042614
FIRE:  107 15:52:13        0.083370        0.041713
FIRE:  108 15:52:13        0.076936        0.040121
FIRE:  109 15:52:13        0.072781        0.168699
FIRE:  110 15:52:13        0.069449        0.035986
FIRE:  111 15:52:13        0.069353        0.035959
FIRE:  112 15:52:13        0.069223        0.035922
FIRE:  113 15:52:13        0.069109        0.035888
FIRE:  114 15:52:13        0.068990        0.035838
FIRE:  115 15:52:13        0.068808        0.035748
FIRE:  116 15:52:13        0.068558        0.035610
FIRE:  117 15:52:13        0.068282        0.035439
FIRE:  118 15:52:13        0.067980        0.035225
FIRE:  119 15:52:13        0.067600        0.034961
FIRE:  120 15:52:13        0.067091        0.034643
FIRE:  121 15:52:13        0.066499        0.034301
FIRE:  122 15:52:14        0.065785        0.033909
FIRE:  123 15:52:14        0.064883        0.033402
FIRE:  124 15:52:14        0.063850        0.032729
FIRE:  125 15:52:14        0.062578        0.031806
FIRE:  126 15:52:14        0.061118        0.030606
FIRE:  127 15:52:14        0.059461        0.028994
FIRE:  128 15:52:14        0.057619        0.026806
FIRE:  129 15:52:14        0.055734        0.039569
FIRE:  130 15:52:14        0.054317        0.081029
FIRE:  131 15:52:14        0.053529        0.020664
FIRE:  132 15:52:14        0.053943        0.066262
FIRE:  133 15:52:14        0.053735        0.051906
FIRE:  134 15:52:14        0.053484        0.026335
FIRE:  135 15:52:14        0.053378        0.020397
FIRE:  136 15:52:14        0.053375        0.020394
FIRE:  137 15:52:14        0.053370        0.020387
FIRE:  138 15:52:15        0.053363        0.020377
FIRE:  139 15:52:15        0.053354        0.020363
FIRE:  140 15:52:15        0.053342        0.020346
FIRE:  141 15:52:15        0.053329        0.020325
FIRE:  142 15:52:15        0.053314        0.020301
FIRE:  143 15:52:15        0.053294        0.020269
FIRE:  144 15:52:15        0.053270        0.020229
FIRE:  145 15:52:15        0.053240        0.020178
FIRE:  146 15:52:15        0.053202        0.020113
FIRE:  147 15:52:15        0.053154        0.020031
FIRE:  148 15:52:15        0.053096        0.019927
FIRE:  149 15:52:15        0.053025        0.019796
FIRE:  150 15:52:15        0.052938        0.019630
FIRE:  151 15:52:15        0.052832        0.019421
FIRE:  152 15:52:15        0.052704        0.019159
FIRE:  153 15:52:15        0.052550        0.018831
FIRE:  154 15:52:15        0.052366        0.018422
FIRE:  155 15:52:15        0.052148        0.017917
FIRE:  156 15:52:15        0.051891        0.017295
FIRE:  157 15:52:15        0.051591        0.016539
FIRE:  158 15:52:15        0.051248        0.015629
FIRE:  159 15:52:15        0.050861        0.014546
FIRE:  160 15:52:15        0.050434        0.013260
FIRE:  161 15:52:15        0.049980        0.011730
FIRE:  162 15:52:15        0.049525        0.009898
