      Step     Time          Energy          fmax
FIRE:    0 15:29:12      245.193825      136.676278
FIRE:    1 15:29:13      175.754207       89.464958
FIRE:    2 15:29:13      130.576832       56.607541
FIRE:    3 15:29:13      102.579249       33.637330
FIRE:    4 15:29:13       86.730439       17.346613
FIRE:    5 15:29:13       79.432650       14.699884
FIRE:    6 15:29:13       77.894977       14.040515
FIRE:    7 15:29:13       75.075723       13.448369
FIRE:    8 15:29:13       70.234421       13.169273
FIRE:    9 15:29:13       64.615409       13.850668
FIRE:   10 15:29:13       58.716952       14.382947
FIRE:   11 15:29:13       52.554038       14.595007
FIRE:   12 15:29:13       46.428540       14.344231
FIRE:   13 15:29:13       40.605531       13.563528
FIRE:   14 15:29:13       35.251869       12.269244
FIRE:   15 15:29:14       30.476858       10.530505
FIRE:   16 15:29:14       26.360221        8.447766
FIRE:   17 15:29:14       22.959603        6.815655
FIRE:   18 15:29:14       20.301330        6.007075
FIRE:   19 15:29:14       18.356802        5.299751
FIRE:   20 15:29:14       17.000785        4.708449
FIRE:   21 15:29:14       16.001322        4.200686
FIRE:   22 15:29:14       15.064196        5.149856
FIRE:   23 15:29:14       13.940626        5.845398
FIRE:   24 15:29:14       12.568882        5.633834
FIRE:   25 15:29:14       11.094580        4.764092
FIRE:   26 15:29:14        9.731013        3.603726
FIRE:   27 15:29:14        8.624591        2.440571
FIRE:   28 15:29:14        7.833245        1.479500
FIRE:   29 15:29:15        7.361702        1.678983
FIRE:   30 15:29:15        7.186503        2.564817
FIRE:   31 15:29:15        7.239919        3.464330
FIRE:   32 15:29:15        6.937445        2.494016
FIRE:   33 15:29:15        6.647602        1.235865
FIRE:   34 15:29:15        6.503609        0.993020
FIRE:   35 15:29:15        6.416076        0.939953
FIRE:   36 15:29:15        6.301003        0.786309
FIRE:   37 15:29:15        6.178144        0.569473
FIRE:   38 15:29:15        6.138593        1.491183
FIRE:   39 15:29:15        6.120628        1.402307
FIRE:   40 15:29:15        6.089134        1.236372
FIRE:   41 15:29:16        6.051316        1.014915
FIRE:   42 15:29:16        6.014540        0.765487
FIRE:   43 15:29:16        5.983836        0.517655
FIRE:   44 15:29:16        5.960404        0.339687
FIRE:   45 15:29:16        5.941989        0.339779
FIRE:   46 15:29:16        5.923189        0.372890
FIRE:   47 15:29:16        5.900185        0.440207
FIRE:   48 15:29:16        5.869345        0.581097
FIRE:   49 15:29:16        5.828660        0.658403
FIRE:   50 15:29:16        5.779729        0.627011
FIRE:   51 15:29:16        5.729252        0.466259
FIRE:   52 15:29:16        5.684995        0.306906
FIRE:   53 15:29:16        5.648184        0.284177
FIRE:   54 15:29:16        5.622115        0.283883
FIRE:   55 15:29:16        5.624239        0.196274
FIRE:   56 15:29:17        5.622041        0.187286
FIRE:   57 15:29:17        5.618171        0.171655
FIRE:   58 15:29:17        5.613489        0.161428
FIRE:   59 15:29:17        5.608879        0.148315
FIRE:   60 15:29:17        5.604940        0.133000
FIRE:   61 15:29:17        5.601850        0.116579
FIRE:   62 15:29:17        5.599503        0.100387
FIRE:   63 15:29:17        5.597637        0.084119
FIRE:   64 15:29:17        5.596428        0.074949
FIRE:   65 15:29:17        5.595763        0.121064
FIRE:   66 15:29:17        5.595583        0.117961
FIRE:   67 15:29:17        5.595239        0.111879
FIRE:   68 15:29:17        5.594759        0.103064
FIRE:   69 15:29:17        5.594182        0.091889
FIRE:   70 15:29:17        5.593544        0.078844
FIRE:   71 15:29:17        5.592880        0.068884
FIRE:   72 15:29:18        5.592214        0.072620
FIRE:   73 15:29:18        5.591492        0.077217
FIRE:   74 15:29:18        5.590718        0.082716
FIRE:   75 15:29:18        5.589892        0.089043
FIRE:   76 15:29:18        5.589000        0.095952
FIRE:   77 15:29:18        5.588006        0.102965
FIRE:   78 15:29:18        5.586832        0.109392
FIRE:   79 15:29:18        5.585357        0.114420
FIRE:   80 15:29:18        5.583461        0.117228
FIRE:   81 15:29:18        5.581084        0.117119
FIRE:   82 15:29:18        5.578223        0.113738
FIRE:   83 15:29:18        5.574831        0.107278
FIRE:   84 15:29:18        5.570798        0.098480
FIRE:   85 15:29:18        5.566004        0.088850
FIRE:   86 15:29:18        5.560319        0.081802
FIRE:   87 15:29:18        5.553363        0.082568
FIRE:   88 15:29:19        5.544672        0.092846
FIRE:   89 15:29:19        5.533990        0.106868
FIRE:   90 15:29:19        5.520371        0.120199
FIRE:   91 15:29:19        5.501836        0.123464
FIRE:   92 15:29:19        5.477286        0.121437
FIRE:   93 15:29:19        5.447104        0.141360
FIRE:   94 15:29:19        5.415031        0.149131
FIRE:   95 15:29:19        5.384672        0.200880
FIRE:   96 15:29:19        5.352658        0.236531
FIRE:   97 15:29:19        5.341919        0.188761
FIRE:   98 15:29:19        5.335150        0.186323
FIRE:   99 15:29:19        5.330858        0.180411
FIRE:  100 15:29:19        5.331489        0.173622
FIRE:  101 15:29:19        5.330510        0.174421
FIRE:  102 15:29:19        5.328873        0.175851
FIRE:  103 15:29:19        5.327077        0.177618
FIRE:  104 15:29:19        5.325574        0.179368
FIRE:  105 15:29:19        5.324507        0.180754
FIRE:  106 15:29:20        5.323614        0.181569
FIRE:  107 15:29:20        5.322452        0.181807
FIRE:  108 15:29:20        5.320491        0.181475
FIRE:  109 15:29:20        5.317533        0.180482
FIRE:  110 15:29:20        5.313836        0.178720
FIRE:  111 15:29:20        5.309936        0.176270
FIRE:  112 15:29:20        5.305726        0.173887
FIRE:  113 15:29:20        5.300087        0.172673
FIRE:  114 15:29:20        5.292466        0.173023
FIRE:  115 15:29:20        5.283860        0.173765
FIRE:  116 15:29:20        5.273852        0.172691
FIRE:  117 15:29:20        5.260811        0.168529
FIRE:  118 15:29:20        5.246266        0.160823
FIRE:  119 15:29:20        5.228526        0.152328
FIRE:  120 15:29:20        5.208806        0.141357
FIRE:  121 15:29:20        5.185768        0.123887
FIRE:  122 15:29:20        5.161754        0.101320
FIRE:  123 15:29:21        5.138569        0.109442
FIRE:  124 15:29:21        5.119893        0.157093
FIRE:  125 15:29:21        5.106093        0.178081
FIRE:  126 15:29:21        5.101126        0.041014
FIRE:  127 15:29:21        5.103949        0.153674
FIRE:  128 15:29:21        5.102597        0.119465
FIRE:  129 15:29:21        5.100988        0.059094
FIRE:  130 15:29:21        5.100381        0.042664
FIRE:  131 15:29:21        5.100369        0.042687
FIRE:  132 15:29:21        5.100344        0.042731
FIRE:  133 15:29:21        5.100309        0.042796
FIRE:  134 15:29:21        5.100263        0.042880
FIRE:  135 15:29:21        5.100210        0.042979
FIRE:  136 15:29:21        5.100148        0.043091
FIRE:  137 15:29:21        5.100079        0.043211
FIRE:  138 15:29:21        5.099993        0.043350
FIRE:  139 15:29:21        5.099886        0.043505
FIRE:  140 15:29:22        5.099751        0.043673
FIRE:  141 15:29:22        5.099582        0.043847
FIRE:  142 15:29:22        5.099373        0.044014
FIRE:  143 15:29:22        5.099119        0.044160
FIRE:  144 15:29:22        5.098815        0.044261
FIRE:  145 15:29:22        5.098450        0.044288
FIRE:  146 15:29:22        5.098009        0.044192
FIRE:  147 15:29:22        5.097485        0.043889
FIRE:  148 15:29:22        5.096871        0.043236
FIRE:  149 15:29:22        5.096157        0.042042
FIRE:  150 15:29:22        5.095333        0.040096
FIRE:  151 15:29:22        5.094408        0.037215
FIRE:  152 15:29:22        5.093387        0.033314
FIRE:  153 15:29:22        5.092305        0.028269
FIRE:  154 15:29:22        5.091209        0.022120
FIRE:  155 15:29:22        5.090178        0.015573
FIRE:  156 15:29:22        5.089319        0.008991
