      Step     Time          Energy          fmax
FIRE:    0 15:53:15      233.310201      110.090417
FIRE:    1 15:53:15      188.389791       76.727308
FIRE:    2 15:53:16      153.739323       65.123334
FIRE:    3 15:53:16      125.217536       55.577956
FIRE:    4 15:53:16      102.339062       45.444762
FIRE:    5 15:53:16       84.954537       35.767242
FIRE:    6 15:53:16       72.250619       27.394086
FIRE:    7 15:53:16       62.725565       20.603815
FIRE:    8 15:53:16       54.682282       25.637084
FIRE:    9 15:53:16       47.038591       26.608123
FIRE:   10 15:53:16       39.676591       23.524046
FIRE:   11 15:53:16       33.105968       18.275226
FIRE:   12 15:53:16       27.837191       12.625163
FIRE:   13 15:53:16       24.019545        7.689941
FIRE:   14 15:53:16       21.437167        5.289210
FIRE:   15 15:53:16       19.723522        5.764471
FIRE:   16 15:53:16       18.624165        5.433015
FIRE:   17 15:53:16       18.058348        4.834076
FIRE:   18 15:53:16       17.951257        6.863457
FIRE:   19 15:53:16       15.846932        3.744465
FIRE:   20 15:53:16       14.985461        2.988235
FIRE:   21 15:53:16       14.315469        2.439919
FIRE:   22 15:53:16       13.599183        1.976584
FIRE:   23 15:53:16       12.849865        1.723218
FIRE:   24 15:53:16       12.087593        1.664300
FIRE:   25 15:53:16       11.378831        1.429476
FIRE:   26 15:53:16       10.777449        1.347476
FIRE:   27 15:53:16       10.319240        0.955546
FIRE:   28 15:53:16       10.018597        0.760193
FIRE:   29 15:53:17        9.850095        0.871990
FIRE:   30 15:53:17        9.743997        1.045871
FIRE:   31 15:53:17        9.623956        1.160172
FIRE:   32 15:53:17        9.470474        0.881709
FIRE:   33 15:53:17        9.326500        0.508259
FIRE:   34 15:53:17        9.219221        0.559418
FIRE:   35 15:53:17        9.114398        0.581352
FIRE:   36 15:53:17        8.959017        0.719462
FIRE:   37 15:53:17        8.747759        0.654413
FIRE:   38 15:53:17        8.580495        0.489430
FIRE:   39 15:53:17        8.604612        0.914379
FIRE:   40 15:53:17        8.363368        0.452523
FIRE:   41 15:53:17        8.234151        0.458064
FIRE:   42 15:53:17        8.060967        0.457339
FIRE:   43 15:53:18        7.928811        0.379164
FIRE:   44 15:53:18        7.896733        0.437306
FIRE:   45 15:53:18        7.868498        0.332098
FIRE:   46 15:53:18        7.832331        0.232068
FIRE:   47 15:53:18        7.806884        0.220679
FIRE:   48 15:53:18        7.794306        0.233271
FIRE:   49 15:53:18        7.786785        0.314535
FIRE:   50 15:53:18        7.778116        0.314393
FIRE:   51 15:53:18        7.767691        0.242995
FIRE:   52 15:53:18        7.757523        0.257713
FIRE:   53 15:53:18        7.749321        0.232845
FIRE:   54 15:53:18        7.746519        0.220691
FIRE:   55 15:53:18        7.741692        0.197139
FIRE:   56 15:53:18        7.736083        0.163770
FIRE:   57 15:53:18        7.730905        0.127442
FIRE:   58 15:53:18        7.726827        0.135260
FIRE:   59 15:53:18        7.723713        0.144234
FIRE:   60 15:53:18        7.720875        0.153266
FIRE:   61 15:53:18        7.717323        0.162218
FIRE:   62 15:53:18        7.712743        0.170166
FIRE:   63 15:53:18        7.707486        0.176346
FIRE:   64 15:53:18        7.702036        0.180097
FIRE:   65 15:53:18        7.695545        0.180809
FIRE:   66 15:53:18        7.685825        0.178030
FIRE:   67 15:53:18        7.672067        0.172294
FIRE:   68 15:53:18        7.655799        0.165911
FIRE:   69 15:53:18        7.636381        0.162618
FIRE:   70 15:53:19        7.610950        0.168293
FIRE:   71 15:53:19        7.578907        0.189576
FIRE:   72 15:53:19        7.535248        0.219037
FIRE:   73 15:53:19        7.476087        0.241618
FIRE:   74 15:53:19        7.406465        0.249943
FIRE:   75 15:53:19        7.332539        0.253696
FIRE:   76 15:53:19        7.253359        0.278765
FIRE:   77 15:53:19        7.169464        0.308721
FIRE:   78 15:53:19        7.079410        0.337445
FIRE:   79 15:53:19        6.984481        0.364116
FIRE:   80 15:53:19        6.884338        0.383721
FIRE:   81 15:53:19        6.779958        0.388792
FIRE:   82 15:53:19        6.672610        0.373710
FIRE:   83 15:53:19        6.564762        0.335106
FIRE:   84 15:53:19        6.460916        0.291772
FIRE:   85 15:53:19        6.364193        0.307421
FIRE:   86 15:53:19        6.278782        0.295951
FIRE:   87 15:53:19        6.208273        0.265719
FIRE:   88 15:53:19        6.154998        0.231116
FIRE:   89 15:53:19        6.117583        0.220753
FIRE:   90 15:53:19        6.089609        0.261110
FIRE:   91 15:53:19        6.058647        0.368004
FIRE:   92 15:53:19        6.005244        0.531312
FIRE:   93 15:53:19        5.910096        0.712644
FIRE:   94 15:53:19        5.776533        0.760657
FIRE:   95 15:53:19        5.643921        0.542823
FIRE:   96 15:53:19        5.577618        0.308150
FIRE:   97 15:53:19        5.621442        0.676865
FIRE:   98 15:53:19        5.536633        0.294887
FIRE:   99 15:53:19        5.511255        0.211894
FIRE:  100 15:53:20        5.505381        0.216658
FIRE:  101 15:53:20        5.500080        0.167682
FIRE:  102 15:53:20        5.493282        0.168785
FIRE:  103 15:53:20        5.489021        0.168205
FIRE:  104 15:53:20        5.487437        0.160283
FIRE:  105 15:53:20        5.486919        0.159345
FIRE:  106 15:53:20        5.485961        0.157451
FIRE:  107 15:53:20        5.484705        0.154577
FIRE:  108 15:53:20        5.483317        0.150702
FIRE:  109 15:53:20        5.481950        0.145847
FIRE:  110 15:53:20        5.480693        0.140112
FIRE:  111 15:53:20        5.479545        0.133730
FIRE:  112 15:53:20        5.478301        0.126326
FIRE:  113 15:53:20        5.476797        0.118177
FIRE:  114 15:53:20        5.474859        0.109576
FIRE:  115 15:53:20        5.472440        0.100650
FIRE:  116 15:53:20        5.469775        0.091156
FIRE:  117 15:53:20        5.467342        0.080276
FIRE:  118 15:53:20        5.465387        0.066817
FIRE:  119 15:53:20        5.463584        0.050469
FIRE:  120 15:53:20        5.461877        0.032175
FIRE:  121 15:53:20        5.461140        0.050519
FIRE:  122 15:53:20        5.461085        0.050128
FIRE:  123 15:53:20        5.460987        0.049363
FIRE:  124 15:53:20        5.460869        0.048259
FIRE:  125 15:53:20        5.460747        0.046860
FIRE:  126 15:53:20        5.460628        0.045227
FIRE:  127 15:53:20        5.460506        0.043435
FIRE:  128 15:53:21        5.460366        0.041557
FIRE:  129 15:53:21        5.460183        0.039437
FIRE:  130 15:53:21        5.459956        0.037058
FIRE:  131 15:53:21        5.459704        0.034351
FIRE:  132 15:53:21        5.459455        0.031147
FIRE:  133 15:53:21        5.459201        0.027234
FIRE:  134 15:53:21        5.458917        0.022500
FIRE:  135 15:53:21        5.458629        0.020641
FIRE:  136 15:53:21        5.458381        0.021023
FIRE:  137 15:53:21        5.458120        0.019790
FIRE:  138 15:53:21        5.457860        0.016420
FIRE:  139 15:53:21        5.457607        0.018165
FIRE:  140 15:53:21        5.457311        0.020417
FIRE:  141 15:53:21        5.457010        0.021874
FIRE:  142 15:53:21        5.456662        0.022491
FIRE:  143 15:53:21        5.456212        0.022667
FIRE:  144 15:53:21        5.455569        0.023001
FIRE:  145 15:53:21        5.454587        0.023304
FIRE:  146 15:53:21        5.453253        0.030978
FIRE:  147 15:53:21        5.452376        0.075427
FIRE:  148 15:53:21        5.450989        0.026676
FIRE:  149 15:53:21        5.450966        0.026623
FIRE:  150 15:53:21        5.450923        0.026525
FIRE:  151 15:53:21        5.450861        0.026400
FIRE:  152 15:53:21        5.450779        0.026270
FIRE:  153 15:53:21        5.450677        0.026152
FIRE:  154 15:53:21        5.450553        0.026055
FIRE:  155 15:53:21        5.450408        0.025971
FIRE:  156 15:53:22        5.450225        0.025875
FIRE:  157 15:53:22        5.449995        0.025739
FIRE:  158 15:53:22        5.449704        0.025552
FIRE:  159 15:53:22        5.449339        0.025342
FIRE:  160 15:53:22        5.448883        0.025191
FIRE:  161 15:53:22        5.448309        0.025148
FIRE:  162 15:53:22        5.447591        0.025111
FIRE:  163 15:53:22        5.446686        0.024946
FIRE:  164 15:53:22        5.445545        0.025596
FIRE:  165 15:53:22        5.444096        0.026020
FIRE:  166 15:53:22        5.442252        0.027632
FIRE:  167 15:53:22        5.439904        0.027691
FIRE:  168 15:53:22        5.436947        0.030360
FIRE:  169 15:53:22        5.433707        0.055381
FIRE:  170 15:53:22        5.435812        0.217185
FIRE:  171 15:53:22        5.428947        0.061294
FIRE:  172 15:53:22        5.428657        0.042594
FIRE:  173 15:53:22        5.428363        0.030345
FIRE:  174 15:53:22        5.428292        0.032203
FIRE:  175 15:53:22        5.428273        0.032006
FIRE:  176 15:53:22        5.428237        0.031630
FIRE:  177 15:53:22        5.428190        0.031111
FIRE:  178 15:53:22        5.428136        0.030503
FIRE:  179 15:53:22        5.428081        0.029875
FIRE:  180 15:53:22        5.428024        0.029522
FIRE:  181 15:53:22        5.427962        0.029655
FIRE:  182 15:53:22        5.427882        0.029723
FIRE:  183 15:53:22        5.427775        0.029696
FIRE:  184 15:53:23        5.427634        0.029552
FIRE:  185 15:53:23        5.427456        0.029640
FIRE:  186 15:53:23        5.427242        0.030556
FIRE:  187 15:53:23        5.426987        0.031428
FIRE:  188 15:53:23        5.426669        0.031866
FIRE:  189 15:53:23        5.426263        0.031592
FIRE:  190 15:53:23        5.425765        0.030730
FIRE:  191 15:53:23        5.425162        0.030028
FIRE:  192 15:53:23        5.424403        0.030360
FIRE:  193 15:53:23        5.423466        0.031632
FIRE:  194 15:53:23        5.422312        0.032137
FIRE:  195 15:53:23        5.420871        0.032216
FIRE:  196 15:53:23        5.419085        0.033173
FIRE:  197 15:53:23        5.416856        0.033325
FIRE:  198 15:53:23        5.414054        0.034820
FIRE:  199 15:53:23        5.410512        0.034964
FIRE:  200 15:53:23        5.405971        0.036380
FIRE:  201 15:53:23        5.400040        0.039688
FIRE:  202 15:53:23        5.392312        0.050405
FIRE:  203 15:53:23        5.386688        0.233201
FIRE:  204 15:53:23        5.381338        0.071638
FIRE:  205 15:53:23        5.380940        0.047802
FIRE:  206 15:53:23        5.380502        0.048045
FIRE:  207 15:53:23        5.380258        0.053728
FIRE:  208 15:53:23        5.379985        0.057080
FIRE:  209 15:53:23        5.379397        0.057117
FIRE:  210 15:53:23        5.378571        0.054306
FIRE:  211 15:53:23        5.377777        0.050341
FIRE:  212 15:53:23        5.376936        0.047662
FIRE:  213 15:53:24        5.375696        0.048841
FIRE:  214 15:53:24        5.374014        0.054400
FIRE:  215 15:53:24        5.372125        0.060402
FIRE:  216 15:53:24        5.369523        0.060358
FIRE:  217 15:53:24        5.366252        0.055535
FIRE:  218 15:53:24        5.361984        0.058726
FIRE:  219 15:53:24        5.356496        0.069637
FIRE:  220 15:53:24        5.349076        0.066578
FIRE:  221 15:53:24        5.339225        0.071505
FIRE:  222 15:53:24        5.325910        0.081290
FIRE:  223 15:53:24        5.308217        0.077467
FIRE:  224 15:53:24        5.288170        0.217820
FIRE:  225 15:53:24        5.291079        0.548117
FIRE:  226 15:53:24        5.263446        0.250311
FIRE:  227 15:53:24        5.259486        0.145367
FIRE:  228 15:53:24        5.256946        0.089657
FIRE:  229 15:53:24        5.257913        0.156246
FIRE:  230 15:53:24        5.257444        0.140429
FIRE:  231 15:53:24        5.256665        0.110523
FIRE:  232 15:53:24        5.255829        0.084306
FIRE:  233 15:53:24        5.255173        0.087797
FIRE:  234 15:53:24        5.254795        0.091392
FIRE:  235 15:53:24        5.254580        0.094394
FIRE:  236 15:53:24        5.254301        0.096334
FIRE:  237 15:53:24        5.253717        0.097019
FIRE:  238 15:53:24        5.252705        0.096105
FIRE:  239 15:53:24        5.251356        0.093526
FIRE:  240 15:53:24        5.249964        0.089741
FIRE:  241 15:53:24        5.248653        0.086116
FIRE:  242 15:53:25        5.246977        0.084271
FIRE:  243 15:53:25        5.244489        0.085200
FIRE:  244 15:53:25        5.241575        0.088884
FIRE:  245 15:53:25        5.238509        0.092261
FIRE:  246 15:53:25        5.234345        0.091048
FIRE:  247 15:53:25        5.229511        0.085339
FIRE:  248 15:53:25        5.223916        0.082281
FIRE:  249 15:53:25        5.217199        0.084633
FIRE:  250 15:53:25        5.209532        0.080800
FIRE:  251 15:53:25        5.201424        0.083478
FIRE:  252 15:53:25        5.192549        0.088210
FIRE:  253 15:53:25        5.183952        0.101241
FIRE:  254 15:53:25        5.178298        0.196600
FIRE:  255 15:53:25        5.175419        0.041140
FIRE:  256 15:53:25        5.177097        0.164074
FIRE:  257 15:53:25        5.176308        0.128225
FIRE:  258 15:53:25        5.175364        0.064346
FIRE:  259 15:53:25        5.175002        0.038737
FIRE:  260 15:53:25        5.174995        0.038685
FIRE:  261 15:53:25        5.174981        0.038583
FIRE:  262 15:53:25        5.174960        0.038435
FIRE:  263 15:53:25        5.174934        0.038249
FIRE:  264 15:53:25        5.174903        0.038034
FIRE:  265 15:53:25        5.174867        0.037798
FIRE:  266 15:53:25        5.174827        0.037555
FIRE:  267 15:53:25        5.174777        0.037288
FIRE:  268 15:53:25        5.174714        0.037008
FIRE:  269 15:53:25        5.174635        0.036725
FIRE:  270 15:53:25        5.174536        0.036447
FIRE:  271 15:53:26        5.174413        0.036169
FIRE:  272 15:53:26        5.174264        0.035865
FIRE:  273 15:53:26        5.174084        0.035476
FIRE:  274 15:53:26        5.173867        0.034911
FIRE:  275 15:53:26        5.173605        0.034079
FIRE:  276 15:53:26        5.173290        0.032945
FIRE:  277 15:53:26        5.172920        0.031592
FIRE:  278 15:53:26        5.172486        0.030230
FIRE:  279 15:53:26        5.171980        0.029114
FIRE:  280 15:53:26        5.171405        0.027857
FIRE:  281 15:53:26        5.170760        0.026221
FIRE:  282 15:53:26        5.170059        0.024234
FIRE:  283 15:53:26        5.169321        0.022094
FIRE:  284 15:53:26        5.168582        0.019047
FIRE:  285 15:53:26        5.167891        0.015269
FIRE:  286 15:53:26        5.167321        0.010986
FIRE:  287 15:53:26        5.167077        0.043757
FIRE:  288 15:53:26        5.166942        0.011845
FIRE:  289 15:53:26        5.166985        0.028473
FIRE:  290 15:53:26        5.166964        0.023220
FIRE:  291 15:53:26        5.166936        0.013697
FIRE:  292 15:53:26        5.166920        0.006671
