      Step     Time          Energy          fmax
FIRE:    0 15:05:18      303.209047      123.084879
FIRE:    1 15:05:18      247.254283       90.571896
FIRE:    2 15:05:18      205.246293       67.708369
FIRE:    3 15:05:18      173.110383       51.401547
FIRE:    4 15:05:18      148.092888       39.488717
FIRE:    5 15:05:18      128.271644       30.540057
FIRE:    6 15:05:18      112.220349       25.937020
FIRE:    7 15:05:18       98.831874       23.211528
FIRE:    8 15:05:18       87.259238       20.779702
FIRE:    9 15:05:18       76.957773       18.562449
FIRE:   10 15:05:18       67.665679       16.522796
FIRE:   11 15:05:18       59.302198       14.611080
FIRE:   12 15:05:18       51.836945       12.844973
FIRE:   13 15:05:19       45.211621       11.597537
FIRE:   14 15:05:19       39.337805       11.123641
FIRE:   15 15:05:19       34.123939       10.208476
FIRE:   16 15:05:19       29.500070        8.989329
FIRE:   17 15:05:19       25.440175        7.589447
FIRE:   18 15:05:19       21.978980        6.043148
FIRE:   19 15:05:19       19.221315        4.493954
FIRE:   20 15:05:19       17.326970        3.994672
FIRE:   21 15:05:19       16.451441        4.426618
FIRE:   22 15:05:19       16.615236        5.264652
FIRE:   23 15:05:19       14.519742        3.794402
FIRE:   24 15:05:19       13.725228        3.040312
FIRE:   25 15:05:19       13.218002        2.801852
FIRE:   26 15:05:19       12.461468        2.585932
FIRE:   27 15:05:19       11.533454        2.279007
FIRE:   28 15:05:19       10.721238        1.958897
FIRE:   29 15:05:19       10.170790        1.799259
FIRE:   30 15:05:19        9.825103        1.773793
FIRE:   31 15:05:19        9.525074        1.674865
FIRE:   32 15:05:19        9.185884        1.426347
FIRE:   33 15:05:19        8.870272        1.084392
FIRE:   34 15:05:19        8.643615        0.749993
FIRE:   35 15:05:19        8.482516        0.680144
FIRE:   36 15:05:19        8.349983        0.579502
FIRE:   37 15:05:19        8.246709        0.550209
FIRE:   38 15:05:19        8.221293        0.452827
FIRE:   39 15:05:19        8.150575        0.476164
FIRE:   40 15:05:19        8.111709        0.456429
FIRE:   41 15:05:19        8.055082        0.389920
FIRE:   42 15:05:19        7.980711        0.288686
FIRE:   43 15:05:19        7.902539        0.202297
FIRE:   44 15:05:19        7.862660        0.308588
FIRE:   45 15:05:19        7.803735        0.354711
FIRE:   46 15:05:19        7.736015        0.366559
FIRE:   47 15:05:20        7.653748        0.305803
FIRE:   48 15:05:20        7.537846        0.268293
FIRE:   49 15:05:20        7.401172        0.249478
FIRE:   50 15:05:20        7.260384        0.305317
FIRE:   51 15:05:20        7.109029        0.337644
FIRE:   52 15:05:20        6.951079        0.329411
FIRE:   53 15:05:20        6.813897        0.291762
FIRE:   54 15:05:20        6.722935        0.339419
FIRE:   55 15:05:20        6.674917        0.566420
FIRE:   56 15:05:20        6.654553        0.399245
FIRE:   57 15:05:20        6.602412        0.226233
FIRE:   58 15:05:20        6.566319        0.143363
FIRE:   59 15:05:20        6.555136        0.239476
FIRE:   60 15:05:20        6.550242        0.227641
FIRE:   61 15:05:20        6.542389        0.206060
FIRE:   62 15:05:20        6.533745        0.179474
FIRE:   63 15:05:20        6.525188        0.154614
FIRE:   64 15:05:20        6.516546        0.136621
FIRE:   65 15:05:20        6.507132        0.151110
FIRE:   66 15:05:20        6.495565        0.167257
FIRE:   67 15:05:20        6.479028        0.179769
FIRE:   68 15:05:20        6.457265        0.185427
FIRE:   69 15:05:20        6.430349        0.181800
FIRE:   70 15:05:20        6.395148        0.170531
FIRE:   71 15:05:20        6.347898        0.180150
FIRE:   72 15:05:20        6.289750        0.180146
FIRE:   73 15:05:20        6.230904        0.184828
FIRE:   74 15:05:20        6.168485        0.199869
FIRE:   75 15:05:20        6.104744        0.213372
FIRE:   76 15:05:20        6.040859        0.223902
FIRE:   77 15:05:20        5.975476        0.232521
FIRE:   78 15:05:20        5.908805        0.241240
FIRE:   79 15:05:20        5.841178        0.251899
FIRE:   80 15:05:20        5.772844        0.263481
FIRE:   81 15:05:21        5.703452        0.274395
FIRE:   82 15:05:21        5.633390        0.281569
FIRE:   83 15:05:21        5.563565        0.282514
FIRE:   84 15:05:21        5.494092        0.277396
FIRE:   85 15:05:21        5.425717        0.267795
FIRE:   86 15:05:21        5.359283        0.254652
FIRE:   87 15:05:21        5.295876        0.238575
FIRE:   88 15:05:21        5.236469        0.217449
FIRE:   89 15:05:21        5.182770        0.187206
FIRE:   90 15:05:21        5.136753        0.151485
FIRE:   91 15:05:21        5.099573        0.112607
FIRE:   92 15:05:21        5.072703        0.075626
FIRE:   93 15:05:21        5.057448        0.063867
FIRE:   94 15:05:21        5.054586        0.093779
FIRE:   95 15:05:21        5.050837        0.074176
FIRE:   96 15:05:21        5.045886        0.049506
FIRE:   97 15:05:21        5.044084        0.122484
FIRE:   98 15:05:21        5.041300        0.026511
FIRE:   99 15:05:21        5.043142        0.110308
FIRE:  100 15:05:21        5.042191        0.081604
FIRE:  101 15:05:21        5.041176        0.031947
FIRE:  102 15:05:21        5.041002        0.024835
FIRE:  103 15:05:21        5.040985        0.023121
FIRE:  104 15:05:21        5.040954        0.021728
FIRE:  105 15:05:21        5.040915        0.021079
FIRE:  106 15:05:21        5.040875        0.020263
FIRE:  107 15:05:21        5.040839        0.019323
FIRE:  108 15:05:21        5.040810        0.018320
FIRE:  109 15:05:21        5.040785        0.018214
FIRE:  110 15:05:21        5.040755        0.018464
FIRE:  111 15:05:21        5.040715        0.018697
FIRE:  112 15:05:21        5.040657        0.018869
FIRE:  113 15:05:21        5.040582        0.018932
FIRE:  114 15:05:21        5.040495        0.018840
FIRE:  115 15:05:22        5.040405        0.018545
FIRE:  116 15:05:22        5.040309        0.018036
FIRE:  117 15:05:22        5.040197        0.017354
FIRE:  118 15:05:22        5.040064        0.016581
FIRE:  119 15:05:22        5.039923        0.015725
FIRE:  120 15:05:22        5.039786        0.014424
FIRE:  121 15:05:22        5.039634        0.012115
FIRE:  122 15:05:22        5.039490        0.008893
