      Step     Time          Energy          fmax
FIRE:    0 15:05:35      290.967662      215.195818
FIRE:    1 15:05:35      211.269049      137.748503
FIRE:    2 15:05:35      156.194433       93.693987
FIRE:    3 15:05:35      117.124681       64.995169
FIRE:    4 15:05:35       89.357524       44.717767
FIRE:    5 15:05:35       69.750018       30.084183
FIRE:    6 15:05:35       55.960033       23.183416
FIRE:    7 15:05:35       46.233677       18.399649
FIRE:    8 15:05:35       39.304935       13.246857
FIRE:    9 15:05:35       34.308243       10.025319
FIRE:   10 15:05:35       30.635074        9.390674
FIRE:   11 15:05:35       27.813210        8.869511
FIRE:   12 15:05:35       25.455825        8.413879
FIRE:   13 15:05:35       23.289560        7.984521
FIRE:   14 15:05:35       21.224302        7.734065
FIRE:   15 15:05:35       19.374435        7.167354
FIRE:   16 15:05:35       17.967539        6.871287
FIRE:   17 15:05:35       17.146230        7.171940
FIRE:   18 15:05:35       16.730952       10.434039
FIRE:   19 15:05:35       13.330100        4.685676
FIRE:   20 15:05:35       11.536072        3.530685
FIRE:   21 15:05:35       10.400942        2.696857
FIRE:   22 15:05:35        9.613131        2.038562
FIRE:   23 15:05:35        8.975764        2.031851
FIRE:   24 15:05:35        8.364882        1.879945
FIRE:   25 15:05:35        7.772168        1.577739
FIRE:   26 15:05:35        7.248784        1.195885
FIRE:   27 15:05:36        6.842134        0.989233
FIRE:   28 15:05:36        6.559475        1.134089
FIRE:   29 15:05:36        6.379938        1.228953
FIRE:   30 15:05:36        6.282430        1.283867
FIRE:   31 15:05:36        6.243762        1.268776
FIRE:   32 15:05:36        6.086984        1.279734
FIRE:   33 15:05:36        5.835705        1.286567
FIRE:   34 15:05:36        5.550141        1.267748
FIRE:   35 15:05:36        5.260647        1.205955
FIRE:   36 15:05:36        4.980792        1.094884
FIRE:   37 15:05:36        4.721022        0.943580
FIRE:   38 15:05:36        4.485656        0.780062
FIRE:   39 15:05:36        4.247111        0.746680
FIRE:   40 15:05:36        3.981060        0.812102
FIRE:   41 15:05:36        3.698488        0.706015
FIRE:   42 15:05:36        3.431047        0.568427
FIRE:   43 15:05:36        3.189466        0.507509
FIRE:   44 15:05:36        2.964949        0.649260
FIRE:   45 15:05:36        2.746044        0.700052
FIRE:   46 15:05:36        2.524547        0.672516
FIRE:   47 15:05:36        2.308331        0.583205
FIRE:   48 15:05:36        2.122607        0.462323
FIRE:   49 15:05:36        1.981617        0.334916
FIRE:   50 15:05:36        1.868134        0.444366
FIRE:   51 15:05:36        1.750196        0.514331
FIRE:   52 15:05:36        1.602879        0.521706
FIRE:   53 15:05:36        1.422684        0.493459
FIRE:   54 15:05:36        1.235752        0.390488
FIRE:   55 15:05:36        1.081436        0.360413
FIRE:   56 15:05:36        0.985017        0.360155
FIRE:   57 15:05:36        0.940306        0.481923
FIRE:   58 15:05:36        0.909254        0.581030
FIRE:   59 15:05:36        0.792024        0.245557
FIRE:   60 15:05:36        0.776935        0.237428
FIRE:   61 15:05:37        0.761255        0.215394
FIRE:   62 15:05:37        0.747380        0.179742
FIRE:   63 15:05:37        0.728814        0.138863
FIRE:   64 15:05:37        0.709511        0.104855
FIRE:   65 15:05:37        0.695705        0.080561
FIRE:   66 15:05:37        0.687598        0.087420
FIRE:   67 15:05:37        0.682869        0.101759
FIRE:   68 15:05:37        0.679850        0.148704
FIRE:   69 15:05:37        0.678861        0.146088
FIRE:   70 15:05:37        0.677159        0.140977
FIRE:   71 15:05:37        0.675135        0.133559
FIRE:   72 15:05:37        0.673073        0.124069
FIRE:   73 15:05:37        0.671009        0.112871
FIRE:   74 15:05:37        0.668802        0.100520
FIRE:   75 15:05:37        0.666335        0.087675
FIRE:   76 15:05:37        0.663337        0.078966
FIRE:   77 15:05:37        0.659868        0.082928
FIRE:   78 15:05:37        0.655871        0.085406
FIRE:   79 15:05:37        0.650942        0.085893
FIRE:   80 15:05:37        0.644595        0.084038
FIRE:   81 15:05:37        0.636479        0.079777
FIRE:   82 15:05:37        0.625943        0.073965
FIRE:   83 15:05:37        0.612230        0.068363
FIRE:   84 15:05:37        0.594351        0.065653
FIRE:   85 15:05:37        0.570638        0.069361
FIRE:   86 15:05:37        0.540243        0.079735
FIRE:   87 15:05:37        0.506124        0.089656
FIRE:   88 15:05:37        0.474292        0.094959
FIRE:   89 15:05:37        0.446231        0.084093
FIRE:   90 15:05:37        0.424440        0.120758
FIRE:   91 15:05:37        0.413269        0.245449
FIRE:   92 15:05:37        0.409510        0.172238
FIRE:   93 15:05:37        0.407351        0.095905
FIRE:   94 15:05:37        0.406224        0.047527
FIRE:   95 15:05:37        0.406190        0.047647
FIRE:   96 15:05:38        0.406126        0.047869
FIRE:   97 15:05:38        0.406037        0.048158
FIRE:   98 15:05:38        0.405929        0.048462
FIRE:   99 15:05:38        0.405803        0.048719
FIRE:  100 15:05:38        0.405658        0.048868
FIRE:  101 15:05:38        0.405491        0.048860
FIRE:  102 15:05:38        0.405276        0.048638
FIRE:  103 15:05:38        0.405006        0.048143
FIRE:  104 15:05:38        0.404675        0.047358
FIRE:  105 15:05:38        0.404279        0.046340
FIRE:  106 15:05:38        0.403807        0.045240
FIRE:  107 15:05:38        0.403240        0.044226
FIRE:  108 15:05:38        0.402566        0.043304
FIRE:  109 15:05:38        0.401791        0.042118
FIRE:  110 15:05:38        0.400904        0.040013
FIRE:  111 15:05:38        0.399903        0.036658
FIRE:  112 15:05:38        0.398819        0.032742
FIRE:  113 15:05:38        0.397667        0.029194
FIRE:  114 15:05:38        0.396522        0.024603
FIRE:  115 15:05:38        0.395473        0.018008
FIRE:  116 15:05:38        0.394641        0.016935
FIRE:  117 15:05:38        0.394164        0.029295
FIRE:  118 15:05:38        0.394118        0.045043
FIRE:  119 15:05:38        0.393924        0.015352
FIRE:  120 15:05:38        0.393949        0.024885
FIRE:  121 15:05:38        0.393928        0.020866
FIRE:  122 15:05:38        0.393898        0.013570
FIRE:  123 15:05:38        0.393877        0.005020
