      Step     Time          Energy          fmax
FIRE:    0 15:55:43      194.690002      128.736093
FIRE:    1 15:55:43      148.957454       82.622250
FIRE:    2 15:55:43      120.046027       50.896512
FIRE:    3 15:55:43      101.743531       30.760334
FIRE:    4 15:55:43       89.483381       21.516328
FIRE:    5 15:55:43       80.331040       19.272380
FIRE:    6 15:55:44       72.762143       20.140155
FIRE:    7 15:55:44       66.042286       27.431068
FIRE:    8 15:55:44       59.613265       32.204012
FIRE:    9 15:55:44       53.087065       32.994197
FIRE:   10 15:55:44       46.472517       29.661465
FIRE:   11 15:55:44       40.209654       23.618924
FIRE:   12 15:55:44       34.817314       17.079261
FIRE:   13 15:55:44       30.533672       11.921471
FIRE:   14 15:55:44       27.243013        8.898447
FIRE:   15 15:55:44       24.633166        7.952614
FIRE:   16 15:55:44       22.393806        8.825034
FIRE:   17 15:55:44       20.349860        9.057981
FIRE:   18 15:55:44       18.504347        7.575292
FIRE:   19 15:55:44       16.935056        7.039840
FIRE:   20 15:55:44       15.636462        8.209457
FIRE:   21 15:55:44       14.536965        7.608529
FIRE:   22 15:55:44       13.595986        5.693311
FIRE:   23 15:55:44       12.732273        6.688610
FIRE:   24 15:55:44       11.825683        6.181101
FIRE:   25 15:55:44       10.895271        4.460399
FIRE:   26 15:55:44       10.088222        2.896703
FIRE:   27 15:55:44        9.498001        2.516530
FIRE:   28 15:55:44        9.095531        2.752590
FIRE:   29 15:55:44        8.783698        2.828625
FIRE:   30 15:55:44        8.497092        2.341894
FIRE:   31 15:55:44        8.254037        1.853719
FIRE:   32 15:55:45        8.091465        1.960080
FIRE:   33 15:55:45        7.980006        2.437284
FIRE:   34 15:55:45        7.867765        2.427980
FIRE:   35 15:55:45        7.767808        1.776250
FIRE:   36 15:55:45        7.737188        1.450689
FIRE:   37 15:55:45        7.394501        1.059450
FIRE:   38 15:55:45        7.132503        1.021358
FIRE:   39 15:55:45        6.894707        0.932880
FIRE:   40 15:55:45        6.666912        0.826527
FIRE:   41 15:55:45        6.468330        0.728188
FIRE:   42 15:55:45        6.278908        0.831106
FIRE:   43 15:55:45        6.066105        0.642232
FIRE:   44 15:55:45        5.857378        0.815889
FIRE:   45 15:55:45        5.638182        0.616928
FIRE:   46 15:55:45        5.436239        0.610145
FIRE:   47 15:55:45        5.250692        0.611411
FIRE:   48 15:55:45        5.074546        0.618695
FIRE:   49 15:55:45        4.908178        0.631272
FIRE:   50 15:55:45        4.744294        0.642248
FIRE:   51 15:55:45        4.585183        0.644288
FIRE:   52 15:55:45        4.426018        0.638407
FIRE:   53 15:55:45        4.267709        0.626470
FIRE:   54 15:55:45        4.114841        0.609582
FIRE:   55 15:55:45        3.965509        0.589052
FIRE:   56 15:55:45        3.819338        0.564191
FIRE:   57 15:55:45        3.676540        0.534614
FIRE:   58 15:55:45        3.538950        0.499953
FIRE:   59 15:55:45        3.409297        0.458946
FIRE:   60 15:55:46        3.287262        0.408285
FIRE:   61 15:55:46        3.174284        0.347041
FIRE:   62 15:55:46        3.073682        0.276493
FIRE:   63 15:55:46        2.987928        0.246559
FIRE:   64 15:55:46        2.917580        0.236824
FIRE:   65 15:55:46        2.864324        0.202887
FIRE:   66 15:55:46        2.839140        0.185679
FIRE:   67 15:55:46        2.809101        0.449088
FIRE:   68 15:55:46        2.798907        0.215001
FIRE:   69 15:55:46        2.796798        0.115633
FIRE:   70 15:55:46        2.794692        0.100467
FIRE:   71 15:55:46        2.793077        0.181488
FIRE:   72 15:55:46        2.790348        0.196255
FIRE:   73 15:55:46        2.786313        0.109109
FIRE:   74 15:55:46        2.782426        0.087456
FIRE:   75 15:55:46        2.778630        0.152973
FIRE:   76 15:55:46        2.773117        0.102287
FIRE:   77 15:55:46        2.766491        0.085321
FIRE:   78 15:55:46        2.758945        0.148924
FIRE:   79 15:55:46        2.748636        0.103155
FIRE:   80 15:55:46        2.736496        0.154916
FIRE:   81 15:55:46        2.719957        0.090573
FIRE:   82 15:55:46        2.699323        0.155075
FIRE:   83 15:55:46        2.671361        0.179385
FIRE:   84 15:55:46        2.633866        0.145473
FIRE:   85 15:55:46        2.585786        0.298491
FIRE:   86 15:55:47        2.538999        0.446615
FIRE:   87 15:55:47        2.505778        0.914155
FIRE:   88 15:55:47        2.480561        0.171592
FIRE:   89 15:55:47        2.479340        0.171041
FIRE:   90 15:55:47        2.477253        0.170206
FIRE:   91 15:55:47        2.474612        0.169446
FIRE:   92 15:55:47        2.471357        0.168990
FIRE:   93 15:55:47        2.467246        0.168889
FIRE:   94 15:55:47        2.462306        0.169115
FIRE:   95 15:55:47        2.456851        0.169555
FIRE:   96 15:55:47        2.450398        0.169880
FIRE:   97 15:55:47        2.442489        0.169352
FIRE:   98 15:55:47        2.432783        0.167443
FIRE:   99 15:55:47        2.421437        0.164471
FIRE:  100 15:55:47        2.407951        0.161115
FIRE:  101 15:55:47        2.392217        0.157214
FIRE:  102 15:55:47        2.374297        0.150101
FIRE:  103 15:55:47        2.354307        0.137940
FIRE:  104 15:55:47        2.332391        0.123388
FIRE:  105 15:55:47        2.309364        0.102030
FIRE:  106 15:55:47        2.287116        0.129283
FIRE:  107 15:55:47        2.270609        0.328199
FIRE:  108 15:55:47        2.268956        0.678705
FIRE:  109 15:55:47        2.255956        0.145903
FIRE:  110 15:55:48        2.262880        0.520253
FIRE:  111 15:55:48        2.259927        0.409513
FIRE:  112 15:55:48        2.256361        0.214800
FIRE:  113 15:55:48        2.254923        0.039822
FIRE:  114 15:55:48        2.254915        0.039799
FIRE:  115 15:55:48        2.254899        0.039752
FIRE:  116 15:55:48        2.254877        0.039676
FIRE:  117 15:55:48        2.254848        0.039567
FIRE:  118 15:55:48        2.254813        0.039416
FIRE:  119 15:55:48        2.254774        0.039216
FIRE:  120 15:55:48        2.254730        0.038957
FIRE:  121 15:55:48        2.254677        0.038593
FIRE:  122 15:55:48        2.254611        0.038088
FIRE:  123 15:55:48        2.254531        0.037399
FIRE:  124 15:55:48        2.254432        0.036483
FIRE:  125 15:55:49        2.254311        0.035293
FIRE:  126 15:55:49        2.254168        0.033796
FIRE:  127 15:55:49        2.254000        0.031984
FIRE:  128 15:55:49        2.253805        0.029889
FIRE:  129 15:55:49        2.253578        0.028288
FIRE:  130 15:55:49        2.253316        0.028245
FIRE:  131 15:55:49        2.253020        0.028036
FIRE:  132 15:55:49        2.252689        0.027484
FIRE:  133 15:55:49        2.252320        0.026434
FIRE:  134 15:55:49        2.251918        0.024876
FIRE:  135 15:55:49        2.251480        0.022929
FIRE:  136 15:55:49        2.251015        0.020467
FIRE:  137 15:55:49        2.250522        0.017182
FIRE:  138 15:55:49        2.250018        0.013577
FIRE:  139 15:55:49        2.249526        0.010072
FIRE:  140 15:55:49        2.249089        0.022330
FIRE:  141 15:55:49        2.248802        0.046392
FIRE:  142 15:55:49        2.248892        0.090297
FIRE:  143 15:55:49        2.248417        0.017172
FIRE:  144 15:55:49        2.248727        0.084959
FIRE:  145 15:55:49        2.248590        0.065313
FIRE:  146 15:55:49        2.248430        0.030910
FIRE:  147 15:55:49        2.248380        0.011890
FIRE:  148 15:55:49        2.248379        0.011232
FIRE:  149 15:55:49        2.248377        0.009989
