      Step     Time          Energy          fmax
FIRE:    0 15:50:53      177.451894       70.971504
FIRE:    1 15:50:53      148.504843       47.547066
FIRE:    2 15:50:53      127.578515       32.879772
FIRE:    3 15:50:53      111.905819       33.778611
FIRE:    4 15:50:53       99.512979       33.534680
FIRE:    5 15:50:53       89.241519       30.150064
FIRE:    6 15:50:53       80.473595       27.770062
FIRE:    7 15:50:53       72.759424       24.893114
FIRE:    8 15:50:53       65.596996       21.277728
FIRE:    9 15:50:53       58.645580       17.434036
FIRE:   10 15:50:53       51.956346       15.771280
FIRE:   11 15:50:53       45.944605       14.371947
FIRE:   12 15:50:54       41.066727       13.242736
FIRE:   13 15:50:54       37.486619       12.429519
FIRE:   14 15:50:54       34.930455       11.821904
FIRE:   15 15:50:54       32.852916       11.231939
FIRE:   16 15:50:54       30.792378       10.517657
FIRE:   17 15:50:54       28.577178        9.647549
FIRE:   18 15:50:54       26.280575        8.680524
FIRE:   19 15:50:54       24.051314        7.695242
FIRE:   20 15:50:54       21.973402        6.754412
FIRE:   21 15:50:54       20.027897        5.926980
FIRE:   22 15:50:54       18.159708        5.160436
FIRE:   23 15:50:54       16.362318        4.684098
FIRE:   24 15:50:54       14.690603        3.875916
FIRE:   25 15:50:54       13.213643        3.279911
FIRE:   26 15:50:54       11.973538        2.759589
FIRE:   27 15:50:54       10.979620        2.611172
FIRE:   28 15:50:54       10.220084        2.513620
FIRE:   29 15:50:54        9.666712        2.130521
FIRE:   30 15:50:54        9.278950        2.607676
FIRE:   31 15:50:54        9.005239        2.790760
FIRE:   32 15:50:54        8.799917        2.613612
FIRE:   33 15:50:54        8.645570        2.132123
FIRE:   34 15:50:54        8.560243        1.480063
FIRE:   35 15:50:54        8.572938        0.971539
FIRE:   36 15:50:54        8.246046        0.621167
FIRE:   37 15:50:54        8.134491        0.785843
FIRE:   38 15:50:54        8.019588        0.478664
FIRE:   39 15:50:54        7.970034        0.479160
FIRE:   40 15:50:55        7.948880        0.388463
FIRE:   41 15:50:55        7.918521        0.370331
FIRE:   42 15:50:55        7.893454        0.341918
FIRE:   43 15:50:55        7.877103        0.307646
FIRE:   44 15:50:55        7.858881        0.344584
FIRE:   45 15:50:55        7.829404        0.351789
FIRE:   46 15:50:55        7.791186        0.267678
FIRE:   47 15:50:55        7.749769        0.236149
FIRE:   48 15:50:55        7.710686        0.226431
FIRE:   49 15:50:55        7.664292        0.256148
FIRE:   50 15:50:55        7.603091        0.213220
FIRE:   51 15:50:55        7.540584        0.200791
FIRE:   52 15:50:55        7.483083        0.200215
FIRE:   53 15:50:55        7.435156        0.219347
FIRE:   54 15:50:55        7.402442        0.189791
FIRE:   55 15:50:55        7.374964        0.232299
FIRE:   56 15:50:55        7.332393        0.263505
FIRE:   57 15:50:55        7.268382        0.217304
FIRE:   58 15:50:55        7.195638        0.219835
FIRE:   59 15:50:55        7.111702        0.245831
FIRE:   60 15:50:55        7.046005        0.213381
FIRE:   61 15:50:55        7.020601        0.302291
FIRE:   62 15:50:55        6.998451        0.179166
FIRE:   63 15:50:55        6.977158        0.170623
FIRE:   64 15:50:55        6.956674        0.270071
FIRE:   65 15:50:55        6.934815        0.206420
FIRE:   66 15:50:56        6.906235        0.264971
FIRE:   67 15:50:56        6.867929        0.207793
FIRE:   68 15:50:56        6.824493        0.225965
FIRE:   69 15:50:56        6.778399        0.237401
FIRE:   70 15:50:56        6.720881        0.260816
FIRE:   71 15:50:56        6.668117        0.331200
FIRE:   72 15:50:56        6.586376        0.462326
FIRE:   73 15:50:56        6.483249        0.556996
FIRE:   74 15:50:56        6.368565        0.429874
FIRE:   75 15:50:56        6.303232        0.280291
FIRE:   76 15:50:56        6.268720        0.379507
FIRE:   77 15:50:56        6.225713        0.207862
FIRE:   78 15:50:56        6.202494        0.190694
FIRE:   79 15:50:56        6.202039        0.317913
FIRE:   80 15:50:56        6.196975        0.295534
FIRE:   81 15:50:56        6.188792        0.250269
FIRE:   82 15:50:56        6.180353        0.181608
FIRE:   83 15:50:56        6.174161        0.107589
FIRE:   84 15:50:56        6.171299        0.130330
FIRE:   85 15:50:56        6.170526        0.145214
FIRE:   86 15:50:56        6.170106        0.143594
FIRE:   87 15:50:56        6.169310        0.140422
FIRE:   88 15:50:56        6.168216        0.135830
FIRE:   89 15:50:56        6.166925        0.130012
FIRE:   90 15:50:56        6.165542        0.123211
FIRE:   91 15:50:56        6.164157        0.115722
FIRE:   92 15:50:56        6.162835        0.107884
FIRE:   93 15:50:56        6.161480        0.099259
FIRE:   94 15:50:56        6.160099        0.098449
FIRE:   95 15:50:56        6.158634        0.105410
FIRE:   96 15:50:57        6.156928        0.111006
FIRE:   97 15:50:57        6.154751        0.114503
FIRE:   98 15:50:57        6.151874        0.115246
FIRE:   99 15:50:57        6.148195        0.112726
FIRE:  100 15:50:57        6.143824        0.106852
FIRE:  101 15:50:57        6.138984        0.098625
FIRE:  102 15:50:57        6.133652        0.091042
FIRE:  103 15:50:57        6.127185        0.088390
FIRE:  104 15:50:57        6.118750        0.093471
FIRE:  105 15:50:57        6.108170        0.104811
FIRE:  106 15:50:57        6.095580        0.115171
FIRE:  107 15:50:57        6.080026        0.114588
FIRE:  108 15:50:57        6.061131        0.094853
FIRE:  109 15:50:57        6.041640        0.068523
FIRE:  110 15:50:57        6.024862        0.069222
FIRE:  111 15:50:57        6.018695        0.145696
FIRE:  112 15:50:57        6.016154        0.073702
FIRE:  113 15:50:57        6.016319        0.140166
FIRE:  114 15:50:57        6.015542        0.104282
FIRE:  115 15:50:57        6.014652        0.058133
FIRE:  116 15:50:57        6.014291        0.056876
FIRE:  117 15:50:57        6.014258        0.056862
FIRE:  118 15:50:57        6.014196        0.056830
FIRE:  119 15:50:57        6.014110        0.056775
FIRE:  120 15:50:57        6.014005        0.056685
FIRE:  121 15:50:57        6.013888        0.056545
FIRE:  122 15:50:57        6.013759        0.056334
FIRE:  123 15:50:57        6.013621        0.056034
FIRE:  124 15:50:57        6.013454        0.055576
FIRE:  125 15:50:58        6.013249        0.054904
FIRE:  126 15:50:58        6.012997        0.053955
FIRE:  127 15:50:58        6.012695        0.052671
FIRE:  128 15:50:58        6.012350        0.051008
FIRE:  129 15:50:58        6.011971        0.048954
FIRE:  130 15:50:58        6.011558        0.046540
FIRE:  131 15:50:58        6.011100        0.043809
FIRE:  132 15:50:58        6.010602        0.040728
FIRE:  133 15:50:58        6.010090        0.037123
FIRE:  134 15:50:58        6.009545        0.032815
FIRE:  135 15:50:58        6.008951        0.027998
FIRE:  136 15:50:58        6.008309        0.023500
FIRE:  137 15:50:58        6.007563        0.022935
FIRE:  138 15:50:58        6.006721        0.022266
FIRE:  139 15:50:58        6.005759        0.021087
FIRE:  140 15:50:58        6.004744        0.018418
FIRE:  141 15:50:58        6.003762        0.019580
FIRE:  142 15:50:58        6.002939        0.029811
FIRE:  143 15:50:58        6.002409        0.050760
FIRE:  144 15:50:58        6.002203        0.016423
FIRE:  145 15:50:58        6.002222        0.032641
FIRE:  146 15:50:58        6.002193        0.027029
FIRE:  147 15:50:58        6.002151        0.016908
FIRE:  148 15:50:58        6.002120        0.013815
FIRE:  149 15:50:58        6.002109        0.013869
FIRE:  150 15:50:58        6.002108        0.013846
FIRE:  151 15:50:58        6.002105        0.013800
FIRE:  152 15:50:58        6.002101        0.013733
FIRE:  153 15:50:58        6.002095        0.013645
FIRE:  154 15:50:59        6.002090        0.013539
FIRE:  155 15:50:59        6.002084        0.013417
FIRE:  156 15:50:59        6.002077        0.013281
FIRE:  157 15:50:59        6.002070        0.013119
FIRE:  158 15:50:59        6.002061        0.012930
FIRE:  159 15:50:59        6.002050        0.012715
FIRE:  160 15:50:59        6.002037        0.012471
FIRE:  161 15:50:59        6.002020        0.012196
FIRE:  162 15:50:59        6.002001        0.011883
FIRE:  163 15:50:59        6.001979        0.011512
FIRE:  164 15:50:59        6.001955        0.011052
FIRE:  165 15:50:59        6.001929        0.010466
FIRE:  166 15:50:59        6.001899        0.009725
