      Step     Time          Energy          fmax
FIRE:    0 15:55:50       79.506035       32.111136
FIRE:    1 15:55:50       62.198786       24.254229
FIRE:    2 15:55:50       49.046226       18.481125
FIRE:    3 15:55:50       39.334504       13.949028
FIRE:    4 15:55:50       32.524615       10.474971
FIRE:    5 15:55:50       28.155040        9.342129
FIRE:    6 15:55:50       25.734671        8.509130
FIRE:    7 15:55:50       24.682281        7.842962
FIRE:    8 15:55:50       24.324813        8.354216
FIRE:    9 15:55:50       22.654414        6.991805
FIRE:   10 15:55:50       20.648042        6.722413
FIRE:   11 15:55:50       19.299915        6.566536
FIRE:   12 15:55:50       18.276923        6.393769
FIRE:   13 15:55:50       16.831212        6.003056
FIRE:   14 15:55:50       14.988955        5.396330
FIRE:   15 15:55:50       13.350126        4.762314
FIRE:   16 15:55:50       12.072900        4.174097
FIRE:   17 15:55:50       11.034770        3.612913
FIRE:   18 15:55:50       10.125248        3.049727
FIRE:   19 15:55:50        9.354026        2.498527
FIRE:   20 15:55:50        8.761685        1.998485
FIRE:   21 15:55:50        8.344379        1.575919
FIRE:   22 15:55:50        8.048835        1.386391
FIRE:   23 15:55:50        7.808799        1.389352
FIRE:   24 15:55:51        7.589471        1.143402
FIRE:   25 15:55:51        7.401130        1.047826
FIRE:   26 15:55:51        7.274902        0.787673
FIRE:   27 15:55:51        7.220223        0.655646
FIRE:   28 15:55:51        7.199790        0.654889
FIRE:   29 15:55:51        7.161422        0.652507
FIRE:   30 15:55:51        7.109069        0.647228
FIRE:   31 15:55:51        7.046579        0.638081
FIRE:   32 15:55:51        6.976493        0.624880
FIRE:   33 15:55:51        6.899943        0.608072
FIRE:   34 15:55:51        6.817808        0.587922
FIRE:   35 15:55:51        6.723236        0.560662
FIRE:   36 15:55:51        6.620979        0.520086
FIRE:   37 15:55:51        6.518808        0.451636
FIRE:   38 15:55:51        6.420082        0.466641
FIRE:   39 15:55:51        6.322639        0.544734
FIRE:   40 15:55:51        6.234767        0.540746
FIRE:   41 15:55:51        6.170016        0.412891
FIRE:   42 15:55:51        6.133581        0.344347
FIRE:   43 15:55:51        6.125410        0.335099
FIRE:   44 15:55:51        6.110750        0.317521
FIRE:   45 15:55:51        6.092233        0.293195
FIRE:   46 15:55:51        6.072386        0.264036
FIRE:   47 15:55:51        6.052855        0.232096
FIRE:   48 15:55:51        6.034347        0.202782
FIRE:   49 15:55:51        6.017182        0.183042
FIRE:   50 15:55:51        6.000291        0.192227
FIRE:   51 15:55:51        5.984879        0.203284
FIRE:   52 15:55:52        5.971487        0.214992
FIRE:   53 15:55:52        5.959094        0.225877
FIRE:   54 15:55:52        5.945978        0.235213
FIRE:   55 15:55:52        5.930407        0.244388
FIRE:   56 15:55:52        5.909380        0.257387
FIRE:   57 15:55:52        5.879916        0.276921
FIRE:   58 15:55:52        5.843191        0.298164
FIRE:   59 15:55:52        5.798158        0.311988
FIRE:   60 15:55:52        5.738210        0.322672
FIRE:   61 15:55:52        5.664994        0.338786
FIRE:   62 15:55:52        5.588279        0.352488
FIRE:   63 15:55:52        5.506165        0.373388
FIRE:   64 15:55:52        5.417199        0.406621
FIRE:   65 15:55:52        5.323524        0.440444
FIRE:   66 15:55:52        5.224926        0.470743
FIRE:   67 15:55:52        5.120380        0.495832
FIRE:   68 15:55:52        5.009972        0.511917
FIRE:   69 15:55:52        4.893711        0.517043
FIRE:   70 15:55:52        4.773057        0.512789
FIRE:   71 15:55:52        4.648047        0.508885
FIRE:   72 15:55:52        4.516325        0.508497
FIRE:   73 15:55:52        4.374834        0.511851
FIRE:   74 15:55:52        4.220903        0.521419
FIRE:   75 15:55:52        4.052588        0.536135
FIRE:   76 15:55:52        3.868825        0.552244
FIRE:   77 15:55:52        3.670105        0.567048
FIRE:   78 15:55:53        3.460084        0.573353
FIRE:   79 15:55:53        3.245944        0.569360
FIRE:   80 15:55:53        3.034020        0.555815
FIRE:   81 15:55:53        2.830609        0.530220
FIRE:   82 15:55:53        2.643503        0.489794
FIRE:   83 15:55:53        2.480011        0.431988
FIRE:   84 15:55:53        2.345334        0.358331
FIRE:   85 15:55:53        2.241547        0.337146
FIRE:   86 15:55:53        2.165378        0.336342
FIRE:   87 15:55:53        2.111617        0.310903
FIRE:   88 15:55:53        2.084013        0.270377
FIRE:   89 15:55:53        2.041673        0.214827
FIRE:   90 15:55:53        2.021636        0.192986
FIRE:   91 15:55:53        2.015013        0.213551
FIRE:   92 15:55:53        2.011624        0.174119
FIRE:   93 15:55:53        2.006991        0.152366
FIRE:   94 15:55:54        2.003099        0.147807
FIRE:   95 15:55:54        1.999790        0.142966
FIRE:   96 15:55:54        1.995736        0.137394
FIRE:   97 15:55:54        1.990425        0.130532
FIRE:   98 15:55:54        1.984216        0.121928
FIRE:   99 15:55:54        1.976768        0.109970
FIRE:  100 15:55:54        1.968557        0.093991
FIRE:  101 15:55:54        1.960531        0.074908
FIRE:  102 15:55:54        1.951796        0.080212
FIRE:  103 15:55:54        1.941119        0.071583
FIRE:  104 15:55:54        1.931933        0.068066
FIRE:  105 15:55:54        1.923938        0.072978
FIRE:  106 15:55:54        1.917939        0.041790
FIRE:  107 15:55:54        1.917991        0.097696
FIRE:  108 15:55:54        1.917138        0.066507
FIRE:  109 15:55:54        1.916418        0.036538
FIRE:  110 15:55:54        1.916343        0.039714
FIRE:  111 15:55:54        1.916270        0.035460
FIRE:  112 15:55:54        1.916151        0.033808
FIRE:  113 15:55:54        1.916029        0.033162
FIRE:  114 15:55:54        1.915939        0.032312
FIRE:  115 15:55:54        1.915890        0.031286
FIRE:  116 15:55:54        1.915857        0.030170
FIRE:  117 15:55:54        1.915809        0.029035
FIRE:  118 15:55:54        1.915719        0.027794
FIRE:  119 15:55:54        1.915586        0.026420
FIRE:  120 15:55:55        1.915445        0.024821
FIRE:  121 15:55:55        1.915335        0.022805
FIRE:  122 15:55:55        1.915235        0.020224
FIRE:  123 15:55:55        1.915089        0.017052
FIRE:  124 15:55:55        1.914928        0.014842
FIRE:  125 15:55:55        1.914834        0.013721
FIRE:  126 15:55:55        1.914738        0.014659
FIRE:  127 15:55:55        1.914644        0.005862
