      Step     Time          Energy          fmax
FIRE:    0 12:16:07       16.204438       21.575290
FIRE:    1 12:16:07       11.470826        7.491561
FIRE:    2 12:16:07       12.908854       14.058803
FIRE:    3 12:16:07       11.260512        7.432770
FIRE:    4 12:16:07       10.355926        6.536387
FIRE:    5 12:16:07       10.322546        6.507486
FIRE:    6 12:16:07       10.258182        6.451121
FIRE:    7 12:16:07       10.166755        6.369619
FIRE:    8 12:16:07       10.052311        6.265339
FIRE:    9 12:16:08        9.917757        6.139918
FIRE:   10 12:16:08        9.764436        5.994025
FIRE:   11 12:16:08        9.592783        5.827781
FIRE:   12 12:16:08        9.382603        5.620667
FIRE:   13 12:16:08        9.129612        5.365808
FIRE:   14 12:16:08        8.833521        5.057939
FIRE:   15 12:16:08        8.498428        4.693709
FIRE:   16 12:16:08        8.130089        4.270170
FIRE:   17 12:16:08        7.734018        3.784210
FIRE:   18 12:16:08        7.320460        3.237777
FIRE:   19 12:16:08        6.910100        2.644204
FIRE:   20 12:16:08        6.526669        2.020499
FIRE:   21 12:16:08        6.187281        1.383830
FIRE:   22 12:16:08        5.912061        0.798948
FIRE:   23 12:16:08        5.707183        0.753732
FIRE:   24 12:16:08        5.539673        0.705305
FIRE:   25 12:16:08        5.380374        0.580965
FIRE:   26 12:16:08        5.204334        0.654868
FIRE:   27 12:16:08        4.985390        0.803224
FIRE:   28 12:16:08        4.702549        0.899794
FIRE:   29 12:16:08        4.368375        0.841988
FIRE:   30 12:16:08        4.059660        0.580419
FIRE:   31 12:16:08        3.894608        0.359104
FIRE:   32 12:16:09        3.965622        0.852728
FIRE:   33 12:16:09        3.939459        0.710939
FIRE:   34 12:16:09        3.899152        0.465773
FIRE:   35 12:16:09        3.861299        0.338369
FIRE:   36 12:16:09        3.837310        0.286154
FIRE:   37 12:16:09        3.827878        0.274007
FIRE:   38 12:16:09        3.827272        0.351857
FIRE:   39 12:16:09        3.826116        0.336499
FIRE:   40 12:16:09        3.823998        0.306788
FIRE:   41 12:16:09        3.821266        0.264642
FIRE:   42 12:16:09        3.818361        0.212713
FIRE:   43 12:16:09        3.815731        0.154178
FIRE:   44 12:16:09        3.813740        0.104550
FIRE:   45 12:16:09        3.812579        0.095789
FIRE:   46 12:16:09        3.812159        0.088146
FIRE:   47 12:16:09        3.812126        0.087113
FIRE:   48 12:16:09        3.812061        0.085439
FIRE:   49 12:16:09        3.811967        0.085400
FIRE:   50 12:16:09        3.811845        0.085333
FIRE:   51 12:16:09        3.811701        0.085226
FIRE:   52 12:16:09        3.811538        0.085061
FIRE:   53 12:16:09        3.811361        0.084818
FIRE:   54 12:16:09        3.811154        0.084429
FIRE:   55 12:16:09        3.810918        0.083816
FIRE:   56 12:16:09        3.810657        0.082864
FIRE:   57 12:16:09        3.810374        0.081410
FIRE:   58 12:16:10        3.810071        0.079238
FIRE:   59 12:16:10        3.809749        0.076089
FIRE:   60 12:16:10        3.809397        0.071690
FIRE:   61 12:16:10        3.809002        0.065796
FIRE:   62 12:16:10        3.808548        0.060751
FIRE:   63 12:16:10        3.808033        0.060431
FIRE:   64 12:16:10        3.807479        0.054452
FIRE:   65 12:16:10        3.806927        0.050704
FIRE:   66 12:16:10        3.806398        0.053857
FIRE:   67 12:16:10        3.805860        0.058085
FIRE:   68 12:16:10        3.805269        0.063597
FIRE:   69 12:16:10        3.804644        0.070624
FIRE:   70 12:16:10        3.803984        0.079365
FIRE:   71 12:16:10        3.803089        0.089863
FIRE:   72 12:16:10        3.801641        0.102229
FIRE:   73 12:16:10        3.799301        0.116632
FIRE:   74 12:16:10        3.795550        0.132977
FIRE:   75 12:16:10        3.789782        0.150545
FIRE:   76 12:16:10        3.781075        0.167871
FIRE:   77 12:16:10        3.767978        0.180858
FIRE:   78 12:16:10        3.749543        0.155070
FIRE:   79 12:16:10        3.726378        0.158066
FIRE:   80 12:16:11        3.697649        0.175173
FIRE:   81 12:16:11        3.662040        0.199701
FIRE:   82 12:16:11        3.618187        0.231935
FIRE:   83 12:16:11        3.575410        0.443789
FIRE:   84 12:16:11        3.542696        0.719102
FIRE:   85 12:16:11        3.515982        0.530415
FIRE:   86 12:16:11        3.503620        0.298286
FIRE:   87 12:16:11        3.495167        0.286723
FIRE:   88 12:16:11        3.495056        0.323560
FIRE:   89 12:16:11        3.493366        0.290070
FIRE:   90 12:16:11        3.490481        0.284649
FIRE:   91 12:16:11        3.487186        0.281516
FIRE:   92 12:16:11        3.484205        0.278714
FIRE:   93 12:16:11        3.481823        0.276621
FIRE:   94 12:16:11        3.479691        0.275041
FIRE:   95 12:16:11        3.477115        0.273411
FIRE:   96 12:16:11        3.473106        0.271022
FIRE:   97 12:16:11        3.467208        0.267669
FIRE:   98 12:16:11        3.459679        0.263891
FIRE:   99 12:16:12        3.451284        0.260761
FIRE:  100 12:16:12        3.441896        0.258490
FIRE:  101 12:16:12        3.429612        0.255544
FIRE:  102 12:16:12        3.412845        0.250826
FIRE:  103 12:16:12        3.392328        0.246189
FIRE:  104 12:16:12        3.367259        0.243764
FIRE:  105 12:16:12        3.333247        0.242862
FIRE:  106 12:16:12        3.289808        0.246026
FIRE:  107 12:16:12        3.232810        0.248934
FIRE:  108 12:16:12        3.157258        0.282173
FIRE:  109 12:16:12        3.059178        0.295427
FIRE:  110 12:16:12        2.960875        0.276098
FIRE:  111 12:16:12        2.865868        0.281103
FIRE:  112 12:16:12        2.780844        0.284422
FIRE:  113 12:16:12        2.706415        0.277592
FIRE:  114 12:16:12        2.641229        0.246652
FIRE:  115 12:16:12        2.585554        0.199352
FIRE:  116 12:16:12        2.547307        0.136315
FIRE:  117 12:16:12        2.540988        0.164744
FIRE:  118 12:16:12        2.538197        0.132726
FIRE:  119 12:16:12        2.537058        0.068917
FIRE:  120 12:16:12        2.536191        0.052619
FIRE:  121 12:16:13        2.535977        0.113403
FIRE:  122 12:16:13        2.535815        0.100643
FIRE:  123 12:16:13        2.535552        0.076761
FIRE:  124 12:16:13        2.535283        0.044900
FIRE:  125 12:16:13        2.535085        0.038424
FIRE:  126 12:16:13        2.534975        0.038225
FIRE:  127 12:16:13        2.534900        0.045246
FIRE:  128 12:16:13        2.534792        0.056247
FIRE:  129 12:16:13        2.534598        0.054354
FIRE:  130 12:16:13        2.534329        0.037818
FIRE:  131 12:16:13        2.534075        0.024568
FIRE:  132 12:16:13        2.533942        0.026929
FIRE:  133 12:16:13        2.533876        0.046357
FIRE:  134 12:16:13        2.533731        0.039661
FIRE:  135 12:16:13        2.533553        0.018261
FIRE:  136 12:16:13        2.533542        0.036434
FIRE:  137 12:16:13        2.533524        0.032065
FIRE:  138 12:16:13        2.533496        0.023899
FIRE:  139 12:16:13        2.533470        0.013043
FIRE:  140 12:16:13        2.533453        0.011581
FIRE:  141 12:16:14        2.533447        0.011171
FIRE:  142 12:16:14        2.533446        0.011019
FIRE:  143 12:16:14        2.533445        0.010859
FIRE:  144 12:16:14        2.533442        0.010622
FIRE:  145 12:16:14        2.533440        0.010312
FIRE:  146 12:16:14        2.533436        0.009933
