      Step     Time          Energy          fmax
FIRE:    0 15:33:03      221.647321       93.574657
FIRE:    1 15:33:03      172.435200       71.040359
FIRE:    2 15:33:03      134.947020       52.919051
FIRE:    3 15:33:03      106.883526       38.769943
FIRE:    4 15:33:03       86.196552       30.215024
FIRE:    5 15:33:04       71.001421       24.804209
FIRE:    6 15:33:04       59.598401       20.523759
FIRE:    7 15:33:04       50.674178       17.283911
FIRE:    8 15:33:04       43.501867       14.979953
FIRE:    9 15:33:04       37.919925       13.450530
FIRE:   10 15:33:04       33.953723       12.497520
FIRE:   11 15:33:04       31.412666       11.910057
FIRE:   12 15:33:04       29.749347       11.464694
FIRE:   13 15:33:04       28.244767       10.973963
FIRE:   14 15:33:04       26.300388       10.292077
FIRE:   15 15:33:04       23.669995        9.340970
FIRE:   16 15:33:04       20.499794        8.301079
FIRE:   17 15:33:04       17.162290        6.941512
FIRE:   18 15:33:04       14.039162        5.423349
FIRE:   19 15:33:04       11.393737        4.156425
FIRE:   20 15:33:04        9.343102        3.065246
FIRE:   21 15:33:04        7.888654        2.186351
FIRE:   22 15:33:04        6.954796        1.520939
FIRE:   23 15:33:04        6.418505        1.205202
FIRE:   24 15:33:04        6.138600        1.172021
FIRE:   25 15:33:04        5.997625        1.132216
FIRE:   26 15:33:04        5.915508        1.286260
FIRE:   27 15:33:04        5.847460        1.358071
FIRE:   28 15:33:04        5.771031        1.366224
FIRE:   29 15:33:05        5.672217        1.313811
FIRE:   30 15:33:05        5.546305        1.200651
FIRE:   31 15:33:05        5.399658        1.042379
FIRE:   32 15:33:05        5.250905        1.152054
FIRE:   33 15:33:05        5.118739        1.202791
FIRE:   34 15:33:05        5.011707        1.200543
FIRE:   35 15:33:05        4.923018        1.254612
FIRE:   36 15:33:05        4.836789        1.383404
FIRE:   37 15:33:05        4.733762        1.447810
FIRE:   38 15:33:05        4.597982        1.456856
FIRE:   39 15:33:05        4.418827        1.420936
FIRE:   40 15:33:05        4.187925        1.346602
FIRE:   41 15:33:05        3.903663        1.230955
FIRE:   42 15:33:05        3.580596        1.071440
FIRE:   43 15:33:05        3.248226        0.876025
FIRE:   44 15:33:05        2.942761        0.789259
FIRE:   45 15:33:05        2.690527        0.765024
FIRE:   46 15:33:05        2.494754        0.775237
FIRE:   47 15:33:05        2.345141        0.771427
FIRE:   48 15:33:05        2.247349        0.772849
FIRE:   49 15:33:05        2.231638        0.948140
FIRE:   50 15:33:05        1.970070        0.727071
FIRE:   51 15:33:05        1.785688        0.710818
FIRE:   52 15:33:05        1.586887        0.723868
FIRE:   53 15:33:05        1.409626        0.734060
FIRE:   54 15:33:06        1.248117        0.715596
FIRE:   55 15:33:06        1.091437        0.663195
FIRE:   56 15:33:06        0.962234        0.570168
FIRE:   57 15:33:06        0.886539        0.421272
FIRE:   58 15:33:06        0.854866        0.233063
FIRE:   59 15:33:06        0.836349        0.234431
FIRE:   60 15:33:06        0.786763        0.143048
FIRE:   61 15:33:06        0.769658        0.117297
FIRE:   62 15:33:06        0.766300        0.116604
FIRE:   63 15:33:06        0.761689        0.115773
FIRE:   64 15:33:06        0.757986        0.115477
FIRE:   65 15:33:06        0.755418        0.115977
FIRE:   66 15:33:06        0.752803        0.117017
FIRE:   67 15:33:06        0.749355        0.118252
FIRE:   68 15:33:06        0.744854        0.119470
FIRE:   69 15:33:06        0.738357        0.120729
FIRE:   70 15:33:06        0.729651        0.122267
FIRE:   71 15:33:06        0.720175        0.124809
FIRE:   72 15:33:06        0.709933        0.128645
FIRE:   73 15:33:06        0.694771        0.132956
FIRE:   74 15:33:06        0.674679        0.139587
FIRE:   75 15:33:06        0.649592        0.153247
FIRE:   76 15:33:06        0.615239        0.178313
FIRE:   77 15:33:06        0.568456        0.204521
FIRE:   78 15:33:07        0.517967        0.217287
FIRE:   79 15:33:07        0.463636        0.218242
FIRE:   80 15:33:07        0.406059        0.215575
FIRE:   81 15:33:07        0.347696        0.215216
FIRE:   82 15:33:07        0.288447        0.217736
FIRE:   83 15:33:07        0.228677        0.221097
FIRE:   84 15:33:07        0.169883        0.222659
FIRE:   85 15:33:07        0.112826        0.219727
FIRE:   86 15:33:07        0.058296        0.210498
FIRE:   87 15:33:07        0.007108        0.194384
FIRE:   88 15:33:07       -0.039555        0.172105
FIRE:   89 15:33:07       -0.080685        0.144974
FIRE:   90 15:33:07       -0.115616        0.114488
FIRE:   91 15:33:07       -0.143368        0.090710
FIRE:   92 15:33:07       -0.162789        0.068992
FIRE:   93 15:33:07       -0.172732        0.042512
FIRE:   94 15:33:07       -0.172229        0.077297
FIRE:   95 15:33:07       -0.168934        0.139809
FIRE:   96 15:33:07       -0.174457        0.059711
FIRE:   97 15:33:07       -0.174580        0.059245
FIRE:   98 15:33:07       -0.174778        0.058339
FIRE:   99 15:33:07       -0.175006        0.057018
FIRE:  100 15:33:07       -0.175274        0.055311
FIRE:  101 15:33:08       -0.175623        0.053260
FIRE:  102 15:33:08       -0.176055        0.050919
FIRE:  103 15:33:08       -0.176526        0.048346
FIRE:  104 15:33:08       -0.177052        0.045289
FIRE:  105 15:33:08       -0.177667        0.041729
FIRE:  106 15:33:08       -0.178401        0.037671
FIRE:  107 15:33:08       -0.179176        0.033140
FIRE:  108 15:33:08       -0.179984        0.028158
FIRE:  109 15:33:08       -0.180793        0.022722
FIRE:  110 15:33:08       -0.181489        0.016711
FIRE:  111 15:33:08       -0.181992        0.013071
FIRE:  112 15:33:08       -0.182263        0.012625
FIRE:  113 15:33:08       -0.182253        0.017984
FIRE:  114 15:33:08       -0.182265        0.017723
FIRE:  115 15:33:08       -0.182288        0.017211
FIRE:  116 15:33:08       -0.182318        0.016467
FIRE:  117 15:33:08       -0.182358        0.015526
FIRE:  118 15:33:08       -0.182406        0.014430
FIRE:  119 15:33:08       -0.182458        0.013222
FIRE:  120 15:33:08       -0.182513        0.011953
FIRE:  121 15:33:08       -0.182578        0.010536
FIRE:  122 15:33:08       -0.182649        0.009005
