      Step     Time          Energy          fmax
FIRE:    0 12:02:43      109.930399      100.837655
FIRE:    1 12:02:43       78.666997       61.525973
FIRE:    2 12:02:43       58.451026       42.843734
FIRE:    3 12:02:44       45.486019       28.916656
FIRE:    4 12:02:44       36.796187       21.170827
FIRE:    5 12:02:44       30.238231       22.791225
FIRE:    6 12:02:44       24.780555       21.583227
FIRE:    7 12:02:44       20.371478       17.794307
FIRE:    8 12:02:44       17.286552       12.562435
FIRE:    9 12:02:44       15.554859       11.677746
FIRE:   10 12:02:44       14.706075       14.943273
FIRE:   11 12:02:44       14.036787       15.300138
FIRE:   12 12:02:44       13.094244       12.669950
FIRE:   13 12:02:44       11.889310        9.575627
FIRE:   14 12:02:44       10.640929        8.039471
FIRE:   15 12:02:44        9.495591        6.033695
FIRE:   16 12:02:44        8.477405        4.426350
FIRE:   17 12:02:44        7.540527        4.263939
FIRE:   18 12:02:44        6.643288        3.637472
FIRE:   19 12:02:44        5.793146        3.448525
FIRE:   20 12:02:45        5.041453        3.041542
FIRE:   21 12:02:45        4.457471        2.243509
FIRE:   22 12:02:45        4.087167        1.408795
FIRE:   23 12:02:45        3.915407        1.424838
FIRE:   24 12:02:45        3.875646        1.652245
FIRE:   25 12:02:45        3.596960        0.929631
FIRE:   26 12:02:45        3.534837        0.657266
FIRE:   27 12:02:45        3.452372        0.532669
FIRE:   28 12:02:45        3.379524        0.486616
FIRE:   29 12:02:45        3.312396        0.569419
FIRE:   30 12:02:45        3.247831        0.487730
FIRE:   31 12:02:45        3.205889        0.477216
FIRE:   32 12:02:45        3.193336        0.648213
FIRE:   33 12:02:45        3.188181        0.610815
FIRE:   34 12:02:45        3.178943        0.539370
FIRE:   35 12:02:45        3.167429        0.440358
FIRE:   36 12:02:45        3.155610        0.323019
FIRE:   37 12:02:45        3.145003        0.226683
FIRE:   38 12:02:45        3.136189        0.231587
FIRE:   39 12:02:45        3.128751        0.237117
FIRE:   40 12:02:45        3.121031        0.243889
FIRE:   41 12:02:45        3.112093        0.251455
FIRE:   42 12:02:45        3.101399        0.258451
FIRE:   43 12:02:45        3.089004        0.278060
FIRE:   44 12:02:45        3.074752        0.272286
FIRE:   45 12:02:46        3.057299        0.251643
FIRE:   46 12:02:46        3.035748        0.232442
FIRE:   47 12:02:46        3.013530        0.206219
FIRE:   48 12:02:46        2.996356        0.193035
FIRE:   49 12:02:46        2.983960        0.204735
FIRE:   50 12:02:46        2.978647        0.199856
FIRE:   51 12:02:46        2.977187        0.198279
FIRE:   52 12:02:46        2.974545        0.195272
FIRE:   53 12:02:46        2.971136        0.191090
FIRE:   54 12:02:46        2.967332        0.186038
FIRE:   55 12:02:46        2.963333        0.180427
FIRE:   56 12:02:46        2.959198        0.174530
FIRE:   57 12:02:46        2.954936        0.168537
FIRE:   58 12:02:46        2.950072        0.161858
FIRE:   59 12:02:46        2.944404        0.154246
FIRE:   60 12:02:46        2.937494        0.163827
FIRE:   61 12:02:46        2.928936        0.175162
FIRE:   62 12:02:46        2.918721        0.187618
FIRE:   63 12:02:46        2.906619        0.199323
FIRE:   64 12:02:46        2.891573        0.207590
FIRE:   65 12:02:46        2.872527        0.210096
FIRE:   66 12:02:47        2.848759        0.205925
FIRE:   67 12:02:47        2.821485        0.192481
FIRE:   68 12:02:47        2.791593        0.163414
FIRE:   69 12:02:47        2.760028        0.121104
FIRE:   70 12:02:47        2.731583        0.092717
FIRE:   71 12:02:47        2.715845        0.154385
FIRE:   72 12:02:47        2.719205        0.269445
FIRE:   73 12:02:47        2.712354        0.101881
FIRE:   74 12:02:47        2.714309        0.256120
FIRE:   75 12:02:47        2.712532        0.196586
FIRE:   76 12:02:47        2.710403        0.093688
FIRE:   77 12:02:47        2.709463        0.080295
FIRE:   78 12:02:47        2.709742        0.123067
FIRE:   79 12:02:47        2.709603        0.115808
FIRE:   80 12:02:47        2.709348        0.101723
FIRE:   81 12:02:47        2.709020        0.083743
FIRE:   82 12:02:47        2.708672        0.071661
FIRE:   83 12:02:47        2.708350        0.071027
FIRE:   84 12:02:47        2.708084        0.070216
FIRE:   85 12:02:47        2.707874        0.069162
FIRE:   86 12:02:47        2.707671        0.067657
FIRE:   87 12:02:47        2.707421        0.068287
FIRE:   88 12:02:47        2.707053        0.074224
FIRE:   89 12:02:48        2.706518        0.067279
FIRE:   90 12:02:48        2.705826        0.059868
FIRE:   91 12:02:48        2.705064        0.063341
FIRE:   92 12:02:48        2.704316        0.066792
FIRE:   93 12:02:48        2.703507        0.069310
FIRE:   94 12:02:48        2.702457        0.070149
FIRE:   95 12:02:48        2.701179        0.068818
FIRE:   96 12:02:48        2.699898        0.065427
FIRE:   97 12:02:48        2.698501        0.061516
FIRE:   98 12:02:48        2.696814        0.057851
FIRE:   99 12:02:48        2.695211        0.052066
FIRE:  100 12:02:48        2.693437        0.040721
FIRE:  101 12:02:48        2.691840        0.046679
FIRE:  102 12:02:48        2.690197        0.044011
FIRE:  103 12:02:48        2.689076        0.056344
FIRE:  104 12:02:48        2.688072        0.049058
FIRE:  105 12:02:48        2.687890        0.035738
FIRE:  106 12:02:48        2.687766        0.033743
FIRE:  107 12:02:48        2.687705        0.038239
FIRE:  108 12:02:48        2.687513        0.034735
FIRE:  109 12:02:48        2.687241        0.027792
FIRE:  110 12:02:48        2.687058        0.025893
FIRE:  111 12:02:48        2.686879        0.033629
FIRE:  112 12:02:48        2.686588        0.022837
FIRE:  113 12:02:48        2.686356        0.021993
FIRE:  114 12:02:48        2.686111        0.025450
FIRE:  115 12:02:48        2.685837        0.014421
FIRE:  116 12:02:49        2.685640        0.023305
FIRE:  117 12:02:49        2.685490        0.023714
FIRE:  118 12:02:49        2.685459        0.013643
FIRE:  119 12:02:49        2.685438        0.010991
FIRE:  120 12:02:49        2.685440        0.015495
FIRE:  121 12:02:49        2.685436        0.013930
FIRE:  122 12:02:49        2.685429        0.010972
FIRE:  123 12:02:49        2.685422        0.010276
FIRE:  124 12:02:49        2.685415        0.010163
FIRE:  125 12:02:49        2.685411        0.010209
FIRE:  126 12:02:49        2.685407        0.010182
FIRE:  127 12:02:49        2.685403        0.010071
FIRE:  128 12:02:49        2.685395        0.009848
